#
# A fatal error has been detected by the Java Runtime Environment:
#
#  EXCEPTION_ACCESS_VIOLATION (0xc0000005) at pc=0x00007ffaf2c5e2e0, pid=24492, tid=0x00000000000059f4
#
# JRE version: Java(TM) SE Runtime Environment (8.0_251-b08) (build 1.8.0_251-b08)
# Java VM: Java HotSpot(TM) 64-Bit Server VM (25.251-b08 mixed mode windows-amd64 compressed oops)
# Problematic frame:
# C  [nvoglv64.dll+0xc7e2e0]
#
# Failed to write core dump. Minidumps are not enabled by default on client versions of Windows
#
# If you would like to submit a bug report, please visit:
#   http://bugreport.java.com/bugreport/crash.jsp
# The crash happened outside the Java Virtual Machine in native code.
# See problematic frame for where to report the bug.
#

---------------  T H R E A D  ---------------

Current thread (0x0000000002d57000):  JavaThread "main" [_thread_in_native, id=23028, stack(0x0000000002b30000,0x0000000002c30000)]

siginfo: ExceptionCode=0xc0000005, reading address 0x0000000000000000

Registers:
RAX=0x0000000000000000, RBX=0x000000003d8f0e70, RCX=0x000000003d8f0e70, RDX=0x0000000000000008
RSP=0x0000000002c2f048, RBP=0x0000000000000004, RSI=0x0000000000000002, RDI=0x000000003c4b61b8
R8 =0x000000000000000c, R9 =0x0000000000001974, R10=0x000000000000000c, R11=0x0000000000000000
R12=0x0000000000000000, R13=0x000000003c4b5e58, R14=0x000000002fcc8b08, R15=0x00007ffaf2c5e2d0
RIP=0x00007ffaf2c5e2e0, EFLAGS=0x0000000000010202

Top of Stack: (sp=0x0000000002c2f048)
0x0000000002c2f048:   00007ffaf2d24ec1 000000000ace42d0
0x0000000002c2f058:   0000000000000000 000000002fd20000
0x0000000002c2f068:   0000000000032e80 0000000000000000
0x0000000002c2f078:   00007ffaf2b908d0 0000000000000000
0x0000000002c2f088:   00007ffaf2b8b486 0000000000000007
0x0000000002c2f098:   000000000ad03fe0 000000003d8f0e70
0x0000000002c2f0a8:   10c0000000000000 000000002b865990
0x0000000002c2f0b8:   00007ffaf2b90664 0000000000000000
0x0000000002c2f0c8:   000000002b865990 0000000000000000
0x0000000002c2f0d8:   0000000000000000 0000000000000004
0x0000000002c2f0e8:   000000002fd20000 0000000000001405
0x0000000002c2f0f8:   0000000000001974 000000000000262e
0x0000000002c2f108:   00007ffaf2d15e60 000000002fd20000
0x0000000002c2f118:   0000000000000000 0000000000001974
0x0000000002c2f128:   0000000000000000 0000000000001400
0x0000000002c2f138:   0000000000000000 0000000002c2f1a0 

Instructions: (pc=0x00007ffaf2c5e2e0)
0x00007ffaf2c5e2c0:   48 83 c1 08 41 83 e9 01 75 e9 48 8b c1 c3 cc cc
0x00007ffaf2c5e2d0:   4d 63 d0 48 83 c2 08 66 0f 1f 84 00 00 00 00 00
0x00007ffaf2c5e2e0:   8b 42 f8 89 01 8b 42 fc 89 41 04 8b 02 49 03 d2
0x00007ffaf2c5e2f0:   89 41 08 48 83 c1 0c 41 83 e9 01 75 e3 48 8b c1 


Register to memory mapping:

RAX=0x0000000000000000 is an unknown value
RBX=0x000000003d8f0e70 is an unknown value
RCX=0x000000003d8f0e70 is an unknown value
RDX=0x0000000000000008 is an unknown value
RSP=0x0000000002c2f048 is pointing into the stack for thread: 0x0000000002d57000
RBP=0x0000000000000004 is an unknown value
RSI=0x0000000000000002 is an unknown value
RDI=0x000000003c4b61b8 is an unknown value
R8 =0x000000000000000c is an unknown value
R9 =0x0000000000001974 is an unknown value
R10=0x000000000000000c is an unknown value
R11=0x0000000000000000 is an unknown value
R12=0x0000000000000000 is an unknown value
R13=0x000000003c4b5e58 is an unknown value
R14=0x000000002fcc8b08 is an unknown value
R15=0x00007ffaf2c5e2d0 is an unknown value


Stack: [0x0000000002b30000,0x0000000002c30000],  sp=0x0000000002c2f048,  free space=1020k
Native frames: (J=compiled Java code, j=interpreted, Vv=VM code, C=native code)
C  [nvoglv64.dll+0xc7e2e0]

Java frames: (J=compiled Java code, j=interpreted, Vv=VM code)
J 1095  org.lwjgl.opengl.GL11C.nglDrawElements(IIIJ)V (0 bytes) @ 0x00000000032d6b4e [0x00000000032d6b00+0x4e]
J 1207 C2 com.mikedeejay2.voxel.engine.graphics.renderers.Renderer.render(Ljava/util/Map;)V (111 bytes) @ 0x00000000033f06e8 [0x00000000033eff20+0x7c8]
J 1417% C2 com.mikedeejay2.voxel.engine.core.CoreEngine.run()V (214 bytes) @ 0x0000000003695c34 [0x0000000003695680+0x5b4]
j  com.mikedeejay2.voxel.engine.core.CoreEngine.start()V+9
j  com.mikedeejay2.voxel.game.Main.start()V+29
j  com.mikedeejay2.voxel.game.Main.main([Ljava/lang/String;)V+7
v  ~StubRoutines::call_stub

---------------  P R O C E S S  ---------------

Java Threads: ( => current thread )
  0x000000003308f800 JavaThread "world" [_thread_blocked, id=25240, stack(0x0000000034330000,0x0000000034430000)]
  0x0000000033036800 JavaThread "chunkConsumer" [_thread_in_Java, id=7596, stack(0x0000000034230000,0x0000000034330000)]
  0x0000000033048000 JavaThread "chunkProducer" [_thread_blocked, id=25048, stack(0x0000000034130000,0x0000000034230000)]
  0x0000000032df8000 JavaThread "Java2D Disposer" daemon [_thread_blocked, id=24020, stack(0x0000000033dd0000,0x0000000033ed0000)]
  0x0000000028fd6800 JavaThread "Service Thread" daemon [_thread_blocked, id=19188, stack(0x0000000029b10000,0x0000000029c10000)]
  0x0000000028fb2000 JavaThread "C1 CompilerThread3" daemon [_thread_blocked, id=16672, stack(0x0000000029a10000,0x0000000029b10000)]
  0x0000000028fb1800 JavaThread "C2 CompilerThread2" daemon [_thread_blocked, id=13396, stack(0x0000000029910000,0x0000000029a10000)]
  0x0000000027b2e000 JavaThread "C2 CompilerThread1" daemon [_thread_blocked, id=26296, stack(0x0000000029810000,0x0000000029910000)]
  0x0000000027b2d000 JavaThread "C2 CompilerThread0" daemon [_thread_blocked, id=24916, stack(0x0000000029710000,0x0000000029810000)]
  0x0000000027afb000 JavaThread "Monitor Ctrl-Break" daemon [_thread_in_native, id=17844, stack(0x0000000029610000,0x0000000029710000)]
  0x00000000277a8000 JavaThread "Attach Listener" daemon [_thread_blocked, id=5296, stack(0x0000000028d10000,0x0000000028e10000)]
  0x00000000277a7000 JavaThread "Signal Dispatcher" daemon [_thread_blocked, id=20340, stack(0x0000000028c10000,0x0000000028d10000)]
  0x00000000260d3800 JavaThread "Finalizer" daemon [_thread_blocked, id=3624, stack(0x0000000028a10000,0x0000000028b10000)]
  0x00000000260cd800 JavaThread "Reference Handler" daemon [_thread_blocked, id=9364, stack(0x0000000028910000,0x0000000028a10000)]
=>0x0000000002d57000 JavaThread "main" [_thread_in_native, id=23028, stack(0x0000000002b30000,0x0000000002c30000)]

Other Threads:
  0x0000000002e4d000 VMThread [stack: 0x0000000028810000,0x0000000028910000] [id=22328]
  0x0000000027b2e800 WatcherThread [stack: 0x0000000029c10000,0x0000000029d10000] [id=19296]

VM state:not at safepoint (normal execution)

VM Mutex/Monitor currently owned by a thread: None

heap address: 0x00000005c1000000, size: 8176 MB, Compressed Oops mode: Zero based, Oop shift amount: 3
Narrow klass base: 0x0000000000000000, Narrow klass shift: 3
Compressed class space size: 1073741824 Address: 0x00000007c0000000

Heap:
 PSYoungGen      total 52224K, used 26697K [0x0000000715b00000, 0x0000000719400000, 0x00000007c0000000)
  eden space 47104K, 48% used [0x0000000715b00000,0x000000071715ca68,0x0000000718900000)
  from space 5120K, 74% used [0x0000000718980000,0x0000000718d35be8,0x0000000718e80000)
  to   space 5632K, 0% used [0x0000000718e80000,0x0000000718e80000,0x0000000719400000)
 ParOldGen       total 349696K, used 229871K [0x00000005c1000000, 0x00000005d6580000, 0x0000000715b00000)
  object space 349696K, 65% used [0x00000005c1000000,0x00000005cf07bf68,0x00000005d6580000)
 Metaspace       used 13235K, capacity 13417K, committed 13696K, reserved 1062912K
  class space    used 1028K, capacity 1097K, committed 1152K, reserved 1048576K

Card table byte_map: [0x0000000012210000,0x0000000013210000] byte_map_base: 0x000000000f408000

Marking Bits: (ParMarkBitMap*) 0x0000000075a7af90
 Begin Bits: [0x00000000146c0000, 0x000000001c680000)
 End Bits:   [0x000000001c680000, 0x0000000024640000)

Polling page: 0x0000000000c50000

CodeCache: size=245760Kb used=7273Kb max_used=9533Kb free=238487Kb
 bounds [0x0000000002e50000, 0x0000000003800000, 0x0000000011e50000]
 total_blobs=2212 nmethods=1204 adapters=921
 compilation: enabled

Compilation events (10 events):
Event: 20.676 Thread 0x0000000027b2e000 1488       4       com.mikedeejay2.voxel.engine.loaders.Loader::bindIndicesBuffer (39 bytes)
Event: 20.691 Thread 0x0000000027b2e000 nmethod 1488 0x000000000329a4d0 code [0x000000000329a740, 0x000000000329b900]
Event: 20.943 Thread 0x0000000027b2d000 1489   !   4       com.mikedeejay2.voxel.game.world.World::unloadOldChunks (260 bytes)
Event: 20.951 Thread 0x0000000027b2d000 nmethod 1489 0x00000000032d0550 code [0x00000000032d0720, 0x00000000032d10e8]
Event: 21.347 Thread 0x0000000028fb2000 1490       3       java.util.HashMap$TreeNode::removeTreeNode (632 bytes)
Event: 21.348 Thread 0x0000000028fb2000 nmethod 1490 0x0000000003180fd0 code [0x0000000003181220, 0x0000000003182868]
Event: 22.621 Thread 0x0000000028fb1800 1491       4       com.mikedeejay2.voxel.engine.graphics.objects.Entity::destroy (18 bytes)
Event: 22.622 Thread 0x0000000028fb1800 nmethod 1491 0x0000000002f6ded0 code [0x0000000002f6e020, 0x0000000002f6e108]
Event: 22.700 Thread 0x0000000028fb2000 1492   !   3       com.mikedeejay2.voxel.game.world.World::unloadOldChunks (260 bytes)
Event: 22.700 Thread 0x0000000028fb2000 nmethod 1492 0x00000000033161d0 code [0x0000000003316420, 0x0000000003317378]

GC Heap History (10 events):
Event: 22.690 GC heap before
{Heap before GC invocations=73 (full 0):
 PSYoungGen      total 53760K, used 52548K [0x0000000715b00000, 0x0000000719480000, 0x00000007c0000000)
  eden space 49664K, 100% used [0x0000000715b00000,0x0000000718b80000,0x0000000718b80000)
  from space 4096K, 70% used [0x0000000719080000,0x0000000719351278,0x0000000719480000)
  to   space 4608K, 0% used [0x0000000718b80000,0x0000000718b80000,0x0000000719000000)
 ParOldGen       total 349696K, used 217951K [0x00000005c1000000, 0x00000005d6580000, 0x0000000715b00000)
  object space 349696K, 62% used [0x00000005c1000000,0x00000005ce4d7f68,0x00000005d6580000)
 Metaspace       used 13235K, capacity 13417K, committed 13696K, reserved 1062912K
  class space    used 1028K, capacity 1097K, committed 1152K, reserved 1048576K
Event: 22.692 GC heap after
Heap after GC invocations=73 (full 0):
 PSYoungGen      total 53760K, used 4164K [0x0000000715b00000, 0x0000000719500000, 0x00000007c0000000)
  eden space 49152K, 0% used [0x0000000715b00000,0x0000000715b00000,0x0000000718b00000)
  from space 4608K, 90% used [0x0000000718b80000,0x0000000718f91278,0x0000000719000000)
  to   space 5120K, 0% used [0x0000000719000000,0x0000000719000000,0x0000000719500000)
 ParOldGen       total 349696K, used 220567K [0x00000005c1000000, 0x00000005d6580000, 0x0000000715b00000)
  object space 349696K, 63% used [0x00000005c1000000,0x00000005ce765f68,0x00000005d6580000)
 Metaspace       used 13235K, capacity 13417K, committed 13696K, reserved 1062912K
  class space    used 1028K, capacity 1097K, committed 1152K, reserved 1048576K
}
Event: 22.815 GC heap before
{Heap before GC invocations=74 (full 0):
 PSYoungGen      total 53760K, used 53316K [0x0000000715b00000, 0x0000000719500000, 0x00000007c0000000)
  eden space 49152K, 100% used [0x0000000715b00000,0x0000000718b00000,0x0000000718b00000)
  from space 4608K, 90% used [0x0000000718b80000,0x0000000718f91278,0x0000000719000000)
  to   space 5120K, 0% used [0x0000000719000000,0x0000000719000000,0x0000000719500000)
 ParOldGen       total 349696K, used 220567K [0x00000005c1000000, 0x00000005d6580000, 0x0000000715b00000)
  object space 349696K, 63% used [0x00000005c1000000,0x00000005ce765f68,0x00000005d6580000)
 Metaspace       used 13235K, capacity 13417K, committed 13696K, reserved 1062912K
  class space    used 1028K, capacity 1097K, committed 1152K, reserved 1048576K
Event: 22.817 GC heap after
Heap after GC invocations=74 (full 0):
 PSYoungGen      total 53248K, used 1284K [0x0000000715b00000, 0x0000000719480000, 0x00000007c0000000)
  eden space 48640K, 0% used [0x0000000715b00000,0x0000000715b00000,0x0000000718a80000)
  from space 4608K, 27% used [0x0000000719000000,0x0000000719141278,0x0000000719480000)
  to   space 5120K, 0% used [0x0000000718a80000,0x0000000718a80000,0x0000000718f80000)
 ParOldGen       total 349696K, used 224575K [0x00000005c1000000, 0x00000005d6580000, 0x0000000715b00000)
  object space 349696K, 64% used [0x00000005c1000000,0x00000005ceb4ff68,0x00000005d6580000)
 Metaspace       used 13235K, capacity 13417K, committed 13696K, reserved 1062912K
  class space    used 1028K, capacity 1097K, committed 1152K, reserved 1048576K
}
Event: 23.028 GC heap before
{Heap before GC invocations=75 (full 0):
 PSYoungGen      total 53248K, used 49924K [0x0000000715b00000, 0x0000000719480000, 0x00000007c0000000)
  eden space 48640K, 100% used [0x0000000715b00000,0x0000000718a80000,0x0000000718a80000)
  from space 4608K, 27% used [0x0000000719000000,0x0000000719141278,0x0000000719480000)
  to   space 5120K, 0% used [0x0000000718a80000,0x0000000718a80000,0x0000000718f80000)
 ParOldGen       total 349696K, used 224575K [0x00000005c1000000, 0x00000005d6580000, 0x0000000715b00000)
  object space 349696K, 64% used [0x00000005c1000000,0x00000005ceb4ff68,0x00000005d6580000)
 Metaspace       used 13235K, capacity 13417K, committed 13696K, reserved 1062912K
  class space    used 1028K, capacity 1097K, committed 1152K, reserved 1048576K
Event: 23.029 GC heap after
Heap after GC invocations=75 (full 0):
 PSYoungGen      total 51712K, used 3548K [0x0000000715b00000, 0x0000000719400000, 0x00000007c0000000)
  eden space 48128K, 0% used [0x0000000715b00000,0x0000000715b00000,0x0000000718a00000)
  from space 3584K, 98% used [0x0000000718a80000,0x0000000718df7098,0x0000000718e00000)
  to   space 5120K, 0% used [0x0000000718f00000,0x0000000718f00000,0x0000000719400000)
 ParOldGen       total 349696K, used 225647K [0x00000005c1000000, 0x00000005d6580000, 0x0000000715b00000)
  object space 349696K, 64% used [0x00000005c1000000,0x00000005cec5bf68,0x00000005d6580000)
 Metaspace       used 13235K, capacity 13417K, committed 13696K, reserved 1062912K
  class space    used 1028K, capacity 1097K, committed 1152K, reserved 1048576K
}
Event: 23.146 GC heap before
{Heap before GC invocations=76 (full 0):
 PSYoungGen      total 51712K, used 51676K [0x0000000715b00000, 0x0000000719400000, 0x00000007c0000000)
  eden space 48128K, 100% used [0x0000000715b00000,0x0000000718a00000,0x0000000718a00000)
  from space 3584K, 98% used [0x0000000718a80000,0x0000000718df7098,0x0000000718e00000)
  to   space 5120K, 0% used [0x0000000718f00000,0x0000000718f00000,0x0000000719400000)
 ParOldGen       total 349696K, used 225647K [0x00000005c1000000, 0x00000005d6580000, 0x0000000715b00000)
  object space 349696K, 64% used [0x00000005c1000000,0x00000005cec5bf68,0x00000005d6580000)
 Metaspace       used 13235K, capacity 13417K, committed 13696K, reserved 1062912K
  class space    used 1028K, capacity 1097K, committed 1152K, reserved 1048576K
Event: 23.148 GC heap after
Heap after GC invocations=76 (full 0):
 PSYoungGen      total 52224K, used 1252K [0x0000000715b00000, 0x0000000719380000, 0x00000007c0000000)
  eden space 47616K, 0% used [0x0000000715b00000,0x0000000715b00000,0x0000000718980000)
  from space 4608K, 27% used [0x0000000718f00000,0x0000000719039278,0x0000000719380000)
  to   space 5120K, 0% used [0x0000000718980000,0x0000000718980000,0x0000000718e80000)
 ParOldGen       total 349696K, used 228791K [0x00000005c1000000, 0x00000005d6580000, 0x0000000715b00000)
  object space 349696K, 65% used [0x00000005c1000000,0x00000005cef6df68,0x00000005d6580000)
 Metaspace       used 13235K, capacity 13417K, committed 13696K, reserved 1062912K
  class space    used 1028K, capacity 1097K, committed 1152K, reserved 1048576K
}
Event: 23.370 GC heap before
{Heap before GC invocations=77 (full 0):
 PSYoungGen      total 52224K, used 48868K [0x0000000715b00000, 0x0000000719380000, 0x00000007c0000000)
  eden space 47616K, 100% used [0x0000000715b00000,0x0000000718980000,0x0000000718980000)
  from space 4608K, 27% used [0x0000000718f00000,0x0000000719039278,0x0000000719380000)
  to   space 5120K, 0% used [0x0000000718980000,0x0000000718980000,0x0000000718e80000)
 ParOldGen       total 349696K, used 228791K [0x00000005c1000000, 0x00000005d6580000, 0x0000000715b00000)
  object space 349696K, 65% used [0x00000005c1000000,0x00000005cef6df68,0x00000005d6580000)
 Metaspace       used 13235K, capacity 13417K, committed 13696K, reserved 1062912K
  class space    used 1028K, capacity 1097K, committed 1152K, reserved 1048576K
Event: 23.372 GC heap after
Heap after GC invocations=77 (full 0):
 PSYoungGen      total 52224K, used 3798K [0x0000000715b00000, 0x0000000719400000, 0x00000007c0000000)
  eden space 47104K, 0% used [0x0000000715b00000,0x0000000715b00000,0x0000000718900000)
  from space 5120K, 74% used [0x0000000718980000,0x0000000718d35be8,0x0000000718e80000)
  to   space 5632K, 0% used [0x0000000718e80000,0x0000000718e80000,0x0000000719400000)
 ParOldGen       total 349696K, used 229871K [0x00000005c1000000, 0x00000005d6580000, 0x0000000715b00000)
  object space 349696K, 65% used [0x00000005c1000000,0x00000005cf07bf68,0x00000005d6580000)
 Metaspace       used 13235K, capacity 13417K, committed 13696K, reserved 1062912K
  class space    used 1028K, capacity 1097K, committed 1152K, reserved 1048576K
}

Deoptimization events (10 events):
Event: 16.518 Thread 0x0000000033036800 Uncommon trap: reason=unstable_if action=reinterpret pc=0x000000000376f390 method=com.mikedeejay2.voxel.game.world.chunk.mesh.ChunkMeshGenerator.genBrightnessWithChunkLoc(Lcom/mikedeejay2/voxel/game/world/World;Lcom/mikedeejay2/voxel/game/world/chunk/Chun
Event: 16.786 Thread 0x0000000002d57000 Uncommon trap: reason=unstable_if action=reinterpret pc=0x0000000002f72244 method=com.mikedeejay2.voxel.game.world.World.unloadOldChunks()V @ 151
Event: 16.788 Thread 0x0000000002d57000 Uncommon trap: reason=unstable_if action=reinterpret pc=0x0000000002fe5a24 method=com.mikedeejay2.voxel.game.world.World.unloadOldChunks()V @ 151
Event: 16.997 Thread 0x0000000033036800 Uncommon trap: reason=unstable_if action=reinterpret pc=0x00000000037a04e4 method=com.mikedeejay2.voxel.game.world.chunk.mesh.ChunkMeshGenerator.genBrightnessWithChunkLoc(Lcom/mikedeejay2/voxel/game/world/World;Lcom/mikedeejay2/voxel/game/world/chunk/Chun
Event: 17.391 Thread 0x0000000002d57000 Uncommon trap: reason=unstable_if action=reinterpret pc=0x0000000002f6f8b0 method=java.util.HashMap$HashIterator.nextNode()Ljava/util/HashMap$Node; @ 16
Event: 17.773 Thread 0x0000000002d57000 Uncommon trap: reason=unstable_if action=reinterpret pc=0x0000000002f70f68 method=com.mikedeejay2.voxel.engine.graphics.objects.Camera.input(F)V @ 157
Event: 18.255 Thread 0x0000000033036800 Uncommon trap: reason=unstable_if action=reinterpret pc=0x00000000037e4d4c method=com.mikedeejay2.voxel.game.world.chunk.mesh.ChunkMeshGenerator.genBrightnessWithChunkLoc(Lcom/mikedeejay2/voxel/game/world/World;Lcom/mikedeejay2/voxel/game/world/chunk/Chun
Event: 19.740 Thread 0x0000000002d57000 Uncommon trap: reason=unstable_if action=reinterpret pc=0x00000000032be140 method=com.mikedeejay2.voxel.game.world.World.unloadOldChunks()V @ 130
Event: 22.699 Thread 0x0000000002d57000 Uncommon trap: reason=unstable_if action=reinterpret pc=0x00000000032d0d98 method=com.mikedeejay2.voxel.game.world.World.unloadOldChunks()V @ 109
Event: 22.699 Thread 0x0000000002d57000 Uncommon trap: reason=unstable_if action=reinterpret pc=0x0000000003496d20 method=com.mikedeejay2.voxel.game.world.World.unloadOldChunks()V @ 109

Classes redefined (0 events):
No events

Internal exceptions (10 events):
Event: 0.235 Thread 0x0000000002d57000 Exception <a 'sun/nio/fs/WindowsException'> (0x00000007168c62e0) thrown at [C:\jenkins\workspace\8-2-build-windows-amd64-cygwin\jdk8u251\737\hotspot\src\share\vm\prims\jni.cpp, line 710]
Event: 0.239 Thread 0x0000000002d57000 Exception <a 'sun/nio/fs/WindowsException'> (0x00000007168f5a50) thrown at [C:\jenkins\workspace\8-2-build-windows-amd64-cygwin\jdk8u251\737\hotspot\src\share\vm\prims\jni.cpp, line 710]
Event: 0.239 Thread 0x0000000002d57000 Exception <a 'sun/nio/fs/WindowsException'> (0x00000007168f6130) thrown at [C:\jenkins\workspace\8-2-build-windows-amd64-cygwin\jdk8u251\737\hotspot\src\share\vm\prims\jni.cpp, line 710]
Event: 0.647 Thread 0x0000000002d57000 Exception <a 'sun/nio/fs/WindowsException'> (0x0000000716a5fac8) thrown at [C:\jenkins\workspace\8-2-build-windows-amd64-cygwin\jdk8u251\737\hotspot\src\share\vm\prims\jni.cpp, line 710]
Event: 0.647 Thread 0x0000000002d57000 Exception <a 'sun/nio/fs/WindowsException'> (0x0000000716a60208) thrown at [C:\jenkins\workspace\8-2-build-windows-amd64-cygwin\jdk8u251\737\hotspot\src\share\vm\prims\jni.cpp, line 710]
Event: 0.648 Thread 0x0000000002d57000 Exception <a 'sun/nio/fs/WindowsException'> (0x0000000716a777f0) thrown at [C:\jenkins\workspace\8-2-build-windows-amd64-cygwin\jdk8u251\737\hotspot\src\share\vm\prims\jni.cpp, line 710]
Event: 0.648 Thread 0x0000000002d57000 Exception <a 'sun/nio/fs/WindowsException'> (0x0000000716a77de8) thrown at [C:\jenkins\workspace\8-2-build-windows-amd64-cygwin\jdk8u251\737\hotspot\src\share\vm\prims\jni.cpp, line 710]
Event: 0.700 Thread 0x0000000002d57000 Exception <a 'sun/nio/fs/WindowsException'> (0x0000000716c30d58) thrown at [C:\jenkins\workspace\8-2-build-windows-amd64-cygwin\jdk8u251\737\hotspot\src\share\vm\prims\jni.cpp, line 710]
Event: 0.700 Thread 0x0000000002d57000 Exception <a 'sun/nio/fs/WindowsException'> (0x0000000716c31488) thrown at [C:\jenkins\workspace\8-2-build-windows-amd64-cygwin\jdk8u251\737\hotspot\src\share\vm\prims\jni.cpp, line 710]
Event: 0.917 Thread 0x0000000002d57000 Exception <a 'java/io/FileNotFoundException'> (0x000000071776fef0) thrown at [C:\jenkins\workspace\8-2-build-windows-amd64-cygwin\jdk8u251\737\hotspot\src\share\vm\prims\jni.cpp, line 710]

Events (10 events):
Event: 22.700 Thread 0x0000000002d57000 DEOPT UNPACKING pc=0x0000000002e9583b sp=0x0000000002c2f3b0 mode 2
Event: 22.700 Thread 0x0000000028fb2000 flushing nmethod 0x000000000301ca90
Event: 22.815 Executing VM operation: ParallelGCFailedAllocation
Event: 22.817 Executing VM operation: ParallelGCFailedAllocation done
Event: 23.027 Executing VM operation: ParallelGCFailedAllocation
Event: 23.029 Executing VM operation: ParallelGCFailedAllocation done
Event: 23.146 Executing VM operation: ParallelGCFailedAllocation
Event: 23.148 Executing VM operation: ParallelGCFailedAllocation done
Event: 23.370 Executing VM operation: ParallelGCFailedAllocation
Event: 23.372 Executing VM operation: ParallelGCFailedAllocation done


Dynamic libraries:
0x00007ff734420000 - 0x00007ff734457000 	C:\Program Files\Java\jdk1.8.0_251\bin\java.exe
0x00007ffb5cc00000 - 0x00007ffb5cdf0000 	C:\Windows\SYSTEM32\ntdll.dll
0x00007ffb5b5b0000 - 0x00007ffb5b662000 	C:\Windows\System32\KERNEL32.DLL
0x00007ffb5aa00000 - 0x00007ffb5aca3000 	C:\Windows\System32\KERNELBASE.dll
0x00007ffb5c1d0000 - 0x00007ffb5c273000 	C:\Windows\System32\ADVAPI32.dll
0x00007ffb5b510000 - 0x00007ffb5b5ae000 	C:\Windows\System32\msvcrt.dll
0x00007ffb5c660000 - 0x00007ffb5c6f7000 	C:\Windows\System32\sechost.dll
0x00007ffb5c0b0000 - 0x00007ffb5c1d0000 	C:\Windows\System32\RPCRT4.dll
0x00007ffb5b2c0000 - 0x00007ffb5b454000 	C:\Windows\System32\USER32.dll
0x00007ffb5a630000 - 0x00007ffb5a651000 	C:\Windows\System32\win32u.dll
0x00007ffb5bf20000 - 0x00007ffb5bf46000 	C:\Windows\System32\GDI32.dll
0x00007ffb5a660000 - 0x00007ffb5a7f4000 	C:\Windows\System32\gdi32full.dll
0x00007ffb59b90000 - 0x00007ffb59c2e000 	C:\Windows\System32\msvcp_win.dll
0x00007ffb5a530000 - 0x00007ffb5a62a000 	C:\Windows\System32\ucrtbase.dll
0x00007ffb43fc0000 - 0x00007ffb44245000 	C:\Windows\WinSxS\amd64_microsoft.windows.common-controls_6595b64144ccf1df_6.0.18362.778_none_e6c6b761130d4fb8\COMCTL32.dll
0x00007ffb5c760000 - 0x00007ffb5ca96000 	C:\Windows\System32\combase.dll
0x00007ffb5a980000 - 0x00007ffb5aa00000 	C:\Windows\System32\bcryptPrimitives.dll
0x00007ffb5b1a0000 - 0x00007ffb5b1ce000 	C:\Windows\System32\IMM32.DLL
0x0000000075b00000 - 0x0000000075bd2000 	C:\Program Files\Java\jdk1.8.0_251\jre\bin\msvcr100.dll
0x0000000075250000 - 0x0000000075afb000 	C:\Program Files\Java\jdk1.8.0_251\jre\bin\server\jvm.dll
0x00007ffb5bf50000 - 0x00007ffb5bf58000 	C:\Windows\System32\PSAPI.DLL
0x00007ffb49340000 - 0x00007ffb49349000 	C:\Windows\SYSTEM32\WSOCK32.dll
0x00007ffb56760000 - 0x00007ffb56784000 	C:\Windows\SYSTEM32\WINMM.dll
0x00007ffb54630000 - 0x00007ffb5463a000 	C:\Windows\SYSTEM32\VERSION.dll
0x00007ffb5bfe0000 - 0x00007ffb5c04f000 	C:\Windows\System32\WS2_32.dll
0x00007ffb562d0000 - 0x00007ffb562fd000 	C:\Windows\SYSTEM32\WINMMBASE.dll
0x00007ffb5a8d0000 - 0x00007ffb5a91a000 	C:\Windows\System32\cfgmgr32.dll
0x00007ffb492c0000 - 0x00007ffb492cf000 	C:\Program Files\Java\jdk1.8.0_251\jre\bin\verify.dll
0x00007ffb435d0000 - 0x00007ffb435f9000 	C:\Program Files\Java\jdk1.8.0_251\jre\bin\java.dll
0x00007ffb24180000 - 0x00007ffb241a3000 	C:\Program Files\Java\jdk1.8.0_251\jre\bin\instrument.dll
0x00007ffb2b6a0000 - 0x00007ffb2b6b6000 	C:\Program Files\Java\jdk1.8.0_251\jre\bin\zip.dll
0x00007ffb5b670000 - 0x00007ffb5bd55000 	C:\Windows\System32\SHELL32.dll
0x00007ffb5b460000 - 0x00007ffb5b509000 	C:\Windows\System32\shcore.dll
0x00007ffb59db0000 - 0x00007ffb5a530000 	C:\Windows\System32\windows.storage.dll
0x00007ffb59b60000 - 0x00007ffb59b83000 	C:\Windows\System32\profapi.dll
0x00007ffb59af0000 - 0x00007ffb59b3a000 	C:\Windows\System32\powrprof.dll
0x00007ffb59ac0000 - 0x00007ffb59ad0000 	C:\Windows\System32\UMPDC.dll
0x00007ffb5c700000 - 0x00007ffb5c752000 	C:\Windows\System32\shlwapi.dll
0x00007ffb59ad0000 - 0x00007ffb59ae1000 	C:\Windows\System32\kernel.appcore.dll
0x00007ffb5a8b0000 - 0x00007ffb5a8c7000 	C:\Windows\System32\cryptsp.dll
0x00007ffb2b680000 - 0x00007ffb2b69a000 	C:\Program Files\JetBrains\IntelliJ IDEA 2019.3.4\bin\breakgen64.dll
0x00007ffb24160000 - 0x00007ffb2417a000 	C:\Program Files\Java\jdk1.8.0_251\jre\bin\net.dll
0x00007ffb59330000 - 0x00007ffb59397000 	C:\Windows\system32\mswsock.dll
0x00007ffb24140000 - 0x00007ffb24152000 	C:\Program Files\Java\jdk1.8.0_251\jre\bin\nio.dll
0x00007ffb240d0000 - 0x00007ffb24134000 	C:\Users\mdeej\AppData\Local\Temp\lwjglmdeej\3.2.3-build-13\lwjgl.dll
0x00007ffb24060000 - 0x00007ffb240c2000 	C:\Users\mdeej\AppData\Local\Temp\lwjglmdeej\3.2.3-build-13\glfw.dll
0x00007ffb56de0000 - 0x00007ffb56e79000 	C:\Windows\system32\uxtheme.dll
0x00007ffb2df10000 - 0x00007ffb2df53000 	C:\Windows\SYSTEM32\dinput8.dll
0x00007ffb2dbe0000 - 0x00007ffb2dbf1000 	C:\Windows\SYSTEM32\xinput1_4.dll
0x00007ffb598c0000 - 0x00007ffb598ea000 	C:\Windows\SYSTEM32\DEVOBJ.dll
0x00007ffb57520000 - 0x00007ffb5754d000 	C:\Windows\SYSTEM32\dwmapi.dll
0x00007ffb4f940000 - 0x00007ffb4fa5a000 	C:\Windows\SYSTEM32\inputhost.dll
0x00007ffb56300000 - 0x00007ffb563d4000 	C:\Windows\SYSTEM32\CoreMessaging.dll
0x00007ffb54e80000 - 0x00007ffb54fd3000 	C:\Windows\SYSTEM32\wintypes.dll
0x00007ffb53890000 - 0x00007ffb53bba000 	C:\Windows\SYSTEM32\CoreUIComponents.dll
0x00007ffb56090000 - 0x00007ffb5617f000 	C:\Windows\SYSTEM32\PROPSYS.dll
0x00007ffb5c3c0000 - 0x00007ffb5c484000 	C:\Windows\System32\OLEAUT32.dll
0x00007ffb58bd0000 - 0x00007ffb58c01000 	C:\Windows\SYSTEM32\ntmarta.dll
0x00007ffb5c280000 - 0x00007ffb5c3b6000 	C:\Windows\System32\MSCTF.dll
0x00007ffb58430000 - 0x00007ffb5843e000 	C:\Windows\SYSTEM32\HID.DLL
0x00007ffb5ad30000 - 0x00007ffb5b1a0000 	C:\Windows\System32\SETUPAPI.DLL
0x00007ffb59c30000 - 0x00007ffb59c56000 	C:\Windows\System32\bcrypt.dll
0x00007ffb5a920000 - 0x00007ffb5a97c000 	C:\Windows\System32\WINTRUST.dll
0x00007ffb59b40000 - 0x00007ffb59b52000 	C:\Windows\System32\MSASN1.dll
0x00007ffb59c60000 - 0x00007ffb59da9000 	C:\Windows\System32\CRYPT32.dll
0x00007ffafede0000 - 0x00007ffafef36000 	C:\Windows\SYSTEM32\opengl32.dll
0x00007ffb3e860000 - 0x00007ffb3e88c000 	C:\Windows\SYSTEM32\GLU32.dll
0x00007ffb587a0000 - 0x00007ffb587c0000 	C:\Windows\SYSTEM32\dxcore.dll
0x00007ffaf1fe0000 - 0x00007ffaf4704000 	C:\Windows\System32\DriverStore\FileRepository\nvaki.inf_amd64_149c0c4968822483\nvoglv64.dll
0x00007ffb5c500000 - 0x00007ffb5c657000 	C:\Windows\System32\ole32.dll
0x00007ffb54e60000 - 0x00007ffb54e73000 	C:\Windows\SYSTEM32\WTSAPI32.dll
0x00007ffb23280000 - 0x00007ffb23537000 	C:\Windows\system32\nvspcap64.dll
0x00007ffb58d70000 - 0x00007ffb58dcc000 	C:\Windows\SYSTEM32\WINSTA.dll
0x00007ffb4fa60000 - 0x00007ffb4fafe000 	C:\Windows\System32\TextInputFramework.dll
0x00007ffb4b450000 - 0x00007ffb4b6f6000 	C:\Windows\System32\iertutil.dll
0x00007ffb23f10000 - 0x00007ffb23f69000 	C:\Users\mdeej\AppData\Local\Temp\lwjglmdeej\3.2.3-build-13\lwjgl_opengl.dll
0x00007ffb0f660000 - 0x00007ffb0f8b3000 	C:\Users\mdeej\AppData\Local\Temp\lwjglmdeej\3.2.3-build-13\jemalloc.dll
0x00007ffb06740000 - 0x00007ffb068da000 	C:\Program Files\Java\jdk1.8.0_251\jre\bin\awt.dll
0x00007ffb56ca0000 - 0x00007ffb56d2f000 	C:\Windows\SYSTEM32\apphelp.dll
0x00007ffb58230000 - 0x00007ffb58424000 	C:\Windows\SYSTEM32\dbghelp.dll

VM Arguments:
jvm_args: -XX:+UnlockCommercialFeatures -javaagent:C:\Program Files\JetBrains\IntelliJ IDEA 2019.3.4\lib\idea_rt.jar=49164:C:\Program Files\JetBrains\IntelliJ IDEA 2019.3.4\bin -Dfile.encoding=UTF-8 
java_command: com.mikedeejay2.voxel.game.Main
java_class_path (initial): C:\Program Files\Java\jdk1.8.0_251\jre\lib\charsets.jar;C:\Program Files\Java\jdk1.8.0_251\jre\lib\deploy.jar;C:\Program Files\Java\jdk1.8.0_251\jre\lib\ext\access-bridge-64.jar;C:\Program Files\Java\jdk1.8.0_251\jre\lib\ext\cldrdata.jar;C:\Program Files\Java\jdk1.8.0_251\jre\lib\ext\dnsns.jar;C:\Program Files\Java\jdk1.8.0_251\jre\lib\ext\jaccess.jar;C:\Program Files\Java\jdk1.8.0_251\jre\lib\ext\jfxrt.jar;C:\Program Files\Java\jdk1.8.0_251\jre\lib\ext\localedata.jar;C:\Program Files\Java\jdk1.8.0_251\jre\lib\ext\nashorn.jar;C:\Program Files\Java\jdk1.8.0_251\jre\lib\ext\sunec.jar;C:\Program Files\Java\jdk1.8.0_251\jre\lib\ext\sunjce_provider.jar;C:\Program Files\Java\jdk1.8.0_251\jre\lib\ext\sunmscapi.jar;C:\Program Files\Java\jdk1.8.0_251\jre\lib\ext\sunpkcs11.jar;C:\Program Files\Java\jdk1.8.0_251\jre\lib\ext\zipfs.jar;C:\Program Files\Java\jdk1.8.0_251\jre\lib\javaws.jar;C:\Program Files\Java\jdk1.8.0_251\jre\lib\jce.jar;C:\Program Files\Java\jdk1.8.0_251\jre\lib\jfr.jar;C:\Program Files\Java\jdk1.8.0_251\jre\lib\jfxswt.jar;C:\Program Files\Java\jdk1.8.0_251\jre\lib\jsse.jar;C:\Program Files\Java\jdk1.8.0_251\jre\lib\management-agent.jar;C:\Program Files\Java\jdk1.8.0_251\jre\lib\plugin.jar;C:\Program Files\Java\jdk1.8.0_251\jre\lib\resources.jar;C:\Program Files\Java\jdk1.8.0_251\jre\lib\rt.jar;C:\Users\mdeej\IdeaProjects\APCSP\out\production\APCSP;C:\Users\mdeej\IdeaProjects\APCSP\libs\lwjgl.jar;C:\Users\mdeej\IdeaProjects\APCSP\libs\lwjgl-egl.jar;C:\Users\mdeej\IdeaProjects\APCSP\libs\lwjgl-lz4.jar;C:\Users\mdeej\IdeaProjects\APCSP\libs\lwjgl-nfd.jar;C:\Users\mdeej\IdeaProjects\APCSP\libs\lwjgl-ovr.jar;C:\Users\mdeej\IdeaProjects\APCSP\libs\lwjgl-par.jar;C:\Users\mdeej\IdeaProjects\APCSP\libs\lwjgl-sse.jar;C:\Users\mdeej\IdeaProjects\APCSP\libs\lwjgl-stb.jar;C:\Users\mdeej\IdeaProjects\APCSP\libs\lwjgl-vma.jar;C:\Users\mdeej\IdeaProjects\APCSP\libs\lwjgl-bgfx.jar;C:\Users\mdeej\IdeaProjects\APCSP\libs\lwjgl-cuda.jar;C:\Users\mdee
Launcher Type: SUN_STANDARD

Environment Variables:
PATH=C:\Program Files (x86)\Common Files\Intel\Shared Libraries\redist\intel64\compiler;C:\Windows\system32;C:\Windows;C:\Windows\System32\Wbem;C:\Windows\System32\WindowsPowerShell\v1.0\;C:\Windows\System32\OpenSSH\;C:\Program Files\NVIDIA Corporation\NVIDIA NvDLISR;C:\Program Files (x86)\NVIDIA Corporation\PhysX\Common;C:\Program Files (x86)\QuickTime\QTSystem\;C:\Users\mdeej\AppData\Local\Microsoft\WindowsApps;
USERNAME=mdeej
OS=Windows_NT
PROCESSOR_IDENTIFIER=Intel64 Family 6 Model 158 Stepping 10, GenuineIntel



---------------  S Y S T E M  ---------------

OS: Windows 10.0 , 64 bit Build 18362 (10.0.18362.778)

CPU:total 12 (initial active 12) (6 cores per cpu, 2 threads per core) family 6 model 158 stepping 10, cmov, cx8, fxsr, mmx, sse, sse2, sse3, ssse3, sse4.1, sse4.2, popcnt, avx, avx2, aes, clmul, erms, rtm, 3dnowpref, lzcnt, ht, tsc, tscinvbit, bmi1, bmi2, adx

Memory: 4k page, physical 33487264k(16787544k free), swap 98498976k(73410388k free)

vm_info: Java HotSpot(TM) 64-Bit Server VM (25.251-b08) for windows-amd64 JRE (1.8.0_251-b08), built on Mar 12 2020 06:31:49 by "" with MS VC++ 10.0 (VS2010)

time: Wed May 06 22:26:06 2020
timezone: Eastern Daylight Time
elapsed time: 23 seconds (0d 0h 0m 23s)

