#
# A fatal error has been detected by the Java Runtime Environment:
#
#  EXCEPTION_ACCESS_VIOLATION (0xc0000005) at pc=0x00007ffaf2c5e2e0, pid=10036, tid=0x000000000000527c
#
# JRE version: Java(TM) SE Runtime Environment (8.0_251-b08) (build 1.8.0_251-b08)
# Java VM: Java HotSpot(TM) 64-Bit Server VM (25.251-b08 mixed mode windows-amd64 compressed oops)
# Problematic frame:
# C  [nvoglv64.dll+0xc7e2e0]
#
# Failed to write core dump. Minidumps are not enabled by default on client versions of Windows
#
# If you would like to submit a bug report, please visit:
#   http://bugreport.java.com/bugreport/crash.jsp
# The crash happened outside the Java Virtual Machine in native code.
# See problematic frame for where to report the bug.
#

---------------  T H R E A D  ---------------

Current thread (0x00000000033b7000):  JavaThread "main" [_thread_in_native, id=21116, stack(0x0000000003140000,0x0000000003240000)]

siginfo: ExceptionCode=0xc0000005, reading address 0x0000000000000000

Registers:
RAX=0x0000000000000000, RBX=0x000000002d453570, RCX=0x000000002d453570, RDX=0x0000000000000008
RSP=0x000000000323f068, RBP=0x0000000000000004, RSI=0x0000000000000002, RDI=0x000000003b8402f8
R8 =0x000000000000000c, R9 =0x0000000000000180, R10=0x000000000000000c, R11=0x0000000000000000
R12=0x0000000000000000, R13=0x000000003b83ff98, R14=0x000000002fcaf1a4, R15=0x00007ffaf2c5e2d0
RIP=0x00007ffaf2c5e2e0, EFLAGS=0x0000000000010202

Top of Stack: (sp=0x000000000323f068)
0x000000000323f068:   00007ffaf2d24ec1 0000000007852970
0x000000000323f078:   0000000000000000 0000000030270000
0x000000000323f088:   0000000000003000 0000000000000000
0x000000000323f098:   00007ffaf2b908d0 0000000000000000
0x000000000323f0a8:   00007ffaf2b8b486 0000000000000007
0x000000000323f0b8:   0000000007854770 000000002d453570
0x000000000323f0c8:   10c0000000000000 000000002be086f0
0x000000000323f0d8:   00007ffaf2b90664 0000000000000000
0x000000000323f0e8:   000000002be086f0 0000000000000000
0x000000000323f0f8:   0000000000000000 0000000000000004
0x000000000323f108:   0000000030270000 0000000000001405
0x000000000323f118:   0000000000000180 0000000000000240
0x000000000323f128:   00007ffaf2d15e60 0000000030270000
0x000000000323f138:   0000000000000000 0000000000000180
0x000000000323f148:   0000000000000000 0000000000001400
0x000000000323f158:   0000000000000000 000000000323f1c0 

Instructions: (pc=0x00007ffaf2c5e2e0)
0x00007ffaf2c5e2c0:   48 83 c1 08 41 83 e9 01 75 e9 48 8b c1 c3 cc cc
0x00007ffaf2c5e2d0:   4d 63 d0 48 83 c2 08 66 0f 1f 84 00 00 00 00 00
0x00007ffaf2c5e2e0:   8b 42 f8 89 01 8b 42 fc 89 41 04 8b 02 49 03 d2
0x00007ffaf2c5e2f0:   89 41 08 48 83 c1 0c 41 83 e9 01 75 e3 48 8b c1 


Register to memory mapping:

RAX=0x0000000000000000 is an unknown value
RBX=0x000000002d453570 is an unknown value
RCX=0x000000002d453570 is an unknown value
RDX=0x0000000000000008 is an unknown value
RSP=0x000000000323f068 is pointing into the stack for thread: 0x00000000033b7000
RBP=0x0000000000000004 is an unknown value
RSI=0x0000000000000002 is an unknown value
RDI=0x000000003b8402f8 is an unknown value
R8 =0x000000000000000c is an unknown value
R9 =0x0000000000000180 is an unknown value
R10=0x000000000000000c is an unknown value
R11=0x0000000000000000 is an unknown value
R12=0x0000000000000000 is an unknown value
R13=0x000000003b83ff98 is an unknown value
R14=0x000000002fcaf1a4 is an unknown value
R15=0x00007ffaf2c5e2d0 is an unknown value


Stack: [0x0000000003140000,0x0000000003240000],  sp=0x000000000323f068,  free space=1020k
Native frames: (J=compiled Java code, j=interpreted, Vv=VM code, C=native code)
C  [nvoglv64.dll+0xc7e2e0]

Java frames: (J=compiled Java code, j=interpreted, Vv=VM code)
J 1067  org.lwjgl.opengl.GL11C.nglDrawElements(IIIJ)V (0 bytes) @ 0x0000000003923c8e [0x0000000003923c40+0x4e]
J 1243 C2 com.mikedeejay2.voxel.game.Main.render()V (53 bytes) @ 0x0000000003a893b8 [0x0000000003a88780+0xc38]
J 1373% C1 com.mikedeejay2.voxel.engine.core.CoreEngine.run()V (214 bytes) @ 0x0000000003beb1dc [0x0000000003bea8e0+0x8fc]
j  com.mikedeejay2.voxel.engine.core.CoreEngine.start()V+9
j  com.mikedeejay2.voxel.game.Main.start()V+29
j  com.mikedeejay2.voxel.game.Main.main([Ljava/lang/String;)V+7
v  ~StubRoutines::call_stub

---------------  P R O C E S S  ---------------

Java Threads: ( => current thread )
  0x00000000334a7000 JavaThread "world" [_thread_blocked, id=23284, stack(0x0000000034a50000,0x0000000034b50000)]
  0x00000000334a6800 JavaThread "chunkConsumer" [_thread_in_Java, id=17144, stack(0x0000000034950000,0x0000000034a50000)]
  0x0000000033021000 JavaThread "chunkProducer" [_thread_blocked, id=26324, stack(0x0000000034850000,0x0000000034950000)]
  0x000000003341a800 JavaThread "chunkMeshConsumer" [_thread_in_Java, id=6476, stack(0x0000000034710000,0x0000000034810000)]
  0x00000000332e7800 JavaThread "chunkMeshProducer" [_thread_blocked, id=19776, stack(0x0000000034610000,0x0000000034710000)]
  0x00000000332f4800 JavaThread "Java2D Disposer" daemon [_thread_blocked, id=1668, stack(0x0000000034310000,0x0000000034410000)]
  0x00000000296b1800 JavaThread "Service Thread" daemon [_thread_blocked, id=21980, stack(0x000000002a160000,0x000000002a260000)]
  0x000000002819c000 JavaThread "C1 CompilerThread3" daemon [_thread_blocked, id=3936, stack(0x000000002a060000,0x000000002a160000)]
  0x000000002819b800 JavaThread "C2 CompilerThread2" daemon [_thread_blocked, id=7620, stack(0x0000000029f60000,0x000000002a060000)]
  0x000000002819a800 JavaThread "C2 CompilerThread1" daemon [_thread_blocked, id=14892, stack(0x0000000029e60000,0x0000000029f60000)]
  0x0000000028198000 JavaThread "C2 CompilerThread0" daemon [_thread_blocked, id=22716, stack(0x0000000029d60000,0x0000000029e60000)]
  0x0000000028164800 JavaThread "Monitor Ctrl-Break" daemon [_thread_in_native, id=12904, stack(0x0000000029c60000,0x0000000029d60000)]
  0x0000000027e1c000 JavaThread "Attach Listener" daemon [_thread_blocked, id=21792, stack(0x0000000029360000,0x0000000029460000)]
  0x0000000027e1a800 JavaThread "Signal Dispatcher" daemon [_thread_blocked, id=13516, stack(0x0000000029260000,0x0000000029360000)]
  0x0000000026734000 JavaThread "Finalizer" daemon [_thread_blocked, id=776, stack(0x0000000029060000,0x0000000029160000)]
  0x0000000027e03000 JavaThread "Reference Handler" daemon [_thread_blocked, id=5164, stack(0x0000000028f60000,0x0000000029060000)]
=>0x00000000033b7000 JavaThread "main" [_thread_in_native, id=21116, stack(0x0000000003140000,0x0000000003240000)]

Other Threads:
  0x0000000027de1800 VMThread [stack: 0x0000000028e60000,0x0000000028f60000] [id=23076]
  0x0000000028165000 WatcherThread [stack: 0x000000002a260000,0x000000002a360000] [id=23896]

VM state:not at safepoint (normal execution)

VM Mutex/Monitor currently owned by a thread: None

heap address: 0x00000005c1000000, size: 8176 MB, Compressed Oops mode: Zero based, Oop shift amount: 3
Narrow klass base: 0x0000000000000000, Narrow klass shift: 3
Compressed class space size: 1073741824 Address: 0x00000007c0000000

Heap:
 PSYoungGen      total 229376K, used 176149K [0x0000000715b00000, 0x000000072e600000, 0x00000007c0000000)
  eden space 220672K, 76% used [0x0000000715b00000,0x000000071fedd6b0,0x0000000723280000)
  from space 8704K, 95% used [0x000000072b200000,0x000000072ba28000,0x000000072ba80000)
  to   space 30208K, 0% used [0x000000072c880000,0x000000072c880000,0x000000072e600000)
 ParOldGen       total 349696K, used 75801K [0x00000005c1000000, 0x00000005d6580000, 0x0000000715b00000)
  object space 349696K, 21% used [0x00000005c1000000,0x00000005c5a06798,0x00000005d6580000)
 Metaspace       used 13216K, capacity 13417K, committed 13696K, reserved 1062912K
  class space    used 1031K, capacity 1097K, committed 1152K, reserved 1048576K

Card table byte_map: [0x0000000012870000,0x0000000013870000] byte_map_base: 0x000000000fa68000

Marking Bits: (ParMarkBitMap*) 0x0000000075a7af90
 Begin Bits: [0x0000000014d20000, 0x000000001cce0000)
 End Bits:   [0x000000001cce0000, 0x0000000024ca0000)

Polling page: 0x0000000001120000

CodeCache: size=245760Kb used=8186Kb max_used=8198Kb free=237573Kb
 bounds [0x00000000034b0000, 0x0000000003cc0000, 0x00000000124b0000]
 total_blobs=2401 nmethods=1391 adapters=923
 compilation: enabled

Compilation events (10 events):
Event: 7.119 Thread 0x000000002819a800 nmethod 1387 0x0000000003c8e110 code [0x0000000003c8e2a0, 0x0000000003c8e5b8]
Event: 7.120 Thread 0x000000002819b800 nmethod 1389 0x0000000003c8f710 code [0x0000000003c8f8a0, 0x0000000003c8fb78]
Event: 7.361 Thread 0x000000002819c000 1390       3       com.mikedeejay2.voxel.game.world.chunk.mesh.ChunkMeshGenerator::genBrightnessWithChunkLoc (3358 bytes)
Event: 7.367 Thread 0x000000002819c000 nmethod 1390 0x0000000003c8fd10 code [0x0000000003c918e0, 0x0000000003ca4f18]
Event: 7.376 Thread 0x0000000028198000 1391       4       java.util.LinkedList::removeFirst (23 bytes)
Event: 7.376 Thread 0x0000000028198000 nmethod 1391 0x0000000003bc1c90 code [0x0000000003bc1dc0, 0x0000000003bc1e78]
Event: 7.390 Thread 0x000000002819a800 1392       4       java.util.LinkedList::linkLast (59 bytes)
Event: 7.391 Thread 0x000000002819a800 nmethod 1392 0x0000000003b28f90 code [0x0000000003b290e0, 0x0000000003b29238]
Event: 7.454 Thread 0x000000002819b800 1393       4       java.nio.DirectIntBufferU::put (18 bytes)
Event: 7.455 Thread 0x000000002819b800 nmethod 1393 0x0000000003be2c10 code [0x0000000003be2d40, 0x0000000003be2df8]

GC Heap History (10 events):
Event: 4.740 GC heap before
{Heap before GC invocations=9 (full 0):
 PSYoungGen      total 279552K, used 265952K [0x0000000715b00000, 0x0000000728900000, 0x00000007c0000000)
  eden space 250880K, 100% used [0x0000000715b00000,0x0000000725000000,0x0000000725000000)
  from space 28672K, 52% used [0x0000000726d00000,0x0000000727bb8000,0x0000000728900000)
  to   space 29184K, 0% used [0x0000000725000000,0x0000000725000000,0x0000000726c80000)
 ParOldGen       total 349696K, used 21105K [0x00000005c1000000, 0x00000005d6580000, 0x0000000715b00000)
  object space 349696K, 6% used [0x00000005c1000000,0x00000005c249c668,0x00000005d6580000)
 Metaspace       used 13199K, capacity 13417K, committed 13696K, reserved 1062912K
  class space    used 1031K, capacity 1097K, committed 1152K, reserved 1048576K
Event: 4.745 GC heap after
Heap after GC invocations=9 (full 0):
 PSYoungGen      total 280064K, used 16608K [0x0000000715b00000, 0x0000000731a00000, 0x00000007c0000000)
  eden space 250880K, 0% used [0x0000000715b00000,0x0000000715b00000,0x0000000725000000)
  from space 29184K, 56% used [0x0000000725000000,0x0000000726038000,0x0000000726c80000)
  to   space 28160K, 0% used [0x000000072fe80000,0x000000072fe80000,0x0000000731a00000)
 ParOldGen       total 349696K, used 29577K [0x00000005c1000000, 0x00000005d6580000, 0x0000000715b00000)
  object space 349696K, 8% used [0x00000005c1000000,0x00000005c2ce2668,0x00000005d6580000)
 Metaspace       used 13199K, capacity 13417K, committed 13696K, reserved 1062912K
  class space    used 1031K, capacity 1097K, committed 1152K, reserved 1048576K
}
Event: 5.489 GC heap before
{Heap before GC invocations=10 (full 0):
 PSYoungGen      total 280064K, used 267488K [0x0000000715b00000, 0x0000000731a00000, 0x00000007c0000000)
  eden space 250880K, 100% used [0x0000000715b00000,0x0000000725000000,0x0000000725000000)
  from space 29184K, 56% used [0x0000000725000000,0x0000000726038000,0x0000000726c80000)
  to   space 28160K, 0% used [0x000000072fe80000,0x000000072fe80000,0x0000000731a00000)
 ParOldGen       total 349696K, used 29577K [0x00000005c1000000, 0x00000005d6580000, 0x0000000715b00000)
  object space 349696K, 8% used [0x00000005c1000000,0x00000005c2ce2668,0x00000005d6580000)
 Metaspace       used 13200K, capacity 13417K, committed 13696K, reserved 1062912K
  class space    used 1031K, capacity 1097K, committed 1152K, reserved 1048576K
Event: 5.494 GC heap after
Heap after GC invocations=10 (full 0):
 PSYoungGen      total 265216K, used 22528K [0x0000000715b00000, 0x0000000731480000, 0x00000007c0000000)
  eden space 242688K, 0% used [0x0000000715b00000,0x0000000715b00000,0x0000000724800000)
  from space 22528K, 100% used [0x000000072fe80000,0x0000000731480000,0x0000000731480000)
  to   space 29184K, 0% used [0x000000072db80000,0x000000072db80000,0x000000072f800000)
 ParOldGen       total 349696K, used 36129K [0x00000005c1000000, 0x00000005d6580000, 0x0000000715b00000)
  object space 349696K, 10% used [0x00000005c1000000,0x00000005c3348668,0x00000005d6580000)
 Metaspace       used 13200K, capacity 13417K, committed 13696K, reserved 1062912K
  class space    used 1031K, capacity 1097K, committed 1152K, reserved 1048576K
}
Event: 6.075 GC heap before
{Heap before GC invocations=11 (full 0):
 PSYoungGen      total 265216K, used 265216K [0x0000000715b00000, 0x0000000731480000, 0x00000007c0000000)
  eden space 242688K, 100% used [0x0000000715b00000,0x0000000724800000,0x0000000724800000)
  from space 22528K, 100% used [0x000000072fe80000,0x0000000731480000,0x0000000731480000)
  to   space 29184K, 0% used [0x000000072db80000,0x000000072db80000,0x000000072f800000)
 ParOldGen       total 349696K, used 36129K [0x00000005c1000000, 0x00000005d6580000, 0x0000000715b00000)
  object space 349696K, 10% used [0x00000005c1000000,0x00000005c3348668,0x00000005d6580000)
 Metaspace       used 13200K, capacity 13417K, committed 13696K, reserved 1062912K
  class space    used 1031K, capacity 1097K, committed 1152K, reserved 1048576K
Event: 6.082 GC heap after
Heap after GC invocations=11 (full 0):
 PSYoungGen      total 245248K, used 10152K [0x0000000715b00000, 0x000000072ff00000, 0x00000007c0000000)
  eden space 235008K, 0% used [0x0000000715b00000,0x0000000715b00000,0x0000000724080000)
  from space 10240K, 99% used [0x000000072db80000,0x000000072e56a1a8,0x000000072e580000)
  to   space 26112K, 0% used [0x000000072e580000,0x000000072e580000,0x000000072ff00000)
 ParOldGen       total 349696K, used 58609K [0x00000005c1000000, 0x00000005d6580000, 0x0000000715b00000)
  object space 349696K, 16% used [0x00000005c1000000,0x00000005c493c788,0x00000005d6580000)
 Metaspace       used 13200K, capacity 13417K, committed 13696K, reserved 1062912K
  class space    used 1031K, capacity 1097K, committed 1152K, reserved 1048576K
}
Event: 6.537 GC heap before
{Heap before GC invocations=12 (full 0):
 PSYoungGen      total 245248K, used 245160K [0x0000000715b00000, 0x000000072ff00000, 0x00000007c0000000)
  eden space 235008K, 100% used [0x0000000715b00000,0x0000000724080000,0x0000000724080000)
  from space 10240K, 99% used [0x000000072db80000,0x000000072e56a1a8,0x000000072e580000)
  to   space 26112K, 0% used [0x000000072e580000,0x000000072e580000,0x000000072ff00000)
 ParOldGen       total 349696K, used 58609K [0x00000005c1000000, 0x00000005d6580000, 0x0000000715b00000)
  object space 349696K, 16% used [0x00000005c1000000,0x00000005c493c788,0x00000005d6580000)
 Metaspace       used 13215K, capacity 13417K, committed 13696K, reserved 1062912K
  class space    used 1031K, capacity 1097K, committed 1152K, reserved 1048576K
Event: 6.541 GC heap after
Heap after GC invocations=12 (full 0):
 PSYoungGen      total 235520K, used 7584K [0x0000000715b00000, 0x000000072ed00000, 0x00000007c0000000)
  eden space 227840K, 0% used [0x0000000715b00000,0x0000000715b00000,0x0000000723980000)
  from space 7680K, 98% used [0x000000072e580000,0x000000072ece8000,0x000000072ed00000)
  to   space 30208K, 0% used [0x000000072b200000,0x000000072b200000,0x000000072cf80000)
 ParOldGen       total 349696K, used 68297K [0x00000005c1000000, 0x00000005d6580000, 0x0000000715b00000)
  object space 349696K, 19% used [0x00000005c1000000,0x00000005c52b2788,0x00000005d6580000)
 Metaspace       used 13215K, capacity 13417K, committed 13696K, reserved 1062912K
  class space    used 1031K, capacity 1097K, committed 1152K, reserved 1048576K
}
Event: 7.006 GC heap before
{Heap before GC invocations=13 (full 0):
 PSYoungGen      total 235520K, used 235424K [0x0000000715b00000, 0x000000072ed00000, 0x00000007c0000000)
  eden space 227840K, 100% used [0x0000000715b00000,0x0000000723980000,0x0000000723980000)
  from space 7680K, 98% used [0x000000072e580000,0x000000072ece8000,0x000000072ed00000)
  to   space 30208K, 0% used [0x000000072b200000,0x000000072b200000,0x000000072cf80000)
 ParOldGen       total 349696K, used 68297K [0x00000005c1000000, 0x00000005d6580000, 0x0000000715b00000)
  object space 349696K, 19% used [0x00000005c1000000,0x00000005c52b2788,0x00000005d6580000)
 Metaspace       used 13216K, capacity 13417K, committed 13696K, reserved 1062912K
  class space    used 1031K, capacity 1097K, committed 1152K, reserved 1048576K
Event: 7.010 GC heap after
Heap after GC invocations=13 (full 0):
 PSYoungGen      total 229376K, used 8352K [0x0000000715b00000, 0x000000072e600000, 0x00000007c0000000)
  eden space 220672K, 0% used [0x0000000715b00000,0x0000000715b00000,0x0000000723280000)
  from space 8704K, 95% used [0x000000072b200000,0x000000072ba28000,0x000000072ba80000)
  to   space 30208K, 0% used [0x000000072c880000,0x000000072c880000,0x000000072e600000)
 ParOldGen       total 349696K, used 75801K [0x00000005c1000000, 0x00000005d6580000, 0x0000000715b00000)
  object space 349696K, 21% used [0x00000005c1000000,0x00000005c5a06798,0x00000005d6580000)
 Metaspace       used 13216K, capacity 13417K, committed 13696K, reserved 1062912K
  class space    used 1031K, capacity 1097K, committed 1152K, reserved 1048576K
}

Deoptimization events (10 events):
Event: 3.631 Thread 0x000000003341a800 Uncommon trap: reason=unstable_if action=reinterpret pc=0x0000000003af68cc method=com.mikedeejay2.voxel.game.world.chunk.mesh.ChunkMeshGenerator.genBrightnessWithChunkLoc(Lcom/mikedeejay2/voxel/game/world/World;Lcom/mikedeejay2/voxel/game/world/chunk/Chun
Event: 4.027 Thread 0x000000003341a800 Uncommon trap: reason=unstable_if action=reinterpret pc=0x0000000003bcdd48 method=com.mikedeejay2.voxel.game.world.chunk.mesh.ChunkMeshGenerator.genBrightness(Lcom/mikedeejay2/voxel/game/world/chunk/Chunk;FIIIILjava/util/List;Lcom/mikedeejay2/voxel/engine
Event: 4.719 Thread 0x00000000033b7000 Uncommon trap: reason=unstable_if action=reinterpret pc=0x0000000003b4fb78 method=java.util.HashMap$HashIterator.nextNode()Ljava/util/HashMap$Node; @ 16
Event: 4.951 Thread 0x00000000033b7000 Uncommon trap: reason=unstable_if action=reinterpret pc=0x0000000003ba7da4 method=com.mikedeejay2.voxel.engine.graphics.objects.Camera.input(F)V @ 442
Event: 5.912 Thread 0x000000003341a800 Uncommon trap: reason=unstable_if action=reinterpret pc=0x0000000003c05000 method=com.mikedeejay2.voxel.game.world.chunk.mesh.ChunkMeshGenerator.genBrightnessWithChunkLoc(Lcom/mikedeejay2/voxel/game/world/World;Lcom/mikedeejay2/voxel/game/world/chunk/Chun
Event: 6.396 Thread 0x00000000033b7000 Uncommon trap: reason=unstable_if action=reinterpret pc=0x0000000003bc5344 method=com.mikedeejay2.voxel.engine.graphics.objects.Camera.input(F)V @ 71
Event: 7.102 Thread 0x00000000033b7000 Uncommon trap: reason=unstable_if action=reinterpret pc=0x0000000003abee94 method=org.joml.Math.cosFromSinInternal(FF)F @ 47
Event: 7.102 Thread 0x00000000033b7000 Uncommon trap: reason=unstable_if action=reinterpret pc=0x0000000003abd678 method=org.joml.Math.cosFromSinInternal(FF)F @ 47
Event: 7.103 Thread 0x00000000033b7000 Uncommon trap: reason=unstable_if action=reinterpret pc=0x0000000003a612a8 method=org.joml.Math.cosFromSinInternal(FF)F @ 47
Event: 7.361 Thread 0x000000003341a800 Uncommon trap: reason=unstable_if action=reinterpret pc=0x0000000003c76660 method=com.mikedeejay2.voxel.game.world.chunk.mesh.ChunkMeshGenerator.genBrightnessWithChunkLoc(Lcom/mikedeejay2/voxel/game/world/World;Lcom/mikedeejay2/voxel/game/world/chunk/Chun

Classes redefined (0 events):
No events

Internal exceptions (10 events):
Event: 0.259 Thread 0x00000000033b7000 Exception <a 'sun/nio/fs/WindowsException'> (0x00000007168fc0e8) thrown at [C:\jenkins\workspace\8-2-build-windows-amd64-cygwin\jdk8u251\737\hotspot\src\share\vm\prims\jni.cpp, line 710]
Event: 0.667 Thread 0x00000000033b7000 Exception <a 'sun/nio/fs/WindowsException'> (0x0000000716a65850) thrown at [C:\jenkins\workspace\8-2-build-windows-amd64-cygwin\jdk8u251\737\hotspot\src\share\vm\prims\jni.cpp, line 710]
Event: 0.667 Thread 0x00000000033b7000 Exception <a 'sun/nio/fs/WindowsException'> (0x0000000716a65f90) thrown at [C:\jenkins\workspace\8-2-build-windows-amd64-cygwin\jdk8u251\737\hotspot\src\share\vm\prims\jni.cpp, line 710]
Event: 0.668 Thread 0x00000000033b7000 Exception <a 'sun/nio/fs/WindowsException'> (0x0000000716a7d5a0) thrown at [C:\jenkins\workspace\8-2-build-windows-amd64-cygwin\jdk8u251\737\hotspot\src\share\vm\prims\jni.cpp, line 710]
Event: 0.668 Thread 0x00000000033b7000 Exception <a 'sun/nio/fs/WindowsException'> (0x0000000716a7db98) thrown at [C:\jenkins\workspace\8-2-build-windows-amd64-cygwin\jdk8u251\737\hotspot\src\share\vm\prims\jni.cpp, line 710]
Event: 0.717 Thread 0x00000000033b7000 Exception <a 'sun/nio/fs/WindowsException'> (0x0000000716c36b08) thrown at [C:\jenkins\workspace\8-2-build-windows-amd64-cygwin\jdk8u251\737\hotspot\src\share\vm\prims\jni.cpp, line 710]
Event: 0.717 Thread 0x00000000033b7000 Exception <a 'sun/nio/fs/WindowsException'> (0x0000000716c37238) thrown at [C:\jenkins\workspace\8-2-build-windows-amd64-cygwin\jdk8u251\737\hotspot\src\share\vm\prims\jni.cpp, line 710]
Event: 0.947 Thread 0x00000000033b7000 Exception <a 'java/io/FileNotFoundException'> (0x000000071776c2a0) thrown at [C:\jenkins\workspace\8-2-build-windows-amd64-cygwin\jdk8u251\737\hotspot\src\share\vm\prims\jni.cpp, line 710]
Event: 1.165 Thread 0x000000003341a800 Implicit null exception at 0x000000000384b47e to 0x000000000384e074
Event: 1.165 Thread 0x000000003341a800 Exception <a 'java/lang/NullPointerException'> (0x00000007197e4648) thrown at [C:\jenkins\workspace\8-2-build-windows-amd64-cygwin\jdk8u251\737\hotspot\src\share\vm\runtime\sharedRuntime.cpp, line 605]

Events (10 events):
Event: 7.102 Thread 0x00000000033b7000 DEOPT UNPACKING pc=0x00000000034f583b sp=0x000000000323f218 mode 2
Event: 7.102 Thread 0x00000000033b7000 Uncommon trap: trap_request=0xffffff65 fr.pc=0x0000000003abd678
Event: 7.102 Thread 0x00000000033b7000 DEOPT PACKING pc=0x0000000003abd678 sp=0x000000000323f350
Event: 7.102 Thread 0x00000000033b7000 DEOPT UNPACKING pc=0x00000000034f583b sp=0x000000000323f208 mode 2
Event: 7.103 Thread 0x00000000033b7000 Uncommon trap: trap_request=0xffffff65 fr.pc=0x0000000003a612a8
Event: 7.103 Thread 0x00000000033b7000 DEOPT PACKING pc=0x0000000003a612a8 sp=0x000000000323f290
Event: 7.103 Thread 0x00000000033b7000 DEOPT UNPACKING pc=0x00000000034f583b sp=0x000000000323f210 mode 2
Event: 7.361 Thread 0x000000003341a800 Uncommon trap: trap_request=0xffffff65 fr.pc=0x0000000003c76660
Event: 7.361 Thread 0x000000003341a800 DEOPT PACKING pc=0x0000000003c76660 sp=0x000000003480f290
Event: 7.361 Thread 0x000000003341a800 DEOPT UNPACKING pc=0x00000000034f583b sp=0x000000003480f220 mode 2


Dynamic libraries:
0x00007ff734420000 - 0x00007ff734457000 	C:\Program Files\Java\jdk1.8.0_251\bin\java.exe
0x00007ffb5cc00000 - 0x00007ffb5cdf0000 	C:\Windows\SYSTEM32\ntdll.dll
0x00007ffb5b5b0000 - 0x00007ffb5b662000 	C:\Windows\System32\KERNEL32.DLL
0x00007ffb5aa00000 - 0x00007ffb5aca3000 	C:\Windows\System32\KERNELBASE.dll
0x00007ffb5c1d0000 - 0x00007ffb5c273000 	C:\Windows\System32\ADVAPI32.dll
0x00007ffb5b510000 - 0x00007ffb5b5ae000 	C:\Windows\System32\msvcrt.dll
0x00007ffb5c660000 - 0x00007ffb5c6f7000 	C:\Windows\System32\sechost.dll
0x00007ffb5c0b0000 - 0x00007ffb5c1d0000 	C:\Windows\System32\RPCRT4.dll
0x00007ffb5b2c0000 - 0x00007ffb5b454000 	C:\Windows\System32\USER32.dll
0x00007ffb5a630000 - 0x00007ffb5a651000 	C:\Windows\System32\win32u.dll
0x00007ffb5bf20000 - 0x00007ffb5bf46000 	C:\Windows\System32\GDI32.dll
0x00007ffb5a660000 - 0x00007ffb5a7f4000 	C:\Windows\System32\gdi32full.dll
0x00007ffb59b90000 - 0x00007ffb59c2e000 	C:\Windows\System32\msvcp_win.dll
0x00007ffb5a530000 - 0x00007ffb5a62a000 	C:\Windows\System32\ucrtbase.dll
0x00007ffb43fc0000 - 0x00007ffb44245000 	C:\Windows\WinSxS\amd64_microsoft.windows.common-controls_6595b64144ccf1df_6.0.18362.778_none_e6c6b761130d4fb8\COMCTL32.dll
0x00007ffb5c760000 - 0x00007ffb5ca96000 	C:\Windows\System32\combase.dll
0x00007ffb5a980000 - 0x00007ffb5aa00000 	C:\Windows\System32\bcryptPrimitives.dll
0x00007ffb5b1a0000 - 0x00007ffb5b1ce000 	C:\Windows\System32\IMM32.DLL
0x0000000075b00000 - 0x0000000075bd2000 	C:\Program Files\Java\jdk1.8.0_251\jre\bin\msvcr100.dll
0x0000000075250000 - 0x0000000075afb000 	C:\Program Files\Java\jdk1.8.0_251\jre\bin\server\jvm.dll
0x00007ffb5bf50000 - 0x00007ffb5bf58000 	C:\Windows\System32\PSAPI.DLL
0x00007ffb49340000 - 0x00007ffb49349000 	C:\Windows\SYSTEM32\WSOCK32.dll
0x00007ffb54630000 - 0x00007ffb5463a000 	C:\Windows\SYSTEM32\VERSION.dll
0x00007ffb56760000 - 0x00007ffb56784000 	C:\Windows\SYSTEM32\WINMM.dll
0x00007ffb5bfe0000 - 0x00007ffb5c04f000 	C:\Windows\System32\WS2_32.dll
0x00007ffb562d0000 - 0x00007ffb562fd000 	C:\Windows\SYSTEM32\winmmbase.dll
0x00007ffb5a8d0000 - 0x00007ffb5a91a000 	C:\Windows\System32\cfgmgr32.dll
0x00007ffb492c0000 - 0x00007ffb492cf000 	C:\Program Files\Java\jdk1.8.0_251\jre\bin\verify.dll
0x00007ffb49290000 - 0x00007ffb492b9000 	C:\Program Files\Java\jdk1.8.0_251\jre\bin\java.dll
0x00007ffb240f0000 - 0x00007ffb24113000 	C:\Program Files\Java\jdk1.8.0_251\jre\bin\instrument.dll
0x00007ffb43600000 - 0x00007ffb43616000 	C:\Program Files\Java\jdk1.8.0_251\jre\bin\zip.dll
0x00007ffb5b670000 - 0x00007ffb5bd55000 	C:\Windows\System32\SHELL32.dll
0x00007ffb5b460000 - 0x00007ffb5b509000 	C:\Windows\System32\shcore.dll
0x00007ffb59db0000 - 0x00007ffb5a530000 	C:\Windows\System32\windows.storage.dll
0x00007ffb59b60000 - 0x00007ffb59b83000 	C:\Windows\System32\profapi.dll
0x00007ffb59af0000 - 0x00007ffb59b3a000 	C:\Windows\System32\powrprof.dll
0x00007ffb59ac0000 - 0x00007ffb59ad0000 	C:\Windows\System32\UMPDC.dll
0x00007ffb5c700000 - 0x00007ffb5c752000 	C:\Windows\System32\shlwapi.dll
0x00007ffb59ad0000 - 0x00007ffb59ae1000 	C:\Windows\System32\kernel.appcore.dll
0x00007ffb5a8b0000 - 0x00007ffb5a8c7000 	C:\Windows\System32\cryptsp.dll
0x00007ffb240d0000 - 0x00007ffb240ea000 	C:\Program Files\JetBrains\IntelliJ IDEA 2019.3.4\bin\breakgen64.dll
0x00007ffb241a0000 - 0x00007ffb241ba000 	C:\Program Files\Java\jdk1.8.0_251\jre\bin\net.dll
0x00007ffb59330000 - 0x00007ffb59397000 	C:\Windows\system32\mswsock.dll
0x00007ffb24180000 - 0x00007ffb24192000 	C:\Program Files\Java\jdk1.8.0_251\jre\bin\nio.dll
0x00007ffb24060000 - 0x00007ffb240c4000 	C:\Users\mdeej\AppData\Local\Temp\lwjglmdeej\3.2.3-build-13\lwjgl.dll
0x00007ffb23e90000 - 0x00007ffb23ef2000 	C:\Users\mdeej\AppData\Local\Temp\lwjglmdeej\3.2.3-build-13\glfw.dll
0x00007ffb56de0000 - 0x00007ffb56e79000 	C:\Windows\system32\uxtheme.dll
0x00007ffb2df10000 - 0x00007ffb2df53000 	C:\Windows\SYSTEM32\dinput8.dll
0x00007ffb2dbe0000 - 0x00007ffb2dbf1000 	C:\Windows\SYSTEM32\xinput1_4.dll
0x00007ffb598c0000 - 0x00007ffb598ea000 	C:\Windows\SYSTEM32\DEVOBJ.dll
0x00007ffb57520000 - 0x00007ffb5754d000 	C:\Windows\SYSTEM32\dwmapi.dll
0x00007ffb4f940000 - 0x00007ffb4fa5a000 	C:\Windows\SYSTEM32\inputhost.dll
0x00007ffb56300000 - 0x00007ffb563d4000 	C:\Windows\SYSTEM32\CoreMessaging.dll
0x00007ffb54e80000 - 0x00007ffb54fd3000 	C:\Windows\SYSTEM32\wintypes.dll
0x00007ffb53890000 - 0x00007ffb53bba000 	C:\Windows\SYSTEM32\CoreUIComponents.dll
0x00007ffb56090000 - 0x00007ffb5617f000 	C:\Windows\SYSTEM32\PROPSYS.dll
0x00007ffb5c3c0000 - 0x00007ffb5c484000 	C:\Windows\System32\OLEAUT32.dll
0x00007ffb58bd0000 - 0x00007ffb58c01000 	C:\Windows\SYSTEM32\ntmarta.dll
0x00007ffb5c280000 - 0x00007ffb5c3b6000 	C:\Windows\System32\MSCTF.dll
0x00007ffb58430000 - 0x00007ffb5843e000 	C:\Windows\SYSTEM32\HID.DLL
0x00007ffb5ad30000 - 0x00007ffb5b1a0000 	C:\Windows\System32\SETUPAPI.DLL
0x00007ffb59c30000 - 0x00007ffb59c56000 	C:\Windows\System32\bcrypt.dll
0x00007ffb5a920000 - 0x00007ffb5a97c000 	C:\Windows\System32\WINTRUST.dll
0x00007ffb59b40000 - 0x00007ffb59b52000 	C:\Windows\System32\MSASN1.dll
0x00007ffb59c60000 - 0x00007ffb59da9000 	C:\Windows\System32\CRYPT32.dll
0x00007ffafede0000 - 0x00007ffafef36000 	C:\Windows\SYSTEM32\opengl32.dll
0x00007ffb3e860000 - 0x00007ffb3e88c000 	C:\Windows\SYSTEM32\GLU32.dll
0x00007ffb587a0000 - 0x00007ffb587c0000 	C:\Windows\SYSTEM32\dxcore.dll
0x00007ffaf1fe0000 - 0x00007ffaf4704000 	C:\Windows\System32\DriverStore\FileRepository\nvaki.inf_amd64_149c0c4968822483\nvoglv64.dll
0x00007ffb5c500000 - 0x00007ffb5c657000 	C:\Windows\System32\ole32.dll
0x00007ffb54e60000 - 0x00007ffb54e73000 	C:\Windows\SYSTEM32\WTSAPI32.dll
0x00007ffb23280000 - 0x00007ffb23537000 	C:\Windows\system32\nvspcap64.dll
0x00007ffb58d70000 - 0x00007ffb58dcc000 	C:\Windows\SYSTEM32\WINSTA.dll
0x00007ffb4fa60000 - 0x00007ffb4fafe000 	C:\Windows\System32\TextInputFramework.dll
0x00007ffb4b450000 - 0x00007ffb4b6f6000 	C:\Windows\System32\iertutil.dll
0x00007ffb23f10000 - 0x00007ffb23f69000 	C:\Users\mdeej\AppData\Local\Temp\lwjglmdeej\3.2.3-build-13\lwjgl_opengl.dll
0x00007ffb03790000 - 0x00007ffb039e3000 	C:\Users\mdeej\AppData\Local\Temp\lwjglmdeej\3.2.3-build-13\jemalloc.dll
0x00007ffb02890000 - 0x00007ffb02a2a000 	C:\Program Files\Java\jdk1.8.0_251\jre\bin\awt.dll
0x00007ffb56ca0000 - 0x00007ffb56d2f000 	C:\Windows\SYSTEM32\apphelp.dll
0x00007ffb58230000 - 0x00007ffb58424000 	C:\Windows\SYSTEM32\dbghelp.dll

VM Arguments:
jvm_args: -XX:+UnlockCommercialFeatures -javaagent:C:\Program Files\JetBrains\IntelliJ IDEA 2019.3.4\lib\idea_rt.jar=51234:C:\Program Files\JetBrains\IntelliJ IDEA 2019.3.4\bin -Dfile.encoding=UTF-8 
java_command: com.mikedeejay2.voxel.game.Main
java_class_path (initial): C:\Program Files\Java\jdk1.8.0_251\jre\lib\charsets.jar;C:\Program Files\Java\jdk1.8.0_251\jre\lib\deploy.jar;C:\Program Files\Java\jdk1.8.0_251\jre\lib\ext\access-bridge-64.jar;C:\Program Files\Java\jdk1.8.0_251\jre\lib\ext\cldrdata.jar;C:\Program Files\Java\jdk1.8.0_251\jre\lib\ext\dnsns.jar;C:\Program Files\Java\jdk1.8.0_251\jre\lib\ext\jaccess.jar;C:\Program Files\Java\jdk1.8.0_251\jre\lib\ext\jfxrt.jar;C:\Program Files\Java\jdk1.8.0_251\jre\lib\ext\localedata.jar;C:\Program Files\Java\jdk1.8.0_251\jre\lib\ext\nashorn.jar;C:\Program Files\Java\jdk1.8.0_251\jre\lib\ext\sunec.jar;C:\Program Files\Java\jdk1.8.0_251\jre\lib\ext\sunjce_provider.jar;C:\Program Files\Java\jdk1.8.0_251\jre\lib\ext\sunmscapi.jar;C:\Program Files\Java\jdk1.8.0_251\jre\lib\ext\sunpkcs11.jar;C:\Program Files\Java\jdk1.8.0_251\jre\lib\ext\zipfs.jar;C:\Program Files\Java\jdk1.8.0_251\jre\lib\javaws.jar;C:\Program Files\Java\jdk1.8.0_251\jre\lib\jce.jar;C:\Program Files\Java\jdk1.8.0_251\jre\lib\jfr.jar;C:\Program Files\Java\jdk1.8.0_251\jre\lib\jfxswt.jar;C:\Program Files\Java\jdk1.8.0_251\jre\lib\jsse.jar;C:\Program Files\Java\jdk1.8.0_251\jre\lib\management-agent.jar;C:\Program Files\Java\jdk1.8.0_251\jre\lib\plugin.jar;C:\Program Files\Java\jdk1.8.0_251\jre\lib\resources.jar;C:\Program Files\Java\jdk1.8.0_251\jre\lib\rt.jar;C:\Users\mdeej\IdeaProjects\APCSP\out\production\APCSP;C:\Users\mdeej\IdeaProjects\APCSP\libs\lwjgl.jar;C:\Users\mdeej\IdeaProjects\APCSP\libs\lwjgl-egl.jar;C:\Users\mdeej\IdeaProjects\APCSP\libs\lwjgl-lz4.jar;C:\Users\mdeej\IdeaProjects\APCSP\libs\lwjgl-nfd.jar;C:\Users\mdeej\IdeaProjects\APCSP\libs\lwjgl-ovr.jar;C:\Users\mdeej\IdeaProjects\APCSP\libs\lwjgl-par.jar;C:\Users\mdeej\IdeaProjects\APCSP\libs\lwjgl-sse.jar;C:\Users\mdeej\IdeaProjects\APCSP\libs\lwjgl-stb.jar;C:\Users\mdeej\IdeaProjects\APCSP\libs\lwjgl-vma.jar;C:\Users\mdeej\IdeaProjects\APCSP\libs\lwjgl-bgfx.jar;C:\Users\mdeej\IdeaProjects\APCSP\libs\lwjgl-cuda.jar;C:\Users\mdee
Launcher Type: SUN_STANDARD

Environment Variables:
PATH=C:\Program Files (x86)\Common Files\Intel\Shared Libraries\redist\intel64\compiler;C:\Windows\system32;C:\Windows;C:\Windows\System32\Wbem;C:\Windows\System32\WindowsPowerShell\v1.0\;C:\Windows\System32\OpenSSH\;C:\Program Files\NVIDIA Corporation\NVIDIA NvDLISR;C:\Program Files (x86)\NVIDIA Corporation\PhysX\Common;C:\Program Files (x86)\QuickTime\QTSystem\;C:\Users\mdeej\AppData\Local\Microsoft\WindowsApps;
USERNAME=mdeej
OS=Windows_NT
PROCESSOR_IDENTIFIER=Intel64 Family 6 Model 158 Stepping 10, GenuineIntel



---------------  S Y S T E M  ---------------

OS: Windows 10.0 , 64 bit Build 18362 (10.0.18362.778)

CPU:total 12 (initial active 12) (6 cores per cpu, 2 threads per core) family 6 model 158 stepping 10, cmov, cx8, fxsr, mmx, sse, sse2, sse3, ssse3, sse4.1, sse4.2, popcnt, avx, avx2, aes, clmul, erms, rtm, 3dnowpref, lzcnt, ht, tsc, tscinvbit, bmi1, bmi2, adx

Memory: 4k page, physical 33487264k(16766784k free), swap 98498976k(73068996k free)

vm_info: Java HotSpot(TM) 64-Bit Server VM (25.251-b08) for windows-amd64 JRE (1.8.0_251-b08), built on Mar 12 2020 06:31:49 by "" with MS VC++ 10.0 (VS2010)

time: Thu May 07 01:05:53 2020
timezone: Eastern Daylight Time
elapsed time: 7 seconds (0d 0h 0m 7s)

