#
# A fatal error has been detected by the Java Runtime Environment:
#
#  EXCEPTION_ACCESS_VIOLATION (0xc0000005) at pc=0x00007ffaf2c5e2e0, pid=21060, tid=0x0000000000004db4
#
# JRE version: Java(TM) SE Runtime Environment (8.0_251-b08) (build 1.8.0_251-b08)
# Java VM: Java HotSpot(TM) 64-Bit Server VM (25.251-b08 mixed mode windows-amd64 compressed oops)
# Problematic frame:
# C  [nvoglv64.dll+0xc7e2e0]
#
# Failed to write core dump. Minidumps are not enabled by default on client versions of Windows
#
# If you would like to submit a bug report, please visit:
#   http://bugreport.java.com/bugreport/crash.jsp
# The crash happened outside the Java Virtual Machine in native code.
# See problematic frame for where to report the bug.
#

---------------  T H R E A D  ---------------

Current thread (0x0000000002857000):  JavaThread "main" [_thread_in_native, id=19892, stack(0x0000000002530000,0x0000000002630000)]

siginfo: ExceptionCode=0xc0000005, reading address 0x0000000000000000

Registers:
RAX=0x0000000000000000, RBX=0x000000002ce11980, RCX=0x000000002ce11980, RDX=0x0000000000000008
RSP=0x000000000262f138, RBP=0x0000000000000004, RSI=0x0000000000000002, RDI=0x0000000036686cb8
R8 =0x000000000000000c, R9 =0x0000000000000020, R10=0x000000000000000c, R11=0x0000000000000000
R12=0x0000000000000000, R13=0x0000000036686958, R14=0x000000002f066f5c, R15=0x00007ffaf2c5e2d0
RIP=0x00007ffaf2c5e2e0, EFLAGS=0x0000000000010202

Top of Stack: (sp=0x000000000262f138)
0x000000000262f138:   00007ffaf2d24ec1 0000000007e11880
0x000000000262f148:   0000000000000000 000000002f770000
0x000000000262f158:   0000000000000400 0000000000000000
0x000000000262f168:   00007ffaf2b908d0 0000000000000000
0x000000000262f178:   00007ffaf2b8b486 0000000000000007
0x000000000262f188:   0000000007e11b00 000000002ce11980
0x000000000262f198:   10c0000000000000 000000002b2fe670
0x000000000262f1a8:   00007ffaf2b90664 0000000000000000
0x000000000262f1b8:   000000002b2fe670 0000000000000000
0x000000000262f1c8:   0000000000000000 0000000000000004
0x000000000262f1d8:   000000002f770000 0000000000001405
0x000000000262f1e8:   0000000000000020 0000000000000030
0x000000000262f1f8:   00007ffaf2d15e60 000000002f770000
0x000000000262f208:   0000000000000000 0000000000000020
0x000000000262f218:   0000000000000000 0000000000001400
0x000000000262f228:   0000000000000000 000000000262f290 

Instructions: (pc=0x00007ffaf2c5e2e0)
0x00007ffaf2c5e2c0:   48 83 c1 08 41 83 e9 01 75 e9 48 8b c1 c3 cc cc
0x00007ffaf2c5e2d0:   4d 63 d0 48 83 c2 08 66 0f 1f 84 00 00 00 00 00
0x00007ffaf2c5e2e0:   8b 42 f8 89 01 8b 42 fc 89 41 04 8b 02 49 03 d2
0x00007ffaf2c5e2f0:   89 41 08 48 83 c1 0c 41 83 e9 01 75 e3 48 8b c1 


Register to memory mapping:

RAX=0x0000000000000000 is an unknown value
RBX=0x000000002ce11980 is an unknown value
RCX=0x000000002ce11980 is an unknown value
RDX=0x0000000000000008 is an unknown value
RSP=0x000000000262f138 is pointing into the stack for thread: 0x0000000002857000
RBP=0x0000000000000004 is an unknown value
RSI=0x0000000000000002 is an unknown value
RDI=0x0000000036686cb8 is an unknown value
R8 =0x000000000000000c is an unknown value
R9 =0x0000000000000020 is an unknown value
R10=0x000000000000000c is an unknown value
R11=0x0000000000000000 is an unknown value
R12=0x0000000000000000 is an unknown value
R13=0x0000000036686958 is an unknown value
R14=0x000000002f066f5c is an unknown value
R15=0x00007ffaf2c5e2d0 is an unknown value


Stack: [0x0000000002530000,0x0000000002630000],  sp=0x000000000262f138,  free space=1020k
Native frames: (J=compiled Java code, j=interpreted, Vv=VM code, C=native code)
C  [nvoglv64.dll+0xc7e2e0]

Java frames: (J=compiled Java code, j=interpreted, Vv=VM code)
J 1075  org.lwjgl.opengl.GL11C.nglDrawElements(IIIJ)V (0 bytes) @ 0x0000000002dcda0e [0x0000000002dcd9c0+0x4e]
J 1256 C2 com.mikedeejay2.voxel.engine.graphics.renderers.Renderer.render(Ljava/util/Map;)V (111 bytes) @ 0x0000000002ef19ec [0x0000000002ef15c0+0x42c]
J 1283 C2 com.mikedeejay2.voxel.game.Main.render()V (53 bytes) @ 0x0000000002f286f8 [0x0000000002f27fc0+0x738]
j  com.mikedeejay2.voxel.engine.core.CoreEngine.run()V+163
j  com.mikedeejay2.voxel.engine.core.CoreEngine.start()V+9
j  com.mikedeejay2.voxel.game.Main.start()V+29
j  com.mikedeejay2.voxel.game.Main.main([Ljava/lang/String;)V+7
v  ~StubRoutines::call_stub

---------------  P R O C E S S  ---------------

Java Threads: ( => current thread )
  0x0000000032898800 JavaThread "world" [_thread_blocked, id=15952, stack(0x0000000034010000,0x0000000034110000)]
  0x0000000032897800 JavaThread "chunkConsumer" [_thread_in_Java, id=3008, stack(0x0000000033f10000,0x0000000034010000)]
  0x0000000032850800 JavaThread "chunkProducer" [_thread_blocked, id=25492, stack(0x0000000033e10000,0x0000000033f10000)]
  0x00000000326e5000 JavaThread "chunkMeshConsumer" [_thread_in_Java, id=10324, stack(0x0000000033d10000,0x0000000033e10000)]
  0x000000003283c800 JavaThread "chunkMeshProducer" [_thread_blocked, id=25628, stack(0x0000000033c10000,0x0000000033d10000)]
  0x00000000327cf800 JavaThread "Java2D Disposer" daemon [_thread_blocked, id=6636, stack(0x0000000033910000,0x0000000033a10000)]
  0x0000000028b59000 JavaThread "Service Thread" daemon [_thread_blocked, id=25416, stack(0x0000000029610000,0x0000000029710000)]
  0x0000000028ab0800 JavaThread "C1 CompilerThread3" daemon [_thread_blocked, id=18312, stack(0x0000000029510000,0x0000000029610000)]
  0x0000000028ab0000 JavaThread "C2 CompilerThread2" daemon [_thread_blocked, id=13956, stack(0x0000000029410000,0x0000000029510000)]
  0x0000000028aaf000 JavaThread "C2 CompilerThread1" daemon [_thread_in_native, id=1608, stack(0x0000000029310000,0x0000000029410000)]
  0x0000000028aac800 JavaThread "C2 CompilerThread0" daemon [_thread_blocked, id=25580, stack(0x0000000029210000,0x0000000029310000)]
  0x0000000028aab000 JavaThread "Monitor Ctrl-Break" daemon [_thread_in_native, id=2736, stack(0x0000000029110000,0x0000000029210000)]
  0x00000000272c8000 JavaThread "Attach Listener" daemon [_thread_blocked, id=2992, stack(0x0000000028810000,0x0000000028910000)]
  0x00000000272c7000 JavaThread "Signal Dispatcher" daemon [_thread_blocked, id=25432, stack(0x0000000028710000,0x0000000028810000)]
  0x0000000025bd3800 JavaThread "Finalizer" daemon [_thread_blocked, id=24584, stack(0x0000000028510000,0x0000000028610000)]
  0x0000000025bcd800 JavaThread "Reference Handler" daemon [_thread_blocked, id=20116, stack(0x0000000028410000,0x0000000028510000)]
=>0x0000000002857000 JavaThread "main" [_thread_in_native, id=19892, stack(0x0000000002530000,0x0000000002630000)]

Other Threads:
  0x000000000294d000 VMThread [stack: 0x0000000028310000,0x0000000028410000] [id=8140]
  0x0000000028bd4800 WatcherThread [stack: 0x0000000029710000,0x0000000029810000] [id=21284]

VM state:not at safepoint (normal execution)

VM Mutex/Monitor currently owned by a thread: None

heap address: 0x00000005c1000000, size: 8176 MB, Compressed Oops mode: Zero based, Oop shift amount: 3
Narrow klass base: 0x0000000000000000, Narrow klass shift: 3
Compressed class space size: 1073741824 Address: 0x00000007c0000000

Heap:
 PSYoungGen      total 153088K, used 108053K [0x0000000715b00000, 0x0000000720580000, 0x00000007c0000000)
  eden space 131584K, 70% used [0x0000000715b00000,0x000000071b5a6790,0x000000071db80000)
  from space 21504K, 70% used [0x000000071db80000,0x000000071ea5eef8,0x000000071f080000)
  to   space 21504K, 0% used [0x000000071f080000,0x000000071f080000,0x0000000720580000)
 ParOldGen       total 349696K, used 32K [0x00000005c1000000, 0x00000005d6580000, 0x0000000715b00000)
  object space 349696K, 0% used [0x00000005c1000000,0x00000005c1008000,0x00000005d6580000)
 Metaspace       used 13212K, capacity 13417K, committed 13696K, reserved 1062912K
  class space    used 1031K, capacity 1097K, committed 1152K, reserved 1048576K

Card table byte_map: [0x0000000011d10000,0x0000000012d10000] byte_map_base: 0x000000000ef08000

Marking Bits: (ParMarkBitMap*) 0x0000000075a7af90
 Begin Bits: [0x00000000141c0000, 0x000000001c180000)
 End Bits:   [0x000000001c180000, 0x0000000024140000)

Polling page: 0x0000000000b80000

CodeCache: size=245760Kb used=6881Kb max_used=6887Kb free=238878Kb
 bounds [0x0000000002950000, 0x0000000003020000, 0x0000000011950000]
 total_blobs=2333 nmethods=1323 adapters=923
 compilation: enabled

Compilation events (10 events):
Event: 2.368 Thread 0x0000000028ab0800 1321       3       java.util.HashMap$TreeNode::tieBreakOrder (49 bytes)
Event: 2.369 Thread 0x0000000028ab0800 nmethod 1321 0x0000000002f99590 code [0x0000000002f99760, 0x0000000002f99f28]
Event: 2.383 Thread 0x0000000028ab0000 1322       4       java.nio.Buffer::position (43 bytes)
Event: 2.384 Thread 0x0000000028ab0000 nmethod 1322 0x0000000002f6a2d0 code [0x0000000002f6a400, 0x0000000002f6a4b8]
Event: 2.427 Thread 0x0000000028aac800 1323 % !   4       com.mikedeejay2.voxel.game.world.chunk.ChunkPC::produce @ 110 (277 bytes)
Event: 2.434 Thread 0x0000000028aac800 nmethod 1323% 0x0000000002fa3810 code [0x0000000002fa3a00, 0x0000000002fa4650]
Event: 2.475 Thread 0x0000000028ab0000 1324       4       java.util.HashMap$HashIterator::<init> (79 bytes)
Event: 2.477 Thread 0x0000000028ab0800 1325       3       com.mikedeejay2.voxel.game.world.chunk.mesh.ChunkMeshGenerator::genBrightnessWithChunkLoc (3358 bytes)
Event: 2.477 Thread 0x0000000028ab0000 nmethod 1324 0x0000000002f97c50 code [0x0000000002f97da0, 0x0000000002f97f38]
Event: 2.487 Thread 0x0000000028ab0800 nmethod 1325 0x0000000002ff3010 code [0x0000000002ff4be0, 0x0000000003008218]

GC Heap History (6 events):
Event: 1.457 GC heap before
{Heap before GC invocations=1 (full 0):
 PSYoungGen      total 153088K, used 131584K [0x0000000715b00000, 0x0000000720580000, 0x00000007c0000000)
  eden space 131584K, 100% used [0x0000000715b00000,0x000000071db80000,0x000000071db80000)
  from space 21504K, 0% used [0x000000071f080000,0x000000071f080000,0x0000000720580000)
  to   space 21504K, 0% used [0x000000071db80000,0x000000071db80000,0x000000071f080000)
 ParOldGen       total 349696K, used 0K [0x00000005c1000000, 0x00000005d6580000, 0x0000000715b00000)
  object space 349696K, 0% used [0x00000005c1000000,0x00000005c1000000,0x00000005d6580000)
 Metaspace       used 13147K, capacity 13289K, committed 13440K, reserved 1060864K
  class space    used 1031K, capacity 1097K, committed 1152K, reserved 1048576K
Event: 1.461 GC heap after
Heap after GC invocations=1 (full 0):
 PSYoungGen      total 153088K, used 9699K [0x0000000715b00000, 0x0000000720580000, 0x00000007c0000000)
  eden space 131584K, 0% used [0x0000000715b00000,0x0000000715b00000,0x000000071db80000)
  from space 21504K, 45% used [0x000000071db80000,0x000000071e4f8ff0,0x000000071f080000)
  to   space 21504K, 0% used [0x000000071f080000,0x000000071f080000,0x0000000720580000)
 ParOldGen       total 349696K, used 16K [0x00000005c1000000, 0x00000005d6580000, 0x0000000715b00000)
  object space 349696K, 0% used [0x00000005c1000000,0x00000005c1004000,0x00000005d6580000)
 Metaspace       used 13147K, capacity 13289K, committed 13440K, reserved 1060864K
  class space    used 1031K, capacity 1097K, committed 1152K, reserved 1048576K
}
Event: 1.999 GC heap before
{Heap before GC invocations=2 (full 0):
 PSYoungGen      total 153088K, used 141283K [0x0000000715b00000, 0x0000000720580000, 0x00000007c0000000)
  eden space 131584K, 100% used [0x0000000715b00000,0x000000071db80000,0x000000071db80000)
  from space 21504K, 45% used [0x000000071db80000,0x000000071e4f8ff0,0x000000071f080000)
  to   space 21504K, 0% used [0x000000071f080000,0x000000071f080000,0x0000000720580000)
 ParOldGen       total 349696K, used 16K [0x00000005c1000000, 0x00000005d6580000, 0x0000000715b00000)
  object space 349696K, 0% used [0x00000005c1000000,0x00000005c1004000,0x00000005d6580000)
 Metaspace       used 13195K, capacity 13417K, committed 13696K, reserved 1062912K
  class space    used 1031K, capacity 1097K, committed 1152K, reserved 1048576K
Event: 2.002 GC heap after
Heap after GC invocations=2 (full 0):
 PSYoungGen      total 153088K, used 12209K [0x0000000715b00000, 0x0000000720580000, 0x00000007c0000000)
  eden space 131584K, 0% used [0x0000000715b00000,0x0000000715b00000,0x000000071db80000)
  from space 21504K, 56% used [0x000000071f080000,0x000000071fc6c6d0,0x0000000720580000)
  to   space 21504K, 0% used [0x000000071db80000,0x000000071db80000,0x000000071f080000)
 ParOldGen       total 349696K, used 24K [0x00000005c1000000, 0x00000005d6580000, 0x0000000715b00000)
  object space 349696K, 0% used [0x00000005c1000000,0x00000005c1006000,0x00000005d6580000)
 Metaspace       used 13195K, capacity 13417K, committed 13696K, reserved 1062912K
  class space    used 1031K, capacity 1097K, committed 1152K, reserved 1048576K
}
Event: 2.267 GC heap before
{Heap before GC invocations=3 (full 0):
 PSYoungGen      total 153088K, used 143793K [0x0000000715b00000, 0x0000000720580000, 0x00000007c0000000)
  eden space 131584K, 100% used [0x0000000715b00000,0x000000071db80000,0x000000071db80000)
  from space 21504K, 56% used [0x000000071f080000,0x000000071fc6c6d0,0x0000000720580000)
  to   space 21504K, 0% used [0x000000071db80000,0x000000071db80000,0x000000071f080000)
 ParOldGen       total 349696K, used 24K [0x00000005c1000000, 0x00000005d6580000, 0x0000000715b00000)
  object space 349696K, 0% used [0x00000005c1000000,0x00000005c1006000,0x00000005d6580000)
 Metaspace       used 13211K, capacity 13417K, committed 13696K, reserved 1062912K
  class space    used 1031K, capacity 1097K, committed 1152K, reserved 1048576K
Event: 2.270 GC heap after
Heap after GC invocations=3 (full 0):
 PSYoungGen      total 153088K, used 15227K [0x0000000715b00000, 0x0000000720580000, 0x00000007c0000000)
  eden space 131584K, 0% used [0x0000000715b00000,0x0000000715b00000,0x000000071db80000)
  from space 21504K, 70% used [0x000000071db80000,0x000000071ea5eef8,0x000000071f080000)
  to   space 21504K, 0% used [0x000000071f080000,0x000000071f080000,0x0000000720580000)
 ParOldGen       total 349696K, used 32K [0x00000005c1000000, 0x00000005d6580000, 0x0000000715b00000)
  object space 349696K, 0% used [0x00000005c1000000,0x00000005c1008000,0x00000005d6580000)
 Metaspace       used 13211K, capacity 13417K, committed 13696K, reserved 1062912K
  class space    used 1031K, capacity 1097K, committed 1152K, reserved 1048576K
}

Deoptimization events (10 events):
Event: 1.583 Thread 0x0000000032850800 Uncommon trap: reason=unstable_if action=reinterpret pc=0x0000000002e65cc8 method=java.util.HashMap$TreeNode.find(ILjava/lang/Object;Ljava/lang/Class;)Ljava/util/HashMap$TreeNode; @ 91
Event: 1.593 Thread 0x00000000326e5000 Uncommon trap: reason=unstable_if action=reinterpret pc=0x0000000002e34510 method=com.mikedeejay2.voxel.game.world.chunk.mesh.ChunkMeshGenerator.createVertexSliceEdgeCase(Lcom/mikedeejay2/voxel/game/world/World;Lcom/mikedeejay2/voxel/game/world/chunk/Chun
Event: 1.594 Thread 0x00000000326e5000 Uncommon trap: reason=unstable_if action=reinterpret pc=0x0000000002e54614 method=com.mikedeejay2.voxel.game.world.chunk.mesh.ChunkMeshGenerator.createTextureCoordSliceEdgeCase(Lcom/mikedeejay2/voxel/game/world/World;Lcom/mikedeejay2/voxel/game/world/chun
Event: 1.625 Thread 0x00000000326e5000 Uncommon trap: reason=unstable_if action=reinterpret pc=0x0000000002e8b780 method=com.mikedeejay2.voxel.game.world.chunk.mesh.ChunkMeshGenerator.createVertexSlice(Lcom/mikedeejay2/voxel/game/world/chunk/Chunk;IIILjava/util/List;)V @ 10
Event: 1.900 Thread 0x00000000326e5000 Uncommon trap: reason=unstable_if action=reinterpret pc=0x0000000002d9e604 method=java.util.HashMap$TreeNode.getTreeNode(ILjava/lang/Object;)Ljava/util/HashMap$TreeNode; @ 4
Event: 2.044 Thread 0x00000000326e5000 Uncommon trap: reason=unstable_if action=reinterpret pc=0x0000000002f2c9bc method=com.mikedeejay2.voxel.game.world.chunk.mesh.ChunkMeshGenerator.genBrightnessWithChunkLoc(Lcom/mikedeejay2/voxel/game/world/World;Lcom/mikedeejay2/voxel/game/world/chunk/Chun
Event: 2.055 Thread 0x00000000326e5000 Uncommon trap: reason=unstable_if action=reinterpret pc=0x0000000002e987d0 method=com.mikedeejay2.voxel.game.world.chunk.mesh.ChunkMeshGenerator.createVertexSliceEdgeCase(Lcom/mikedeejay2/voxel/game/world/World;Lcom/mikedeejay2/voxel/game/world/chunk/Chun
Event: 2.106 Thread 0x00000000326e5000 Uncommon trap: reason=unstable_if action=reinterpret pc=0x0000000002eab2ec method=com.mikedeejay2.voxel.game.world.chunk.mesh.ChunkMeshGenerator.genBrightness(Lcom/mikedeejay2/voxel/game/world/chunk/Chunk;FIIIILjava/util/List;Lcom/mikedeejay2/voxel/engine
Event: 2.348 Thread 0x00000000326e5000 Uncommon trap: reason=unstable_if action=reinterpret pc=0x0000000002fbc7e4 method=com.mikedeejay2.voxel.game.world.chunk.mesh.ChunkMeshGenerator.genBrightness(Lcom/mikedeejay2/voxel/game/world/chunk/Chunk;FIIIILjava/util/List;Lcom/mikedeejay2/voxel/engine
Event: 2.477 Thread 0x00000000326e5000 Uncommon trap: reason=unstable_if action=reinterpret pc=0x0000000002fa6468 method=com.mikedeejay2.voxel.game.world.chunk.mesh.ChunkMeshGenerator.genBrightnessWithChunkLoc(Lcom/mikedeejay2/voxel/game/world/World;Lcom/mikedeejay2/voxel/game/world/chunk/Chun

Classes redefined (0 events):
No events

Internal exceptions (10 events):
Event: 0.241 Thread 0x0000000002857000 Exception <a 'sun/nio/fs/WindowsException'> (0x00000007168fc0e8) thrown at [C:\jenkins\workspace\8-2-build-windows-amd64-cygwin\jdk8u251\737\hotspot\src\share\vm\prims\jni.cpp, line 710]
Event: 0.650 Thread 0x0000000002857000 Exception <a 'sun/nio/fs/WindowsException'> (0x0000000716a65850) thrown at [C:\jenkins\workspace\8-2-build-windows-amd64-cygwin\jdk8u251\737\hotspot\src\share\vm\prims\jni.cpp, line 710]
Event: 0.650 Thread 0x0000000002857000 Exception <a 'sun/nio/fs/WindowsException'> (0x0000000716a65f90) thrown at [C:\jenkins\workspace\8-2-build-windows-amd64-cygwin\jdk8u251\737\hotspot\src\share\vm\prims\jni.cpp, line 710]
Event: 0.651 Thread 0x0000000002857000 Exception <a 'sun/nio/fs/WindowsException'> (0x0000000716a7d5a0) thrown at [C:\jenkins\workspace\8-2-build-windows-amd64-cygwin\jdk8u251\737\hotspot\src\share\vm\prims\jni.cpp, line 710]
Event: 0.651 Thread 0x0000000002857000 Exception <a 'sun/nio/fs/WindowsException'> (0x0000000716a7db98) thrown at [C:\jenkins\workspace\8-2-build-windows-amd64-cygwin\jdk8u251\737\hotspot\src\share\vm\prims\jni.cpp, line 710]
Event: 0.694 Thread 0x0000000002857000 Exception <a 'sun/nio/fs/WindowsException'> (0x0000000716c36b08) thrown at [C:\jenkins\workspace\8-2-build-windows-amd64-cygwin\jdk8u251\737\hotspot\src\share\vm\prims\jni.cpp, line 710]
Event: 0.694 Thread 0x0000000002857000 Exception <a 'sun/nio/fs/WindowsException'> (0x0000000716c37238) thrown at [C:\jenkins\workspace\8-2-build-windows-amd64-cygwin\jdk8u251\737\hotspot\src\share\vm\prims\jni.cpp, line 710]
Event: 0.926 Thread 0x0000000002857000 Exception <a 'java/io/FileNotFoundException'> (0x000000071776c308) thrown at [C:\jenkins\workspace\8-2-build-windows-amd64-cygwin\jdk8u251\737\hotspot\src\share\vm\prims\jni.cpp, line 710]
Event: 1.279 Thread 0x00000000326e5000 Implicit null exception at 0x0000000002cb9bff to 0x0000000002cbb35b
Event: 1.279 Thread 0x00000000326e5000 Exception <a 'java/lang/NullPointerException'> (0x000000071b15e000) thrown at [C:\jenkins\workspace\8-2-build-windows-amd64-cygwin\jdk8u251\737\hotspot\src\share\vm\runtime\sharedRuntime.cpp, line 605]

Events (10 events):
Event: 2.106 Thread 0x00000000326e5000 DEOPT PACKING pc=0x0000000002eab2ec sp=0x0000000033e0f320
Event: 2.106 Thread 0x00000000326e5000 DEOPT UNPACKING pc=0x000000000299583b sp=0x0000000033e0f2b8 mode 2
Event: 2.267 Executing VM operation: ParallelGCFailedAllocation
Event: 2.270 Executing VM operation: ParallelGCFailedAllocation done
Event: 2.348 Thread 0x00000000326e5000 Uncommon trap: trap_request=0xffffff65 fr.pc=0x0000000002fbc7e4
Event: 2.348 Thread 0x00000000326e5000 DEOPT PACKING pc=0x0000000002fbc7e4 sp=0x0000000033e0f310
Event: 2.348 Thread 0x00000000326e5000 DEOPT UNPACKING pc=0x000000000299583b sp=0x0000000033e0f2b8 mode 2
Event: 2.477 Thread 0x00000000326e5000 Uncommon trap: trap_request=0xffffff65 fr.pc=0x0000000002fa6468
Event: 2.477 Thread 0x00000000326e5000 DEOPT PACKING pc=0x0000000002fa6468 sp=0x0000000033e0f260
Event: 2.477 Thread 0x00000000326e5000 DEOPT UNPACKING pc=0x000000000299583b sp=0x0000000033e0f1f0 mode 2


Dynamic libraries:
0x00007ff734420000 - 0x00007ff734457000 	C:\Program Files\Java\jdk1.8.0_251\bin\java.exe
0x00007ffb5cc00000 - 0x00007ffb5cdf0000 	C:\Windows\SYSTEM32\ntdll.dll
0x00007ffb5b5b0000 - 0x00007ffb5b662000 	C:\Windows\System32\KERNEL32.DLL
0x00007ffb5aa00000 - 0x00007ffb5aca3000 	C:\Windows\System32\KERNELBASE.dll
0x00007ffb5c1d0000 - 0x00007ffb5c273000 	C:\Windows\System32\ADVAPI32.dll
0x00007ffb5b510000 - 0x00007ffb5b5ae000 	C:\Windows\System32\msvcrt.dll
0x00007ffb5c660000 - 0x00007ffb5c6f7000 	C:\Windows\System32\sechost.dll
0x00007ffb5c0b0000 - 0x00007ffb5c1d0000 	C:\Windows\System32\RPCRT4.dll
0x00007ffb5b2c0000 - 0x00007ffb5b454000 	C:\Windows\System32\USER32.dll
0x00007ffb5a630000 - 0x00007ffb5a651000 	C:\Windows\System32\win32u.dll
0x00007ffb5bf20000 - 0x00007ffb5bf46000 	C:\Windows\System32\GDI32.dll
0x00007ffb5a660000 - 0x00007ffb5a7f4000 	C:\Windows\System32\gdi32full.dll
0x00007ffb59b90000 - 0x00007ffb59c2e000 	C:\Windows\System32\msvcp_win.dll
0x00007ffb5a530000 - 0x00007ffb5a62a000 	C:\Windows\System32\ucrtbase.dll
0x00007ffb43fc0000 - 0x00007ffb44245000 	C:\Windows\WinSxS\amd64_microsoft.windows.common-controls_6595b64144ccf1df_6.0.18362.778_none_e6c6b761130d4fb8\COMCTL32.dll
0x00007ffb5c760000 - 0x00007ffb5ca96000 	C:\Windows\System32\combase.dll
0x00007ffb5a980000 - 0x00007ffb5aa00000 	C:\Windows\System32\bcryptPrimitives.dll
0x00007ffb5b1a0000 - 0x00007ffb5b1ce000 	C:\Windows\System32\IMM32.DLL
0x0000000075b00000 - 0x0000000075bd2000 	C:\Program Files\Java\jdk1.8.0_251\jre\bin\msvcr100.dll
0x0000000075250000 - 0x0000000075afb000 	C:\Program Files\Java\jdk1.8.0_251\jre\bin\server\jvm.dll
0x00007ffb5bf50000 - 0x00007ffb5bf58000 	C:\Windows\System32\PSAPI.DLL
0x00007ffb49340000 - 0x00007ffb49349000 	C:\Windows\SYSTEM32\WSOCK32.dll
0x00007ffb5bfe0000 - 0x00007ffb5c04f000 	C:\Windows\System32\WS2_32.dll
0x00007ffb54630000 - 0x00007ffb5463a000 	C:\Windows\SYSTEM32\VERSION.dll
0x00007ffb56760000 - 0x00007ffb56784000 	C:\Windows\SYSTEM32\WINMM.dll
0x00007ffb562d0000 - 0x00007ffb562fd000 	C:\Windows\SYSTEM32\winmmbase.dll
0x00007ffb5a8d0000 - 0x00007ffb5a91a000 	C:\Windows\System32\cfgmgr32.dll
0x00007ffb492c0000 - 0x00007ffb492cf000 	C:\Program Files\Java\jdk1.8.0_251\jre\bin\verify.dll
0x00007ffb49290000 - 0x00007ffb492b9000 	C:\Program Files\Java\jdk1.8.0_251\jre\bin\java.dll
0x00007ffb240f0000 - 0x00007ffb24113000 	C:\Program Files\Java\jdk1.8.0_251\jre\bin\instrument.dll
0x00007ffb43600000 - 0x00007ffb43616000 	C:\Program Files\Java\jdk1.8.0_251\jre\bin\zip.dll
0x00007ffb5b670000 - 0x00007ffb5bd55000 	C:\Windows\System32\SHELL32.dll
0x00007ffb5b460000 - 0x00007ffb5b509000 	C:\Windows\System32\shcore.dll
0x00007ffb59db0000 - 0x00007ffb5a530000 	C:\Windows\System32\windows.storage.dll
0x00007ffb59b60000 - 0x00007ffb59b83000 	C:\Windows\System32\profapi.dll
0x00007ffb59af0000 - 0x00007ffb59b3a000 	C:\Windows\System32\powrprof.dll
0x00007ffb59ac0000 - 0x00007ffb59ad0000 	C:\Windows\System32\UMPDC.dll
0x00007ffb5c700000 - 0x00007ffb5c752000 	C:\Windows\System32\shlwapi.dll
0x00007ffb59ad0000 - 0x00007ffb59ae1000 	C:\Windows\System32\kernel.appcore.dll
0x00007ffb5a8b0000 - 0x00007ffb5a8c7000 	C:\Windows\System32\cryptsp.dll
0x00007ffb240d0000 - 0x00007ffb240ea000 	C:\Program Files\JetBrains\IntelliJ IDEA 2019.3.4\bin\breakgen64.dll
0x00007ffb241a0000 - 0x00007ffb241ba000 	C:\Program Files\Java\jdk1.8.0_251\jre\bin\net.dll
0x00007ffb59330000 - 0x00007ffb59397000 	C:\Windows\system32\mswsock.dll
0x00007ffb24180000 - 0x00007ffb24192000 	C:\Program Files\Java\jdk1.8.0_251\jre\bin\nio.dll
0x00007ffb24060000 - 0x00007ffb240c4000 	C:\Users\mdeej\AppData\Local\Temp\lwjglmdeej\3.2.3-build-13\lwjgl.dll
0x00007ffb23e90000 - 0x00007ffb23ef2000 	C:\Users\mdeej\AppData\Local\Temp\lwjglmdeej\3.2.3-build-13\glfw.dll
0x00007ffb56de0000 - 0x00007ffb56e79000 	C:\Windows\system32\uxtheme.dll
0x00007ffb2df10000 - 0x00007ffb2df53000 	C:\Windows\SYSTEM32\dinput8.dll
0x00007ffb2dbe0000 - 0x00007ffb2dbf1000 	C:\Windows\SYSTEM32\xinput1_4.dll
0x00007ffb598c0000 - 0x00007ffb598ea000 	C:\Windows\SYSTEM32\DEVOBJ.dll
0x00007ffb57520000 - 0x00007ffb5754d000 	C:\Windows\SYSTEM32\dwmapi.dll
0x00007ffb4f940000 - 0x00007ffb4fa5a000 	C:\Windows\SYSTEM32\inputhost.dll
0x00007ffb54e80000 - 0x00007ffb54fd3000 	C:\Windows\SYSTEM32\wintypes.dll
0x00007ffb56090000 - 0x00007ffb5617f000 	C:\Windows\SYSTEM32\PROPSYS.dll
0x00007ffb56300000 - 0x00007ffb563d4000 	C:\Windows\SYSTEM32\CoreMessaging.dll
0x00007ffb53890000 - 0x00007ffb53bba000 	C:\Windows\SYSTEM32\CoreUIComponents.dll
0x00007ffb5c3c0000 - 0x00007ffb5c484000 	C:\Windows\System32\OLEAUT32.dll
0x00007ffb58bd0000 - 0x00007ffb58c01000 	C:\Windows\SYSTEM32\ntmarta.dll
0x00007ffb5c280000 - 0x00007ffb5c3b6000 	C:\Windows\System32\MSCTF.dll
0x00007ffb58430000 - 0x00007ffb5843e000 	C:\Windows\SYSTEM32\HID.DLL
0x00007ffb5ad30000 - 0x00007ffb5b1a0000 	C:\Windows\System32\SETUPAPI.DLL
0x00007ffb59c30000 - 0x00007ffb59c56000 	C:\Windows\System32\bcrypt.dll
0x00007ffb5a920000 - 0x00007ffb5a97c000 	C:\Windows\System32\WINTRUST.dll
0x00007ffb59b40000 - 0x00007ffb59b52000 	C:\Windows\System32\MSASN1.dll
0x00007ffb59c60000 - 0x00007ffb59da9000 	C:\Windows\System32\CRYPT32.dll
0x00007ffafede0000 - 0x00007ffafef36000 	C:\Windows\SYSTEM32\opengl32.dll
0x00007ffb3e860000 - 0x00007ffb3e88c000 	C:\Windows\SYSTEM32\GLU32.dll
0x00007ffb587a0000 - 0x00007ffb587c0000 	C:\Windows\SYSTEM32\dxcore.dll
0x00007ffaf1fe0000 - 0x00007ffaf4704000 	C:\Windows\System32\DriverStore\FileRepository\nvaki.inf_amd64_149c0c4968822483\nvoglv64.dll
0x00007ffb5c500000 - 0x00007ffb5c657000 	C:\Windows\System32\ole32.dll
0x00007ffb54e60000 - 0x00007ffb54e73000 	C:\Windows\SYSTEM32\WTSAPI32.dll
0x00007ffb23280000 - 0x00007ffb23537000 	C:\Windows\system32\nvspcap64.dll
0x00007ffb58d70000 - 0x00007ffb58dcc000 	C:\Windows\SYSTEM32\WINSTA.dll
0x00007ffb4fa60000 - 0x00007ffb4fafe000 	C:\Windows\System32\TextInputFramework.dll
0x00007ffb4b450000 - 0x00007ffb4b6f6000 	C:\Windows\System32\iertutil.dll
0x00007ffb23f10000 - 0x00007ffb23f69000 	C:\Users\mdeej\AppData\Local\Temp\lwjglmdeej\3.2.3-build-13\lwjgl_opengl.dll
0x00007ffb03790000 - 0x00007ffb039e3000 	C:\Users\mdeej\AppData\Local\Temp\lwjglmdeej\3.2.3-build-13\jemalloc.dll
0x00007ffb02890000 - 0x00007ffb02a2a000 	C:\Program Files\Java\jdk1.8.0_251\jre\bin\awt.dll
0x00007ffb56ca0000 - 0x00007ffb56d2f000 	C:\Windows\SYSTEM32\apphelp.dll
0x00007ffb58230000 - 0x00007ffb58424000 	C:\Windows\SYSTEM32\dbghelp.dll

VM Arguments:
jvm_args: -XX:+UnlockCommercialFeatures -javaagent:C:\Program Files\JetBrains\IntelliJ IDEA 2019.3.4\lib\idea_rt.jar=51241:C:\Program Files\JetBrains\IntelliJ IDEA 2019.3.4\bin -Dfile.encoding=UTF-8 
java_command: com.mikedeejay2.voxel.game.Main
java_class_path (initial): C:\Program Files\Java\jdk1.8.0_251\jre\lib\charsets.jar;C:\Program Files\Java\jdk1.8.0_251\jre\lib\deploy.jar;C:\Program Files\Java\jdk1.8.0_251\jre\lib\ext\access-bridge-64.jar;C:\Program Files\Java\jdk1.8.0_251\jre\lib\ext\cldrdata.jar;C:\Program Files\Java\jdk1.8.0_251\jre\lib\ext\dnsns.jar;C:\Program Files\Java\jdk1.8.0_251\jre\lib\ext\jaccess.jar;C:\Program Files\Java\jdk1.8.0_251\jre\lib\ext\jfxrt.jar;C:\Program Files\Java\jdk1.8.0_251\jre\lib\ext\localedata.jar;C:\Program Files\Java\jdk1.8.0_251\jre\lib\ext\nashorn.jar;C:\Program Files\Java\jdk1.8.0_251\jre\lib\ext\sunec.jar;C:\Program Files\Java\jdk1.8.0_251\jre\lib\ext\sunjce_provider.jar;C:\Program Files\Java\jdk1.8.0_251\jre\lib\ext\sunmscapi.jar;C:\Program Files\Java\jdk1.8.0_251\jre\lib\ext\sunpkcs11.jar;C:\Program Files\Java\jdk1.8.0_251\jre\lib\ext\zipfs.jar;C:\Program Files\Java\jdk1.8.0_251\jre\lib\javaws.jar;C:\Program Files\Java\jdk1.8.0_251\jre\lib\jce.jar;C:\Program Files\Java\jdk1.8.0_251\jre\lib\jfr.jar;C:\Program Files\Java\jdk1.8.0_251\jre\lib\jfxswt.jar;C:\Program Files\Java\jdk1.8.0_251\jre\lib\jsse.jar;C:\Program Files\Java\jdk1.8.0_251\jre\lib\management-agent.jar;C:\Program Files\Java\jdk1.8.0_251\jre\lib\plugin.jar;C:\Program Files\Java\jdk1.8.0_251\jre\lib\resources.jar;C:\Program Files\Java\jdk1.8.0_251\jre\lib\rt.jar;C:\Users\mdeej\IdeaProjects\APCSP\out\production\APCSP;C:\Users\mdeej\IdeaProjects\APCSP\libs\lwjgl.jar;C:\Users\mdeej\IdeaProjects\APCSP\libs\lwjgl-egl.jar;C:\Users\mdeej\IdeaProjects\APCSP\libs\lwjgl-lz4.jar;C:\Users\mdeej\IdeaProjects\APCSP\libs\lwjgl-nfd.jar;C:\Users\mdeej\IdeaProjects\APCSP\libs\lwjgl-ovr.jar;C:\Users\mdeej\IdeaProjects\APCSP\libs\lwjgl-par.jar;C:\Users\mdeej\IdeaProjects\APCSP\libs\lwjgl-sse.jar;C:\Users\mdeej\IdeaProjects\APCSP\libs\lwjgl-stb.jar;C:\Users\mdeej\IdeaProjects\APCSP\libs\lwjgl-vma.jar;C:\Users\mdeej\IdeaProjects\APCSP\libs\lwjgl-bgfx.jar;C:\Users\mdeej\IdeaProjects\APCSP\libs\lwjgl-cuda.jar;C:\Users\mdee
Launcher Type: SUN_STANDARD

Environment Variables:
PATH=C:\Program Files (x86)\Common Files\Intel\Shared Libraries\redist\intel64\compiler;C:\Windows\system32;C:\Windows;C:\Windows\System32\Wbem;C:\Windows\System32\WindowsPowerShell\v1.0\;C:\Windows\System32\OpenSSH\;C:\Program Files\NVIDIA Corporation\NVIDIA NvDLISR;C:\Program Files (x86)\NVIDIA Corporation\PhysX\Common;C:\Program Files (x86)\QuickTime\QTSystem\;C:\Users\mdeej\AppData\Local\Microsoft\WindowsApps;
USERNAME=mdeej
OS=Windows_NT
PROCESSOR_IDENTIFIER=Intel64 Family 6 Model 158 Stepping 10, GenuineIntel



---------------  S Y S T E M  ---------------

OS: Windows 10.0 , 64 bit Build 18362 (10.0.18362.778)

CPU:total 12 (initial active 12) (6 cores per cpu, 2 threads per core) family 6 model 158 stepping 10, cmov, cx8, fxsr, mmx, sse, sse2, sse3, ssse3, sse4.1, sse4.2, popcnt, avx, avx2, aes, clmul, erms, rtm, 3dnowpref, lzcnt, ht, tsc, tscinvbit, bmi1, bmi2, adx

Memory: 4k page, physical 33487264k(16912288k free), swap 98498976k(73211392k free)

vm_info: Java HotSpot(TM) 64-Bit Server VM (25.251-b08) for windows-amd64 JRE (1.8.0_251-b08), built on Mar 12 2020 06:31:49 by "" with MS VC++ 10.0 (VS2010)

time: Thu May 07 01:06:22 2020
timezone: Eastern Daylight Time
elapsed time: 2 seconds (0d 0h 0m 2s)

