#
# A fatal error has been detected by the Java Runtime Environment:
#
#  EXCEPTION_ACCESS_VIOLATION (0xc0000005) at pc=0x00007ffaf2c5e2e0, pid=23328, tid=0x00000000000058b0
#
# JRE version: Java(TM) SE Runtime Environment (8.0_251-b08) (build 1.8.0_251-b08)
# Java VM: Java HotSpot(TM) 64-Bit Server VM (25.251-b08 mixed mode windows-amd64 compressed oops)
# Problematic frame:
# C  [nvoglv64.dll+0xc7e2e0]
#
# Failed to write core dump. Minidumps are not enabled by default on client versions of Windows
#
# If you would like to submit a bug report, please visit:
#   http://bugreport.java.com/bugreport/crash.jsp
# The crash happened outside the Java Virtual Machine in native code.
# See problematic frame for where to report the bug.
#

---------------  T H R E A D  ---------------

Current thread (0x00000000028c7000):  JavaThread "main" [_thread_in_native, id=22704, stack(0x0000000002650000,0x0000000002750000)]

siginfo: ExceptionCode=0xc0000005, reading address 0x0000000000000000

Registers:
RAX=0x0000000000000000, RBX=0x000000002ce5eba8, RCX=0x000000002ce5eba8, RDX=0x0000000000000008
RSP=0x000000000274f148, RBP=0x0000000000000004, RSI=0x0000000000000002, RDI=0x000000003563a7d8
R8 =0x000000000000000c, R9 =0x0000000000000180, R10=0x000000000000000c, R11=0x0000000000000000
R12=0x0000000000000000, R13=0x000000003563a478, R14=0x000000002db840f8, R15=0x00007ffaf2c5e2d0
RIP=0x00007ffaf2c5e2e0, EFLAGS=0x0000000000010202

Top of Stack: (sp=0x000000000274f148)
0x000000000274f148:   00007ffaf2d24ec1 0000000007c5dfa8
0x000000000274f158:   0000000000000000 000000002f880000
0x000000000274f168:   0000000000003000 0000000000000000
0x000000000274f178:   00007ffaf2b908d0 0000000000000000
0x000000000274f188:   00007ffaf2b8b486 0000000000000007
0x000000000274f198:   0000000007c5fda8 000000002ce5eba8
0x000000000274f1a8:   10c0000000000000 000000002b3cb4c0
0x000000000274f1b8:   00007ffaf2b90664 0000000000000000
0x000000000274f1c8:   000000002b3cb4c0 0000000000000000
0x000000000274f1d8:   0000000000000000 0000000000000004
0x000000000274f1e8:   000000002f880000 0000000000001405
0x000000000274f1f8:   0000000000000180 0000000000000240
0x000000000274f208:   00007ffaf2d15e60 000000002f880000
0x000000000274f218:   0000000000000000 0000000000000180
0x000000000274f228:   0000000000000000 0000000000001400
0x000000000274f238:   0000000000000000 000000000274f2a0 

Instructions: (pc=0x00007ffaf2c5e2e0)
0x00007ffaf2c5e2c0:   48 83 c1 08 41 83 e9 01 75 e9 48 8b c1 c3 cc cc
0x00007ffaf2c5e2d0:   4d 63 d0 48 83 c2 08 66 0f 1f 84 00 00 00 00 00
0x00007ffaf2c5e2e0:   8b 42 f8 89 01 8b 42 fc 89 41 04 8b 02 49 03 d2
0x00007ffaf2c5e2f0:   89 41 08 48 83 c1 0c 41 83 e9 01 75 e3 48 8b c1 


Register to memory mapping:

RAX=0x0000000000000000 is an unknown value
RBX=0x000000002ce5eba8 is an unknown value
RCX=0x000000002ce5eba8 is an unknown value
RDX=0x0000000000000008 is an unknown value
RSP=0x000000000274f148 is pointing into the stack for thread: 0x00000000028c7000
RBP=0x0000000000000004 is an unknown value
RSI=0x0000000000000002 is an unknown value
RDI=0x000000003563a7d8 is an unknown value
R8 =0x000000000000000c is an unknown value
R9 =0x0000000000000180 is an unknown value
R10=0x000000000000000c is an unknown value
R11=0x0000000000000000 is an unknown value
R12=0x0000000000000000 is an unknown value
R13=0x000000003563a478 is an unknown value
R14=0x000000002db840f8 is an unknown value
R15=0x00007ffaf2c5e2d0 is an unknown value


Stack: [0x0000000002650000,0x0000000002750000],  sp=0x000000000274f148,  free space=1020k
Native frames: (J=compiled Java code, j=interpreted, Vv=VM code, C=native code)
C  [nvoglv64.dll+0xc7e2e0]

Java frames: (J=compiled Java code, j=interpreted, Vv=VM code)
J 1104  org.lwjgl.opengl.GL11C.nglDrawElements(IIIJ)V (0 bytes) @ 0x0000000002e3b58e [0x0000000002e3b540+0x4e]
J 1262 C2 com.mikedeejay2.voxel.engine.graphics.renderers.Renderer.render(Ljava/util/Map;)V (111 bytes) @ 0x0000000002f7aa78 [0x0000000002f7a4c0+0x5b8]
J 1304 C2 com.mikedeejay2.voxel.game.Main.render()V (53 bytes) @ 0x0000000002f82008 [0x0000000002f81620+0x9e8]
j  com.mikedeejay2.voxel.engine.core.CoreEngine.run()V+163
j  com.mikedeejay2.voxel.engine.core.CoreEngine.start()V+9
j  com.mikedeejay2.voxel.game.Main.start()V+29
j  com.mikedeejay2.voxel.game.Main.main([Ljava/lang/String;)V+7
v  ~StubRoutines::call_stub

---------------  P R O C E S S  ---------------

Java Threads: ( => current thread )
  0x00000000327d8000 JavaThread "world" [_thread_blocked, id=17728, stack(0x0000000034090000,0x0000000034190000)]
  0x00000000326db000 JavaThread "chunkConsumer" [_thread_in_Java, id=22148, stack(0x0000000033f90000,0x0000000034090000)]
  0x0000000032af9000 JavaThread "chunkProducer" [_thread_blocked, id=23624, stack(0x0000000033e90000,0x0000000033f90000)]
  0x0000000032734000 JavaThread "chunkMeshConsumer" [_thread_in_Java, id=20724, stack(0x0000000033d50000,0x0000000033e50000)]
  0x000000003273a800 JavaThread "chunkMeshProducer" [_thread_blocked, id=12212, stack(0x0000000033c50000,0x0000000033d50000)]
  0x000000003273c000 JavaThread "Java2D Disposer" daemon [_thread_blocked, id=25784, stack(0x0000000033930000,0x0000000033a30000)]
  0x0000000028bb9800 JavaThread "Service Thread" daemon [_thread_blocked, id=22400, stack(0x0000000029670000,0x0000000029770000)]
  0x0000000028b13000 JavaThread "C1 CompilerThread3" daemon [_thread_blocked, id=23308, stack(0x0000000029570000,0x0000000029670000)]
  0x0000000028b12800 JavaThread "C2 CompilerThread2" daemon [_thread_blocked, id=24176, stack(0x0000000029470000,0x0000000029570000)]
  0x0000000028b11800 JavaThread "C2 CompilerThread1" daemon [_thread_blocked, id=1476, stack(0x0000000029370000,0x0000000029470000)]
  0x0000000028b0f000 JavaThread "C2 CompilerThread0" daemon [_thread_blocked, id=21260, stack(0x0000000029270000,0x0000000029370000)]
  0x0000000028b0d800 JavaThread "Monitor Ctrl-Break" daemon [_thread_in_native, id=21636, stack(0x0000000029170000,0x0000000029270000)]
  0x0000000027329000 JavaThread "Attach Listener" daemon [_thread_blocked, id=22232, stack(0x0000000028870000,0x0000000028970000)]
  0x0000000027328000 JavaThread "Signal Dispatcher" daemon [_thread_blocked, id=26196, stack(0x0000000028770000,0x0000000028870000)]
  0x0000000025c44800 JavaThread "Finalizer" daemon [_thread_blocked, id=11072, stack(0x0000000028570000,0x0000000028670000)]
  0x0000000025c3d800 JavaThread "Reference Handler" daemon [_thread_blocked, id=23412, stack(0x0000000028470000,0x0000000028570000)]
=>0x00000000028c7000 JavaThread "main" [_thread_in_native, id=22704, stack(0x0000000002650000,0x0000000002750000)]

Other Threads:
  0x00000000029bd000 VMThread [stack: 0x0000000028370000,0x0000000028470000] [id=22408]
  0x0000000028c1f800 WatcherThread [stack: 0x0000000029770000,0x0000000029870000] [id=12960]

VM state:not at safepoint (normal execution)

VM Mutex/Monitor currently owned by a thread: None

heap address: 0x00000005c1000000, size: 8176 MB, Compressed Oops mode: Zero based, Oop shift amount: 3
Narrow klass base: 0x0000000000000000, Narrow klass shift: 3
Compressed class space size: 1073741824 Address: 0x00000007c0000000

Heap:
 PSYoungGen      total 153088K, used 136130K [0x0000000715b00000, 0x0000000720580000, 0x00000007c0000000)
  eden space 131584K, 91% used [0x0000000715b00000,0x000000071d0ec370,0x000000071db80000)
  from space 21504K, 71% used [0x000000071db80000,0x000000071ea84550,0x000000071f080000)
  to   space 21504K, 0% used [0x000000071f080000,0x000000071f080000,0x0000000720580000)
 ParOldGen       total 349696K, used 32K [0x00000005c1000000, 0x00000005d6580000, 0x0000000715b00000)
  object space 349696K, 0% used [0x00000005c1000000,0x00000005c1008000,0x00000005d6580000)
 Metaspace       used 13227K, capacity 13417K, committed 13696K, reserved 1062912K
  class space    used 1031K, capacity 1097K, committed 1152K, reserved 1048576K

Card table byte_map: [0x0000000011d80000,0x0000000012d80000] byte_map_base: 0x000000000ef78000

Marking Bits: (ParMarkBitMap*) 0x0000000075a7af90
 Begin Bits: [0x0000000014230000, 0x000000001c1f0000)
 End Bits:   [0x000000001c1f0000, 0x00000000241b0000)

Polling page: 0x00000000003f0000

CodeCache: size=245760Kb used=6739Kb max_used=6774Kb free=239020Kb
 bounds [0x00000000029c0000, 0x0000000003080000, 0x00000000119c0000]
 total_blobs=2355 nmethods=1345 adapters=923
 compilation: enabled

Compilation events (10 events):
Event: 2.228 Thread 0x0000000028b13000 nmethod 1342 0x0000000003011090 code [0x0000000003012c60, 0x0000000003026298]
Event: 2.231 Thread 0x0000000028b11800 1343       4       com.mikedeejay2.voxel.game.world.chunk.mesh.ChunkMeshGenerator::genBrightnessWithChunkLoc (3358 bytes)
Event: 2.276 Thread 0x0000000028b13000 1344       3       java.util.HashMap$TreeNode::tieBreakOrder (49 bytes)
Event: 2.277 Thread 0x0000000028b13000 nmethod 1344 0x0000000002fc40d0 code [0x0000000002fc42a0, 0x0000000002fc4a68]
Event: 2.369 Thread 0x0000000028b0f000 1345 % !   4       com.mikedeejay2.voxel.game.world.chunk.ChunkPC::produce @ 110 (277 bytes)
Event: 2.382 Thread 0x0000000028b0f000 nmethod 1345% 0x0000000002fbf990 code [0x0000000002fbfbc0, 0x0000000002fc10f0]
Event: 2.399 Thread 0x0000000028b12800 nmethod 1340 0x000000000303e4d0 code [0x000000000303f540, 0x0000000003048ba0]
Event: 2.435 Thread 0x0000000028b11800 nmethod 1343 0x000000000305ed10 code [0x000000000305ff20, 0x0000000003069b70]
Event: 2.443 Thread 0x0000000028b0f000 1346   !   4       com.mikedeejay2.voxel.game.world.chunk.ChunkPC::produce (277 bytes)
Event: 2.456 Thread 0x0000000028b0f000 nmethod 1346 0x0000000002fbd650 code [0x0000000002fbd880, 0x0000000002fbeb10]

GC Heap History (6 events):
Event: 1.403 GC heap before
{Heap before GC invocations=1 (full 0):
 PSYoungGen      total 153088K, used 131584K [0x0000000715b00000, 0x0000000720580000, 0x00000007c0000000)
  eden space 131584K, 100% used [0x0000000715b00000,0x000000071db80000,0x000000071db80000)
  from space 21504K, 0% used [0x000000071f080000,0x000000071f080000,0x0000000720580000)
  to   space 21504K, 0% used [0x000000071db80000,0x000000071db80000,0x000000071f080000)
 ParOldGen       total 349696K, used 0K [0x00000005c1000000, 0x00000005d6580000, 0x0000000715b00000)
  object space 349696K, 0% used [0x00000005c1000000,0x00000005c1000000,0x00000005d6580000)
 Metaspace       used 13139K, capacity 13289K, committed 13440K, reserved 1060864K
  class space    used 1031K, capacity 1097K, committed 1152K, reserved 1048576K
Event: 1.408 GC heap after
Heap after GC invocations=1 (full 0):
 PSYoungGen      total 153088K, used 9626K [0x0000000715b00000, 0x0000000720580000, 0x00000007c0000000)
  eden space 131584K, 0% used [0x0000000715b00000,0x0000000715b00000,0x000000071db80000)
  from space 21504K, 44% used [0x000000071db80000,0x000000071e4e6ba0,0x000000071f080000)
  to   space 21504K, 0% used [0x000000071f080000,0x000000071f080000,0x0000000720580000)
 ParOldGen       total 349696K, used 16K [0x00000005c1000000, 0x00000005d6580000, 0x0000000715b00000)
  object space 349696K, 0% used [0x00000005c1000000,0x00000005c1004000,0x00000005d6580000)
 Metaspace       used 13139K, capacity 13289K, committed 13440K, reserved 1060864K
  class space    used 1031K, capacity 1097K, committed 1152K, reserved 1048576K
}
Event: 1.949 GC heap before
{Heap before GC invocations=2 (full 0):
 PSYoungGen      total 153088K, used 141210K [0x0000000715b00000, 0x0000000720580000, 0x00000007c0000000)
  eden space 131584K, 100% used [0x0000000715b00000,0x000000071db80000,0x000000071db80000)
  from space 21504K, 44% used [0x000000071db80000,0x000000071e4e6ba0,0x000000071f080000)
  to   space 21504K, 0% used [0x000000071f080000,0x000000071f080000,0x0000000720580000)
 ParOldGen       total 349696K, used 16K [0x00000005c1000000, 0x00000005d6580000, 0x0000000715b00000)
  object space 349696K, 0% used [0x00000005c1000000,0x00000005c1004000,0x00000005d6580000)
 Metaspace       used 13209K, capacity 13417K, committed 13696K, reserved 1062912K
  class space    used 1031K, capacity 1097K, committed 1152K, reserved 1048576K
Event: 1.952 GC heap after
Heap after GC invocations=2 (full 0):
 PSYoungGen      total 153088K, used 12196K [0x0000000715b00000, 0x0000000720580000, 0x00000007c0000000)
  eden space 131584K, 0% used [0x0000000715b00000,0x0000000715b00000,0x000000071db80000)
  from space 21504K, 56% used [0x000000071f080000,0x000000071fc69350,0x0000000720580000)
  to   space 21504K, 0% used [0x000000071db80000,0x000000071db80000,0x000000071f080000)
 ParOldGen       total 349696K, used 24K [0x00000005c1000000, 0x00000005d6580000, 0x0000000715b00000)
  object space 349696K, 0% used [0x00000005c1000000,0x00000005c1006000,0x00000005d6580000)
 Metaspace       used 13209K, capacity 13417K, committed 13696K, reserved 1062912K
  class space    used 1031K, capacity 1097K, committed 1152K, reserved 1048576K
}
Event: 2.236 GC heap before
{Heap before GC invocations=3 (full 0):
 PSYoungGen      total 153088K, used 143780K [0x0000000715b00000, 0x0000000720580000, 0x00000007c0000000)
  eden space 131584K, 100% used [0x0000000715b00000,0x000000071db80000,0x000000071db80000)
  from space 21504K, 56% used [0x000000071f080000,0x000000071fc69350,0x0000000720580000)
  to   space 21504K, 0% used [0x000000071db80000,0x000000071db80000,0x000000071f080000)
 ParOldGen       total 349696K, used 24K [0x00000005c1000000, 0x00000005d6580000, 0x0000000715b00000)
  object space 349696K, 0% used [0x00000005c1000000,0x00000005c1006000,0x00000005d6580000)
 Metaspace       used 13226K, capacity 13417K, committed 13696K, reserved 1062912K
  class space    used 1031K, capacity 1097K, committed 1152K, reserved 1048576K
Event: 2.240 GC heap after
Heap after GC invocations=3 (full 0):
 PSYoungGen      total 153088K, used 15377K [0x0000000715b00000, 0x0000000720580000, 0x00000007c0000000)
  eden space 131584K, 0% used [0x0000000715b00000,0x0000000715b00000,0x000000071db80000)
  from space 21504K, 71% used [0x000000071db80000,0x000000071ea84550,0x000000071f080000)
  to   space 21504K, 0% used [0x000000071f080000,0x000000071f080000,0x0000000720580000)
 ParOldGen       total 349696K, used 32K [0x00000005c1000000, 0x00000005d6580000, 0x0000000715b00000)
  object space 349696K, 0% used [0x00000005c1000000,0x00000005c1008000,0x00000005d6580000)
 Metaspace       used 13226K, capacity 13417K, committed 13696K, reserved 1062912K
  class space    used 1031K, capacity 1097K, committed 1152K, reserved 1048576K
}

Deoptimization events (10 events):
Event: 1.241 Thread 0x00000000326db000 Uncommon trap: reason=unstable_if action=reinterpret pc=0x0000000002dfc830 method=com.mikedeejay2.voxel.game.world.generators.OverworldGenerator.populate(Lcom/mikedeejay2/voxel/game/world/chunk/Chunk;)V @ 137
Event: 1.349 Thread 0x0000000032af9000 Uncommon trap: reason=unstable_if action=reinterpret pc=0x0000000002e1bea8 method=java.util.HashMap$TreeNode.find(ILjava/lang/Object;Ljava/lang/Class;)Ljava/util/HashMap$TreeNode; @ 155
Event: 1.445 Thread 0x0000000032734000 Uncommon trap: reason=unstable_if action=reinterpret pc=0x0000000002e5d028 method=com.mikedeejay2.voxel.game.world.chunk.mesh.ChunkMeshGenerator.createVertexSliceEdgeCase(Lcom/mikedeejay2/voxel/game/world/World;Lcom/mikedeejay2/voxel/game/world/chunk/Chun
Event: 1.479 Thread 0x0000000032734000 Uncommon trap: reason=unstable_if action=reinterpret pc=0x0000000002e71cb8 method=java.util.HashMap$TreeNode.getTreeNode(ILjava/lang/Object;)Ljava/util/HashMap$TreeNode; @ 4
Event: 1.489 Thread 0x0000000032734000 Uncommon trap: reason=unstable_if action=reinterpret pc=0x0000000002e84314 method=java.util.HashMap$TreeNode.find(ILjava/lang/Object;Ljava/lang/Class;)Ljava/util/HashMap$TreeNode; @ 155
Event: 1.542 Thread 0x0000000032734000 Uncommon trap: reason=unstable_if action=reinterpret pc=0x0000000002eac9e8 method=com.mikedeejay2.voxel.game.world.World.isVoxelAtCoordinate(III)Z @ 84
Event: 1.854 Thread 0x0000000032734000 Uncommon trap: reason=unstable_if action=reinterpret pc=0x0000000002deda74 method=java.util.HashMap$TreeNode.getTreeNode(ILjava/lang/Object;)Ljava/util/HashMap$TreeNode; @ 4
Event: 2.006 Thread 0x0000000032734000 Uncommon trap: reason=unstable_if action=reinterpret pc=0x0000000002f4f4ac method=com.mikedeejay2.voxel.game.world.chunk.mesh.ChunkMeshGenerator.genBrightness(Lcom/mikedeejay2/voxel/game/world/chunk/Chunk;FIIIILjava/util/List;Lcom/mikedeejay2/voxel/engine
Event: 2.181 Thread 0x0000000032734000 Uncommon trap: reason=unstable_if action=reinterpret pc=0x0000000002fc6888 method=com.mikedeejay2.voxel.game.world.chunk.mesh.ChunkMeshGenerator.genBrightness(Lcom/mikedeejay2/voxel/game/world/chunk/Chunk;FIIIILjava/util/List;Lcom/mikedeejay2/voxel/engine
Event: 2.218 Thread 0x0000000032734000 Uncommon trap: reason=unstable_if action=reinterpret pc=0x0000000002fdaba4 method=com.mikedeejay2.voxel.game.world.chunk.mesh.ChunkMeshGenerator.genBrightnessWithChunkLoc(Lcom/mikedeejay2/voxel/game/world/World;Lcom/mikedeejay2/voxel/game/world/chunk/Chun

Classes redefined (0 events):
No events

Internal exceptions (10 events):
Event: 0.244 Thread 0x00000000028c7000 Exception <a 'sun/nio/fs/WindowsException'> (0x00000007168cc1e0) thrown at [C:\jenkins\workspace\8-2-build-windows-amd64-cygwin\jdk8u251\737\hotspot\src\share\vm\prims\jni.cpp, line 710]
Event: 0.248 Thread 0x00000000028c7000 Exception <a 'sun/nio/fs/WindowsException'> (0x00000007168fb950) thrown at [C:\jenkins\workspace\8-2-build-windows-amd64-cygwin\jdk8u251\737\hotspot\src\share\vm\prims\jni.cpp, line 710]
Event: 0.248 Thread 0x00000000028c7000 Exception <a 'sun/nio/fs/WindowsException'> (0x00000007168fc030) thrown at [C:\jenkins\workspace\8-2-build-windows-amd64-cygwin\jdk8u251\737\hotspot\src\share\vm\prims\jni.cpp, line 710]
Event: 0.650 Thread 0x00000000028c7000 Exception <a 'sun/nio/fs/WindowsException'> (0x0000000716a65798) thrown at [C:\jenkins\workspace\8-2-build-windows-amd64-cygwin\jdk8u251\737\hotspot\src\share\vm\prims\jni.cpp, line 710]
Event: 0.650 Thread 0x00000000028c7000 Exception <a 'sun/nio/fs/WindowsException'> (0x0000000716a65ed8) thrown at [C:\jenkins\workspace\8-2-build-windows-amd64-cygwin\jdk8u251\737\hotspot\src\share\vm\prims\jni.cpp, line 710]
Event: 0.652 Thread 0x00000000028c7000 Exception <a 'sun/nio/fs/WindowsException'> (0x0000000716a7d4d0) thrown at [C:\jenkins\workspace\8-2-build-windows-amd64-cygwin\jdk8u251\737\hotspot\src\share\vm\prims\jni.cpp, line 710]
Event: 0.652 Thread 0x00000000028c7000 Exception <a 'sun/nio/fs/WindowsException'> (0x0000000716a7dac8) thrown at [C:\jenkins\workspace\8-2-build-windows-amd64-cygwin\jdk8u251\737\hotspot\src\share\vm\prims\jni.cpp, line 710]
Event: 0.696 Thread 0x00000000028c7000 Exception <a 'sun/nio/fs/WindowsException'> (0x0000000716c36a38) thrown at [C:\jenkins\workspace\8-2-build-windows-amd64-cygwin\jdk8u251\737\hotspot\src\share\vm\prims\jni.cpp, line 710]
Event: 0.696 Thread 0x00000000028c7000 Exception <a 'sun/nio/fs/WindowsException'> (0x0000000716c37168) thrown at [C:\jenkins\workspace\8-2-build-windows-amd64-cygwin\jdk8u251\737\hotspot\src\share\vm\prims\jni.cpp, line 710]
Event: 0.907 Thread 0x00000000028c7000 Exception <a 'java/io/FileNotFoundException'> (0x000000071776e508) thrown at [C:\jenkins\workspace\8-2-build-windows-amd64-cygwin\jdk8u251\737\hotspot\src\share\vm\prims\jni.cpp, line 710]

Events (10 events):
Event: 2.181 Thread 0x0000000032734000 Uncommon trap: trap_request=0xffffff65 fr.pc=0x0000000002fc6888
Event: 2.181 Thread 0x0000000032734000 DEOPT PACKING pc=0x0000000002fc6888 sp=0x0000000033e4eff0
Event: 2.181 Thread 0x0000000032734000 DEOPT UNPACKING pc=0x0000000002a0583b sp=0x0000000033e4ef98 mode 2
Event: 2.218 Thread 0x0000000032734000 Uncommon trap: trap_request=0xffffff65 fr.pc=0x0000000002fdaba4
Event: 2.218 Thread 0x0000000032734000 DEOPT PACKING pc=0x0000000002fdaba4 sp=0x0000000033e4ef50
Event: 2.218 Thread 0x0000000032734000 DEOPT UNPACKING pc=0x0000000002a0583b sp=0x0000000033e4eef0 mode 2
Event: 2.236 Executing VM operation: ParallelGCFailedAllocation
Event: 2.240 Executing VM operation: ParallelGCFailedAllocation done
Event: 2.443 Thread 0x0000000032af9000 DEOPT PACKING pc=0x0000000002f35efe sp=0x0000000033f8efd0
Event: 2.443 Thread 0x0000000032af9000 DEOPT UNPACKING pc=0x0000000002a07890 sp=0x0000000033f8ed30 mode 0


Dynamic libraries:
0x00007ff734420000 - 0x00007ff734457000 	C:\Program Files\Java\jdk1.8.0_251\bin\java.exe
0x00007ffb5cc00000 - 0x00007ffb5cdf0000 	C:\Windows\SYSTEM32\ntdll.dll
0x00007ffb5b5b0000 - 0x00007ffb5b662000 	C:\Windows\System32\KERNEL32.DLL
0x00007ffb5aa00000 - 0x00007ffb5aca3000 	C:\Windows\System32\KERNELBASE.dll
0x00007ffb5c1d0000 - 0x00007ffb5c273000 	C:\Windows\System32\ADVAPI32.dll
0x00007ffb5b510000 - 0x00007ffb5b5ae000 	C:\Windows\System32\msvcrt.dll
0x00007ffb5c660000 - 0x00007ffb5c6f7000 	C:\Windows\System32\sechost.dll
0x00007ffb5c0b0000 - 0x00007ffb5c1d0000 	C:\Windows\System32\RPCRT4.dll
0x00007ffb5b2c0000 - 0x00007ffb5b454000 	C:\Windows\System32\USER32.dll
0x00007ffb5a630000 - 0x00007ffb5a651000 	C:\Windows\System32\win32u.dll
0x00007ffb5bf20000 - 0x00007ffb5bf46000 	C:\Windows\System32\GDI32.dll
0x00007ffb5a660000 - 0x00007ffb5a7f4000 	C:\Windows\System32\gdi32full.dll
0x00007ffb59b90000 - 0x00007ffb59c2e000 	C:\Windows\System32\msvcp_win.dll
0x00007ffb5a530000 - 0x00007ffb5a62a000 	C:\Windows\System32\ucrtbase.dll
0x00007ffb43fc0000 - 0x00007ffb44245000 	C:\Windows\WinSxS\amd64_microsoft.windows.common-controls_6595b64144ccf1df_6.0.18362.778_none_e6c6b761130d4fb8\COMCTL32.dll
0x00007ffb5c760000 - 0x00007ffb5ca96000 	C:\Windows\System32\combase.dll
0x00007ffb5a980000 - 0x00007ffb5aa00000 	C:\Windows\System32\bcryptPrimitives.dll
0x00007ffb5b1a0000 - 0x00007ffb5b1ce000 	C:\Windows\System32\IMM32.DLL
0x0000000075b00000 - 0x0000000075bd2000 	C:\Program Files\Java\jdk1.8.0_251\jre\bin\msvcr100.dll
0x0000000075250000 - 0x0000000075afb000 	C:\Program Files\Java\jdk1.8.0_251\jre\bin\server\jvm.dll
0x00007ffb5bf50000 - 0x00007ffb5bf58000 	C:\Windows\System32\PSAPI.DLL
0x00007ffb49340000 - 0x00007ffb49349000 	C:\Windows\SYSTEM32\WSOCK32.dll
0x00007ffb56760000 - 0x00007ffb56784000 	C:\Windows\SYSTEM32\WINMM.dll
0x00007ffb5bfe0000 - 0x00007ffb5c04f000 	C:\Windows\System32\WS2_32.dll
0x00007ffb54630000 - 0x00007ffb5463a000 	C:\Windows\SYSTEM32\VERSION.dll
0x00007ffb562d0000 - 0x00007ffb562fd000 	C:\Windows\SYSTEM32\WINMMBASE.dll
0x00007ffb5a8d0000 - 0x00007ffb5a91a000 	C:\Windows\System32\cfgmgr32.dll
0x00007ffb492c0000 - 0x00007ffb492cf000 	C:\Program Files\Java\jdk1.8.0_251\jre\bin\verify.dll
0x00007ffb49290000 - 0x00007ffb492b9000 	C:\Program Files\Java\jdk1.8.0_251\jre\bin\java.dll
0x00007ffb24150000 - 0x00007ffb24173000 	C:\Program Files\Java\jdk1.8.0_251\jre\bin\instrument.dll
0x00007ffb43600000 - 0x00007ffb43616000 	C:\Program Files\Java\jdk1.8.0_251\jre\bin\zip.dll
0x00007ffb5b670000 - 0x00007ffb5bd55000 	C:\Windows\System32\SHELL32.dll
0x00007ffb5b460000 - 0x00007ffb5b509000 	C:\Windows\System32\shcore.dll
0x00007ffb59db0000 - 0x00007ffb5a530000 	C:\Windows\System32\windows.storage.dll
0x00007ffb59b60000 - 0x00007ffb59b83000 	C:\Windows\System32\profapi.dll
0x00007ffb59af0000 - 0x00007ffb59b3a000 	C:\Windows\System32\powrprof.dll
0x00007ffb59ac0000 - 0x00007ffb59ad0000 	C:\Windows\System32\UMPDC.dll
0x00007ffb5c700000 - 0x00007ffb5c752000 	C:\Windows\System32\shlwapi.dll
0x00007ffb59ad0000 - 0x00007ffb59ae1000 	C:\Windows\System32\kernel.appcore.dll
0x00007ffb5a8b0000 - 0x00007ffb5a8c7000 	C:\Windows\System32\cryptsp.dll
0x00007ffb2b680000 - 0x00007ffb2b69a000 	C:\Program Files\JetBrains\IntelliJ IDEA 2019.3.4\bin\breakgen64.dll
0x00007ffb241a0000 - 0x00007ffb241ba000 	C:\Program Files\Java\jdk1.8.0_251\jre\bin\net.dll
0x00007ffb59330000 - 0x00007ffb59397000 	C:\Windows\system32\mswsock.dll
0x00007ffb24180000 - 0x00007ffb24192000 	C:\Program Files\Java\jdk1.8.0_251\jre\bin\nio.dll
0x00007ffb240e0000 - 0x00007ffb24144000 	C:\Users\mdeej\AppData\Local\Temp\lwjglmdeej\3.2.3-build-13\lwjgl.dll
0x00007ffb24070000 - 0x00007ffb240d2000 	C:\Users\mdeej\AppData\Local\Temp\lwjglmdeej\3.2.3-build-13\glfw.dll
0x00007ffb56de0000 - 0x00007ffb56e79000 	C:\Windows\system32\uxtheme.dll
0x00007ffb2df10000 - 0x00007ffb2df53000 	C:\Windows\SYSTEM32\dinput8.dll
0x00007ffb2dbe0000 - 0x00007ffb2dbf1000 	C:\Windows\SYSTEM32\xinput1_4.dll
0x00007ffb598c0000 - 0x00007ffb598ea000 	C:\Windows\SYSTEM32\DEVOBJ.dll
0x00007ffb57520000 - 0x00007ffb5754d000 	C:\Windows\SYSTEM32\dwmapi.dll
0x00007ffb4f940000 - 0x00007ffb4fa5a000 	C:\Windows\SYSTEM32\inputhost.dll
0x00007ffb56300000 - 0x00007ffb563d4000 	C:\Windows\SYSTEM32\CoreMessaging.dll
0x00007ffb53890000 - 0x00007ffb53bba000 	C:\Windows\SYSTEM32\CoreUIComponents.dll
0x00007ffb54e80000 - 0x00007ffb54fd3000 	C:\Windows\SYSTEM32\wintypes.dll
0x00007ffb56090000 - 0x00007ffb5617f000 	C:\Windows\SYSTEM32\PROPSYS.dll
0x00007ffb58bd0000 - 0x00007ffb58c01000 	C:\Windows\SYSTEM32\ntmarta.dll
0x00007ffb5c3c0000 - 0x00007ffb5c484000 	C:\Windows\System32\OLEAUT32.dll
0x00007ffb5c280000 - 0x00007ffb5c3b6000 	C:\Windows\System32\MSCTF.dll
0x00007ffb58430000 - 0x00007ffb5843e000 	C:\Windows\SYSTEM32\HID.DLL
0x00007ffb5ad30000 - 0x00007ffb5b1a0000 	C:\Windows\System32\SETUPAPI.DLL
0x00007ffb59c30000 - 0x00007ffb59c56000 	C:\Windows\System32\bcrypt.dll
0x00007ffb5a920000 - 0x00007ffb5a97c000 	C:\Windows\System32\WINTRUST.dll
0x00007ffb59b40000 - 0x00007ffb59b52000 	C:\Windows\System32\MSASN1.dll
0x00007ffb59c60000 - 0x00007ffb59da9000 	C:\Windows\System32\CRYPT32.dll
0x00007ffafede0000 - 0x00007ffafef36000 	C:\Windows\SYSTEM32\opengl32.dll
0x00007ffb3e860000 - 0x00007ffb3e88c000 	C:\Windows\SYSTEM32\GLU32.dll
0x00007ffb587a0000 - 0x00007ffb587c0000 	C:\Windows\SYSTEM32\dxcore.dll
0x00007ffaf1fe0000 - 0x00007ffaf4704000 	C:\Windows\System32\DriverStore\FileRepository\nvaki.inf_amd64_149c0c4968822483\nvoglv64.dll
0x00007ffb5c500000 - 0x00007ffb5c657000 	C:\Windows\System32\ole32.dll
0x00007ffb54e60000 - 0x00007ffb54e73000 	C:\Windows\SYSTEM32\WTSAPI32.dll
0x00007ffb23280000 - 0x00007ffb23537000 	C:\Windows\system32\nvspcap64.dll
0x00007ffb58d70000 - 0x00007ffb58dcc000 	C:\Windows\SYSTEM32\WINSTA.dll
0x00007ffb4fa60000 - 0x00007ffb4fafe000 	C:\Windows\System32\TextInputFramework.dll
0x00007ffb4b450000 - 0x00007ffb4b6f6000 	C:\Windows\System32\iertutil.dll
0x00007ffb23f10000 - 0x00007ffb23f69000 	C:\Users\mdeej\AppData\Local\Temp\lwjglmdeej\3.2.3-build-13\lwjgl_opengl.dll
0x00007ffb06680000 - 0x00007ffb068d3000 	C:\Users\mdeej\AppData\Local\Temp\lwjglmdeej\3.2.3-build-13\jemalloc.dll
0x00007ffb03850000 - 0x00007ffb039ea000 	C:\Program Files\Java\jdk1.8.0_251\jre\bin\awt.dll
0x00007ffb56ca0000 - 0x00007ffb56d2f000 	C:\Windows\SYSTEM32\apphelp.dll
0x00007ffb58230000 - 0x00007ffb58424000 	C:\Windows\SYSTEM32\dbghelp.dll

VM Arguments:
jvm_args: -XX:+UnlockCommercialFeatures -javaagent:C:\Program Files\JetBrains\IntelliJ IDEA 2019.3.4\lib\idea_rt.jar=51280:C:\Program Files\JetBrains\IntelliJ IDEA 2019.3.4\bin -Dfile.encoding=UTF-8 
java_command: com.mikedeejay2.voxel.game.Main
java_class_path (initial): C:\Program Files\Java\jdk1.8.0_251\jre\lib\charsets.jar;C:\Program Files\Java\jdk1.8.0_251\jre\lib\deploy.jar;C:\Program Files\Java\jdk1.8.0_251\jre\lib\ext\access-bridge-64.jar;C:\Program Files\Java\jdk1.8.0_251\jre\lib\ext\cldrdata.jar;C:\Program Files\Java\jdk1.8.0_251\jre\lib\ext\dnsns.jar;C:\Program Files\Java\jdk1.8.0_251\jre\lib\ext\jaccess.jar;C:\Program Files\Java\jdk1.8.0_251\jre\lib\ext\jfxrt.jar;C:\Program Files\Java\jdk1.8.0_251\jre\lib\ext\localedata.jar;C:\Program Files\Java\jdk1.8.0_251\jre\lib\ext\nashorn.jar;C:\Program Files\Java\jdk1.8.0_251\jre\lib\ext\sunec.jar;C:\Program Files\Java\jdk1.8.0_251\jre\lib\ext\sunjce_provider.jar;C:\Program Files\Java\jdk1.8.0_251\jre\lib\ext\sunmscapi.jar;C:\Program Files\Java\jdk1.8.0_251\jre\lib\ext\sunpkcs11.jar;C:\Program Files\Java\jdk1.8.0_251\jre\lib\ext\zipfs.jar;C:\Program Files\Java\jdk1.8.0_251\jre\lib\javaws.jar;C:\Program Files\Java\jdk1.8.0_251\jre\lib\jce.jar;C:\Program Files\Java\jdk1.8.0_251\jre\lib\jfr.jar;C:\Program Files\Java\jdk1.8.0_251\jre\lib\jfxswt.jar;C:\Program Files\Java\jdk1.8.0_251\jre\lib\jsse.jar;C:\Program Files\Java\jdk1.8.0_251\jre\lib\management-agent.jar;C:\Program Files\Java\jdk1.8.0_251\jre\lib\plugin.jar;C:\Program Files\Java\jdk1.8.0_251\jre\lib\resources.jar;C:\Program Files\Java\jdk1.8.0_251\jre\lib\rt.jar;C:\Users\mdeej\IdeaProjects\APCSP\out\production\APCSP;C:\Users\mdeej\IdeaProjects\APCSP\libs\lwjgl.jar;C:\Users\mdeej\IdeaProjects\APCSP\libs\lwjgl-egl.jar;C:\Users\mdeej\IdeaProjects\APCSP\libs\lwjgl-lz4.jar;C:\Users\mdeej\IdeaProjects\APCSP\libs\lwjgl-nfd.jar;C:\Users\mdeej\IdeaProjects\APCSP\libs\lwjgl-ovr.jar;C:\Users\mdeej\IdeaProjects\APCSP\libs\lwjgl-par.jar;C:\Users\mdeej\IdeaProjects\APCSP\libs\lwjgl-sse.jar;C:\Users\mdeej\IdeaProjects\APCSP\libs\lwjgl-stb.jar;C:\Users\mdeej\IdeaProjects\APCSP\libs\lwjgl-vma.jar;C:\Users\mdeej\IdeaProjects\APCSP\libs\lwjgl-bgfx.jar;C:\Users\mdeej\IdeaProjects\APCSP\libs\lwjgl-cuda.jar;C:\Users\mdee
Launcher Type: SUN_STANDARD

Environment Variables:
PATH=C:\Program Files (x86)\Common Files\Intel\Shared Libraries\redist\intel64\compiler;C:\Windows\system32;C:\Windows;C:\Windows\System32\Wbem;C:\Windows\System32\WindowsPowerShell\v1.0\;C:\Windows\System32\OpenSSH\;C:\Program Files\NVIDIA Corporation\NVIDIA NvDLISR;C:\Program Files (x86)\NVIDIA Corporation\PhysX\Common;C:\Program Files (x86)\QuickTime\QTSystem\;C:\Users\mdeej\AppData\Local\Microsoft\WindowsApps;
USERNAME=mdeej
OS=Windows_NT
PROCESSOR_IDENTIFIER=Intel64 Family 6 Model 158 Stepping 10, GenuineIntel



---------------  S Y S T E M  ---------------

OS: Windows 10.0 , 64 bit Build 18362 (10.0.18362.778)

CPU:total 12 (initial active 12) (6 cores per cpu, 2 threads per core) family 6 model 158 stepping 10, cmov, cx8, fxsr, mmx, sse, sse2, sse3, ssse3, sse4.1, sse4.2, popcnt, avx, avx2, aes, clmul, erms, rtm, 3dnowpref, lzcnt, ht, tsc, tscinvbit, bmi1, bmi2, adx

Memory: 4k page, physical 33487264k(18070624k free), swap 98498976k(73333868k free)

vm_info: Java HotSpot(TM) 64-Bit Server VM (25.251-b08) for windows-amd64 JRE (1.8.0_251-b08), built on Mar 12 2020 06:31:49 by "" with MS VC++ 10.0 (VS2010)

time: Thu May 07 01:09:52 2020
timezone: Eastern Daylight Time
elapsed time: 2 seconds (0d 0h 0m 2s)

