#
# A fatal error has been detected by the Java Runtime Environment:
#
#  EXCEPTION_ACCESS_VIOLATION (0xc0000005) at pc=0x00007ffaf2c5e2e0, pid=8752, tid=0x000000000000254c
#
# JRE version: Java(TM) SE Runtime Environment (8.0_251-b08) (build 1.8.0_251-b08)
# Java VM: Java HotSpot(TM) 64-Bit Server VM (25.251-b08 mixed mode windows-amd64 compressed oops)
# Problematic frame:
# C  [nvoglv64.dll+0xc7e2e0]
#
# Failed to write core dump. Minidumps are not enabled by default on client versions of Windows
#
# If you would like to submit a bug report, please visit:
#   http://bugreport.java.com/bugreport/crash.jsp
# The crash happened outside the Java Virtual Machine in native code.
# See problematic frame for where to report the bug.
#

---------------  T H R E A D  ---------------

Current thread (0x0000000002cd7000):  JavaThread "main" [_thread_in_native, id=9548, stack(0x0000000002a20000,0x0000000002b20000)]

siginfo: ExceptionCode=0xc0000005, reading address 0x0000000000000000

Registers:
RAX=0x0000000000000000, RBX=0x0000000041858cd0, RCX=0x0000000041858cd0, RDX=0x0000000000000008
RSP=0x0000000002b1ee08, RBP=0x0000000000000004, RSI=0x0000000000000002, RDI=0x0000000037eec0f8
R8 =0x000000000000000c, R9 =0x0000000000001448, R10=0x000000000000000c, R11=0x0000000000000000
R12=0x0000000000000000, R13=0x0000000037eebd98, R14=0x000000002e07d61c, R15=0x00007ffaf2c5e2d0
RIP=0x00007ffaf2c5e2e0, EFLAGS=0x0000000000010202

Top of Stack: (sp=0x0000000002b1ee08)
0x0000000002b1ee08:   00007ffaf2d24ec1 000000000de4ea90
0x0000000002b1ee18:   0000000000000000 000000002fd50000
0x0000000002b1ee28:   0000000000028900 0000000000000000
0x0000000002b1ee38:   00007ffaf2b908d0 0000000000000000
0x0000000002b1ee48:   00007ffaf2b8b486 0000000000000007
0x0000000002b1ee58:   000000000de68030 0000000041858cd0
0x0000000002b1ee68:   10c0000000000000 000000002b9de3f0
0x0000000002b1ee78:   00007ffaf2b90664 0000000000000000
0x0000000002b1ee88:   000000002b9de3f0 0000000000000000
0x0000000002b1ee98:   0000000000000000 0000000000000004
0x0000000002b1eea8:   000000002fd50000 0000000000001405
0x0000000002b1eeb8:   0000000000001448 0000000000001e6c
0x0000000002b1eec8:   00007ffaf2d15e60 000000002fd50000
0x0000000002b1eed8:   0000000000000000 0000000000001448
0x0000000002b1eee8:   0000000000000000 0000000000001400
0x0000000002b1eef8:   0000000000000000 0000000002b1ef60 

Instructions: (pc=0x00007ffaf2c5e2e0)
0x00007ffaf2c5e2c0:   48 83 c1 08 41 83 e9 01 75 e9 48 8b c1 c3 cc cc
0x00007ffaf2c5e2d0:   4d 63 d0 48 83 c2 08 66 0f 1f 84 00 00 00 00 00
0x00007ffaf2c5e2e0:   8b 42 f8 89 01 8b 42 fc 89 41 04 8b 02 49 03 d2
0x00007ffaf2c5e2f0:   89 41 08 48 83 c1 0c 41 83 e9 01 75 e3 48 8b c1 


Register to memory mapping:

RAX=0x0000000000000000 is an unknown value
RBX=0x0000000041858cd0 is an unknown value
RCX=0x0000000041858cd0 is an unknown value
RDX=0x0000000000000008 is an unknown value
RSP=0x0000000002b1ee08 is pointing into the stack for thread: 0x0000000002cd7000
RBP=0x0000000000000004 is an unknown value
RSI=0x0000000000000002 is an unknown value
RDI=0x0000000037eec0f8 is an unknown value
R8 =0x000000000000000c is an unknown value
R9 =0x0000000000001448 is an unknown value
R10=0x000000000000000c is an unknown value
R11=0x0000000000000000 is an unknown value
R12=0x0000000000000000 is an unknown value
R13=0x0000000037eebd98 is an unknown value
R14=0x000000002e07d61c is an unknown value
R15=0x00007ffaf2c5e2d0 is an unknown value


Stack: [0x0000000002a20000,0x0000000002b20000],  sp=0x0000000002b1ee08,  free space=1019k
Native frames: (J=compiled Java code, j=interpreted, Vv=VM code, C=native code)
C  [nvoglv64.dll+0xc7e2e0]

Java frames: (J=compiled Java code, j=interpreted, Vv=VM code)
J 1082  org.lwjgl.opengl.GL11C.nglDrawElements(IIIJ)V (0 bytes) @ 0x00000000032563ce [0x0000000003256380+0x4e]
J 1220 C2 com.mikedeejay2.voxel.engine.graphics.renderers.Renderer.render(Ljava/util/Map;)V (111 bytes) @ 0x000000000336bcb8 [0x000000000336b560+0x758]
J 1315 C2 com.mikedeejay2.voxel.engine.graphics.renderers.MasterRenderer.render(Lcom/mikedeejay2/voxel/engine/graphics/objects/Camera;)V (62 bytes) @ 0x0000000003439d54 [0x00000000034398c0+0x494]
J 1405% C2 com.mikedeejay2.voxel.engine.core.CoreEngine.run()V (214 bytes) @ 0x00000000035501e4 [0x00000000035500c0+0x124]
j  com.mikedeejay2.voxel.engine.core.CoreEngine.start()V+9
j  com.mikedeejay2.voxel.game.Main.start()V+29
j  com.mikedeejay2.voxel.game.Main.main([Ljava/lang/String;)V+7
v  ~StubRoutines::call_stub

---------------  P R O C E S S  ---------------

Java Threads: ( => current thread )
  0x0000000032cb5000 JavaThread "world" [_thread_blocked, id=22636, stack(0x00000000342a0000,0x00000000343a0000)]
  0x0000000032aa1000 JavaThread "chunkConsumer" [_thread_in_Java, id=11080, stack(0x00000000341a0000,0x00000000342a0000)]
  0x0000000029490800 JavaThread "chunkProducer" [_thread_blocked, id=19816, stack(0x00000000340a0000,0x00000000341a0000)]
  0x000000002940d000 JavaThread "Java2D Disposer" daemon [_thread_blocked, id=4288, stack(0x0000000033d40000,0x0000000033e40000)]
  0x0000000028fd1000 JavaThread "Service Thread" daemon [_thread_blocked, id=16396, stack(0x0000000029a80000,0x0000000029b80000)]
  0x0000000028f20800 JavaThread "C1 CompilerThread3" daemon [_thread_blocked, id=23956, stack(0x0000000029980000,0x0000000029a80000)]
  0x0000000028f1f800 JavaThread "C2 CompilerThread2" daemon [_thread_blocked, id=20072, stack(0x0000000029880000,0x0000000029980000)]
  0x0000000028f1f000 JavaThread "C2 CompilerThread1" daemon [_thread_blocked, id=3880, stack(0x0000000029780000,0x0000000029880000)]
  0x0000000028f1c000 JavaThread "C2 CompilerThread0" daemon [_thread_blocked, id=21184, stack(0x0000000029680000,0x0000000029780000)]
  0x0000000027aa1800 JavaThread "Monitor Ctrl-Break" daemon [_thread_in_native, id=26324, stack(0x0000000029580000,0x0000000029680000)]
  0x0000000027728000 JavaThread "Attach Listener" daemon [_thread_blocked, id=22612, stack(0x0000000028c80000,0x0000000028d80000)]
  0x0000000027727000 JavaThread "Signal Dispatcher" daemon [_thread_blocked, id=7588, stack(0x0000000028b80000,0x0000000028c80000)]
  0x0000000026053800 JavaThread "Finalizer" daemon [_thread_blocked, id=24172, stack(0x0000000028980000,0x0000000028a80000)]
  0x000000002604d800 JavaThread "Reference Handler" daemon [_thread_blocked, id=20776, stack(0x0000000028880000,0x0000000028980000)]
=>0x0000000002cd7000 JavaThread "main" [_thread_in_native, id=9548, stack(0x0000000002a20000,0x0000000002b20000)]

Other Threads:
  0x0000000002dcd000 VMThread [stack: 0x0000000028780000,0x0000000028880000] [id=22324]
  0x0000000027aa2000 WatcherThread [stack: 0x0000000029b80000,0x0000000029c80000] [id=23136]

VM state:not at safepoint (normal execution)

VM Mutex/Monitor currently owned by a thread: None

heap address: 0x00000005c1000000, size: 8176 MB, Compressed Oops mode: Zero based, Oop shift amount: 3
Narrow klass base: 0x0000000000000000, Narrow klass shift: 3
Compressed class space size: 1073741824 Address: 0x00000007c0000000

Heap:
 PSYoungGen      total 80896K, used 38386K [0x0000000715b00000, 0x000000071af00000, 0x00000007c0000000)
  eden space 77824K, 45% used [0x0000000715b00000,0x0000000717de3818,0x000000071a700000)
  from space 3072K, 86% used [0x000000071a800000,0x000000071aa99278,0x000000071ab00000)
  to   space 4096K, 0% used [0x000000071ab00000,0x000000071ab00000,0x000000071af00000)
 ParOldGen       total 531968K, used 500957K [0x00000005c1000000, 0x00000005e1780000, 0x0000000715b00000)
  object space 531968K, 94% used [0x00000005c1000000,0x00000005df9376b0,0x00000005e1780000)
 Metaspace       used 13222K, capacity 13417K, committed 13696K, reserved 1062912K
  class space    used 1028K, capacity 1097K, committed 1152K, reserved 1048576K

Card table byte_map: [0x0000000012190000,0x0000000013190000] byte_map_base: 0x000000000f388000

Marking Bits: (ParMarkBitMap*) 0x0000000075a7af90
 Begin Bits: [0x0000000014640000, 0x000000001c600000)
 End Bits:   [0x000000001c600000, 0x00000000245c0000)

Polling page: 0x0000000002810000

CodeCache: size=245760Kb used=6071Kb max_used=9017Kb free=239688Kb
 bounds [0x0000000002dd0000, 0x00000000036d0000, 0x0000000011dd0000]
 total_blobs=2217 nmethods=1209 adapters=921
 compilation: enabled

Compilation events (10 events):
Event: 88.980 Thread 0x0000000028f20800 1550       3       java.util.HashMap::treeifyBin (110 bytes)
Event: 88.980 Thread 0x0000000028f20800 nmethod 1550 0x000000000324e8d0 code [0x000000000324ea80, 0x000000000324f208]
Event: 90.658 Thread 0x0000000028f20800 1551       3       java.util.HashMap$TreeNode::putTreeVal (314 bytes)
Event: 90.659 Thread 0x0000000028f20800 nmethod 1551 0x000000000322b890 code [0x000000000322bb00, 0x000000000322cd88]
Event: 91.884 Thread 0x0000000028f20800 1552       3       java.util.HashMap$TreeNode::untreeify (52 bytes)
Event: 91.884 Thread 0x0000000028f20800 nmethod 1552 0x00000000031300d0 code [0x0000000003130260, 0x0000000003130608]
Event: 94.819 Thread 0x0000000028f1f800 1553       4       java.util.HashMap$TreeNode::removeTreeNode (632 bytes)
Event: 94.826 Thread 0x0000000028f1f800 nmethod 1553 0x0000000002ee9a50 code [0x0000000002ee9be0, 0x0000000002eea6e8]
Event: 96.322 Thread 0x0000000028f20800 1554       3       org.lwjgl.system.MemoryUtil::memLengthUTF8 (107 bytes)
Event: 96.322 Thread 0x0000000028f20800 nmethod 1554 0x0000000003157e10 code [0x0000000003157fc0, 0x0000000003158618]

GC Heap History (10 events):
Event: 96.889 GC heap before
{Heap before GC invocations=545 (full 4):
 PSYoungGen      total 86528K, used 85412K [0x0000000715b00000, 0x000000071b500000, 0x00000007c0000000)
  eden space 82944K, 100% used [0x0000000715b00000,0x000000071ac00000,0x000000071ac00000)
  from space 3584K, 68% used [0x000000071b180000,0x000000071b3e9278,0x000000071b500000)
  to   space 4608K, 0% used [0x000000071ac00000,0x000000071ac00000,0x000000071b080000)
 ParOldGen       total 531968K, used 490965K [0x00000005c1000000, 0x00000005e1780000, 0x0000000715b00000)
  object space 531968K, 92% used [0x00000005c1000000,0x00000005def756b0,0x00000005e1780000)
 Metaspace       used 13222K, capacity 13417K, committed 13696K, reserved 1062912K
  class space    used 1028K, capacity 1097K, committed 1152K, reserved 1048576K
Event: 96.891 GC heap after
Heap after GC invocations=545 (full 4):
 PSYoungGen      total 84480K, used 2148K [0x0000000715b00000, 0x000000071b400000, 0x00000007c0000000)
  eden space 81920K, 0% used [0x0000000715b00000,0x0000000715b00000,0x000000071ab00000)
  from space 2560K, 83% used [0x000000071ac00000,0x000000071ae19278,0x000000071ae80000)
  to   space 4608K, 0% used [0x000000071af80000,0x000000071af80000,0x000000071b400000)
 ParOldGen       total 531968K, used 493245K [0x00000005c1000000, 0x00000005e1780000, 0x0000000715b00000)
  object space 531968K, 92% used [0x00000005c1000000,0x00000005df1af6b0,0x00000005e1780000)
 Metaspace       used 13222K, capacity 13417K, committed 13696K, reserved 1062912K
  class space    used 1028K, capacity 1097K, committed 1152K, reserved 1048576K
}
Event: 97.118 GC heap before
{Heap before GC invocations=546 (full 4):
 PSYoungGen      total 84480K, used 84068K [0x0000000715b00000, 0x000000071b400000, 0x00000007c0000000)
  eden space 81920K, 100% used [0x0000000715b00000,0x000000071ab00000,0x000000071ab00000)
  from space 2560K, 83% used [0x000000071ac00000,0x000000071ae19278,0x000000071ae80000)
  to   space 4608K, 0% used [0x000000071af80000,0x000000071af80000,0x000000071b400000)
 ParOldGen       total 531968K, used 493245K [0x00000005c1000000, 0x00000005e1780000, 0x0000000715b00000)
  object space 531968K, 92% used [0x00000005c1000000,0x00000005df1af6b0,0x00000005e1780000)
 Metaspace       used 13222K, capacity 13417K, committed 13696K, reserved 1062912K
  class space    used 1028K, capacity 1097K, committed 1152K, reserved 1048576K
Event: 97.120 GC heap after
Heap after GC invocations=546 (full 4):
 PSYoungGen      total 84480K, used 2148K [0x0000000715b00000, 0x000000071b300000, 0x00000007c0000000)
  eden space 80896K, 0% used [0x0000000715b00000,0x0000000715b00000,0x000000071aa00000)
  from space 3584K, 59% used [0x000000071af80000,0x000000071b199278,0x000000071b300000)
  to   space 4608K, 0% used [0x000000071aa00000,0x000000071aa00000,0x000000071ae80000)
 ParOldGen       total 531968K, used 495173K [0x00000005c1000000, 0x00000005e1780000, 0x0000000715b00000)
  object space 531968K, 93% used [0x00000005c1000000,0x00000005df3916b0,0x00000005e1780000)
 Metaspace       used 13222K, capacity 13417K, committed 13696K, reserved 1062912K
  class space    used 1028K, capacity 1097K, committed 1152K, reserved 1048576K
}
Event: 97.356 GC heap before
{Heap before GC invocations=547 (full 4):
 PSYoungGen      total 84480K, used 83044K [0x0000000715b00000, 0x000000071b300000, 0x00000007c0000000)
  eden space 80896K, 100% used [0x0000000715b00000,0x000000071aa00000,0x000000071aa00000)
  from space 3584K, 59% used [0x000000071af80000,0x000000071b199278,0x000000071b300000)
  to   space 4608K, 0% used [0x000000071aa00000,0x000000071aa00000,0x000000071ae80000)
 ParOldGen       total 531968K, used 495173K [0x00000005c1000000, 0x00000005e1780000, 0x0000000715b00000)
  object space 531968K, 93% used [0x00000005c1000000,0x00000005df3916b0,0x00000005e1780000)
 Metaspace       used 13222K, capacity 13417K, committed 13696K, reserved 1062912K
  class space    used 1028K, capacity 1097K, committed 1152K, reserved 1048576K
Event: 97.358 GC heap after
Heap after GC invocations=547 (full 4):
 PSYoungGen      total 82432K, used 2308K [0x0000000715b00000, 0x000000071b200000, 0x00000007c0000000)
  eden space 79872K, 0% used [0x0000000715b00000,0x0000000715b00000,0x000000071a900000)
  from space 2560K, 90% used [0x000000071aa00000,0x000000071ac41278,0x000000071ac80000)
  to   space 4608K, 0% used [0x000000071ad80000,0x000000071ad80000,0x000000071b200000)
 ParOldGen       total 531968K, used 497093K [0x00000005c1000000, 0x00000005e1780000, 0x0000000715b00000)
  object space 531968K, 93% used [0x00000005c1000000,0x00000005df5716b0,0x00000005e1780000)
 Metaspace       used 13222K, capacity 13417K, committed 13696K, reserved 1062912K
  class space    used 1028K, capacity 1097K, committed 1152K, reserved 1048576K
}
Event: 97.557 GC heap before
{Heap before GC invocations=548 (full 4):
 PSYoungGen      total 82432K, used 82180K [0x0000000715b00000, 0x000000071b200000, 0x00000007c0000000)
  eden space 79872K, 100% used [0x0000000715b00000,0x000000071a900000,0x000000071a900000)
  from space 2560K, 90% used [0x000000071aa00000,0x000000071ac41278,0x000000071ac80000)
  to   space 4608K, 0% used [0x000000071ad80000,0x000000071ad80000,0x000000071b200000)
 ParOldGen       total 531968K, used 497093K [0x00000005c1000000, 0x00000005e1780000, 0x0000000715b00000)
  object space 531968K, 93% used [0x00000005c1000000,0x00000005df5716b0,0x00000005e1780000)
 Metaspace       used 13222K, capacity 13417K, committed 13696K, reserved 1062912K
  class space    used 1028K, capacity 1097K, committed 1152K, reserved 1048576K
Event: 97.559 GC heap after
Heap after GC invocations=548 (full 4):
 PSYoungGen      total 82432K, used 1892K [0x0000000715b00000, 0x000000071b100000, 0x00000007c0000000)
  eden space 78848K, 0% used [0x0000000715b00000,0x0000000715b00000,0x000000071a800000)
  from space 3584K, 52% used [0x000000071ad80000,0x000000071af59278,0x000000071b100000)
  to   space 4608K, 0% used [0x000000071a800000,0x000000071a800000,0x000000071ac80000)
 ParOldGen       total 531968K, used 499189K [0x00000005c1000000, 0x00000005e1780000, 0x0000000715b00000)
  object space 531968K, 93% used [0x00000005c1000000,0x00000005df77d6b0,0x00000005e1780000)
 Metaspace       used 13222K, capacity 13417K, committed 13696K, reserved 1062912K
  class space    used 1028K, capacity 1097K, committed 1152K, reserved 1048576K
}
Event: 97.851 GC heap before
{Heap before GC invocations=549 (full 4):
 PSYoungGen      total 82432K, used 80740K [0x0000000715b00000, 0x000000071b100000, 0x00000007c0000000)
  eden space 78848K, 100% used [0x0000000715b00000,0x000000071a800000,0x000000071a800000)
  from space 3584K, 52% used [0x000000071ad80000,0x000000071af59278,0x000000071b100000)
  to   space 4608K, 0% used [0x000000071a800000,0x000000071a800000,0x000000071ac80000)
 ParOldGen       total 531968K, used 499189K [0x00000005c1000000, 0x00000005e1780000, 0x0000000715b00000)
  object space 531968K, 93% used [0x00000005c1000000,0x00000005df77d6b0,0x00000005e1780000)
 Metaspace       used 13222K, capacity 13417K, committed 13696K, reserved 1062912K
  class space    used 1028K, capacity 1097K, committed 1152K, reserved 1048576K
Event: 97.852 GC heap after
Heap after GC invocations=549 (full 4):
 PSYoungGen      total 80896K, used 2660K [0x0000000715b00000, 0x000000071af00000, 0x00000007c0000000)
  eden space 77824K, 0% used [0x0000000715b00000,0x0000000715b00000,0x000000071a700000)
  from space 3072K, 86% used [0x000000071a800000,0x000000071aa99278,0x000000071ab00000)
  to   space 4096K, 0% used [0x000000071ab00000,0x000000071ab00000,0x000000071af00000)
 ParOldGen       total 531968K, used 500957K [0x00000005c1000000, 0x00000005e1780000, 0x0000000715b00000)
  object space 531968K, 94% used [0x00000005c1000000,0x00000005df9376b0,0x00000005e1780000)
 Metaspace       used 13222K, capacity 13417K, committed 13696K, reserved 1062912K
  class space    used 1028K, capacity 1097K, committed 1152K, reserved 1048576K
}

Deoptimization events (10 events):
Event: 48.073 Thread 0x0000000032aa1000 Uncommon trap: reason=unstable_if action=reinterpret pc=0x00000000032da6c0 method=java.util.HashMap$TreeNode.getTreeNode(ILjava/lang/Object;)Ljava/util/HashMap$TreeNode; @ 4
Event: 51.787 Thread 0x0000000002cd7000 Uncommon trap: reason=unstable_if action=reinterpret pc=0x000000000325eed4 method=com.mikedeejay2.voxel.game.world.World.unloadOldChunks()V @ 89
Event: 67.336 Thread 0x0000000002cd7000 Uncommon trap: reason=unstable_if action=reinterpret pc=0x0000000002eef538 method=com.mikedeejay2.voxel.engine.graphics.objects.Camera.input(F)V @ 498
Event: 67.337 Thread 0x0000000002cd7000 Uncommon trap: reason=unstable_if action=reinterpret pc=0x000000000336a6e4 method=org.joml.Math.cosFromSinInternal(FF)F @ 47
Event: 69.136 Thread 0x0000000002cd7000 Uncommon trap: reason=unstable_if action=reinterpret pc=0x0000000003359df8 method=com.mikedeejay2.voxel.game.world.World.unloadOldChunks()V @ 151
Event: 69.140 Thread 0x0000000002cd7000 Uncommon trap: reason=unstable_if action=reinterpret pc=0x0000000003660b6c method=com.mikedeejay2.voxel.game.world.World.unloadOldChunks()V @ 151
Event: 70.211 Thread 0x0000000002cd7000 Uncommon trap: reason=unstable_if action=reinterpret pc=0x000000000342b160 method=com.mikedeejay2.voxel.engine.graphics.objects.Camera.input(F)V @ 51
Event: 72.750 Thread 0x0000000032aa1000 Uncommon trap: reason=unstable_if action=reinterpret pc=0x00000000036a5a3c method=com.mikedeejay2.voxel.game.world.chunk.mesh.ChunkMeshGenerator.genBrightnessWithChunkLoc(Lcom/mikedeejay2/voxel/game/world/World;Lcom/mikedeejay2/voxel/game/world/chunk/Chun
Event: 80.736 Thread 0x0000000002cd7000 Uncommon trap: reason=unstable_if action=reinterpret pc=0x000000000322e45c method=com.mikedeejay2.voxel.engine.graphics.objects.Camera.input(F)V @ 104
Event: 86.317 Thread 0x0000000029490800 Uncommon trap: reason=unstable_if action=reinterpret pc=0x00000000034e12bc method=java.util.HashMap$TreeNode.putTreeVal(Ljava/util/HashMap;[Ljava/util/HashMap$Node;ILjava/lang/Object;Ljava/lang/Object;)Ljava/util/HashMap$TreeNode; @ 178

Classes redefined (0 events):
No events

Internal exceptions (10 events):
Event: 0.285 Thread 0x0000000002cd7000 Exception <a 'sun/nio/fs/WindowsException'> (0x00000007168c62e0) thrown at [C:\jenkins\workspace\8-2-build-windows-amd64-cygwin\jdk8u251\737\hotspot\src\share\vm\prims\jni.cpp, line 710]
Event: 0.292 Thread 0x0000000002cd7000 Exception <a 'sun/nio/fs/WindowsException'> (0x00000007168f5a50) thrown at [C:\jenkins\workspace\8-2-build-windows-amd64-cygwin\jdk8u251\737\hotspot\src\share\vm\prims\jni.cpp, line 710]
Event: 0.292 Thread 0x0000000002cd7000 Exception <a 'sun/nio/fs/WindowsException'> (0x00000007168f6130) thrown at [C:\jenkins\workspace\8-2-build-windows-amd64-cygwin\jdk8u251\737\hotspot\src\share\vm\prims\jni.cpp, line 710]
Event: 0.685 Thread 0x0000000002cd7000 Exception <a 'sun/nio/fs/WindowsException'> (0x0000000716a5fac8) thrown at [C:\jenkins\workspace\8-2-build-windows-amd64-cygwin\jdk8u251\737\hotspot\src\share\vm\prims\jni.cpp, line 710]
Event: 0.685 Thread 0x0000000002cd7000 Exception <a 'sun/nio/fs/WindowsException'> (0x0000000716a60208) thrown at [C:\jenkins\workspace\8-2-build-windows-amd64-cygwin\jdk8u251\737\hotspot\src\share\vm\prims\jni.cpp, line 710]
Event: 0.686 Thread 0x0000000002cd7000 Exception <a 'sun/nio/fs/WindowsException'> (0x0000000716a777f0) thrown at [C:\jenkins\workspace\8-2-build-windows-amd64-cygwin\jdk8u251\737\hotspot\src\share\vm\prims\jni.cpp, line 710]
Event: 0.686 Thread 0x0000000002cd7000 Exception <a 'sun/nio/fs/WindowsException'> (0x0000000716a77de8) thrown at [C:\jenkins\workspace\8-2-build-windows-amd64-cygwin\jdk8u251\737\hotspot\src\share\vm\prims\jni.cpp, line 710]
Event: 0.731 Thread 0x0000000002cd7000 Exception <a 'sun/nio/fs/WindowsException'> (0x0000000716c30d58) thrown at [C:\jenkins\workspace\8-2-build-windows-amd64-cygwin\jdk8u251\737\hotspot\src\share\vm\prims\jni.cpp, line 710]
Event: 0.731 Thread 0x0000000002cd7000 Exception <a 'sun/nio/fs/WindowsException'> (0x0000000716c31488) thrown at [C:\jenkins\workspace\8-2-build-windows-amd64-cygwin\jdk8u251\737\hotspot\src\share\vm\prims\jni.cpp, line 710]
Event: 0.939 Thread 0x0000000002cd7000 Exception <a 'java/io/FileNotFoundException'> (0x000000071776fef0) thrown at [C:\jenkins\workspace\8-2-build-windows-amd64-cygwin\jdk8u251\737\hotspot\src\share\vm\prims\jni.cpp, line 710]

Events (10 events):
Event: 96.889 Executing VM operation: ParallelGCFailedAllocation
Event: 96.891 Executing VM operation: ParallelGCFailedAllocation done
Event: 97.118 Executing VM operation: ParallelGCFailedAllocation
Event: 97.120 Executing VM operation: ParallelGCFailedAllocation done
Event: 97.356 Executing VM operation: ParallelGCFailedAllocation
Event: 97.358 Executing VM operation: ParallelGCFailedAllocation done
Event: 97.557 Executing VM operation: ParallelGCFailedAllocation
Event: 97.559 Executing VM operation: ParallelGCFailedAllocation done
Event: 97.851 Executing VM operation: ParallelGCFailedAllocation
Event: 97.852 Executing VM operation: ParallelGCFailedAllocation done


Dynamic libraries:
0x00007ff734420000 - 0x00007ff734457000 	C:\Program Files\Java\jdk1.8.0_251\bin\java.exe
0x00007ffb5cc00000 - 0x00007ffb5cdf0000 	C:\Windows\SYSTEM32\ntdll.dll
0x00007ffb5b5b0000 - 0x00007ffb5b662000 	C:\Windows\System32\KERNEL32.DLL
0x00007ffb5aa00000 - 0x00007ffb5aca3000 	C:\Windows\System32\KERNELBASE.dll
0x00007ffb5c1d0000 - 0x00007ffb5c273000 	C:\Windows\System32\ADVAPI32.dll
0x00007ffb5b510000 - 0x00007ffb5b5ae000 	C:\Windows\System32\msvcrt.dll
0x00007ffb5c660000 - 0x00007ffb5c6f7000 	C:\Windows\System32\sechost.dll
0x00007ffb5c0b0000 - 0x00007ffb5c1d0000 	C:\Windows\System32\RPCRT4.dll
0x00007ffb5b2c0000 - 0x00007ffb5b454000 	C:\Windows\System32\USER32.dll
0x00007ffb5a630000 - 0x00007ffb5a651000 	C:\Windows\System32\win32u.dll
0x00007ffb5bf20000 - 0x00007ffb5bf46000 	C:\Windows\System32\GDI32.dll
0x00007ffb5a660000 - 0x00007ffb5a7f4000 	C:\Windows\System32\gdi32full.dll
0x00007ffb59b90000 - 0x00007ffb59c2e000 	C:\Windows\System32\msvcp_win.dll
0x00007ffb5a530000 - 0x00007ffb5a62a000 	C:\Windows\System32\ucrtbase.dll
0x00007ffb43fc0000 - 0x00007ffb44245000 	C:\Windows\WinSxS\amd64_microsoft.windows.common-controls_6595b64144ccf1df_6.0.18362.778_none_e6c6b761130d4fb8\COMCTL32.dll
0x00007ffb5c760000 - 0x00007ffb5ca96000 	C:\Windows\System32\combase.dll
0x00007ffb5a980000 - 0x00007ffb5aa00000 	C:\Windows\System32\bcryptPrimitives.dll
0x00007ffb5b1a0000 - 0x00007ffb5b1ce000 	C:\Windows\System32\IMM32.DLL
0x0000000075b00000 - 0x0000000075bd2000 	C:\Program Files\Java\jdk1.8.0_251\jre\bin\msvcr100.dll
0x0000000075250000 - 0x0000000075afb000 	C:\Program Files\Java\jdk1.8.0_251\jre\bin\server\jvm.dll
0x00007ffb5bf50000 - 0x00007ffb5bf58000 	C:\Windows\System32\PSAPI.DLL
0x00007ffb56760000 - 0x00007ffb56784000 	C:\Windows\SYSTEM32\WINMM.dll
0x00007ffb49340000 - 0x00007ffb49349000 	C:\Windows\SYSTEM32\WSOCK32.dll
0x00007ffb54630000 - 0x00007ffb5463a000 	C:\Windows\SYSTEM32\VERSION.dll
0x00007ffb5bfe0000 - 0x00007ffb5c04f000 	C:\Windows\System32\WS2_32.dll
0x00007ffb562d0000 - 0x00007ffb562fd000 	C:\Windows\SYSTEM32\winmmbase.dll
0x00007ffb5a8d0000 - 0x00007ffb5a91a000 	C:\Windows\System32\cfgmgr32.dll
0x00007ffb492c0000 - 0x00007ffb492cf000 	C:\Program Files\Java\jdk1.8.0_251\jre\bin\verify.dll
0x00007ffb435d0000 - 0x00007ffb435f9000 	C:\Program Files\Java\jdk1.8.0_251\jre\bin\java.dll
0x00007ffb24180000 - 0x00007ffb241a3000 	C:\Program Files\Java\jdk1.8.0_251\jre\bin\instrument.dll
0x00007ffb2b6a0000 - 0x00007ffb2b6b6000 	C:\Program Files\Java\jdk1.8.0_251\jre\bin\zip.dll
0x00007ffb5b670000 - 0x00007ffb5bd55000 	C:\Windows\System32\SHELL32.dll
0x00007ffb5b460000 - 0x00007ffb5b509000 	C:\Windows\System32\shcore.dll
0x00007ffb59db0000 - 0x00007ffb5a530000 	C:\Windows\System32\windows.storage.dll
0x00007ffb59b60000 - 0x00007ffb59b83000 	C:\Windows\System32\profapi.dll
0x00007ffb59af0000 - 0x00007ffb59b3a000 	C:\Windows\System32\powrprof.dll
0x00007ffb59ac0000 - 0x00007ffb59ad0000 	C:\Windows\System32\UMPDC.dll
0x00007ffb5c700000 - 0x00007ffb5c752000 	C:\Windows\System32\shlwapi.dll
0x00007ffb59ad0000 - 0x00007ffb59ae1000 	C:\Windows\System32\kernel.appcore.dll
0x00007ffb5a8b0000 - 0x00007ffb5a8c7000 	C:\Windows\System32\cryptsp.dll
0x00007ffb2b680000 - 0x00007ffb2b69a000 	C:\Program Files\JetBrains\IntelliJ IDEA 2019.3.4\bin\breakgen64.dll
0x00007ffb24160000 - 0x00007ffb2417a000 	C:\Program Files\Java\jdk1.8.0_251\jre\bin\net.dll
0x00007ffb59330000 - 0x00007ffb59397000 	C:\Windows\system32\mswsock.dll
0x00007ffb24140000 - 0x00007ffb24152000 	C:\Program Files\Java\jdk1.8.0_251\jre\bin\nio.dll
0x00007ffb240d0000 - 0x00007ffb24134000 	C:\Users\mdeej\AppData\Local\Temp\lwjglmdeej\3.2.3-build-13\lwjgl.dll
0x00007ffb24060000 - 0x00007ffb240c2000 	C:\Users\mdeej\AppData\Local\Temp\lwjglmdeej\3.2.3-build-13\glfw.dll
0x00007ffb56de0000 - 0x00007ffb56e79000 	C:\Windows\system32\uxtheme.dll
0x00007ffb2df10000 - 0x00007ffb2df53000 	C:\Windows\SYSTEM32\dinput8.dll
0x00007ffb2dbe0000 - 0x00007ffb2dbf1000 	C:\Windows\SYSTEM32\xinput1_4.dll
0x00007ffb598c0000 - 0x00007ffb598ea000 	C:\Windows\SYSTEM32\DEVOBJ.dll
0x00007ffb57520000 - 0x00007ffb5754d000 	C:\Windows\SYSTEM32\dwmapi.dll
0x00007ffb4f940000 - 0x00007ffb4fa5a000 	C:\Windows\SYSTEM32\inputhost.dll
0x00007ffb56300000 - 0x00007ffb563d4000 	C:\Windows\SYSTEM32\CoreMessaging.dll
0x00007ffb53890000 - 0x00007ffb53bba000 	C:\Windows\SYSTEM32\CoreUIComponents.dll
0x00007ffb54e80000 - 0x00007ffb54fd3000 	C:\Windows\SYSTEM32\wintypes.dll
0x00007ffb56090000 - 0x00007ffb5617f000 	C:\Windows\SYSTEM32\PROPSYS.dll
0x00007ffb5c3c0000 - 0x00007ffb5c484000 	C:\Windows\System32\OLEAUT32.dll
0x00007ffb58bd0000 - 0x00007ffb58c01000 	C:\Windows\SYSTEM32\ntmarta.dll
0x00007ffb5c280000 - 0x00007ffb5c3b6000 	C:\Windows\System32\MSCTF.dll
0x00007ffb58430000 - 0x00007ffb5843e000 	C:\Windows\SYSTEM32\HID.DLL
0x00007ffb5ad30000 - 0x00007ffb5b1a0000 	C:\Windows\System32\SETUPAPI.DLL
0x00007ffb59c30000 - 0x00007ffb59c56000 	C:\Windows\System32\bcrypt.dll
0x00007ffb5a920000 - 0x00007ffb5a97c000 	C:\Windows\System32\WINTRUST.dll
0x00007ffb59b40000 - 0x00007ffb59b52000 	C:\Windows\System32\MSASN1.dll
0x00007ffb59c60000 - 0x00007ffb59da9000 	C:\Windows\System32\CRYPT32.dll
0x00007ffafede0000 - 0x00007ffafef36000 	C:\Windows\SYSTEM32\opengl32.dll
0x00007ffb3e860000 - 0x00007ffb3e88c000 	C:\Windows\SYSTEM32\GLU32.dll
0x00007ffb587a0000 - 0x00007ffb587c0000 	C:\Windows\SYSTEM32\dxcore.dll
0x00007ffaf1fe0000 - 0x00007ffaf4704000 	C:\Windows\System32\DriverStore\FileRepository\nvaki.inf_amd64_149c0c4968822483\nvoglv64.dll
0x00007ffb5c500000 - 0x00007ffb5c657000 	C:\Windows\System32\ole32.dll
0x00007ffb54e60000 - 0x00007ffb54e73000 	C:\Windows\SYSTEM32\WTSAPI32.dll
0x00007ffb23280000 - 0x00007ffb23537000 	C:\Windows\system32\nvspcap64.dll
0x00007ffb58d70000 - 0x00007ffb58dcc000 	C:\Windows\SYSTEM32\WINSTA.dll
0x00007ffb4fa60000 - 0x00007ffb4fafe000 	C:\Windows\System32\TextInputFramework.dll
0x00007ffb4b450000 - 0x00007ffb4b6f6000 	C:\Windows\System32\iertutil.dll
0x00007ffb23f10000 - 0x00007ffb23f69000 	C:\Users\mdeej\AppData\Local\Temp\lwjglmdeej\3.2.3-build-13\lwjgl_opengl.dll
0x00007ffb0f660000 - 0x00007ffb0f8b3000 	C:\Users\mdeej\AppData\Local\Temp\lwjglmdeej\3.2.3-build-13\jemalloc.dll
0x00007ffb06740000 - 0x00007ffb068da000 	C:\Program Files\Java\jdk1.8.0_251\jre\bin\awt.dll
0x00007ffb56ca0000 - 0x00007ffb56d2f000 	C:\Windows\SYSTEM32\apphelp.dll
0x00007ffb58230000 - 0x00007ffb58424000 	C:\Windows\SYSTEM32\dbghelp.dll

VM Arguments:
jvm_args: -XX:+UnlockCommercialFeatures -javaagent:C:\Program Files\JetBrains\IntelliJ IDEA 2019.3.4\lib\idea_rt.jar=65491:C:\Program Files\JetBrains\IntelliJ IDEA 2019.3.4\bin -Dfile.encoding=UTF-8 
java_command: com.mikedeejay2.voxel.game.Main
java_class_path (initial): C:\Program Files\Java\jdk1.8.0_251\jre\lib\charsets.jar;C:\Program Files\Java\jdk1.8.0_251\jre\lib\deploy.jar;C:\Program Files\Java\jdk1.8.0_251\jre\lib\ext\access-bridge-64.jar;C:\Program Files\Java\jdk1.8.0_251\jre\lib\ext\cldrdata.jar;C:\Program Files\Java\jdk1.8.0_251\jre\lib\ext\dnsns.jar;C:\Program Files\Java\jdk1.8.0_251\jre\lib\ext\jaccess.jar;C:\Program Files\Java\jdk1.8.0_251\jre\lib\ext\jfxrt.jar;C:\Program Files\Java\jdk1.8.0_251\jre\lib\ext\localedata.jar;C:\Program Files\Java\jdk1.8.0_251\jre\lib\ext\nashorn.jar;C:\Program Files\Java\jdk1.8.0_251\jre\lib\ext\sunec.jar;C:\Program Files\Java\jdk1.8.0_251\jre\lib\ext\sunjce_provider.jar;C:\Program Files\Java\jdk1.8.0_251\jre\lib\ext\sunmscapi.jar;C:\Program Files\Java\jdk1.8.0_251\jre\lib\ext\sunpkcs11.jar;C:\Program Files\Java\jdk1.8.0_251\jre\lib\ext\zipfs.jar;C:\Program Files\Java\jdk1.8.0_251\jre\lib\javaws.jar;C:\Program Files\Java\jdk1.8.0_251\jre\lib\jce.jar;C:\Program Files\Java\jdk1.8.0_251\jre\lib\jfr.jar;C:\Program Files\Java\jdk1.8.0_251\jre\lib\jfxswt.jar;C:\Program Files\Java\jdk1.8.0_251\jre\lib\jsse.jar;C:\Program Files\Java\jdk1.8.0_251\jre\lib\management-agent.jar;C:\Program Files\Java\jdk1.8.0_251\jre\lib\plugin.jar;C:\Program Files\Java\jdk1.8.0_251\jre\lib\resources.jar;C:\Program Files\Java\jdk1.8.0_251\jre\lib\rt.jar;C:\Users\mdeej\IdeaProjects\APCSP\out\production\APCSP;C:\Users\mdeej\IdeaProjects\APCSP\libs\lwjgl.jar;C:\Users\mdeej\IdeaProjects\APCSP\libs\lwjgl-egl.jar;C:\Users\mdeej\IdeaProjects\APCSP\libs\lwjgl-lz4.jar;C:\Users\mdeej\IdeaProjects\APCSP\libs\lwjgl-nfd.jar;C:\Users\mdeej\IdeaProjects\APCSP\libs\lwjgl-ovr.jar;C:\Users\mdeej\IdeaProjects\APCSP\libs\lwjgl-par.jar;C:\Users\mdeej\IdeaProjects\APCSP\libs\lwjgl-sse.jar;C:\Users\mdeej\IdeaProjects\APCSP\libs\lwjgl-stb.jar;C:\Users\mdeej\IdeaProjects\APCSP\libs\lwjgl-vma.jar;C:\Users\mdeej\IdeaProjects\APCSP\libs\lwjgl-bgfx.jar;C:\Users\mdeej\IdeaProjects\APCSP\libs\lwjgl-cuda.jar;C:\Users\mdee
Launcher Type: SUN_STANDARD

Environment Variables:
PATH=C:\Program Files (x86)\Common Files\Intel\Shared Libraries\redist\intel64\compiler;C:\Windows\system32;C:\Windows;C:\Windows\System32\Wbem;C:\Windows\System32\WindowsPowerShell\v1.0\;C:\Windows\System32\OpenSSH\;C:\Program Files\NVIDIA Corporation\NVIDIA NvDLISR;C:\Program Files (x86)\NVIDIA Corporation\PhysX\Common;C:\Program Files (x86)\QuickTime\QTSystem\;C:\Users\mdeej\AppData\Local\Microsoft\WindowsApps;
USERNAME=mdeej
OS=Windows_NT
PROCESSOR_IDENTIFIER=Intel64 Family 6 Model 158 Stepping 10, GenuineIntel



---------------  S Y S T E M  ---------------

OS: Windows 10.0 , 64 bit Build 18362 (10.0.18362.778)

CPU:total 12 (initial active 12) (6 cores per cpu, 2 threads per core) family 6 model 158 stepping 10, cmov, cx8, fxsr, mmx, sse, sse2, sse3, ssse3, sse4.1, sse4.2, popcnt, avx, avx2, aes, clmul, erms, rtm, 3dnowpref, lzcnt, ht, tsc, tscinvbit, bmi1, bmi2, adx

Memory: 4k page, physical 33487264k(16545820k free), swap 98498976k(73005396k free)

vm_info: Java HotSpot(TM) 64-Bit Server VM (25.251-b08) for windows-amd64 JRE (1.8.0_251-b08), built on Mar 12 2020 06:31:49 by "" with MS VC++ 10.0 (VS2010)

time: Wed May 06 22:22:33 2020
timezone: Eastern Daylight Time
elapsed time: 97 seconds (0d 0h 1m 37s)

