#
# A fatal error has been detected by the Java Runtime Environment:
#
#  EXCEPTION_ACCESS_VIOLATION (0xc0000005) at pc=0x0000000031ddfee9, pid=25308, tid=0x0000000000001d64
#
# JRE version: Java(TM) SE Runtime Environment (8.0_251-b08) (build 1.8.0_251-b08)
# Java VM: Java HotSpot(TM) 64-Bit Server VM (25.251-b08 mixed mode windows-amd64 compressed oops)
# Problematic frame:
# C  0x0000000031ddfee9
#
# Failed to write core dump. Minidumps are not enabled by default on client versions of Windows
#
# If you would like to submit a bug report, please visit:
#   http://bugreport.java.com/bugreport/crash.jsp
# The crash happened outside the Java Virtual Machine in native code.
# See problematic frame for where to report the bug.
#

---------------  T H R E A D  ---------------

Current thread (0x0000000002907000):  JavaThread "main" [_thread_in_native, id=7524, stack(0x0000000002700000,0x0000000002800000)]

siginfo: ExceptionCode=0xc0000005, reading address 0x0000000000000024

Registers:
RAX=0x0000000040d65b80, RBX=0x000000002f810000, RCX=0x0000000000000003, RDX=0x0000000037ead144
RSP=0x00000000027feea0, RBP=0x0000000000000000, RSI=0x0000000000000024, RDI=0x0000000000000009
R8 =0x0000000037ead140, R9 =0x000000000000001e, R10=0x000000002f8928b0, R11=0x0000000037ead1b8
R12=0x000000000000001e, R13=0x00000000000003c0, R14=0x0000000000000000, R15=0x0000000040d65b80
RIP=0x0000000031ddfee9, EFLAGS=0x0000000000010206

Top of Stack: (sp=0x00000000027feea0)
0x00000000027feea0:   000000000d365f40 000000002b36d950
0x00000000027feeb0:   000000000000001e 0000000000000000
0x00000000027feec0:   000000002f810000 00007ffaf2d16418
0x00000000027feed0:   00000000000003c0 000000002f810000
0x00000000027feee0:   000000000000001e 00000000000003c0
0x00000000027feef0:   0000000000000000 00007ffaf2b871d5
0x00000000027fef00:   00000000027fef90 00000000027fef90
0x00000000027fef10:   0000000000000000 0000000040d65b80
0x00000000027fef20:   0000000000000000 0000000000000000
0x00000000027fef30:   0000000037ead140 000000000000001e
0x00000000027fef40:   0000000031ddfe40 0000000037fe8f68
0x00000000027fef50:   0000000000000000 000000002b36d950
0x00000000027fef60:   000000002b2e8920 00000000027ff0c0
0x00000000027fef70:   0000000000000000 0000000000000000
0x00000000027fef80:   0000000000000000 0000000100000001
0x00000000027fef90:   00000000000000c0 0000000000000008 

Instructions: (pc=0x0000000031ddfee9)
0x0000000031ddfec9:   0c 89 68 10 48 be 08 c6 86 2f 00 00 00 00 48 8b
0x0000000031ddfed9:   36 48 8b b6 68 03 00 00 48 8d 3c 49 48 8d 34 be
0x0000000031ddfee9:   8b 3e 8b 6e 04 89 78 14 89 68 18 8b 7e 08 89 78
0x0000000031ddfef9:   1c 48 83 c0 20 49 3b d3 0f 85 64 ff ff ff 48 8b 


Register to memory mapping:

RAX=0x0000000040d65b80 is an unknown value
RBX=0x000000002f810000 is an unknown value
RCX=0x0000000000000003 is an unknown value
RDX=0x0000000037ead144 is an unknown value
RSP=0x00000000027feea0 is pointing into the stack for thread: 0x0000000002907000
RBP=0x0000000000000000 is an unknown value
RSI=0x0000000000000024 is an unknown value
RDI=0x0000000000000009 is an unknown value
R8 =0x0000000037ead140 is an unknown value
R9 =0x000000000000001e is an unknown value
R10=0x000000002f8928b0 is an unknown value
R11=0x0000000037ead1b8 is an unknown value
R12=0x000000000000001e is an unknown value
R13=0x00000000000003c0 is an unknown value
R14=0x0000000000000000 is an unknown value
R15=0x0000000040d65b80 is an unknown value


Stack: [0x0000000002700000,0x0000000002800000],  sp=0x00000000027feea0,  free space=1019k
Native frames: (J=compiled Java code, j=interpreted, Vv=VM code, C=native code)

Java frames: (J=compiled Java code, j=interpreted, Vv=VM code)
J 1052  org.lwjgl.opengl.GL11C.nglDrawElements(IIIJ)V (0 bytes) @ 0x0000000002e6390e [0x0000000002e638c0+0x4e]
J 1235 C2 com.mikedeejay2.voxel.engine.graphics.renderers.Renderer.render(Ljava/util/Map;)V (111 bytes) @ 0x00000000030132c4 [0x0000000003013120+0x1a4]
J 1390% C2 com.mikedeejay2.voxel.engine.core.CoreEngine.run()V (214 bytes) @ 0x00000000031c06c4 [0x00000000031c00a0+0x624]
j  com.mikedeejay2.voxel.engine.core.CoreEngine.start()V+9
j  com.mikedeejay2.voxel.game.Main.start()V+29
j  com.mikedeejay2.voxel.game.Main.main([Ljava/lang/String;)V+7
v  ~StubRoutines::call_stub

---------------  P R O C E S S  ---------------

Java Threads: ( => current thread )
  0x0000000032c64800 JavaThread "world" [_thread_blocked, id=19072, stack(0x0000000033e20000,0x0000000033f20000)]
  0x0000000029071800 JavaThread "chunkConsumer" [_thread_in_Java, id=20796, stack(0x0000000033d20000,0x0000000033e20000)]
  0x0000000032a15000 JavaThread "chunkProducer" [_thread_blocked, id=9112, stack(0x0000000033c20000,0x0000000033d20000)]
  0x000000003280c800 JavaThread "Java2D Disposer" daemon [_thread_blocked, id=17888, stack(0x0000000033910000,0x0000000033a10000)]
  0x0000000028c09000 JavaThread "Service Thread" daemon [_thread_blocked, id=21752, stack(0x00000000296c0000,0x00000000297c0000)]
  0x0000000028b60800 JavaThread "C1 CompilerThread3" daemon [_thread_blocked, id=25568, stack(0x00000000295c0000,0x00000000296c0000)]
  0x0000000028b60000 JavaThread "C2 CompilerThread2" daemon [_thread_blocked, id=4520, stack(0x00000000294c0000,0x00000000295c0000)]
  0x0000000028b5f000 JavaThread "C2 CompilerThread1" daemon [_thread_blocked, id=23484, stack(0x00000000293c0000,0x00000000294c0000)]
  0x0000000028b5c800 JavaThread "C2 CompilerThread0" daemon [_thread_blocked, id=9156, stack(0x00000000292c0000,0x00000000293c0000)]
  0x0000000028b5b000 JavaThread "Monitor Ctrl-Break" daemon [_thread_in_native, id=20968, stack(0x00000000291c0000,0x00000000292c0000)]
  0x0000000027368000 JavaThread "Attach Listener" daemon [_thread_blocked, id=26620, stack(0x00000000288c0000,0x00000000289c0000)]
  0x0000000027367000 JavaThread "Signal Dispatcher" daemon [_thread_blocked, id=2576, stack(0x00000000287c0000,0x00000000288c0000)]
  0x0000000025c83800 JavaThread "Finalizer" daemon [_thread_blocked, id=10132, stack(0x00000000285c0000,0x00000000286c0000)]
  0x0000000025c7d800 JavaThread "Reference Handler" daemon [_thread_blocked, id=20116, stack(0x00000000284c0000,0x00000000285c0000)]
=>0x0000000002907000 JavaThread "main" [_thread_in_native, id=7524, stack(0x0000000002700000,0x0000000002800000)]

Other Threads:
  0x00000000029fd000 VMThread [stack: 0x00000000283c0000,0x00000000284c0000] [id=24188]
  0x0000000028c5c000 WatcherThread [stack: 0x00000000297c0000,0x00000000298c0000] [id=16392]

VM state:not at safepoint (normal execution)

VM Mutex/Monitor currently owned by a thread: None

heap address: 0x00000005c1000000, size: 8176 MB, Compressed Oops mode: Zero based, Oop shift amount: 3
Narrow klass base: 0x0000000000000000, Narrow klass shift: 3
Compressed class space size: 1073741824 Address: 0x00000007c0000000

Heap:
 PSYoungGen      total 43008K, used 26969K [0x0000000715b00000, 0x0000000718700000, 0x00000007c0000000)
  eden space 40960K, 63% used [0x0000000715b00000,0x00000007174453c8,0x0000000718300000)
  from space 2048K, 53% used [0x0000000718500000,0x0000000718611278,0x0000000718700000)
  to   space 2048K, 0% used [0x0000000718300000,0x0000000718300000,0x0000000718500000)
 ParOldGen       total 349696K, used 276166K [0x00000005c1000000, 0x00000005d6580000, 0x0000000715b00000)
  object space 349696K, 78% used [0x00000005c1000000,0x00000005d1db1850,0x00000005d6580000)
 Metaspace       used 13231K, capacity 13401K, committed 13696K, reserved 1062912K
  class space    used 1028K, capacity 1097K, committed 1152K, reserved 1048576K

Card table byte_map: [0x0000000011dc0000,0x0000000012dc0000] byte_map_base: 0x000000000efb8000

Marking Bits: (ParMarkBitMap*) 0x0000000075a7af90
 Begin Bits: [0x0000000014270000, 0x000000001c230000)
 End Bits:   [0x000000001c230000, 0x00000000241f0000)

Polling page: 0x0000000000740000

CodeCache: size=245760Kb used=5791Kb max_used=8538Kb free=239968Kb
 bounds [0x0000000002a00000, 0x0000000003270000, 0x0000000011a00000]
 total_blobs=2187 nmethods=1179 adapters=921
 compilation: enabled

Compilation events (10 events):
Event: 30.162 Thread 0x0000000028b60800 1459   !   3       com.mikedeejay2.voxel.game.world.World::unloadOldChunks (260 bytes)
Event: 30.162 Thread 0x0000000028b60800 nmethod 1459 0x0000000002d67dd0 code [0x0000000002d68020, 0x0000000002d68f78]
Event: 30.163 Thread 0x0000000028b60800 1460       3       java.util.HashMap$TreeNode::balanceDeletion (492 bytes)
Event: 30.164 Thread 0x0000000028b60800 nmethod 1460 0x0000000002bdc950 code [0x0000000002bdcbc0, 0x0000000002bddaf8]
Event: 30.167 Thread 0x0000000028b60800 1461 % !   3       com.mikedeejay2.voxel.game.world.World::unloadOldChunks @ 31 (260 bytes)
Event: 30.168 Thread 0x0000000028b60800 nmethod 1461% 0x0000000002ea1f90 code [0x0000000002ea21e0, 0x0000000002ea31d8]
Event: 31.167 Thread 0x0000000028b5c800 1462 % !   4       com.mikedeejay2.voxel.game.world.World::unloadOldChunks @ 31 (260 bytes)
Event: 31.182 Thread 0x0000000028b5c800 nmethod 1462% 0x0000000002cee490 code [0x0000000002cee680, 0x0000000002cef968]
Event: 31.317 Thread 0x0000000028b5f000 1463   !   4       com.mikedeejay2.voxel.game.world.World::unloadOldChunks (260 bytes)
Event: 31.339 Thread 0x0000000028b5f000 nmethod 1463 0x0000000002e041d0 code [0x0000000002e04400, 0x0000000002e05a08]

GC Heap History (10 events):
Event: 31.134 GC heap before
{Heap before GC invocations=158 (full 0):
 PSYoungGen      total 43008K, used 42052K [0x0000000715b00000, 0x0000000718700000, 0x00000007c0000000)
  eden space 40960K, 100% used [0x0000000715b00000,0x0000000718300000,0x0000000718300000)
  from space 2048K, 53% used [0x0000000718300000,0x0000000718411278,0x0000000718500000)
  to   space 2048K, 0% used [0x0000000718500000,0x0000000718500000,0x0000000718700000)
 ParOldGen       total 349696K, used 271950K [0x00000005c1000000, 0x00000005d6580000, 0x0000000715b00000)
  object space 349696K, 77% used [0x00000005c1000000,0x00000005d1993850,0x00000005d6580000)
 Metaspace       used 13231K, capacity 13401K, committed 13696K, reserved 1062912K
  class space    used 1028K, capacity 1097K, committed 1152K, reserved 1048576K
Event: 31.135 GC heap after
Heap after GC invocations=158 (full 0):
 PSYoungGen      total 43008K, used 996K [0x0000000715b00000, 0x0000000718700000, 0x00000007c0000000)
  eden space 40960K, 0% used [0x0000000715b00000,0x0000000715b00000,0x0000000718300000)
  from space 2048K, 48% used [0x0000000718500000,0x00000007185f9278,0x0000000718700000)
  to   space 2048K, 0% used [0x0000000718300000,0x0000000718300000,0x0000000718500000)
 ParOldGen       total 349696K, used 272862K [0x00000005c1000000, 0x00000005d6580000, 0x0000000715b00000)
  object space 349696K, 78% used [0x00000005c1000000,0x00000005d1a77850,0x00000005d6580000)
 Metaspace       used 13231K, capacity 13401K, committed 13696K, reserved 1062912K
  class space    used 1028K, capacity 1097K, committed 1152K, reserved 1048576K
}
Event: 31.257 GC heap before
{Heap before GC invocations=159 (full 0):
 PSYoungGen      total 43008K, used 41956K [0x0000000715b00000, 0x0000000718700000, 0x00000007c0000000)
  eden space 40960K, 100% used [0x0000000715b00000,0x0000000718300000,0x0000000718300000)
  from space 2048K, 48% used [0x0000000718500000,0x00000007185f9278,0x0000000718700000)
  to   space 2048K, 0% used [0x0000000718300000,0x0000000718300000,0x0000000718500000)
 ParOldGen       total 349696K, used 272862K [0x00000005c1000000, 0x00000005d6580000, 0x0000000715b00000)
  object space 349696K, 78% used [0x00000005c1000000,0x00000005d1a77850,0x00000005d6580000)
 Metaspace       used 13231K, capacity 13401K, committed 13696K, reserved 1062912K
  class space    used 1028K, capacity 1097K, committed 1152K, reserved 1048576K
Event: 31.258 GC heap after
Heap after GC invocations=159 (full 0):
 PSYoungGen      total 43008K, used 1060K [0x0000000715b00000, 0x0000000718700000, 0x00000007c0000000)
  eden space 40960K, 0% used [0x0000000715b00000,0x0000000715b00000,0x0000000718300000)
  from space 2048K, 51% used [0x0000000718300000,0x0000000718409278,0x0000000718500000)
  to   space 2048K, 0% used [0x0000000718500000,0x0000000718500000,0x0000000718700000)
 ParOldGen       total 349696K, used 273630K [0x00000005c1000000, 0x00000005d6580000, 0x0000000715b00000)
  object space 349696K, 78% used [0x00000005c1000000,0x00000005d1b37850,0x00000005d6580000)
 Metaspace       used 13231K, capacity 13401K, committed 13696K, reserved 1062912K
  class space    used 1028K, capacity 1097K, committed 1152K, reserved 1048576K
}
Event: 31.391 GC heap before
{Heap before GC invocations=160 (full 0):
 PSYoungGen      total 43008K, used 42020K [0x0000000715b00000, 0x0000000718700000, 0x00000007c0000000)
  eden space 40960K, 100% used [0x0000000715b00000,0x0000000718300000,0x0000000718300000)
  from space 2048K, 51% used [0x0000000718300000,0x0000000718409278,0x0000000718500000)
  to   space 2048K, 0% used [0x0000000718500000,0x0000000718500000,0x0000000718700000)
 ParOldGen       total 349696K, used 273630K [0x00000005c1000000, 0x00000005d6580000, 0x0000000715b00000)
  object space 349696K, 78% used [0x00000005c1000000,0x00000005d1b37850,0x00000005d6580000)
 Metaspace       used 13231K, capacity 13401K, committed 13696K, reserved 1062912K
  class space    used 1028K, capacity 1097K, committed 1152K, reserved 1048576K
Event: 31.392 GC heap after
Heap after GC invocations=160 (full 0):
 PSYoungGen      total 43008K, used 996K [0x0000000715b00000, 0x0000000718700000, 0x00000007c0000000)
  eden space 40960K, 0% used [0x0000000715b00000,0x0000000715b00000,0x0000000718300000)
  from space 2048K, 48% used [0x0000000718500000,0x00000007185f9278,0x0000000718700000)
  to   space 2048K, 0% used [0x0000000718300000,0x0000000718300000,0x0000000718500000)
 ParOldGen       total 349696K, used 274510K [0x00000005c1000000, 0x00000005d6580000, 0x0000000715b00000)
  object space 349696K, 78% used [0x00000005c1000000,0x00000005d1c13850,0x00000005d6580000)
 Metaspace       used 13231K, capacity 13401K, committed 13696K, reserved 1062912K
  class space    used 1028K, capacity 1097K, committed 1152K, reserved 1048576K
}
Event: 31.517 GC heap before
{Heap before GC invocations=161 (full 0):
 PSYoungGen      total 43008K, used 41956K [0x0000000715b00000, 0x0000000718700000, 0x00000007c0000000)
  eden space 40960K, 100% used [0x0000000715b00000,0x0000000718300000,0x0000000718300000)
  from space 2048K, 48% used [0x0000000718500000,0x00000007185f9278,0x0000000718700000)
  to   space 2048K, 0% used [0x0000000718300000,0x0000000718300000,0x0000000718500000)
 ParOldGen       total 349696K, used 274510K [0x00000005c1000000, 0x00000005d6580000, 0x0000000715b00000)
  object space 349696K, 78% used [0x00000005c1000000,0x00000005d1c13850,0x00000005d6580000)
 Metaspace       used 13231K, capacity 13401K, committed 13696K, reserved 1062912K
  class space    used 1028K, capacity 1097K, committed 1152K, reserved 1048576K
Event: 31.518 GC heap after
Heap after GC invocations=161 (full 0):
 PSYoungGen      total 43008K, used 1060K [0x0000000715b00000, 0x0000000718700000, 0x00000007c0000000)
  eden space 40960K, 0% used [0x0000000715b00000,0x0000000715b00000,0x0000000718300000)
  from space 2048K, 51% used [0x0000000718300000,0x0000000718409278,0x0000000718500000)
  to   space 2048K, 0% used [0x0000000718500000,0x0000000718500000,0x0000000718700000)
 ParOldGen       total 349696K, used 275254K [0x00000005c1000000, 0x00000005d6580000, 0x0000000715b00000)
  object space 349696K, 78% used [0x00000005c1000000,0x00000005d1ccd850,0x00000005d6580000)
 Metaspace       used 13231K, capacity 13401K, committed 13696K, reserved 1062912K
  class space    used 1028K, capacity 1097K, committed 1152K, reserved 1048576K
}
Event: 31.635 GC heap before
{Heap before GC invocations=162 (full 0):
 PSYoungGen      total 43008K, used 42020K [0x0000000715b00000, 0x0000000718700000, 0x00000007c0000000)
  eden space 40960K, 100% used [0x0000000715b00000,0x0000000718300000,0x0000000718300000)
  from space 2048K, 51% used [0x0000000718300000,0x0000000718409278,0x0000000718500000)
  to   space 2048K, 0% used [0x0000000718500000,0x0000000718500000,0x0000000718700000)
 ParOldGen       total 349696K, used 275254K [0x00000005c1000000, 0x00000005d6580000, 0x0000000715b00000)
  object space 349696K, 78% used [0x00000005c1000000,0x00000005d1ccd850,0x00000005d6580000)
 Metaspace       used 13231K, capacity 13401K, committed 13696K, reserved 1062912K
  class space    used 1028K, capacity 1097K, committed 1152K, reserved 1048576K
Event: 31.636 GC heap after
Heap after GC invocations=162 (full 0):
 PSYoungGen      total 43008K, used 1092K [0x0000000715b00000, 0x0000000718700000, 0x00000007c0000000)
  eden space 40960K, 0% used [0x0000000715b00000,0x0000000715b00000,0x0000000718300000)
  from space 2048K, 53% used [0x0000000718500000,0x0000000718611278,0x0000000718700000)
  to   space 2048K, 0% used [0x0000000718300000,0x0000000718300000,0x0000000718500000)
 ParOldGen       total 349696K, used 276166K [0x00000005c1000000, 0x00000005d6580000, 0x0000000715b00000)
  object space 349696K, 78% used [0x00000005c1000000,0x00000005d1db1850,0x00000005d6580000)
 Metaspace       used 13231K, capacity 13401K, committed 13696K, reserved 1062912K
  class space    used 1028K, capacity 1097K, committed 1152K, reserved 1048576K
}

Deoptimization events (10 events):
Event: 9.157 Thread 0x0000000029071800 Uncommon trap: reason=unstable_if action=reinterpret pc=0x00000000031ac87c method=com.mikedeejay2.voxel.game.world.chunk.mesh.ChunkMeshGenerator.genBrightnessWithChunkLoc(Lcom/mikedeejay2/voxel/game/world/World;Lcom/mikedeejay2/voxel/game/world/chunk/Chun
Event: 13.990 Thread 0x0000000002907000 Uncommon trap: reason=unstable_if action=reinterpret pc=0x00000000031a20fc method=com.mikedeejay2.voxel.engine.graphics.objects.Camera.input(F)V @ 137
Event: 17.624 Thread 0x0000000029071800 Uncommon trap: reason=unstable_if action=reinterpret pc=0x00000000031f535c method=com.mikedeejay2.voxel.game.world.chunk.mesh.ChunkMeshGenerator.genBrightnessWithChunkLoc(Lcom/mikedeejay2/voxel/game/world/World;Lcom/mikedeejay2/voxel/game/world/chunk/Chun
Event: 19.848 Thread 0x0000000002907000 Uncommon trap: reason=unstable_if action=reinterpret pc=0x00000000031f2ba0 method=com.mikedeejay2.voxel.game.world.World.unloadOldChunks()V @ 172
Event: 19.848 Thread 0x0000000002907000 Uncommon trap: reason=unstable_if action=reinterpret pc=0x0000000002e73edc method=java.util.HashMap$TreeNode.find(ILjava/lang/Object;Ljava/lang/Class;)Ljava/util/HashMap$TreeNode; @ 58
Event: 19.848 Thread 0x0000000002907000 Uncommon trap: reason=unstable_if action=reinterpret pc=0x00000000031a33cc method=com.mikedeejay2.voxel.game.world.World.unloadOldChunks()V @ 172
Event: 27.257 Thread 0x0000000002907000 Uncommon trap: reason=unstable_if action=reinterpret pc=0x00000000031e960c method=com.mikedeejay2.voxel.engine.graphics.objects.Camera.input(F)V @ 205
Event: 28.689 Thread 0x0000000002907000 Uncommon trap: reason=unstable_if action=reinterpret pc=0x0000000002be96c4 method=com.mikedeejay2.voxel.engine.graphics.objects.Camera.input(F)V @ 442
Event: 30.160 Thread 0x0000000002907000 Uncommon trap: reason=unstable_if action=reinterpret pc=0x0000000003241624 method=com.mikedeejay2.voxel.game.world.World.unloadOldChunks()V @ 151
Event: 30.162 Thread 0x0000000002907000 Uncommon trap: reason=unstable_if action=reinterpret pc=0x0000000002beacc0 method=com.mikedeejay2.voxel.game.world.World.unloadOldChunks()V @ 151

Classes redefined (0 events):
No events

Internal exceptions (10 events):
Event: 0.233 Thread 0x0000000002907000 Exception <a 'sun/nio/fs/WindowsException'> (0x00000007168c62e0) thrown at [C:\jenkins\workspace\8-2-build-windows-amd64-cygwin\jdk8u251\737\hotspot\src\share\vm\prims\jni.cpp, line 710]
Event: 0.237 Thread 0x0000000002907000 Exception <a 'sun/nio/fs/WindowsException'> (0x00000007168f5a50) thrown at [C:\jenkins\workspace\8-2-build-windows-amd64-cygwin\jdk8u251\737\hotspot\src\share\vm\prims\jni.cpp, line 710]
Event: 0.237 Thread 0x0000000002907000 Exception <a 'sun/nio/fs/WindowsException'> (0x00000007168f6130) thrown at [C:\jenkins\workspace\8-2-build-windows-amd64-cygwin\jdk8u251\737\hotspot\src\share\vm\prims\jni.cpp, line 710]
Event: 0.634 Thread 0x0000000002907000 Exception <a 'sun/nio/fs/WindowsException'> (0x0000000716a5fac8) thrown at [C:\jenkins\workspace\8-2-build-windows-amd64-cygwin\jdk8u251\737\hotspot\src\share\vm\prims\jni.cpp, line 710]
Event: 0.634 Thread 0x0000000002907000 Exception <a 'sun/nio/fs/WindowsException'> (0x0000000716a60208) thrown at [C:\jenkins\workspace\8-2-build-windows-amd64-cygwin\jdk8u251\737\hotspot\src\share\vm\prims\jni.cpp, line 710]
Event: 0.636 Thread 0x0000000002907000 Exception <a 'sun/nio/fs/WindowsException'> (0x0000000716a777f0) thrown at [C:\jenkins\workspace\8-2-build-windows-amd64-cygwin\jdk8u251\737\hotspot\src\share\vm\prims\jni.cpp, line 710]
Event: 0.636 Thread 0x0000000002907000 Exception <a 'sun/nio/fs/WindowsException'> (0x0000000716a77de8) thrown at [C:\jenkins\workspace\8-2-build-windows-amd64-cygwin\jdk8u251\737\hotspot\src\share\vm\prims\jni.cpp, line 710]
Event: 0.681 Thread 0x0000000002907000 Exception <a 'sun/nio/fs/WindowsException'> (0x0000000716c30d58) thrown at [C:\jenkins\workspace\8-2-build-windows-amd64-cygwin\jdk8u251\737\hotspot\src\share\vm\prims\jni.cpp, line 710]
Event: 0.681 Thread 0x0000000002907000 Exception <a 'sun/nio/fs/WindowsException'> (0x0000000716c31488) thrown at [C:\jenkins\workspace\8-2-build-windows-amd64-cygwin\jdk8u251\737\hotspot\src\share\vm\prims\jni.cpp, line 710]
Event: 0.883 Thread 0x0000000002907000 Exception <a 'java/io/FileNotFoundException'> (0x000000071776fef0) thrown at [C:\jenkins\workspace\8-2-build-windows-amd64-cygwin\jdk8u251\737\hotspot\src\share\vm\prims\jni.cpp, line 710]

Events (10 events):
Event: 31.339 Thread 0x0000000028b5f000 flushing nmethod 0x00000000030ae290
Event: 31.339 Thread 0x0000000028b5f000 flushing nmethod 0x00000000030d9790
Event: 31.339 Thread 0x0000000028b5f000 flushing nmethod 0x0000000003107890
Event: 31.339 Thread 0x0000000028b5f000 flushing nmethod 0x0000000003129290
Event: 31.391 Executing VM operation: ParallelGCFailedAllocation
Event: 31.392 Executing VM operation: ParallelGCFailedAllocation done
Event: 31.517 Executing VM operation: ParallelGCFailedAllocation
Event: 31.518 Executing VM operation: ParallelGCFailedAllocation done
Event: 31.635 Executing VM operation: ParallelGCFailedAllocation
Event: 31.636 Executing VM operation: ParallelGCFailedAllocation done


Dynamic libraries:
0x00007ff734420000 - 0x00007ff734457000 	C:\Program Files\Java\jdk1.8.0_251\bin\java.exe
0x00007ffb5cc00000 - 0x00007ffb5cdf0000 	C:\Windows\SYSTEM32\ntdll.dll
0x00007ffb5b5b0000 - 0x00007ffb5b662000 	C:\Windows\System32\KERNEL32.DLL
0x00007ffb5aa00000 - 0x00007ffb5aca3000 	C:\Windows\System32\KERNELBASE.dll
0x00007ffb5c1d0000 - 0x00007ffb5c273000 	C:\Windows\System32\ADVAPI32.dll
0x00007ffb5b510000 - 0x00007ffb5b5ae000 	C:\Windows\System32\msvcrt.dll
0x00007ffb5c660000 - 0x00007ffb5c6f7000 	C:\Windows\System32\sechost.dll
0x00007ffb5c0b0000 - 0x00007ffb5c1d0000 	C:\Windows\System32\RPCRT4.dll
0x00007ffb5b2c0000 - 0x00007ffb5b454000 	C:\Windows\System32\USER32.dll
0x00007ffb5a630000 - 0x00007ffb5a651000 	C:\Windows\System32\win32u.dll
0x00007ffb5bf20000 - 0x00007ffb5bf46000 	C:\Windows\System32\GDI32.dll
0x00007ffb5a660000 - 0x00007ffb5a7f4000 	C:\Windows\System32\gdi32full.dll
0x00007ffb59b90000 - 0x00007ffb59c2e000 	C:\Windows\System32\msvcp_win.dll
0x00007ffb5a530000 - 0x00007ffb5a62a000 	C:\Windows\System32\ucrtbase.dll
0x00007ffb43fc0000 - 0x00007ffb44245000 	C:\Windows\WinSxS\amd64_microsoft.windows.common-controls_6595b64144ccf1df_6.0.18362.778_none_e6c6b761130d4fb8\COMCTL32.dll
0x00007ffb5c760000 - 0x00007ffb5ca96000 	C:\Windows\System32\combase.dll
0x00007ffb5a980000 - 0x00007ffb5aa00000 	C:\Windows\System32\bcryptPrimitives.dll
0x00007ffb5b1a0000 - 0x00007ffb5b1ce000 	C:\Windows\System32\IMM32.DLL
0x0000000075b00000 - 0x0000000075bd2000 	C:\Program Files\Java\jdk1.8.0_251\jre\bin\msvcr100.dll
0x0000000075250000 - 0x0000000075afb000 	C:\Program Files\Java\jdk1.8.0_251\jre\bin\server\jvm.dll
0x00007ffb5bf50000 - 0x00007ffb5bf58000 	C:\Windows\System32\PSAPI.DLL
0x00007ffb56760000 - 0x00007ffb56784000 	C:\Windows\SYSTEM32\WINMM.dll
0x00007ffb54630000 - 0x00007ffb5463a000 	C:\Windows\SYSTEM32\VERSION.dll
0x00007ffb49340000 - 0x00007ffb49349000 	C:\Windows\SYSTEM32\WSOCK32.dll
0x00007ffb5bfe0000 - 0x00007ffb5c04f000 	C:\Windows\System32\WS2_32.dll
0x00007ffb562d0000 - 0x00007ffb562fd000 	C:\Windows\SYSTEM32\winmmbase.dll
0x00007ffb5a8d0000 - 0x00007ffb5a91a000 	C:\Windows\System32\cfgmgr32.dll
0x00007ffb492c0000 - 0x00007ffb492cf000 	C:\Program Files\Java\jdk1.8.0_251\jre\bin\verify.dll
0x00007ffb435f0000 - 0x00007ffb43619000 	C:\Program Files\Java\jdk1.8.0_251\jre\bin\java.dll
0x00007ffb241a0000 - 0x00007ffb241c3000 	C:\Program Files\Java\jdk1.8.0_251\jre\bin\instrument.dll
0x00007ffb435d0000 - 0x00007ffb435e6000 	C:\Program Files\Java\jdk1.8.0_251\jre\bin\zip.dll
0x00007ffb5b670000 - 0x00007ffb5bd55000 	C:\Windows\System32\SHELL32.dll
0x00007ffb5b460000 - 0x00007ffb5b509000 	C:\Windows\System32\shcore.dll
0x00007ffb59db0000 - 0x00007ffb5a530000 	C:\Windows\System32\windows.storage.dll
0x00007ffb59b60000 - 0x00007ffb59b83000 	C:\Windows\System32\profapi.dll
0x00007ffb59af0000 - 0x00007ffb59b3a000 	C:\Windows\System32\powrprof.dll
0x00007ffb59ac0000 - 0x00007ffb59ad0000 	C:\Windows\System32\UMPDC.dll
0x00007ffb5c700000 - 0x00007ffb5c752000 	C:\Windows\System32\shlwapi.dll
0x00007ffb59ad0000 - 0x00007ffb59ae1000 	C:\Windows\System32\kernel.appcore.dll
0x00007ffb5a8b0000 - 0x00007ffb5a8c7000 	C:\Windows\System32\cryptsp.dll
0x00007ffb24180000 - 0x00007ffb2419a000 	C:\Program Files\JetBrains\IntelliJ IDEA 2019.3.4\bin\breakgen64.dll
0x00007ffb24160000 - 0x00007ffb2417a000 	C:\Program Files\Java\jdk1.8.0_251\jre\bin\net.dll
0x00007ffb59330000 - 0x00007ffb59397000 	C:\Windows\system32\mswsock.dll
0x00007ffb24140000 - 0x00007ffb24152000 	C:\Program Files\Java\jdk1.8.0_251\jre\bin\nio.dll
0x00007ffb240d0000 - 0x00007ffb24134000 	C:\Users\mdeej\AppData\Local\Temp\lwjglmdeej\3.2.3-build-13\lwjgl.dll
0x00007ffb24060000 - 0x00007ffb240c2000 	C:\Users\mdeej\AppData\Local\Temp\lwjglmdeej\3.2.3-build-13\glfw.dll
0x00007ffb56de0000 - 0x00007ffb56e79000 	C:\Windows\system32\uxtheme.dll
0x00007ffb2df10000 - 0x00007ffb2df53000 	C:\Windows\SYSTEM32\dinput8.dll
0x00007ffb2dbe0000 - 0x00007ffb2dbf1000 	C:\Windows\SYSTEM32\xinput1_4.dll
0x00007ffb598c0000 - 0x00007ffb598ea000 	C:\Windows\SYSTEM32\DEVOBJ.dll
0x00007ffb57520000 - 0x00007ffb5754d000 	C:\Windows\SYSTEM32\dwmapi.dll
0x00007ffb4f940000 - 0x00007ffb4fa5a000 	C:\Windows\SYSTEM32\inputhost.dll
0x00007ffb56300000 - 0x00007ffb563d4000 	C:\Windows\SYSTEM32\CoreMessaging.dll
0x00007ffb54e80000 - 0x00007ffb54fd3000 	C:\Windows\SYSTEM32\wintypes.dll
0x00007ffb53890000 - 0x00007ffb53bba000 	C:\Windows\SYSTEM32\CoreUIComponents.dll
0x00007ffb56090000 - 0x00007ffb5617f000 	C:\Windows\SYSTEM32\PROPSYS.dll
0x00007ffb5c3c0000 - 0x00007ffb5c484000 	C:\Windows\System32\OLEAUT32.dll
0x00007ffb58bd0000 - 0x00007ffb58c01000 	C:\Windows\SYSTEM32\ntmarta.dll
0x00007ffb5c280000 - 0x00007ffb5c3b6000 	C:\Windows\System32\MSCTF.dll
0x00007ffb58430000 - 0x00007ffb5843e000 	C:\Windows\SYSTEM32\HID.DLL
0x00007ffb5ad30000 - 0x00007ffb5b1a0000 	C:\Windows\System32\SETUPAPI.DLL
0x00007ffb59c30000 - 0x00007ffb59c56000 	C:\Windows\System32\bcrypt.dll
0x00007ffb5a920000 - 0x00007ffb5a97c000 	C:\Windows\System32\WINTRUST.dll
0x00007ffb59b40000 - 0x00007ffb59b52000 	C:\Windows\System32\MSASN1.dll
0x00007ffb59c60000 - 0x00007ffb59da9000 	C:\Windows\System32\CRYPT32.dll
0x00007ffafede0000 - 0x00007ffafef36000 	C:\Windows\SYSTEM32\opengl32.dll
0x00007ffb3e860000 - 0x00007ffb3e88c000 	C:\Windows\SYSTEM32\GLU32.dll
0x00007ffb587a0000 - 0x00007ffb587c0000 	C:\Windows\SYSTEM32\dxcore.dll
0x00007ffaf1fe0000 - 0x00007ffaf4704000 	C:\Windows\System32\DriverStore\FileRepository\nvaki.inf_amd64_149c0c4968822483\nvoglv64.dll
0x00007ffb5c500000 - 0x00007ffb5c657000 	C:\Windows\System32\ole32.dll
0x00007ffb54e60000 - 0x00007ffb54e73000 	C:\Windows\SYSTEM32\WTSAPI32.dll
0x00007ffb23280000 - 0x00007ffb23537000 	C:\Windows\system32\nvspcap64.dll
0x00007ffb58d70000 - 0x00007ffb58dcc000 	C:\Windows\SYSTEM32\WINSTA.dll
0x00007ffb4fa60000 - 0x00007ffb4fafe000 	C:\Windows\System32\TextInputFramework.dll
0x00007ffb4b450000 - 0x00007ffb4b6f6000 	C:\Windows\System32\iertutil.dll
0x00007ffb23f10000 - 0x00007ffb23f69000 	C:\Users\mdeej\AppData\Local\Temp\lwjglmdeej\3.2.3-build-13\lwjgl_opengl.dll
0x00007ffb0f660000 - 0x00007ffb0f8b3000 	C:\Users\mdeej\AppData\Local\Temp\lwjglmdeej\3.2.3-build-13\jemalloc.dll
0x00007ffb06740000 - 0x00007ffb068da000 	C:\Program Files\Java\jdk1.8.0_251\jre\bin\awt.dll
0x00007ffb56ca0000 - 0x00007ffb56d2f000 	C:\Windows\SYSTEM32\apphelp.dll
0x00007ffb58230000 - 0x00007ffb58424000 	C:\Windows\SYSTEM32\dbghelp.dll

VM Arguments:
jvm_args: -XX:+UnlockCommercialFeatures -javaagent:C:\Program Files\JetBrains\IntelliJ IDEA 2019.3.4\lib\idea_rt.jar=49323:C:\Program Files\JetBrains\IntelliJ IDEA 2019.3.4\bin -Dfile.encoding=UTF-8 
java_command: com.mikedeejay2.voxel.game.Main
java_class_path (initial): C:\Program Files\Java\jdk1.8.0_251\jre\lib\charsets.jar;C:\Program Files\Java\jdk1.8.0_251\jre\lib\deploy.jar;C:\Program Files\Java\jdk1.8.0_251\jre\lib\ext\access-bridge-64.jar;C:\Program Files\Java\jdk1.8.0_251\jre\lib\ext\cldrdata.jar;C:\Program Files\Java\jdk1.8.0_251\jre\lib\ext\dnsns.jar;C:\Program Files\Java\jdk1.8.0_251\jre\lib\ext\jaccess.jar;C:\Program Files\Java\jdk1.8.0_251\jre\lib\ext\jfxrt.jar;C:\Program Files\Java\jdk1.8.0_251\jre\lib\ext\localedata.jar;C:\Program Files\Java\jdk1.8.0_251\jre\lib\ext\nashorn.jar;C:\Program Files\Java\jdk1.8.0_251\jre\lib\ext\sunec.jar;C:\Program Files\Java\jdk1.8.0_251\jre\lib\ext\sunjce_provider.jar;C:\Program Files\Java\jdk1.8.0_251\jre\lib\ext\sunmscapi.jar;C:\Program Files\Java\jdk1.8.0_251\jre\lib\ext\sunpkcs11.jar;C:\Program Files\Java\jdk1.8.0_251\jre\lib\ext\zipfs.jar;C:\Program Files\Java\jdk1.8.0_251\jre\lib\javaws.jar;C:\Program Files\Java\jdk1.8.0_251\jre\lib\jce.jar;C:\Program Files\Java\jdk1.8.0_251\jre\lib\jfr.jar;C:\Program Files\Java\jdk1.8.0_251\jre\lib\jfxswt.jar;C:\Program Files\Java\jdk1.8.0_251\jre\lib\jsse.jar;C:\Program Files\Java\jdk1.8.0_251\jre\lib\management-agent.jar;C:\Program Files\Java\jdk1.8.0_251\jre\lib\plugin.jar;C:\Program Files\Java\jdk1.8.0_251\jre\lib\resources.jar;C:\Program Files\Java\jdk1.8.0_251\jre\lib\rt.jar;C:\Users\mdeej\IdeaProjects\APCSP\out\production\APCSP;C:\Users\mdeej\IdeaProjects\APCSP\libs\lwjgl.jar;C:\Users\mdeej\IdeaProjects\APCSP\libs\lwjgl-egl.jar;C:\Users\mdeej\IdeaProjects\APCSP\libs\lwjgl-lz4.jar;C:\Users\mdeej\IdeaProjects\APCSP\libs\lwjgl-nfd.jar;C:\Users\mdeej\IdeaProjects\APCSP\libs\lwjgl-ovr.jar;C:\Users\mdeej\IdeaProjects\APCSP\libs\lwjgl-par.jar;C:\Users\mdeej\IdeaProjects\APCSP\libs\lwjgl-sse.jar;C:\Users\mdeej\IdeaProjects\APCSP\libs\lwjgl-stb.jar;C:\Users\mdeej\IdeaProjects\APCSP\libs\lwjgl-vma.jar;C:\Users\mdeej\IdeaProjects\APCSP\libs\lwjgl-bgfx.jar;C:\Users\mdeej\IdeaProjects\APCSP\libs\lwjgl-cuda.jar;C:\Users\mdee
Launcher Type: SUN_STANDARD

Environment Variables:
PATH=C:\Program Files (x86)\Common Files\Intel\Shared Libraries\redist\intel64\compiler;C:\Windows\system32;C:\Windows;C:\Windows\System32\Wbem;C:\Windows\System32\WindowsPowerShell\v1.0\;C:\Windows\System32\OpenSSH\;C:\Program Files\NVIDIA Corporation\NVIDIA NvDLISR;C:\Program Files (x86)\NVIDIA Corporation\PhysX\Common;C:\Program Files (x86)\QuickTime\QTSystem\;C:\Users\mdeej\AppData\Local\Microsoft\WindowsApps;
USERNAME=mdeej
OS=Windows_NT
PROCESSOR_IDENTIFIER=Intel64 Family 6 Model 158 Stepping 10, GenuineIntel



---------------  S Y S T E M  ---------------

OS: Windows 10.0 , 64 bit Build 18362 (10.0.18362.778)

CPU:total 12 (initial active 12) (6 cores per cpu, 2 threads per core) family 6 model 158 stepping 10, cmov, cx8, fxsr, mmx, sse, sse2, sse3, ssse3, sse4.1, sse4.2, popcnt, avx, avx2, aes, clmul, erms, rtm, 3dnowpref, lzcnt, ht, tsc, tscinvbit, bmi1, bmi2, adx

Memory: 4k page, physical 33487264k(16844840k free), swap 98498976k(73486756k free)

vm_info: Java HotSpot(TM) 64-Bit Server VM (25.251-b08) for windows-amd64 JRE (1.8.0_251-b08), built on Mar 12 2020 06:31:49 by "" with MS VC++ 10.0 (VS2010)

time: Wed May 06 22:40:16 2020
timezone: Eastern Daylight Time
elapsed time: 31 seconds (0d 0h 0m 31s)

