#
# A fatal error has been detected by the Java Runtime Environment:
#
#  EXCEPTION_ACCESS_VIOLATION (0xc0000005) at pc=0x00007ffd3680e2e0, pid=9804, tid=0x0000000000003518
#
# JRE version: Java(TM) SE Runtime Environment (8.0_231-b11) (build 1.8.0_231-b11)
# Java VM: Java HotSpot(TM) 64-Bit Server VM (25.231-b11 mixed mode windows-amd64 compressed oops)
# Problematic frame:
# C  [nvoglv64.dll+0xc7e2e0]
#
# Failed to write core dump. Minidumps are not enabled by default on client versions of Windows
#
# If you would like to submit a bug report, please visit:
#   http://bugreport.java.com/bugreport/crash.jsp
# The crash happened outside the Java Virtual Machine in native code.
# See problematic frame for where to report the bug.
#

---------------  T H R E A D  ---------------

Current thread (0x0000000002c37000):  JavaThread "main" [_thread_in_native, id=13592, stack(0x0000000002b30000,0x0000000002c30000)]

siginfo: ExceptionCode=0xc0000005, reading address 0x0000000000000000

Registers:
RAX=0x0000000000000000, RBX=0x000000006038fd78, RCX=0x000000006038fd78, RDX=0x0000000000000008
RSP=0x0000000002c2ed58, RBP=0x0000000000000004, RSI=0x0000000000000002, RDI=0x000000004af71078
R8 =0x000000000000000c, R9 =0x00000000000001d0, R10=0x000000000000000c, R11=0x0000000000000000
R12=0x0000000000000000, R13=0x000000004af70d18, R14=0x0000000051a5eb68, R15=0x00007ffd3680e2d0
RIP=0x00007ffd3680e2e0, EFLAGS=0x0000000000010202

Top of Stack: (sp=0x0000000002c2ed58)
0x0000000002c2ed58:   00007ffd368d4ec1 000000001f98eef8
0x0000000002c2ed68:   0000000000000000 000000002fc60000
0x0000000002c2ed78:   0000000000003a00 0000000000000000
0x0000000002c2ed88:   00007ffd367408d0 0000000000000000
0x0000000002c2ed98:   00007ffd3673b486 0000000000000007
0x0000000002c2eda8:   000000001f991338 000000006038fd78
0x0000000002c2edb8:   10c0000000000000 000000002b7f79f0
0x0000000002c2edc8:   00007ffd36740664 0000000000000000
0x0000000002c2edd8:   000000002b7f79f0 0000000000000000
0x0000000002c2ede8:   0000000000000000 0000000000000004
0x0000000002c2edf8:   000000002fc60000 0000000000001405
0x0000000002c2ee08:   00000000000001d0 00000000000002b8
0x0000000002c2ee18:   00007ffd368c5e60 000000002fc60000
0x0000000002c2ee28:   0000000000000000 00000000000001d0
0x0000000002c2ee38:   0000000000000000 0000000000001400
0x0000000002c2ee48:   0000000000000000 0000000002c2eeb0 

Instructions: (pc=0x00007ffd3680e2e0)
0x00007ffd3680e2c0:   48 83 c1 08 41 83 e9 01 75 e9 48 8b c1 c3 cc cc
0x00007ffd3680e2d0:   4d 63 d0 48 83 c2 08 66 0f 1f 84 00 00 00 00 00
0x00007ffd3680e2e0:   8b 42 f8 89 01 8b 42 fc 89 41 04 8b 02 49 03 d2
0x00007ffd3680e2f0:   89 41 08 48 83 c1 0c 41 83 e9 01 75 e3 48 8b c1 


Register to memory mapping:

RAX=0x0000000000000000 is an unknown value
RBX=0x000000006038fd78 is an unknown value
RCX=0x000000006038fd78 is an unknown value
RDX=0x0000000000000008 is an unknown value
RSP=0x0000000002c2ed58 is pointing into the stack for thread: 0x0000000002c37000
RBP=0x0000000000000004 is an unknown value
RSI=0x0000000000000002 is an unknown value
RDI=0x000000004af71078 is an unknown value
R8 =0x000000000000000c is an unknown value
R9 =0x00000000000001d0 is an unknown value
R10=0x000000000000000c is an unknown value
R11=0x0000000000000000 is an unknown value
R12=0x0000000000000000 is an unknown value
R13=0x000000004af70d18 is an unknown value
R14=0x0000000051a5eb68 is an unknown value
R15=0x00007ffd3680e2d0 is an unknown value


Stack: [0x0000000002b30000,0x0000000002c30000],  sp=0x0000000002c2ed58,  free space=1019k
Native frames: (J=compiled Java code, j=interpreted, Vv=VM code, C=native code)
C  [nvoglv64.dll+0xc7e2e0]

Java frames: (J=compiled Java code, j=interpreted, Vv=VM code)
J 1160  org.lwjgl.opengl.GL11C.nglDrawElements(IIIJ)V (0 bytes) @ 0x00000000032ba9ce [0x00000000032ba980+0x4e]
J 1279 C2 com.mikedeejay2.voxel.engine.graphics.renderers.Renderer.render(Ljava/util/Map;)V (111 bytes) @ 0x0000000003388684 [0x0000000003387fa0+0x6e4]
J 1355 C2 com.mikedeejay2.voxel.engine.graphics.renderers.MasterRenderer.render(Lcom/mikedeejay2/voxel/engine/graphics/objects/Camera;)V (62 bytes) @ 0x00000000033c335c [0x00000000033c2ec0+0x49c]
J 1678% C2 com.mikedeejay2.voxel.engine.core.CoreEngine.run()V (214 bytes) @ 0x0000000003531458 [0x0000000003531340+0x118]
j  com.mikedeejay2.voxel.engine.core.CoreEngine.start()V+9
j  com.mikedeejay2.voxel.game.Main.start()V+29
j  com.mikedeejay2.voxel.game.Main.main([Ljava/lang/String;)V+7
v  ~StubRoutines::call_stub

---------------  P R O C E S S  ---------------

Java Threads: ( => current thread )
  0x0000000032baf800 JavaThread "world" [_thread_in_Java, id=11940, stack(0x0000000034050000,0x0000000034150000)]
  0x0000000032d6e800 JavaThread "Java2D Disposer" daemon [_thread_blocked, id=12852, stack(0x0000000033d10000,0x0000000033e10000)]
  0x000000002901e800 JavaThread "Service Thread" daemon [_thread_blocked, id=27456, stack(0x0000000029ad0000,0x0000000029bd0000)]
  0x0000000027b0d800 JavaThread "C1 CompilerThread3" daemon [_thread_blocked, id=25564, stack(0x00000000299d0000,0x0000000029ad0000)]
  0x0000000027b0c800 JavaThread "C2 CompilerThread2" daemon [_thread_blocked, id=5436, stack(0x00000000298d0000,0x00000000299d0000)]
  0x0000000027b0c000 JavaThread "C2 CompilerThread1" daemon [_thread_blocked, id=28660, stack(0x00000000297d0000,0x00000000298d0000)]
  0x0000000027b09000 JavaThread "C2 CompilerThread0" daemon [_thread_blocked, id=19804, stack(0x00000000296d0000,0x00000000297d0000)]
  0x0000000028f75000 JavaThread "Monitor Ctrl-Break" daemon [_thread_in_native, id=19848, stack(0x00000000295d0000,0x00000000296d0000)]
  0x000000002778a000 JavaThread "Attach Listener" daemon [_thread_blocked, id=21756, stack(0x0000000028cd0000,0x0000000028dd0000)]
  0x0000000027789000 JavaThread "Signal Dispatcher" daemon [_thread_blocked, id=19412, stack(0x0000000028bd0000,0x0000000028cd0000)]
  0x00000000260b5000 JavaThread "Finalizer" daemon [_thread_blocked, id=21532, stack(0x00000000289d0000,0x0000000028ad0000)]
  0x0000000027773000 JavaThread "Reference Handler" daemon [_thread_blocked, id=3824, stack(0x00000000288d0000,0x00000000289d0000)]
=>0x0000000002c37000 JavaThread "main" [_thread_in_native, id=13592, stack(0x0000000002b30000,0x0000000002c30000)]

Other Threads:
  0x0000000027751800 VMThread [stack: 0x00000000287d0000,0x00000000288d0000] [id=17348]
  0x00000000290b7000 WatcherThread [stack: 0x0000000029bd0000,0x0000000029cd0000] [id=23656]

VM state:not at safepoint (normal execution)

VM Mutex/Monitor currently owned by a thread: None

heap address: 0x00000005c1000000, size: 8176 MB, Compressed Oops mode: Zero based, Oop shift amount: 3
Narrow klass base: 0x0000000000000000, Narrow klass shift: 3
Compressed class space size: 1073741824 Address: 0x00000007c0000000

Heap:
 PSYoungGen      total 2144256K, used 603296K [0x0000000715b00000, 0x00000007c0000000, 0x00000007c0000000)
  eden space 1695744K, 9% used [0x0000000715b00000,0x000000071f27bbf0,0x000000077d300000)
  from space 448512K, 99% used [0x000000077d300000,0x00000007988ac478,0x0000000798900000)
  to   space 584192K, 0% used [0x000000079c580000,0x000000079c580000,0x00000007c0000000)
 ParOldGen       total 1703424K, used 1310729K [0x00000005c1000000, 0x0000000628f80000, 0x0000000715b00000)
  object space 1703424K, 76% used [0x00000005c1000000,0x00000006110024e8,0x0000000628f80000)
 Metaspace       used 13171K, capacity 13353K, committed 13440K, reserved 1060864K
  class space    used 1021K, capacity 1097K, committed 1152K, reserved 1048576K

Card table byte_map: [0x00000000121f0000,0x00000000131f0000] byte_map_base: 0x000000000f3e8000

Marking Bits: (ParMarkBitMap*) 0x000000005c676d90
 Begin Bits: [0x00000000146a0000, 0x000000001c660000)
 End Bits:   [0x000000001c660000, 0x0000000024620000)

Polling page: 0x00000000007d0000

CodeCache: size=245760Kb used=6343Kb max_used=7133Kb free=239416Kb
 bounds [0x0000000002e30000, 0x0000000003540000, 0x0000000011e30000]
 total_blobs=2468 nmethods=1466 adapters=915
 compilation: enabled

Compilation events (10 events):
Event: 274.777 Thread 0x0000000027b0c000 1679       4       com.mikedeejay2.voxel.engine.graphics.font.TextMaster::render (10 bytes)
Event: 274.777 Thread 0x0000000027b0c000 nmethod 1679 0x0000000002f67150 code [0x0000000002f672a0, 0x0000000002f67328]
Event: 275.486 Thread 0x0000000027b0d800 1680       3       java.util.HashMap$TreeNode::untreeify (52 bytes)
Event: 275.486 Thread 0x0000000027b0d800 nmethod 1680 0x00000000030179d0 code [0x0000000003017b60, 0x0000000003017f08]
Event: 280.916 Thread 0x0000000027b0c800 1681       4       org.lwjgl.glfw.GLFWCursorPosCallbackI::callback (19 bytes)
Event: 280.917 Thread 0x0000000027b0c800 nmethod 1681 0x0000000003130d90 code [0x0000000003130f00, 0x0000000003131048]
Event: 283.225 Thread 0x0000000027b0c000 1682       4       java.util.HashMap$TreeNode::balanceDeletion (492 bytes)
Event: 283.231 Thread 0x0000000027b0c000 nmethod 1682 0x00000000031a4350 code [0x00000000031a44c0, 0x00000000031a4cf8]
Event: 286.193 Thread 0x0000000027b09000 1683       4       com.mikedeejay2.voxel.engine.graphics.objects.Entity::destroy (18 bytes)
Event: 286.194 Thread 0x0000000027b09000 nmethod 1683 0x0000000003098650 code [0x00000000030987a0, 0x0000000003098888]

GC Heap History (10 events):
Event: 266.220 GC heap before
{Heap before GC invocations=269 (full 6):
 PSYoungGen      total 2264576K, used 1962618K [0x0000000715b00000, 0x00000007c0000000, 0x00000007c0000000)
  eden space 1742336K, 100% used [0x0000000715b00000,0x0000000780080000,0x0000000780080000)
  from space 522240K, 42% used [0x000000079e500000,0x00000007abc1eac8,0x00000007be300000)
  to   space 496128K, 0% used [0x0000000780080000,0x0000000780080000,0x000000079e500000)
 ParOldGen       total 1703424K, used 1310721K [0x00000005c1000000, 0x0000000628f80000, 0x0000000715b00000)
  object space 1703424K, 76% used [0x00000005c1000000,0x00000006110004e8,0x0000000628f80000)
 Metaspace       used 13132K, capacity 13353K, committed 13440K, reserved 1060864K
  class space    used 1019K, capacity 1097K, committed 1152K, reserved 1048576K
Event: 266.257 GC heap after
Heap after GC invocations=269 (full 6):
 PSYoungGen      total 2238464K, used 275805K [0x0000000715b00000, 0x00000007bd180000, 0x00000007c0000000)
  eden space 1742336K, 0% used [0x0000000715b00000,0x0000000715b00000,0x0000000780080000)
  from space 496128K, 55% used [0x0000000780080000,0x0000000790dd7448,0x000000079e500000)
  to   space 485376K, 0% used [0x000000079f780000,0x000000079f780000,0x00000007bd180000)
 ParOldGen       total 1703424K, used 1310721K [0x00000005c1000000, 0x0000000628f80000, 0x0000000715b00000)
  object space 1703424K, 76% used [0x00000005c1000000,0x00000006110004e8,0x0000000628f80000)
 Metaspace       used 13132K, capacity 13353K, committed 13440K, reserved 1060864K
  class space    used 1019K, capacity 1097K, committed 1152K, reserved 1048576K
}
Event: 271.024 GC heap before
{Heap before GC invocations=270 (full 6):
 PSYoungGen      total 2238464K, used 2018141K [0x0000000715b00000, 0x00000007bd180000, 0x00000007c0000000)
  eden space 1742336K, 100% used [0x0000000715b00000,0x0000000780080000,0x0000000780080000)
  from space 496128K, 55% used [0x0000000780080000,0x0000000790dd7448,0x000000079e500000)
  to   space 485376K, 0% used [0x000000079f780000,0x000000079f780000,0x00000007bd180000)
 ParOldGen       total 1703424K, used 1310721K [0x00000005c1000000, 0x0000000628f80000, 0x0000000715b00000)
  object space 1703424K, 76% used [0x00000005c1000000,0x00000006110004e8,0x0000000628f80000)
 Metaspace       used 13171K, capacity 13353K, committed 13440K, reserved 1060864K
  class space    used 1021K, capacity 1097K, committed 1152K, reserved 1048576K
Event: 271.073 GC heap after
Heap after GC invocations=270 (full 6):
 PSYoungGen      total 2248192K, used 329837K [0x0000000715b00000, 0x00000007c0000000, 0x00000007c0000000)
  eden space 1762816K, 0% used [0x0000000715b00000,0x0000000715b00000,0x0000000781480000)
  from space 485376K, 67% used [0x000000079f780000,0x00000007b399b460,0x00000007bd180000)
  to   space 494592K, 0% used [0x0000000781480000,0x0000000781480000,0x000000079f780000)
 ParOldGen       total 1703424K, used 1310729K [0x00000005c1000000, 0x0000000628f80000, 0x0000000715b00000)
  object space 1703424K, 76% used [0x00000005c1000000,0x00000006110024e8,0x0000000628f80000)
 Metaspace       used 13171K, capacity 13353K, committed 13440K, reserved 1060864K
  class space    used 1021K, capacity 1097K, committed 1152K, reserved 1048576K
}
Event: 275.965 GC heap before
{Heap before GC invocations=271 (full 6):
 PSYoungGen      total 2248192K, used 2092653K [0x0000000715b00000, 0x00000007c0000000, 0x00000007c0000000)
  eden space 1762816K, 100% used [0x0000000715b00000,0x0000000781480000,0x0000000781480000)
  from space 485376K, 67% used [0x000000079f780000,0x00000007b399b460,0x00000007bd180000)
  to   space 494592K, 0% used [0x0000000781480000,0x0000000781480000,0x000000079f780000)
 ParOldGen       total 1703424K, used 1310729K [0x00000005c1000000, 0x0000000628f80000, 0x0000000715b00000)
  object space 1703424K, 76% used [0x00000005c1000000,0x00000006110024e8,0x0000000628f80000)
 Metaspace       used 13171K, capacity 13353K, committed 13440K, reserved 1060864K
  class space    used 1021K, capacity 1097K, committed 1152K, reserved 1048576K
Event: 276.011 GC heap after
Heap after GC invocations=271 (full 6):
 PSYoungGen      total 2257408K, used 369810K [0x0000000715b00000, 0x00000007c0000000, 0x00000007c0000000)
  eden space 1762816K, 0% used [0x0000000715b00000,0x0000000715b00000,0x0000000781480000)
  from space 494592K, 74% used [0x0000000781480000,0x0000000797da4850,0x000000079f780000)
  to   space 515584K, 0% used [0x00000007a0880000,0x00000007a0880000,0x00000007c0000000)
 ParOldGen       total 1703424K, used 1310729K [0x00000005c1000000, 0x0000000628f80000, 0x0000000715b00000)
  object space 1703424K, 76% used [0x00000005c1000000,0x00000006110024e8,0x0000000628f80000)
 Metaspace       used 13171K, capacity 13353K, committed 13440K, reserved 1060864K
  class space    used 1021K, capacity 1097K, committed 1152K, reserved 1048576K
}
Event: 280.939 GC heap before
{Heap before GC invocations=272 (full 6):
 PSYoungGen      total 2257408K, used 2132626K [0x0000000715b00000, 0x00000007c0000000, 0x00000007c0000000)
  eden space 1762816K, 100% used [0x0000000715b00000,0x0000000781480000,0x0000000781480000)
  from space 494592K, 74% used [0x0000000781480000,0x0000000797da4850,0x000000079f780000)
  to   space 515584K, 0% used [0x00000007a0880000,0x00000007a0880000,0x00000007c0000000)
 ParOldGen       total 1703424K, used 1310729K [0x00000005c1000000, 0x0000000628f80000, 0x0000000715b00000)
  object space 1703424K, 76% used [0x00000005c1000000,0x00000006110024e8,0x0000000628f80000)
 Metaspace       used 13171K, capacity 13353K, committed 13440K, reserved 1060864K
  class space    used 1021K, capacity 1097K, committed 1152K, reserved 1048576K
Event: 280.999 GC heap after
Heap after GC invocations=272 (full 6):
 PSYoungGen      total 2211328K, used 414589K [0x0000000715b00000, 0x00000007c0000000, 0x00000007c0000000)
  eden space 1695744K, 0% used [0x0000000715b00000,0x0000000715b00000,0x000000077d300000)
  from space 515584K, 80% used [0x00000007a0880000,0x00000007b9d5f458,0x00000007c0000000)
  to   space 547328K, 0% used [0x000000077d300000,0x000000077d300000,0x000000079e980000)
 ParOldGen       total 1703424K, used 1310729K [0x00000005c1000000, 0x0000000628f80000, 0x0000000715b00000)
  object space 1703424K, 76% used [0x00000005c1000000,0x00000006110024e8,0x0000000628f80000)
 Metaspace       used 13171K, capacity 13353K, committed 13440K, reserved 1060864K
  class space    used 1021K, capacity 1097K, committed 1152K, reserved 1048576K
}
Event: 285.998 GC heap before
{Heap before GC invocations=273 (full 6):
 PSYoungGen      total 2211328K, used 2110333K [0x0000000715b00000, 0x00000007c0000000, 0x00000007c0000000)
  eden space 1695744K, 100% used [0x0000000715b00000,0x000000077d300000,0x000000077d300000)
  from space 515584K, 80% used [0x00000007a0880000,0x00000007b9d5f458,0x00000007c0000000)
  to   space 547328K, 0% used [0x000000077d300000,0x000000077d300000,0x000000079e980000)
 ParOldGen       total 1703424K, used 1310729K [0x00000005c1000000, 0x0000000628f80000, 0x0000000715b00000)
  object space 1703424K, 76% used [0x00000005c1000000,0x00000006110024e8,0x0000000628f80000)
 Metaspace       used 13171K, capacity 13353K, committed 13440K, reserved 1060864K
  class space    used 1021K, capacity 1097K, committed 1152K, reserved 1048576K
Event: 286.055 GC heap after
Heap after GC invocations=273 (full 6):
 PSYoungGen      total 2144256K, used 448177K [0x0000000715b00000, 0x00000007c0000000, 0x00000007c0000000)
  eden space 1695744K, 0% used [0x0000000715b00000,0x0000000715b00000,0x000000077d300000)
  from space 448512K, 99% used [0x000000077d300000,0x00000007988ac478,0x0000000798900000)
  to   space 584192K, 0% used [0x000000079c580000,0x000000079c580000,0x00000007c0000000)
 ParOldGen       total 1703424K, used 1310729K [0x00000005c1000000, 0x0000000628f80000, 0x0000000715b00000)
  object space 1703424K, 76% used [0x00000005c1000000,0x00000006110024e8,0x0000000628f80000)
 Metaspace       used 13171K, capacity 13353K, committed 13440K, reserved 1060864K
  class space    used 1021K, capacity 1097K, committed 1152K, reserved 1048576K
}

Deoptimization events (10 events):
Event: 269.251 Thread 0x0000000002c37000 Uncommon trap: reason=unstable_if action=reinterpret pc=0x00000000033ab4bc method=com.mikedeejay2.voxel.engine.io.Input.getKey(I)Z @ 12
Event: 269.251 Thread 0x0000000002c37000 Uncommon trap: reason=predicate action=maybe_recompile pc=0x00000000033e6700 method=java.util.ArrayList.remove(Ljava/lang/Object;)Z @ 49
Event: 269.251 Thread 0x0000000002c37000 Uncommon trap: reason=unstable_if action=reinterpret pc=0x00000000034c3638 method=java.util.HashMap.removeNode(ILjava/lang/Object;Ljava/lang/Object;ZZ)Ljava/util/HashMap$Node; @ 34
Event: 269.255 Thread 0x0000000002c37000 Uncommon trap: reason=unstable_if action=reinterpret pc=0x00000000033c55a8 method=com.mikedeejay2.voxel.engine.graphics.font.rendering.FontRenderer.render(Ljava/util/Map;)V @ 22
Event: 269.265 Thread 0x0000000002c37000 Uncommon trap: reason=unstable_if action=reinterpret pc=0x00000000033b0c94 method=com.mikedeejay2.voxel.engine.graphics.font.rendering.FontRenderer.render(Ljava/util/Map;)V @ 22
Event: 269.332 Thread 0x0000000002c37000 Uncommon trap: reason=unstable_if action=reinterpret pc=0x0000000002f5e894 method=com.mikedeejay2.voxel.engine.debug.DebugScreen.update()V @ 4
Event: 270.368 Thread 0x0000000002c37000 Uncommon trap: reason=unstable_if action=reinterpret pc=0x0000000003519974 method=sun.misc.FloatingDecimal$BinaryToASCIIBuffer.estimateDecExp(JI)I @ 66
Event: 270.368 Thread 0x0000000002c37000 Uncommon trap: reason=unstable_if action=reinterpret pc=0x0000000003385bc4 method=sun.misc.FloatingDecimal$BinaryToASCIIBuffer.getChars([C)I @ 47
Event: 270.422 Thread 0x0000000002c37000 Uncommon trap: reason=unstable_if action=reinterpret pc=0x000000000338430c method=sun.misc.FloatingDecimal.getBinaryToASCIIConverter(F)Lsun/misc/FloatingDecimal$BinaryToASCIIConverter; @ 9
Event: 286.344 Thread 0x0000000002c37000 Uncommon trap: reason=unstable_if action=reinterpret pc=0x0000000003460f70 method=java.lang.Math.max(JJ)J @ 3

Classes redefined (0 events):
No events

Internal exceptions (10 events):
Event: 0.261 Thread 0x0000000002c37000 Exception <a 'sun/nio/fs/WindowsException'> (0x00000007168ef5d8) thrown at [C:\re\workspace\8-2-build-windows-amd64-cygwin\jdk8u231\13620\hotspot\src\share\vm\prims\jni.cpp, line 710]
Event: 0.261 Thread 0x0000000002c37000 Exception <a 'sun/nio/fs/WindowsException'> (0x00000007168efcb8) thrown at [C:\re\workspace\8-2-build-windows-amd64-cygwin\jdk8u231\13620\hotspot\src\share\vm\prims\jni.cpp, line 710]
Event: 0.685 Thread 0x0000000002c37000 Exception <a 'sun/nio/fs/WindowsException'> (0x0000000716a59688) thrown at [C:\re\workspace\8-2-build-windows-amd64-cygwin\jdk8u231\13620\hotspot\src\share\vm\prims\jni.cpp, line 710]
Event: 0.685 Thread 0x0000000002c37000 Exception <a 'sun/nio/fs/WindowsException'> (0x0000000716a59dc8) thrown at [C:\re\workspace\8-2-build-windows-amd64-cygwin\jdk8u231\13620\hotspot\src\share\vm\prims\jni.cpp, line 710]
Event: 0.686 Thread 0x0000000002c37000 Exception <a 'sun/nio/fs/WindowsException'> (0x0000000716a713b0) thrown at [C:\re\workspace\8-2-build-windows-amd64-cygwin\jdk8u231\13620\hotspot\src\share\vm\prims\jni.cpp, line 710]
Event: 0.686 Thread 0x0000000002c37000 Exception <a 'sun/nio/fs/WindowsException'> (0x0000000716a719a8) thrown at [C:\re\workspace\8-2-build-windows-amd64-cygwin\jdk8u231\13620\hotspot\src\share\vm\prims\jni.cpp, line 710]
Event: 0.733 Thread 0x0000000002c37000 Exception <a 'sun/nio/fs/WindowsException'> (0x0000000716c2a918) thrown at [C:\re\workspace\8-2-build-windows-amd64-cygwin\jdk8u231\13620\hotspot\src\share\vm\prims\jni.cpp, line 710]
Event: 0.733 Thread 0x0000000002c37000 Exception <a 'sun/nio/fs/WindowsException'> (0x0000000716c2b048) thrown at [C:\re\workspace\8-2-build-windows-amd64-cygwin\jdk8u231\13620\hotspot\src\share\vm\prims\jni.cpp, line 710]
Event: 0.933 Thread 0x0000000002c37000 Exception <a 'java/io/FileNotFoundException'> (0x000000071776ca28) thrown at [C:\re\workspace\8-2-build-windows-amd64-cygwin\jdk8u231\13620\hotspot\src\share\vm\prims\jni.cpp, line 710]
Event: 269.251 Thread 0x0000000002c37000 Implicit null exception at 0x00000000034c2625 to 0x00000000034c3601

Events (10 events):
Event: 286.194 Thread 0x0000000027b09000 flushing nmethod 0x000000000327fe50
Event: 286.194 Thread 0x0000000027b09000 flushing nmethod 0x0000000003287990
Event: 286.194 Thread 0x0000000027b09000 flushing nmethod 0x000000000328c710
Event: 286.194 Thread 0x0000000027b09000 flushing nmethod 0x000000000328d550
Event: 286.194 Thread 0x0000000027b09000 flushing nmethod 0x00000000032901d0
Event: 286.194 Thread 0x0000000027b09000 flushing nmethod 0x0000000003290f10
Event: 286.194 Thread 0x0000000027b09000 flushing nmethod 0x0000000003292950
Event: 286.344 Thread 0x0000000002c37000 Uncommon trap: trap_request=0xffffff65 fr.pc=0x0000000003460f70
Event: 286.344 Thread 0x0000000002c37000 DEOPT PACKING pc=0x0000000003460f70 sp=0x0000000002c2f070
Event: 286.344 Thread 0x0000000002c37000 DEOPT UNPACKING pc=0x0000000002e7583b sp=0x0000000002c2edd8 mode 2


Dynamic libraries:
0x00007ff7ac5d0000 - 0x00007ff7ac607000 	C:\Program Files\Java\jdk1.8.0_231\bin\java.exe
0x00007ffdb3600000 - 0x00007ffdb37f0000 	C:\Windows\SYSTEM32\ntdll.dll
0x00007ffdb1c10000 - 0x00007ffdb1cc2000 	C:\Windows\System32\KERNEL32.DLL
0x00007ffdb0d10000 - 0x00007ffdb0fb3000 	C:\Windows\System32\KERNELBASE.dll
0x00007ffdb3360000 - 0x00007ffdb3403000 	C:\Windows\System32\ADVAPI32.dll
0x00007ffdb1e60000 - 0x00007ffdb1efe000 	C:\Windows\System32\msvcrt.dll
0x00007ffdb1830000 - 0x00007ffdb18c7000 	C:\Windows\System32\sechost.dll
0x00007ffdb25f0000 - 0x00007ffdb2710000 	C:\Windows\System32\RPCRT4.dll
0x00007ffdb3420000 - 0x00007ffdb35b4000 	C:\Windows\System32\USER32.dll
0x00007ffdb13f0000 - 0x00007ffdb1411000 	C:\Windows\System32\win32u.dll
0x00007ffdb27f0000 - 0x00007ffdb2816000 	C:\Windows\System32\GDI32.dll
0x00007ffdb10c0000 - 0x00007ffdb1254000 	C:\Windows\System32\gdi32full.dll
0x00007ffdb15e0000 - 0x00007ffdb167e000 	C:\Windows\System32\msvcp_win.dll
0x00007ffdb0fc0000 - 0x00007ffdb10ba000 	C:\Windows\System32\ucrtbase.dll
0x00007ffd9e280000 - 0x00007ffd9e505000 	C:\Windows\WinSxS\amd64_microsoft.windows.common-controls_6595b64144ccf1df_6.0.18362.778_none_e6c6b761130d4fb8\COMCTL32.dll
0x00007ffdb18d0000 - 0x00007ffdb1c06000 	C:\Windows\System32\combase.dll
0x00007ffdb1370000 - 0x00007ffdb13f0000 	C:\Windows\System32\bcryptPrimitives.dll
0x00007ffdb1e30000 - 0x00007ffdb1e5e000 	C:\Windows\System32\IMM32.DLL
0x000000005c920000 - 0x000000005c9f2000 	C:\Program Files\Java\jdk1.8.0_231\jre\bin\msvcr100.dll
0x000000005be50000 - 0x000000005c6f6000 	C:\Program Files\Java\jdk1.8.0_231\jre\bin\server\jvm.dll
0x00007ffdb1db0000 - 0x00007ffdb1db8000 	C:\Windows\System32\PSAPI.DLL
0x00007ffdaba10000 - 0x00007ffdaba19000 	C:\Windows\SYSTEM32\WSOCK32.dll
0x00007ffda6ce0000 - 0x00007ffda6d04000 	C:\Windows\SYSTEM32\WINMM.dll
0x00007ffdab480000 - 0x00007ffdab48a000 	C:\Windows\SYSTEM32\VERSION.dll
0x00007ffdb1dc0000 - 0x00007ffdb1e2f000 	C:\Windows\System32\WS2_32.dll
0x00007ffda6bb0000 - 0x00007ffda6bdd000 	C:\Windows\SYSTEM32\WINMMBASE.dll
0x00007ffdb1420000 - 0x00007ffdb146a000 	C:\Windows\System32\cfgmgr32.dll
0x00007ffdab4a0000 - 0x00007ffdab4af000 	C:\Program Files\Java\jdk1.8.0_231\jre\bin\verify.dll
0x00007ffd9df10000 - 0x00007ffd9df39000 	C:\Program Files\Java\jdk1.8.0_231\jre\bin\java.dll
0x00007ffd9dd00000 - 0x00007ffd9dd23000 	C:\Program Files\Java\jdk1.8.0_231\jre\bin\instrument.dll
0x00007ffdaa890000 - 0x00007ffdaa8a6000 	C:\Program Files\Java\jdk1.8.0_231\jre\bin\zip.dll
0x00007ffdb1f00000 - 0x00007ffdb25e5000 	C:\Windows\System32\SHELL32.dll
0x00007ffdb1720000 - 0x00007ffdb17c9000 	C:\Windows\System32\shcore.dll
0x00007ffdb0590000 - 0x00007ffdb0d10000 	C:\Windows\System32\windows.storage.dll
0x00007ffdb0560000 - 0x00007ffdb0583000 	C:\Windows\System32\profapi.dll
0x00007ffdb04d0000 - 0x00007ffdb051a000 	C:\Windows\System32\powrprof.dll
0x00007ffdb04c0000 - 0x00007ffdb04d0000 	C:\Windows\System32\UMPDC.dll
0x00007ffdb3300000 - 0x00007ffdb3352000 	C:\Windows\System32\shlwapi.dll
0x00007ffdb0520000 - 0x00007ffdb0531000 	C:\Windows\System32\kernel.appcore.dll
0x00007ffdb15c0000 - 0x00007ffdb15d7000 	C:\Windows\System32\cryptsp.dll
0x00007ffd96320000 - 0x00007ffd9633a000 	C:\Program Files\JetBrains\IntelliJ IDEA 2019.3.4\bin\breakgen64.dll
0x00007ffd960e0000 - 0x00007ffd960fa000 	C:\Program Files\Java\jdk1.8.0_231\jre\bin\net.dll
0x00007ffdafd30000 - 0x00007ffdafd97000 	C:\Windows\system32\mswsock.dll
0x00007ffd96090000 - 0x00007ffd960a2000 	C:\Program Files\Java\jdk1.8.0_231\jre\bin\nio.dll
0x00007ffd95fe0000 - 0x00007ffd96044000 	C:\Users\mdeej\AppData\Local\Temp\lwjglmdeej\3.2.3-build-13\lwjgl.dll
0x00007ffd934e0000 - 0x00007ffd93542000 	C:\Users\mdeej\AppData\Local\Temp\lwjglmdeej\3.2.3-build-13\glfw.dll
0x00007ffdad7e0000 - 0x00007ffdad879000 	C:\Windows\system32\uxtheme.dll
0x00007ffd96100000 - 0x00007ffd96143000 	C:\Windows\SYSTEM32\dinput8.dll
0x00007ffd643f0000 - 0x00007ffd64401000 	C:\Windows\SYSTEM32\xinput1_4.dll
0x00007ffdb02c0000 - 0x00007ffdb02ea000 	C:\Windows\SYSTEM32\DEVOBJ.dll
0x00007ffdadf20000 - 0x00007ffdadf4d000 	C:\Windows\SYSTEM32\dwmapi.dll
0x00007ffda0040000 - 0x00007ffda015a000 	C:\Windows\SYSTEM32\inputhost.dll
0x00007ffdacb30000 - 0x00007ffdacc04000 	C:\Windows\SYSTEM32\CoreMessaging.dll
0x00007ffdabbe0000 - 0x00007ffdabd33000 	C:\Windows\SYSTEM32\wintypes.dll
0x00007ffd9fca0000 - 0x00007ffd9ffca000 	C:\Windows\SYSTEM32\CoreUIComponents.dll
0x00007ffdad310000 - 0x00007ffdad3ff000 	C:\Windows\SYSTEM32\PROPSYS.dll
0x00007ffdb3230000 - 0x00007ffdb32f4000 	C:\Windows\System32\OLEAUT32.dll
0x00007ffdaf5d0000 - 0x00007ffdaf601000 	C:\Windows\SYSTEM32\ntmarta.dll
0x00007ffdb2c00000 - 0x00007ffdb2d36000 	C:\Windows\System32\MSCTF.dll
0x00007ffdaec30000 - 0x00007ffdaec3e000 	C:\Windows\SYSTEM32\HID.DLL
0x00007ffdb2dc0000 - 0x00007ffdb3230000 	C:\Windows\System32\SETUPAPI.DLL
0x00007ffdb1680000 - 0x00007ffdb16a6000 	C:\Windows\System32\bcrypt.dll
0x00007ffdb1310000 - 0x00007ffdb136c000 	C:\Windows\System32\WINTRUST.dll
0x00007ffdb0540000 - 0x00007ffdb0552000 	C:\Windows\System32\MSASN1.dll
0x00007ffdb1470000 - 0x00007ffdb15b9000 	C:\Windows\System32\CRYPT32.dll
0x00007ffd7ef10000 - 0x00007ffd7f066000 	C:\Windows\SYSTEM32\opengl32.dll
0x00007ffd95ea0000 - 0x00007ffd95ecc000 	C:\Windows\SYSTEM32\GLU32.dll
0x00007ffdaf1a0000 - 0x00007ffdaf1c0000 	C:\Windows\SYSTEM32\dxcore.dll
0x00007ffd35b90000 - 0x00007ffd382b4000 	C:\Windows\System32\DriverStore\FileRepository\nvaki.inf_amd64_149c0c4968822483\nvoglv64.dll
0x00007ffdb29d0000 - 0x00007ffdb2b27000 	C:\Windows\System32\ole32.dll
0x00007ffdabd40000 - 0x00007ffdabd53000 	C:\Windows\SYSTEM32\WTSAPI32.dll
0x00007ffda98f0000 - 0x00007ffda9ba7000 	C:\Windows\system32\nvspcap64.dll
0x00007ffdaf770000 - 0x00007ffdaf7cc000 	C:\Windows\SYSTEM32\WINSTA.dll
0x00007ffda0160000 - 0x00007ffda01fe000 	C:\Windows\System32\TextInputFramework.dll
0x00007ffda5a00000 - 0x00007ffda5ca6000 	C:\Windows\System32\iertutil.dll
0x00007ffd90600000 - 0x00007ffd90659000 	C:\Users\mdeej\AppData\Local\Temp\lwjglmdeej\3.2.3-build-13\lwjgl_opengl.dll
0x00007ffd7c520000 - 0x00007ffd7c773000 	C:\Users\mdeej\AppData\Local\Temp\lwjglmdeej\3.2.3-build-13\jemalloc.dll
0x00007ffd76730000 - 0x00007ffd768ca000 	C:\Program Files\Java\jdk1.8.0_231\jre\bin\awt.dll
0x00007ffdad400000 - 0x00007ffdad48f000 	C:\Windows\SYSTEM32\apphelp.dll
0x00007ffdaec40000 - 0x00007ffdaee34000 	C:\Windows\SYSTEM32\dbghelp.dll

VM Arguments:
jvm_args: -XX:+UnlockCommercialFeatures -javaagent:C:\Program Files\JetBrains\IntelliJ IDEA 2019.3.4\lib\idea_rt.jar=51534:C:\Program Files\JetBrains\IntelliJ IDEA 2019.3.4\bin -Dfile.encoding=UTF-8 
java_command: com.mikedeejay2.voxel.game.Main
java_class_path (initial): C:\Program Files\Java\jdk1.8.0_231\jre\lib\charsets.jar;C:\Program Files\Java\jdk1.8.0_231\jre\lib\deploy.jar;C:\Program Files\Java\jdk1.8.0_231\jre\lib\ext\access-bridge-64.jar;C:\Program Files\Java\jdk1.8.0_231\jre\lib\ext\cldrdata.jar;C:\Program Files\Java\jdk1.8.0_231\jre\lib\ext\dnsns.jar;C:\Program Files\Java\jdk1.8.0_231\jre\lib\ext\jaccess.jar;C:\Program Files\Java\jdk1.8.0_231\jre\lib\ext\jfxrt.jar;C:\Program Files\Java\jdk1.8.0_231\jre\lib\ext\localedata.jar;C:\Program Files\Java\jdk1.8.0_231\jre\lib\ext\nashorn.jar;C:\Program Files\Java\jdk1.8.0_231\jre\lib\ext\sunec.jar;C:\Program Files\Java\jdk1.8.0_231\jre\lib\ext\sunjce_provider.jar;C:\Program Files\Java\jdk1.8.0_231\jre\lib\ext\sunmscapi.jar;C:\Program Files\Java\jdk1.8.0_231\jre\lib\ext\sunpkcs11.jar;C:\Program Files\Java\jdk1.8.0_231\jre\lib\ext\zipfs.jar;C:\Program Files\Java\jdk1.8.0_231\jre\lib\javaws.jar;C:\Program Files\Java\jdk1.8.0_231\jre\lib\jce.jar;C:\Program Files\Java\jdk1.8.0_231\jre\lib\jfr.jar;C:\Program Files\Java\jdk1.8.0_231\jre\lib\jfxswt.jar;C:\Program Files\Java\jdk1.8.0_231\jre\lib\jsse.jar;C:\Program Files\Java\jdk1.8.0_231\jre\lib\management-agent.jar;C:\Program Files\Java\jdk1.8.0_231\jre\lib\plugin.jar;C:\Program Files\Java\jdk1.8.0_231\jre\lib\resources.jar;C:\Program Files\Java\jdk1.8.0_231\jre\lib\rt.jar;C:\Users\mdeej\IdeaProjects\APCSP\out\production\APCSP;C:\Users\mdeej\IdeaProjects\APCSP\libs\lwjgl.jar;C:\Users\mdeej\IdeaProjects\APCSP\libs\lwjgl-egl.jar;C:\Users\mdeej\IdeaProjects\APCSP\libs\lwjgl-lz4.jar;C:\Users\mdeej\IdeaProjects\APCSP\libs\lwjgl-nfd.jar;C:\Users\mdeej\IdeaProjects\APCSP\libs\lwjgl-ovr.jar;C:\Users\mdeej\IdeaProjects\APCSP\libs\lwjgl-par.jar;C:\Users\mdeej\IdeaProjects\APCSP\libs\lwjgl-sse.jar;C:\Users\mdeej\IdeaProjects\APCSP\libs\lwjgl-stb.jar;C:\Users\mdeej\IdeaProjects\APCSP\libs\lwjgl-vma.jar;C:\Users\mdeej\IdeaProjects\APCSP\libs\lwjgl-bgfx.jar;C:\Users\mdeej\IdeaProjects\APCSP\libs\lwjgl-cuda.jar;C:\Users\mdee
Launcher Type: SUN_STANDARD

Environment Variables:
PATH=%INTEL_DEV_REDIST%redist\intel64\compiler;C:\Program Files (x86)\Common Files\Oracle\Java\javapath;C:\Windows\system32;C:\Windows;C:\Windows\System32\Wbem;C:\Windows\System32\WindowsPowerShell\v1.0\;C:\Windows\System32\OpenSSH\;C:\Program Files\NVIDIA Corporation\NVIDIA NvDLISR;C:\Program Files (x86)\NVIDIA Corporation\PhysX\Common;C:\Program Files (x86)\QuickTime\QTSystem\;C:\Users\mdeej\AppData\Local\Microsoft\WindowsApps;
USERNAME=mdeej
OS=Windows_NT
PROCESSOR_IDENTIFIER=Intel64 Family 6 Model 158 Stepping 10, GenuineIntel



---------------  S Y S T E M  ---------------

OS: Windows 10.0 , 64 bit Build 18362 (10.0.18362.778)

CPU:total 12 (initial active 12) (6 cores per cpu, 2 threads per core) family 6 model 158 stepping 10, cmov, cx8, fxsr, mmx, sse, sse2, sse3, ssse3, sse4.1, sse4.2, popcnt, avx, avx2, aes, clmul, erms, rtm, 3dnowpref, lzcnt, ht, tsc, tscinvbit, bmi1, bmi2, adx

Memory: 4k page, physical 33487264k(6718164k free), swap 125584208k(73399188k free)

vm_info: Java HotSpot(TM) 64-Bit Server VM (25.231-b11) for windows-amd64 JRE (1.8.0_231-b11), built on Oct  5 2019 03:11:30 by "java_re" with MS VC++ 10.0 (VS2010)

time: Tue May 05 00:06:13 2020
timezone: Eastern Daylight Time
elapsed time: 286 seconds (0d 0h 4m 46s)

