#
# A fatal error has been detected by the Java Runtime Environment:
#
#  EXCEPTION_ACCESS_VIOLATION (0xc0000005) at pc=0x00007ffaf2c5e2e0, pid=5964, tid=0x0000000000001f2c
#
# JRE version: Java(TM) SE Runtime Environment (8.0_251-b08) (build 1.8.0_251-b08)
# Java VM: Java HotSpot(TM) 64-Bit Server VM (25.251-b08 mixed mode windows-amd64 compressed oops)
# Problematic frame:
# C  [nvoglv64.dll+0xc7e2e0]
#
# Failed to write core dump. Minidumps are not enabled by default on client versions of Windows
#
# If you would like to submit a bug report, please visit:
#   http://bugreport.java.com/bugreport/crash.jsp
# The crash happened outside the Java Virtual Machine in native code.
# See problematic frame for where to report the bug.
#

---------------  T H R E A D  ---------------

Current thread (0x0000000002ac7000):  JavaThread "main" [_thread_in_native, id=7980, stack(0x00000000027f0000,0x00000000028f0000)]

siginfo: ExceptionCode=0xc0000005, reading address 0x0000000000000000

Registers:
RAX=0x0000000000000000, RBX=0x000000002cbb5950, RCX=0x000000002cbb5950, RDX=0x0000000000000008
RSP=0x00000000028ef108, RBP=0x0000000000000004, RSI=0x0000000000000002, RDI=0x000000003e8d43a8
R8 =0x000000000000000c, R9 =0x0000000000000968, R10=0x000000000000000c, R11=0x0000000000000000
R12=0x0000000000000000, R13=0x000000003e8d4048, R14=0x000000002c6d0738, R15=0x00007ffaf2c5e2d0
RIP=0x00007ffaf2c5e2e0, EFLAGS=0x0000000000010202

Top of Stack: (sp=0x00000000028ef108)
0x00000000028ef108:   00007ffaf2d24ec1 00000000079b0e10
0x00000000028ef118:   0000000000000000 000000002f9d0000
0x00000000028ef128:   0000000000012d00 0000000000000000
0x00000000028ef138:   00007ffaf2b908d0 0000000000000000
0x00000000028ef148:   00007ffaf2b8b486 0000000000000007
0x00000000028ef158:   00000000079bca30 000000002cbb5950
0x00000000028ef168:   10c0000000000000 000000002b53b2c0
0x00000000028ef178:   00007ffaf2b90664 0000000000000000
0x00000000028ef188:   000000002b53b2c0 0000000000000000
0x00000000028ef198:   0000000000000000 0000000000000004
0x00000000028ef1a8:   000000002f9d0000 0000000000001405
0x00000000028ef1b8:   0000000000000968 0000000000000e1c
0x00000000028ef1c8:   00007ffaf2d15e60 000000002f9d0000
0x00000000028ef1d8:   0000000000000000 0000000000000968
0x00000000028ef1e8:   0000000000000000 0000000000001400
0x00000000028ef1f8:   0000000000000000 00000000028ef260 

Instructions: (pc=0x00007ffaf2c5e2e0)
0x00007ffaf2c5e2c0:   48 83 c1 08 41 83 e9 01 75 e9 48 8b c1 c3 cc cc
0x00007ffaf2c5e2d0:   4d 63 d0 48 83 c2 08 66 0f 1f 84 00 00 00 00 00
0x00007ffaf2c5e2e0:   8b 42 f8 89 01 8b 42 fc 89 41 04 8b 02 49 03 d2
0x00007ffaf2c5e2f0:   89 41 08 48 83 c1 0c 41 83 e9 01 75 e3 48 8b c1 


Register to memory mapping:

RAX=0x0000000000000000 is an unknown value
RBX=0x000000002cbb5950 is an unknown value
RCX=0x000000002cbb5950 is an unknown value
RDX=0x0000000000000008 is an unknown value
RSP=0x00000000028ef108 is pointing into the stack for thread: 0x0000000002ac7000
RBP=0x0000000000000004 is an unknown value
RSI=0x0000000000000002 is an unknown value
RDI=0x000000003e8d43a8 is an unknown value
R8 =0x000000000000000c is an unknown value
R9 =0x0000000000000968 is an unknown value
R10=0x000000000000000c is an unknown value
R11=0x0000000000000000 is an unknown value
R12=0x0000000000000000 is an unknown value
R13=0x000000003e8d4048 is an unknown value
R14=0x000000002c6d0738 is an unknown value
R15=0x00007ffaf2c5e2d0 is an unknown value


Stack: [0x00000000027f0000,0x00000000028f0000],  sp=0x00000000028ef108,  free space=1020k
Native frames: (J=compiled Java code, j=interpreted, Vv=VM code, C=native code)
C  [nvoglv64.dll+0xc7e2e0]

Java frames: (J=compiled Java code, j=interpreted, Vv=VM code)
J 1100  org.lwjgl.opengl.GL11C.nglDrawElements(IIIJ)V (0 bytes) @ 0x000000000305a18e [0x000000000305a140+0x4e]
J 1237 C2 com.mikedeejay2.voxel.engine.graphics.renderers.Renderer.render(Ljava/util/Map;)V (111 bytes) @ 0x000000000310d754 [0x000000000310d0e0+0x674]
J 1418% C2 com.mikedeejay2.voxel.engine.core.CoreEngine.run()V (214 bytes) @ 0x0000000003309360 [0x0000000003308f80+0x3e0]
j  com.mikedeejay2.voxel.engine.core.CoreEngine.start()V+9
j  com.mikedeejay2.voxel.game.Main.start()V+29
j  com.mikedeejay2.voxel.game.Main.main([Ljava/lang/String;)V+7
v  ~StubRoutines::call_stub

---------------  P R O C E S S  ---------------

Java Threads: ( => current thread )
  0x0000000032a4e800 JavaThread "world" [_thread_blocked, id=18664, stack(0x0000000034210000,0x0000000034310000)]
  0x0000000032a5f000 JavaThread "chunkConsumer" [_thread_in_Java, id=21824, stack(0x0000000034110000,0x0000000034210000)]
  0x0000000032a60800 JavaThread "chunkProducer" [_thread_blocked, id=23660, stack(0x0000000034010000,0x0000000034110000)]
  0x0000000032a5c000 JavaThread "chunkMeshConsumer" [_thread_in_Java, id=1904, stack(0x0000000033f10000,0x0000000034010000)]
  0x00000000292da800 JavaThread "chunkMeshProducer" [_thread_blocked, id=13580, stack(0x0000000033e10000,0x0000000033f10000)]
  0x000000002920c000 JavaThread "Java2D Disposer" daemon [_thread_blocked, id=26292, stack(0x0000000033b10000,0x0000000033c10000)]
  0x0000000028dcd000 JavaThread "Service Thread" daemon [_thread_blocked, id=15176, stack(0x0000000029880000,0x0000000029980000)]
  0x0000000028d28800 JavaThread "C1 CompilerThread3" daemon [_thread_blocked, id=25024, stack(0x0000000029780000,0x0000000029880000)]
  0x0000000028d20000 JavaThread "C2 CompilerThread2" daemon [_thread_blocked, id=19744, stack(0x0000000029680000,0x0000000029780000)]
  0x0000000028d1f000 JavaThread "C2 CompilerThread1" daemon [_thread_blocked, id=25872, stack(0x0000000029580000,0x0000000029680000)]
  0x0000000028d1c800 JavaThread "C2 CompilerThread0" daemon [_thread_blocked, id=19472, stack(0x0000000029480000,0x0000000029580000)]
  0x0000000028d1b000 JavaThread "Monitor Ctrl-Break" daemon [_thread_in_native, id=20068, stack(0x0000000029380000,0x0000000029480000)]
  0x0000000027538000 JavaThread "Attach Listener" daemon [_thread_blocked, id=22624, stack(0x0000000028a80000,0x0000000028b80000)]
  0x0000000027537000 JavaThread "Signal Dispatcher" daemon [_thread_blocked, id=26536, stack(0x0000000028980000,0x0000000028a80000)]
  0x0000000025e43800 JavaThread "Finalizer" daemon [_thread_blocked, id=18532, stack(0x0000000028780000,0x0000000028880000)]
  0x0000000025e3d800 JavaThread "Reference Handler" daemon [_thread_blocked, id=24244, stack(0x0000000028680000,0x0000000028780000)]
=>0x0000000002ac7000 JavaThread "main" [_thread_in_native, id=7980, stack(0x00000000027f0000,0x00000000028f0000)]

Other Threads:
  0x0000000002bbd000 VMThread [stack: 0x0000000028580000,0x0000000028680000] [id=21112]
  0x0000000028e2a800 WatcherThread [stack: 0x0000000029980000,0x0000000029a80000] [id=23636]

VM state:not at safepoint (normal execution)

VM Mutex/Monitor currently owned by a thread: None

heap address: 0x00000005c1000000, size: 8176 MB, Compressed Oops mode: Zero based, Oop shift amount: 3
Narrow klass base: 0x0000000000000000, Narrow klass shift: 3
Compressed class space size: 1073741824 Address: 0x00000007c0000000

Heap:
 PSYoungGen      total 114688K, used 60611K [0x0000000715b00000, 0x000000071d600000, 0x00000007c0000000)
  eden space 109568K, 50% used [0x0000000715b00000,0x000000071914e988,0x000000071c600000)
  from space 5120K, 97% used [0x000000071c900000,0x000000071cde2300,0x000000071ce00000)
  to   space 8192K, 0% used [0x000000071ce00000,0x000000071ce00000,0x000000071d600000)
 ParOldGen       total 265728K, used 255437K [0x00000005c1000000, 0x00000005d1380000, 0x0000000715b00000)
  object space 265728K, 96% used [0x00000005c1000000,0x00000005d0973508,0x00000005d1380000)
 Metaspace       used 13228K, capacity 13417K, committed 13696K, reserved 1062912K
  class space    used 1032K, capacity 1097K, committed 1152K, reserved 1048576K

Card table byte_map: [0x0000000011f80000,0x0000000012f80000] byte_map_base: 0x000000000f178000

Marking Bits: (ParMarkBitMap*) 0x0000000075a7af90
 Begin Bits: [0x0000000014430000, 0x000000001c3f0000)
 End Bits:   [0x000000001c3f0000, 0x00000000243b0000)

Polling page: 0x00000000005d0000

CodeCache: size=245760Kb used=6770Kb max_used=8734Kb free=238989Kb
 bounds [0x0000000002bc0000, 0x0000000003490000, 0x0000000011bc0000]
 total_blobs=2196 nmethods=1186 adapters=923
 compilation: enabled

Compilation events (10 events):
Event: 29.448 Thread 0x0000000028d1f000 1515   !   4       com.mikedeejay2.voxel.game.world.chunk.ChunkPC::consume (61 bytes)
Event: 29.452 Thread 0x0000000028d1f000 nmethod 1515 0x0000000002ff4c50 code [0x0000000002ff4e00, 0x0000000002ff54d0]
Event: 29.462 Thread 0x0000000028d20000 nmethod 1514 0x0000000002fe4fd0 code [0x0000000002fe52c0, 0x0000000002fe67e8]
Event: 29.501 Thread 0x0000000028d1c800 nmethod 1513 0x00000000032f1910 code [0x00000000032f2d00, 0x00000000032fc808]
Event: 29.955 Thread 0x0000000028d1f000 1516       4       com.mikedeejay2.voxel.game.world.chunk.mesh.ChunkMeshGenerator::createChunkEntity (234 bytes)
Event: 29.974 Thread 0x0000000028d1f000 nmethod 1516 0x000000000305b690 code [0x000000000305b960, 0x000000000305cc08]
Event: 30.633 Thread 0x0000000028d28800 1517   !   3       com.mikedeejay2.voxel.game.world.World::unloadOldChunks (260 bytes)
Event: 30.633 Thread 0x0000000028d28800 nmethod 1517 0x0000000002fca1d0 code [0x0000000002fca420, 0x0000000002fcb378]
Event: 31.099 Thread 0x0000000028d28800 1518       3       java.util.ArrayList::<init> (67 bytes)
Event: 31.099 Thread 0x0000000028d28800 nmethod 1518 0x0000000002cc4010 code [0x0000000002cc41c0, 0x0000000002cc46f8]

GC Heap History (10 events):
Event: 30.300 GC heap before
{Heap before GC invocations=138 (full 1):
 PSYoungGen      total 126464K, used 124864K [0x0000000715b00000, 0x000000071e100000, 0x00000007c0000000)
  eden space 120832K, 100% used [0x0000000715b00000,0x000000071d100000,0x000000071d100000)
  from space 5632K, 71% used [0x000000071db80000,0x000000071df70000,0x000000071e100000)
  to   space 8192K, 0% used [0x000000071d100000,0x000000071d100000,0x000000071d900000)
 ParOldGen       total 265728K, used 229581K [0x00000005c1000000, 0x00000005d1380000, 0x0000000715b00000)
  object space 265728K, 86% used [0x00000005c1000000,0x00000005cf033508,0x00000005d1380000)
 Metaspace       used 13228K, capacity 13417K, committed 13696K, reserved 1062912K
  class space    used 1032K, capacity 1097K, committed 1152K, reserved 1048576K
Event: 30.301 GC heap after
Heap after GC invocations=138 (full 1):
 PSYoungGen      total 122880K, used 4512K [0x0000000715b00000, 0x000000071dd80000, 0x00000007c0000000)
  eden space 118272K, 0% used [0x0000000715b00000,0x0000000715b00000,0x000000071ce80000)
  from space 4608K, 97% used [0x000000071d100000,0x000000071d568000,0x000000071d580000)
  to   space 7680K, 0% used [0x000000071d600000,0x000000071d600000,0x000000071dd80000)
 ParOldGen       total 265728K, used 233389K [0x00000005c1000000, 0x00000005d1380000, 0x0000000715b00000)
  object space 265728K, 87% used [0x00000005c1000000,0x00000005cf3eb508,0x00000005d1380000)
 Metaspace       used 13228K, capacity 13417K, committed 13696K, reserved 1062912K
  class space    used 1032K, capacity 1097K, committed 1152K, reserved 1048576K
}
Event: 30.620 GC heap before
{Heap before GC invocations=139 (full 1):
 PSYoungGen      total 122880K, used 122784K [0x0000000715b00000, 0x000000071dd80000, 0x00000007c0000000)
  eden space 118272K, 100% used [0x0000000715b00000,0x000000071ce80000,0x000000071ce80000)
  from space 4608K, 97% used [0x000000071d100000,0x000000071d568000,0x000000071d580000)
  to   space 7680K, 0% used [0x000000071d600000,0x000000071d600000,0x000000071dd80000)
 ParOldGen       total 265728K, used 233389K [0x00000005c1000000, 0x00000005d1380000, 0x0000000715b00000)
  object space 265728K, 87% used [0x00000005c1000000,0x00000005cf3eb508,0x00000005d1380000)
 Metaspace       used 13228K, capacity 13417K, committed 13696K, reserved 1062912K
  class space    used 1032K, capacity 1097K, committed 1152K, reserved 1048576K
Event: 30.622 GC heap after
Heap after GC invocations=139 (full 1):
 PSYoungGen      total 121856K, used 6144K [0x0000000715b00000, 0x000000071dc00000, 0x00000007c0000000)
  eden space 115712K, 0% used [0x0000000715b00000,0x0000000715b00000,0x000000071cc00000)
  from space 6144K, 100% used [0x000000071d600000,0x000000071dc00000,0x000000071dc00000)
  to   space 8192K, 0% used [0x000000071cc00000,0x000000071cc00000,0x000000071d400000)
 ParOldGen       total 265728K, used 237725K [0x00000005c1000000, 0x00000005d1380000, 0x0000000715b00000)
  object space 265728K, 89% used [0x00000005c1000000,0x00000005cf827508,0x00000005d1380000)
 Metaspace       used 13228K, capacity 13417K, committed 13696K, reserved 1062912K
  class space    used 1032K, capacity 1097K, committed 1152K, reserved 1048576K
}
Event: 30.968 GC heap before
{Heap before GC invocations=140 (full 1):
 PSYoungGen      total 121856K, used 121856K [0x0000000715b00000, 0x000000071dc00000, 0x00000007c0000000)
  eden space 115712K, 100% used [0x0000000715b00000,0x000000071cc00000,0x000000071cc00000)
  from space 6144K, 100% used [0x000000071d600000,0x000000071dc00000,0x000000071dc00000)
  to   space 8192K, 0% used [0x000000071cc00000,0x000000071cc00000,0x000000071d400000)
 ParOldGen       total 265728K, used 237725K [0x00000005c1000000, 0x00000005d1380000, 0x0000000715b00000)
  object space 265728K, 89% used [0x00000005c1000000,0x00000005cf827508,0x00000005d1380000)
 Metaspace       used 13228K, capacity 13417K, committed 13696K, reserved 1062912K
  class space    used 1032K, capacity 1097K, committed 1152K, reserved 1048576K
Event: 30.971 GC heap after
Heap after GC invocations=140 (full 1):
 PSYoungGen      total 121344K, used 7180K [0x0000000715b00000, 0x000000071db00000, 0x00000007c0000000)
  eden space 113664K, 0% used [0x0000000715b00000,0x0000000715b00000,0x000000071ca00000)
  from space 7680K, 93% used [0x000000071cc00000,0x000000071d303040,0x000000071d380000)
  to   space 7680K, 0% used [0x000000071d380000,0x000000071d380000,0x000000071db00000)
 ParOldGen       total 265728K, used 243677K [0x00000005c1000000, 0x00000005d1380000, 0x0000000715b00000)
  object space 265728K, 91% used [0x00000005c1000000,0x00000005cfdf7508,0x00000005d1380000)
 Metaspace       used 13228K, capacity 13417K, committed 13696K, reserved 1062912K
  class space    used 1032K, capacity 1097K, committed 1152K, reserved 1048576K
}
Event: 31.257 GC heap before
{Heap before GC invocations=141 (full 1):
 PSYoungGen      total 121344K, used 120844K [0x0000000715b00000, 0x000000071db00000, 0x00000007c0000000)
  eden space 113664K, 100% used [0x0000000715b00000,0x000000071ca00000,0x000000071ca00000)
  from space 7680K, 93% used [0x000000071cc00000,0x000000071d303040,0x000000071d380000)
  to   space 7680K, 0% used [0x000000071d380000,0x000000071d380000,0x000000071db00000)
 ParOldGen       total 265728K, used 243677K [0x00000005c1000000, 0x00000005d1380000, 0x0000000715b00000)
  object space 265728K, 91% used [0x00000005c1000000,0x00000005cfdf7508,0x00000005d1380000)
 Metaspace       used 13228K, capacity 13417K, committed 13696K, reserved 1062912K
  class space    used 1032K, capacity 1097K, committed 1152K, reserved 1048576K
Event: 31.259 GC heap after
Heap after GC invocations=141 (full 1):
 PSYoungGen      total 117248K, used 5330K [0x0000000715b00000, 0x000000071d900000, 0x00000007c0000000)
  eden space 111616K, 0% used [0x0000000715b00000,0x0000000715b00000,0x000000071c800000)
  from space 5632K, 94% used [0x000000071d380000,0x000000071d8b48d0,0x000000071d900000)
  to   space 8192K, 0% used [0x000000071c900000,0x000000071c900000,0x000000071d100000)
 ParOldGen       total 265728K, used 250245K [0x00000005c1000000, 0x00000005d1380000, 0x0000000715b00000)
  object space 265728K, 94% used [0x00000005c1000000,0x00000005d0461508,0x00000005d1380000)
 Metaspace       used 13228K, capacity 13417K, committed 13696K, reserved 1062912K
  class space    used 1032K, capacity 1097K, committed 1152K, reserved 1048576K
}
Event: 31.504 GC heap before
{Heap before GC invocations=142 (full 1):
 PSYoungGen      total 117248K, used 116946K [0x0000000715b00000, 0x000000071d900000, 0x00000007c0000000)
  eden space 111616K, 100% used [0x0000000715b00000,0x000000071c800000,0x000000071c800000)
  from space 5632K, 94% used [0x000000071d380000,0x000000071d8b48d0,0x000000071d900000)
  to   space 8192K, 0% used [0x000000071c900000,0x000000071c900000,0x000000071d100000)
 ParOldGen       total 265728K, used 250245K [0x00000005c1000000, 0x00000005d1380000, 0x0000000715b00000)
  object space 265728K, 94% used [0x00000005c1000000,0x00000005d0461508,0x00000005d1380000)
 Metaspace       used 13228K, capacity 13417K, committed 13696K, reserved 1062912K
  class space    used 1032K, capacity 1097K, committed 1152K, reserved 1048576K
Event: 31.506 GC heap after
Heap after GC invocations=142 (full 1):
 PSYoungGen      total 114688K, used 5000K [0x0000000715b00000, 0x000000071d600000, 0x00000007c0000000)
  eden space 109568K, 0% used [0x0000000715b00000,0x0000000715b00000,0x000000071c600000)
  from space 5120K, 97% used [0x000000071c900000,0x000000071cde2300,0x000000071ce00000)
  to   space 8192K, 0% used [0x000000071ce00000,0x000000071ce00000,0x000000071d600000)
 ParOldGen       total 265728K, used 255437K [0x00000005c1000000, 0x00000005d1380000, 0x0000000715b00000)
  object space 265728K, 96% used [0x00000005c1000000,0x00000005d0973508,0x00000005d1380000)
 Metaspace       used 13228K, capacity 13417K, committed 13696K, reserved 1062912K
  class space    used 1032K, capacity 1097K, committed 1152K, reserved 1048576K
}

Deoptimization events (10 events):
Event: 21.171 Thread 0x0000000002ac7000 Uncommon trap: reason=unstable_if action=reinterpret pc=0x0000000002e1a544 method=com.mikedeejay2.voxel.game.world.World.unloadOldChunks()V @ 151
Event: 21.173 Thread 0x0000000002ac7000 Uncommon trap: reason=unstable_if action=reinterpret pc=0x0000000003050034 method=com.mikedeejay2.voxel.game.world.World.unloadOldChunks()V @ 151
Event: 21.646 Thread 0x0000000002ac7000 Uncommon trap: reason=unstable_if action=reinterpret pc=0x0000000003469e40 method=com.mikedeejay2.voxel.game.world.chunk.mesh.ChunkMeshGenerator.createChunkEntity(Lcom/mikedeejay2/voxel/game/world/chunk/Chunk;)Lcom/mikedeejay2/voxel/engine/graphics/object
Event: 21.657 Thread 0x0000000032a5c000 Uncommon trap: reason=unstable_if action=reinterpret pc=0x00000000031d2c88 method=com.mikedeejay2.voxel.game.world.chunk.mesh.ChunkMeshGenerator.genBrightnessWithChunkLoc(Lcom/mikedeejay2/voxel/game/world/World;Lcom/mikedeejay2/voxel/game/world/chunk/Chun
Event: 22.049 Thread 0x0000000032a5c000 Uncommon trap: reason=unstable_if action=reinterpret pc=0x000000000325abb0 method=com.mikedeejay2.voxel.game.world.chunk.mesh.ChunkMeshGenerator.genBrightnessWithChunkLoc(Lcom/mikedeejay2/voxel/game/world/World;Lcom/mikedeejay2/voxel/game/world/chunk/Chun
Event: 23.910 Thread 0x0000000032a5c000 Uncommon trap: reason=unstable_if action=reinterpret pc=0x00000000031849e0 method=com.mikedeejay2.voxel.game.world.chunk.mesh.ChunkMeshGenerator.genBrightnessWithChunkLoc(Lcom/mikedeejay2/voxel/game/world/World;Lcom/mikedeejay2/voxel/game/world/chunk/Chun
Event: 28.684 Thread 0x0000000002ac7000 Uncommon trap: reason=unstable_if action=reinterpret pc=0x0000000002ce394c method=java.nio.Bits.tryReserveMemory(JI)Z @ 29
Event: 29.275 Thread 0x0000000032a5c000 Uncommon trap: reason=unstable_if action=reinterpret pc=0x00000000034728cc method=com.mikedeejay2.voxel.game.world.chunk.mesh.ChunkMeshGenerator.genBrightnessWithChunkLoc(Lcom/mikedeejay2/voxel/game/world/World;Lcom/mikedeejay2/voxel/game/world/chunk/Chun
Event: 30.629 Thread 0x0000000002ac7000 Uncommon trap: reason=unstable_if action=reinterpret pc=0x0000000002fde5e0 method=com.mikedeejay2.voxel.game.world.World.unloadOldChunks()V @ 69
Event: 30.633 Thread 0x0000000002ac7000 Uncommon trap: reason=unstable_if action=reinterpret pc=0x0000000002f58eb8 method=com.mikedeejay2.voxel.game.world.World.unloadOldChunks()V @ 69

Classes redefined (0 events):
No events

Internal exceptions (10 events):
Event: 0.229 Thread 0x0000000002ac7000 Exception <a 'sun/nio/fs/WindowsException'> (0x00000007168cc1e0) thrown at [C:\jenkins\workspace\8-2-build-windows-amd64-cygwin\jdk8u251\737\hotspot\src\share\vm\prims\jni.cpp, line 710]
Event: 0.234 Thread 0x0000000002ac7000 Exception <a 'sun/nio/fs/WindowsException'> (0x00000007168fb950) thrown at [C:\jenkins\workspace\8-2-build-windows-amd64-cygwin\jdk8u251\737\hotspot\src\share\vm\prims\jni.cpp, line 710]
Event: 0.234 Thread 0x0000000002ac7000 Exception <a 'sun/nio/fs/WindowsException'> (0x00000007168fc030) thrown at [C:\jenkins\workspace\8-2-build-windows-amd64-cygwin\jdk8u251\737\hotspot\src\share\vm\prims\jni.cpp, line 710]
Event: 0.647 Thread 0x0000000002ac7000 Exception <a 'sun/nio/fs/WindowsException'> (0x0000000716a65798) thrown at [C:\jenkins\workspace\8-2-build-windows-amd64-cygwin\jdk8u251\737\hotspot\src\share\vm\prims\jni.cpp, line 710]
Event: 0.647 Thread 0x0000000002ac7000 Exception <a 'sun/nio/fs/WindowsException'> (0x0000000716a65ed8) thrown at [C:\jenkins\workspace\8-2-build-windows-amd64-cygwin\jdk8u251\737\hotspot\src\share\vm\prims\jni.cpp, line 710]
Event: 0.649 Thread 0x0000000002ac7000 Exception <a 'sun/nio/fs/WindowsException'> (0x0000000716a7d4d0) thrown at [C:\jenkins\workspace\8-2-build-windows-amd64-cygwin\jdk8u251\737\hotspot\src\share\vm\prims\jni.cpp, line 710]
Event: 0.649 Thread 0x0000000002ac7000 Exception <a 'sun/nio/fs/WindowsException'> (0x0000000716a7dac8) thrown at [C:\jenkins\workspace\8-2-build-windows-amd64-cygwin\jdk8u251\737\hotspot\src\share\vm\prims\jni.cpp, line 710]
Event: 0.691 Thread 0x0000000002ac7000 Exception <a 'sun/nio/fs/WindowsException'> (0x0000000716c36a38) thrown at [C:\jenkins\workspace\8-2-build-windows-amd64-cygwin\jdk8u251\737\hotspot\src\share\vm\prims\jni.cpp, line 710]
Event: 0.691 Thread 0x0000000002ac7000 Exception <a 'sun/nio/fs/WindowsException'> (0x0000000716c37168) thrown at [C:\jenkins\workspace\8-2-build-windows-amd64-cygwin\jdk8u251\737\hotspot\src\share\vm\prims\jni.cpp, line 710]
Event: 0.910 Thread 0x0000000002ac7000 Exception <a 'java/io/FileNotFoundException'> (0x000000071776e508) thrown at [C:\jenkins\workspace\8-2-build-windows-amd64-cygwin\jdk8u251\737\hotspot\src\share\vm\prims\jni.cpp, line 710]

Events (10 events):
Event: 30.629 Thread 0x0000000002ac7000 DEOPT UNPACKING pc=0x0000000002c0583b sp=0x00000000028ef470 mode 2
Event: 30.633 Thread 0x0000000002ac7000 Uncommon trap: trap_request=0xffffff65 fr.pc=0x0000000002f58eb8
Event: 30.633 Thread 0x0000000002ac7000 DEOPT PACKING pc=0x0000000002f58eb8 sp=0x00000000028ef4a0
Event: 30.633 Thread 0x0000000002ac7000 DEOPT UNPACKING pc=0x0000000002c0583b sp=0x00000000028ef470 mode 2
Event: 30.968 Executing VM operation: ParallelGCFailedAllocation
Event: 30.971 Executing VM operation: ParallelGCFailedAllocation done
Event: 31.257 Executing VM operation: ParallelGCFailedAllocation
Event: 31.259 Executing VM operation: ParallelGCFailedAllocation done
Event: 31.504 Executing VM operation: ParallelGCFailedAllocation
Event: 31.506 Executing VM operation: ParallelGCFailedAllocation done


Dynamic libraries:
0x00007ff734420000 - 0x00007ff734457000 	C:\Program Files\Java\jdk1.8.0_251\bin\java.exe
0x00007ffb5cc00000 - 0x00007ffb5cdf0000 	C:\Windows\SYSTEM32\ntdll.dll
0x00007ffb5b5b0000 - 0x00007ffb5b662000 	C:\Windows\System32\KERNEL32.DLL
0x00007ffb5aa00000 - 0x00007ffb5aca3000 	C:\Windows\System32\KERNELBASE.dll
0x00007ffb5c1d0000 - 0x00007ffb5c273000 	C:\Windows\System32\ADVAPI32.dll
0x00007ffb5b510000 - 0x00007ffb5b5ae000 	C:\Windows\System32\msvcrt.dll
0x00007ffb5c660000 - 0x00007ffb5c6f7000 	C:\Windows\System32\sechost.dll
0x00007ffb5c0b0000 - 0x00007ffb5c1d0000 	C:\Windows\System32\RPCRT4.dll
0x00007ffb5b2c0000 - 0x00007ffb5b454000 	C:\Windows\System32\USER32.dll
0x00007ffb5a630000 - 0x00007ffb5a651000 	C:\Windows\System32\win32u.dll
0x00007ffb5bf20000 - 0x00007ffb5bf46000 	C:\Windows\System32\GDI32.dll
0x00007ffb5a660000 - 0x00007ffb5a7f4000 	C:\Windows\System32\gdi32full.dll
0x00007ffb59b90000 - 0x00007ffb59c2e000 	C:\Windows\System32\msvcp_win.dll
0x00007ffb5a530000 - 0x00007ffb5a62a000 	C:\Windows\System32\ucrtbase.dll
0x00007ffb43fc0000 - 0x00007ffb44245000 	C:\Windows\WinSxS\amd64_microsoft.windows.common-controls_6595b64144ccf1df_6.0.18362.778_none_e6c6b761130d4fb8\COMCTL32.dll
0x00007ffb5c760000 - 0x00007ffb5ca96000 	C:\Windows\System32\combase.dll
0x00007ffb5a980000 - 0x00007ffb5aa00000 	C:\Windows\System32\bcryptPrimitives.dll
0x00007ffb5b1a0000 - 0x00007ffb5b1ce000 	C:\Windows\System32\IMM32.DLL
0x0000000075b00000 - 0x0000000075bd2000 	C:\Program Files\Java\jdk1.8.0_251\jre\bin\msvcr100.dll
0x0000000075250000 - 0x0000000075afb000 	C:\Program Files\Java\jdk1.8.0_251\jre\bin\server\jvm.dll
0x00007ffb5bf50000 - 0x00007ffb5bf58000 	C:\Windows\System32\PSAPI.DLL
0x00007ffb49340000 - 0x00007ffb49349000 	C:\Windows\SYSTEM32\WSOCK32.dll
0x00007ffb54630000 - 0x00007ffb5463a000 	C:\Windows\SYSTEM32\VERSION.dll
0x00007ffb56760000 - 0x00007ffb56784000 	C:\Windows\SYSTEM32\WINMM.dll
0x00007ffb5bfe0000 - 0x00007ffb5c04f000 	C:\Windows\System32\WS2_32.dll
0x00007ffb562d0000 - 0x00007ffb562fd000 	C:\Windows\SYSTEM32\winmmbase.dll
0x00007ffb5a8d0000 - 0x00007ffb5a91a000 	C:\Windows\System32\cfgmgr32.dll
0x00007ffb492c0000 - 0x00007ffb492cf000 	C:\Program Files\Java\jdk1.8.0_251\jre\bin\verify.dll
0x00007ffb49290000 - 0x00007ffb492b9000 	C:\Program Files\Java\jdk1.8.0_251\jre\bin\java.dll
0x00007ffb240f0000 - 0x00007ffb24113000 	C:\Program Files\Java\jdk1.8.0_251\jre\bin\instrument.dll
0x00007ffb43600000 - 0x00007ffb43616000 	C:\Program Files\Java\jdk1.8.0_251\jre\bin\zip.dll
0x00007ffb5b670000 - 0x00007ffb5bd55000 	C:\Windows\System32\SHELL32.dll
0x00007ffb5b460000 - 0x00007ffb5b509000 	C:\Windows\System32\shcore.dll
0x00007ffb59db0000 - 0x00007ffb5a530000 	C:\Windows\System32\windows.storage.dll
0x00007ffb59b60000 - 0x00007ffb59b83000 	C:\Windows\System32\profapi.dll
0x00007ffb59af0000 - 0x00007ffb59b3a000 	C:\Windows\System32\powrprof.dll
0x00007ffb59ac0000 - 0x00007ffb59ad0000 	C:\Windows\System32\UMPDC.dll
0x00007ffb5c700000 - 0x00007ffb5c752000 	C:\Windows\System32\shlwapi.dll
0x00007ffb59ad0000 - 0x00007ffb59ae1000 	C:\Windows\System32\kernel.appcore.dll
0x00007ffb5a8b0000 - 0x00007ffb5a8c7000 	C:\Windows\System32\cryptsp.dll
0x00007ffb240d0000 - 0x00007ffb240ea000 	C:\Program Files\JetBrains\IntelliJ IDEA 2019.3.4\bin\breakgen64.dll
0x00007ffb241a0000 - 0x00007ffb241ba000 	C:\Program Files\Java\jdk1.8.0_251\jre\bin\net.dll
0x00007ffb59330000 - 0x00007ffb59397000 	C:\Windows\system32\mswsock.dll
0x00007ffb24180000 - 0x00007ffb24192000 	C:\Program Files\Java\jdk1.8.0_251\jre\bin\nio.dll
0x00007ffb24060000 - 0x00007ffb240c4000 	C:\Users\mdeej\AppData\Local\Temp\lwjglmdeej\3.2.3-build-13\lwjgl.dll
0x00007ffb23e90000 - 0x00007ffb23ef2000 	C:\Users\mdeej\AppData\Local\Temp\lwjglmdeej\3.2.3-build-13\glfw.dll
0x00007ffb56de0000 - 0x00007ffb56e79000 	C:\Windows\system32\uxtheme.dll
0x00007ffb2df10000 - 0x00007ffb2df53000 	C:\Windows\SYSTEM32\dinput8.dll
0x00007ffb2dbe0000 - 0x00007ffb2dbf1000 	C:\Windows\SYSTEM32\xinput1_4.dll
0x00007ffb598c0000 - 0x00007ffb598ea000 	C:\Windows\SYSTEM32\DEVOBJ.dll
0x00007ffb57520000 - 0x00007ffb5754d000 	C:\Windows\SYSTEM32\dwmapi.dll
0x00007ffb4f940000 - 0x00007ffb4fa5a000 	C:\Windows\SYSTEM32\inputhost.dll
0x00007ffb54e80000 - 0x00007ffb54fd3000 	C:\Windows\SYSTEM32\wintypes.dll
0x00007ffb56300000 - 0x00007ffb563d4000 	C:\Windows\SYSTEM32\CoreMessaging.dll
0x00007ffb53890000 - 0x00007ffb53bba000 	C:\Windows\SYSTEM32\CoreUIComponents.dll
0x00007ffb56090000 - 0x00007ffb5617f000 	C:\Windows\SYSTEM32\PROPSYS.dll
0x00007ffb5c3c0000 - 0x00007ffb5c484000 	C:\Windows\System32\OLEAUT32.dll
0x00007ffb58bd0000 - 0x00007ffb58c01000 	C:\Windows\SYSTEM32\ntmarta.dll
0x00007ffb5c280000 - 0x00007ffb5c3b6000 	C:\Windows\System32\MSCTF.dll
0x00007ffb58430000 - 0x00007ffb5843e000 	C:\Windows\SYSTEM32\HID.DLL
0x00007ffb5ad30000 - 0x00007ffb5b1a0000 	C:\Windows\System32\SETUPAPI.DLL
0x00007ffb59c30000 - 0x00007ffb59c56000 	C:\Windows\System32\bcrypt.dll
0x00007ffb5a920000 - 0x00007ffb5a97c000 	C:\Windows\System32\WINTRUST.dll
0x00007ffb59b40000 - 0x00007ffb59b52000 	C:\Windows\System32\MSASN1.dll
0x00007ffb59c60000 - 0x00007ffb59da9000 	C:\Windows\System32\CRYPT32.dll
0x00007ffafede0000 - 0x00007ffafef36000 	C:\Windows\SYSTEM32\opengl32.dll
0x00007ffb3e860000 - 0x00007ffb3e88c000 	C:\Windows\SYSTEM32\GLU32.dll
0x00007ffb587a0000 - 0x00007ffb587c0000 	C:\Windows\SYSTEM32\dxcore.dll
0x00007ffaf1fe0000 - 0x00007ffaf4704000 	C:\Windows\System32\DriverStore\FileRepository\nvaki.inf_amd64_149c0c4968822483\nvoglv64.dll
0x00007ffb5c500000 - 0x00007ffb5c657000 	C:\Windows\System32\ole32.dll
0x00007ffb54e60000 - 0x00007ffb54e73000 	C:\Windows\SYSTEM32\WTSAPI32.dll
0x00007ffb23280000 - 0x00007ffb23537000 	C:\Windows\system32\nvspcap64.dll
0x00007ffb58d70000 - 0x00007ffb58dcc000 	C:\Windows\SYSTEM32\WINSTA.dll
0x00007ffb4fa60000 - 0x00007ffb4fafe000 	C:\Windows\System32\TextInputFramework.dll
0x00007ffb4b450000 - 0x00007ffb4b6f6000 	C:\Windows\System32\iertutil.dll
0x00007ffb23f10000 - 0x00007ffb23f69000 	C:\Users\mdeej\AppData\Local\Temp\lwjglmdeej\3.2.3-build-13\lwjgl_opengl.dll
0x00007ffb06680000 - 0x00007ffb068d3000 	C:\Users\mdeej\AppData\Local\Temp\lwjglmdeej\3.2.3-build-13\jemalloc.dll
0x00007ffb03850000 - 0x00007ffb039ea000 	C:\Program Files\Java\jdk1.8.0_251\jre\bin\awt.dll
0x00007ffb56ca0000 - 0x00007ffb56d2f000 	C:\Windows\SYSTEM32\apphelp.dll
0x00007ffb58230000 - 0x00007ffb58424000 	C:\Windows\SYSTEM32\dbghelp.dll

VM Arguments:
jvm_args: -XX:+UnlockCommercialFeatures -javaagent:C:\Program Files\JetBrains\IntelliJ IDEA 2019.3.4\lib\idea_rt.jar=51263:C:\Program Files\JetBrains\IntelliJ IDEA 2019.3.4\bin -Dfile.encoding=UTF-8 
java_command: com.mikedeejay2.voxel.game.Main
java_class_path (initial): C:\Program Files\Java\jdk1.8.0_251\jre\lib\charsets.jar;C:\Program Files\Java\jdk1.8.0_251\jre\lib\deploy.jar;C:\Program Files\Java\jdk1.8.0_251\jre\lib\ext\access-bridge-64.jar;C:\Program Files\Java\jdk1.8.0_251\jre\lib\ext\cldrdata.jar;C:\Program Files\Java\jdk1.8.0_251\jre\lib\ext\dnsns.jar;C:\Program Files\Java\jdk1.8.0_251\jre\lib\ext\jaccess.jar;C:\Program Files\Java\jdk1.8.0_251\jre\lib\ext\jfxrt.jar;C:\Program Files\Java\jdk1.8.0_251\jre\lib\ext\localedata.jar;C:\Program Files\Java\jdk1.8.0_251\jre\lib\ext\nashorn.jar;C:\Program Files\Java\jdk1.8.0_251\jre\lib\ext\sunec.jar;C:\Program Files\Java\jdk1.8.0_251\jre\lib\ext\sunjce_provider.jar;C:\Program Files\Java\jdk1.8.0_251\jre\lib\ext\sunmscapi.jar;C:\Program Files\Java\jdk1.8.0_251\jre\lib\ext\sunpkcs11.jar;C:\Program Files\Java\jdk1.8.0_251\jre\lib\ext\zipfs.jar;C:\Program Files\Java\jdk1.8.0_251\jre\lib\javaws.jar;C:\Program Files\Java\jdk1.8.0_251\jre\lib\jce.jar;C:\Program Files\Java\jdk1.8.0_251\jre\lib\jfr.jar;C:\Program Files\Java\jdk1.8.0_251\jre\lib\jfxswt.jar;C:\Program Files\Java\jdk1.8.0_251\jre\lib\jsse.jar;C:\Program Files\Java\jdk1.8.0_251\jre\lib\management-agent.jar;C:\Program Files\Java\jdk1.8.0_251\jre\lib\plugin.jar;C:\Program Files\Java\jdk1.8.0_251\jre\lib\resources.jar;C:\Program Files\Java\jdk1.8.0_251\jre\lib\rt.jar;C:\Users\mdeej\IdeaProjects\APCSP\out\production\APCSP;C:\Users\mdeej\IdeaProjects\APCSP\libs\lwjgl.jar;C:\Users\mdeej\IdeaProjects\APCSP\libs\lwjgl-egl.jar;C:\Users\mdeej\IdeaProjects\APCSP\libs\lwjgl-lz4.jar;C:\Users\mdeej\IdeaProjects\APCSP\libs\lwjgl-nfd.jar;C:\Users\mdeej\IdeaProjects\APCSP\libs\lwjgl-ovr.jar;C:\Users\mdeej\IdeaProjects\APCSP\libs\lwjgl-par.jar;C:\Users\mdeej\IdeaProjects\APCSP\libs\lwjgl-sse.jar;C:\Users\mdeej\IdeaProjects\APCSP\libs\lwjgl-stb.jar;C:\Users\mdeej\IdeaProjects\APCSP\libs\lwjgl-vma.jar;C:\Users\mdeej\IdeaProjects\APCSP\libs\lwjgl-bgfx.jar;C:\Users\mdeej\IdeaProjects\APCSP\libs\lwjgl-cuda.jar;C:\Users\mdee
Launcher Type: SUN_STANDARD

Environment Variables:
PATH=C:\Program Files (x86)\Common Files\Intel\Shared Libraries\redist\intel64\compiler;C:\Windows\system32;C:\Windows;C:\Windows\System32\Wbem;C:\Windows\System32\WindowsPowerShell\v1.0\;C:\Windows\System32\OpenSSH\;C:\Program Files\NVIDIA Corporation\NVIDIA NvDLISR;C:\Program Files (x86)\NVIDIA Corporation\PhysX\Common;C:\Program Files (x86)\QuickTime\QTSystem\;C:\Users\mdeej\AppData\Local\Microsoft\WindowsApps;
USERNAME=mdeej
OS=Windows_NT
PROCESSOR_IDENTIFIER=Intel64 Family 6 Model 158 Stepping 10, GenuineIntel



---------------  S Y S T E M  ---------------

OS: Windows 10.0 , 64 bit Build 18362 (10.0.18362.778)

CPU:total 12 (initial active 12) (6 cores per cpu, 2 threads per core) family 6 model 158 stepping 10, cmov, cx8, fxsr, mmx, sse, sse2, sse3, ssse3, sse4.1, sse4.2, popcnt, avx, avx2, aes, clmul, erms, rtm, 3dnowpref, lzcnt, ht, tsc, tscinvbit, bmi1, bmi2, adx

Memory: 4k page, physical 33487264k(16633392k free), swap 98498976k(73191416k free)

vm_info: Java HotSpot(TM) 64-Bit Server VM (25.251-b08) for windows-amd64 JRE (1.8.0_251-b08), built on Mar 12 2020 06:31:49 by "" with MS VC++ 10.0 (VS2010)

time: Thu May 07 01:08:14 2020
timezone: Eastern Daylight Time
elapsed time: 31 seconds (0d 0h 0m 31s)

