#
# A fatal error has been detected by the Java Runtime Environment:
#
#  EXCEPTION_ACCESS_VIOLATION (0xc0000005) at pc=0x00007ffaf2c5e2e0, pid=24116, tid=0x0000000000004e18
#
# JRE version: Java(TM) SE Runtime Environment (8.0_231-b11) (build 1.8.0_231-b11)
# Java VM: Java HotSpot(TM) 64-Bit Server VM (25.231-b11 mixed mode windows-amd64 compressed oops)
# Problematic frame:
# C  [nvoglv64.dll+0xc7e2e0]
#
# Failed to write core dump. Minidumps are not enabled by default on client versions of Windows
#
# If you would like to submit a bug report, please visit:
#   http://bugreport.java.com/bugreport/crash.jsp
# The crash happened outside the Java Virtual Machine in native code.
# See problematic frame for where to report the bug.
#

---------------  T H R E A D  ---------------

Current thread (0x0000000002df7000):  JavaThread "main" [_thread_in_native, id=19992, stack(0x0000000002b00000,0x0000000002c00000)]

siginfo: ExceptionCode=0xc0000005, reading address 0x0000000000000000

Registers:
RAX=0x0000000000000000, RBX=0x000000002dc08900, RCX=0x000000002dc08900, RDX=0x0000000000000008
RSP=0x0000000002bfe9f8, RBP=0x0000000000000004, RSI=0x0000000000000002, RDI=0x0000000037a8fd08
R8 =0x000000000000000c, R9 =0x00000000000012a8, R10=0x000000000000000c, R11=0x0000000000000000
R12=0x0000000000000000, R13=0x0000000037a8f9a8, R14=0x000000002fcce8d0, R15=0x00007ffaf2c5e2d0
RIP=0x00007ffaf2c5e2e0, EFLAGS=0x0000000000010202

Top of Stack: (sp=0x0000000002bfe9f8)
0x0000000002bfe9f8:   00007ffaf2d24ec1 0000000007fff3c0
0x0000000002bfea08:   0000000000000000 0000000030390000
0x0000000002bfea18:   0000000000025500 0000000000000000
0x0000000002bfea28:   00007ffaf2b908d0 0000000000000000
0x0000000002bfea38:   00007ffaf2b8b486 0000000000000007
0x0000000002bfea48:   00000000080168e0 000000002dc08900
0x0000000002bfea58:   10c0000000000000 000000002bf2c4c0
0x0000000002bfea68:   00007ffaf2b90664 0000000000000000
0x0000000002bfea78:   000000002bf2c4c0 0000000000000000
0x0000000002bfea88:   0000000000000000 0000000000000004
0x0000000002bfea98:   0000000030390000 0000000000001405
0x0000000002bfeaa8:   00000000000012a8 0000000000001bfc
0x0000000002bfeab8:   00007ffaf2d15e60 0000000030390000
0x0000000002bfeac8:   0000000000000000 00000000000012a8
0x0000000002bfead8:   0000000000000000 0000000000001400
0x0000000002bfeae8:   0000000000000000 0000000002bfeb50 

Instructions: (pc=0x00007ffaf2c5e2e0)
0x00007ffaf2c5e2c0:   48 83 c1 08 41 83 e9 01 75 e9 48 8b c1 c3 cc cc
0x00007ffaf2c5e2d0:   4d 63 d0 48 83 c2 08 66 0f 1f 84 00 00 00 00 00
0x00007ffaf2c5e2e0:   8b 42 f8 89 01 8b 42 fc 89 41 04 8b 02 49 03 d2
0x00007ffaf2c5e2f0:   89 41 08 48 83 c1 0c 41 83 e9 01 75 e3 48 8b c1 


Register to memory mapping:

RAX=0x0000000000000000 is an unknown value
RBX=0x000000002dc08900 is an unknown value
RCX=0x000000002dc08900 is an unknown value
RDX=0x0000000000000008 is an unknown value
RSP=0x0000000002bfe9f8 is pointing into the stack for thread: 0x0000000002df7000
RBP=0x0000000000000004 is an unknown value
RSI=0x0000000000000002 is an unknown value
RDI=0x0000000037a8fd08 is an unknown value
R8 =0x000000000000000c is an unknown value
R9 =0x00000000000012a8 is an unknown value
R10=0x000000000000000c is an unknown value
R11=0x0000000000000000 is an unknown value
R12=0x0000000000000000 is an unknown value
R13=0x0000000037a8f9a8 is an unknown value
R14=0x000000002fcce8d0 is an unknown value
R15=0x00007ffaf2c5e2d0 is an unknown value


Stack: [0x0000000002b00000,0x0000000002c00000],  sp=0x0000000002bfe9f8,  free space=1018k
Native frames: (J=compiled Java code, j=interpreted, Vv=VM code, C=native code)
C  [nvoglv64.dll+0xc7e2e0]

Java frames: (J=compiled Java code, j=interpreted, Vv=VM code)
J 1079  org.lwjgl.opengl.GL11C.nglDrawElements(IIIJ)V (0 bytes) @ 0x0000000003360c0e [0x0000000003360bc0+0x4e]
J 1193 C2 com.mikedeejay2.voxel.engine.graphics.renderers.Renderer.render(Ljava/util/Map;)V (111 bytes) @ 0x0000000003423e94 [0x0000000003423ba0+0x2f4]
J 1293 C2 com.mikedeejay2.voxel.engine.graphics.renderers.MasterRenderer.render(Lcom/mikedeejay2/voxel/engine/graphics/objects/Camera;)V (62 bytes) @ 0x00000000034b9e70 [0x00000000034b9a20+0x450]
J 972 C2 com.mikedeejay2.voxel.game.Main.render()V (53 bytes) @ 0x000000000332db44 [0x000000000332d820+0x324]
J 1391% C1 com.mikedeejay2.voxel.engine.core.CoreEngine.run()V (214 bytes) @ 0x00000000036891dc [0x00000000036888a0+0x93c]
j  com.mikedeejay2.voxel.engine.core.CoreEngine.start()V+9
j  com.mikedeejay2.voxel.game.Main.start()V+29
j  com.mikedeejay2.voxel.game.Main.main([Ljava/lang/String;)V+7
v  ~StubRoutines::call_stub

---------------  P R O C E S S  ---------------

Java Threads: ( => current thread )
  0x0000000032cf5000 JavaThread "world" [_thread_blocked, id=24104, stack(0x0000000034350000,0x0000000034450000)]
  0x0000000032d2d000 JavaThread "chunkConsumer" [_thread_in_Java, id=16764, stack(0x0000000034250000,0x0000000034350000)]
  0x0000000033048800 JavaThread "chunkProducer" [_thread_blocked, id=16744, stack(0x0000000034150000,0x0000000034250000)]
  0x0000000032ce1000 JavaThread "Java2D Disposer" daemon [_thread_blocked, id=8316, stack(0x0000000033df0000,0x0000000033ef0000)]
  0x00000000290de800 JavaThread "Service Thread" daemon [_thread_blocked, id=2556, stack(0x0000000029ba0000,0x0000000029ca0000)]
  0x0000000029040000 JavaThread "C1 CompilerThread3" daemon [_thread_blocked, id=13868, stack(0x0000000029aa0000,0x0000000029ba0000)]
  0x000000002903f800 JavaThread "C2 CompilerThread2" daemon [_thread_blocked, id=19236, stack(0x00000000299a0000,0x0000000029aa0000)]
  0x000000002903e800 JavaThread "C2 CompilerThread1" daemon [_thread_blocked, id=25484, stack(0x00000000298a0000,0x00000000299a0000)]
  0x000000002903c000 JavaThread "C2 CompilerThread0" daemon [_thread_in_native, id=25588, stack(0x00000000297a0000,0x00000000298a0000)]
  0x000000002903a800 JavaThread "Monitor Ctrl-Break" daemon [_thread_in_native, id=23516, stack(0x00000000296a0000,0x00000000297a0000)]
  0x000000002784d000 JavaThread "Attach Listener" daemon [_thread_blocked, id=13164, stack(0x0000000028da0000,0x0000000028ea0000)]
  0x000000002784c000 JavaThread "Signal Dispatcher" daemon [_thread_blocked, id=448, stack(0x0000000028ca0000,0x0000000028da0000)]
  0x0000000026173800 JavaThread "Finalizer" daemon [_thread_blocked, id=20200, stack(0x0000000028aa0000,0x0000000028ba0000)]
  0x000000002616d800 JavaThread "Reference Handler" daemon [_thread_blocked, id=17752, stack(0x00000000289a0000,0x0000000028aa0000)]
=>0x0000000002df7000 JavaThread "main" [_thread_in_native, id=19992, stack(0x0000000002b00000,0x0000000002c00000)]

Other Threads:
  0x0000000002eed000 VMThread [stack: 0x00000000288a0000,0x00000000289a0000] [id=25380]
  0x00000000291a4000 WatcherThread [stack: 0x0000000029ca0000,0x0000000029da0000] [id=18072]

VM state:not at safepoint (normal execution)

VM Mutex/Monitor currently owned by a thread: None

heap address: 0x00000005c1000000, size: 8176 MB, Compressed Oops mode: Zero based, Oop shift amount: 3
Narrow klass base: 0x0000000000000000, Narrow klass shift: 3
Compressed class space size: 1073741824 Address: 0x00000007c0000000

Heap:
 PSYoungGen      total 120832K, used 55223K [0x0000000715b00000, 0x000000071e880000, 0x00000007c0000000)
  eden space 101888K, 50% used [0x0000000715b00000,0x0000000718d402f0,0x000000071be80000)
  from space 18944K, 19% used [0x000000071d600000,0x000000071d9adbe8,0x000000071e880000)
  to   space 21504K, 0% used [0x000000071be80000,0x000000071be80000,0x000000071d380000)
 ParOldGen       total 349696K, used 49633K [0x00000005c1000000, 0x00000005d6580000, 0x0000000715b00000)
  object space 349696K, 14% used [0x00000005c1000000,0x00000005c4078400,0x00000005d6580000)
 Metaspace       used 13235K, capacity 13455K, committed 13696K, reserved 1062912K
  class space    used 1038K, capacity 1132K, committed 1152K, reserved 1048576K

Card table byte_map: [0x00000000122b0000,0x00000000132b0000] byte_map_base: 0x000000000f4a8000

Marking Bits: (ParMarkBitMap*) 0x0000000071fb6d90
 Begin Bits: [0x0000000014760000, 0x000000001c720000)
 End Bits:   [0x000000001c720000, 0x00000000246e0000)

Polling page: 0x0000000001140000

CodeCache: size=245760Kb used=8755Kb max_used=8755Kb free=237004Kb
 bounds [0x0000000002ef0000, 0x0000000003790000, 0x0000000011ef0000]
 total_blobs=2422 nmethods=1414 adapters=921
 compilation: enabled

Compilation events (10 events):
Event: 7.446 Thread 0x0000000029040000 nmethod 1415 0x00000000036e9610 code [0x00000000036e9760, 0x00000000036e9870]
Event: 7.446 Thread 0x0000000029040000 1416       1       com.mikedeejay2.voxel.engine.graphics.objects.Camera::getRealPos (5 bytes)
Event: 7.446 Thread 0x0000000029040000 nmethod 1416 0x00000000036e9350 code [0x00000000036e94a0, 0x00000000036e95b0]
Event: 7.783 Thread 0x0000000029040000 1417       3       com.mikedeejay2.voxel.engine.graphics.objects.Camera::input (539 bytes)
Event: 7.785 Thread 0x0000000029040000 nmethod 1417 0x0000000003746d90 code [0x0000000003747240, 0x0000000003749918]
Event: 7.805 Thread 0x0000000029040000 1418       3       com.mikedeejay2.voxel.game.world.chunk.mesh.ChunkMeshGenerator::genBrightnessWithChunkLoc (3286 bytes)
Event: 7.814 Thread 0x0000000029040000 nmethod 1418 0x0000000003764990 code [0x0000000003766560, 0x0000000003779bf8]
Event: 7.814 Thread 0x0000000029040000 1419       3       org.joml.Vector3d::sub (50 bytes)
Event: 7.814 Thread 0x0000000029040000 nmethod 1419 0x00000000036e8cd0 code [0x00000000036e8e40, 0x00000000036e9190]
Event: 7.828 Thread 0x000000002903c000 1420       4       com.mikedeejay2.voxel.game.world.chunk.mesh.ChunkMeshGenerator::genBrightnessWithChunkLoc (3286 bytes)

GC Heap History (10 events):
Event: 6.544 GC heap before
{Heap before GC invocations=12 (full 0):
 PSYoungGen      total 117248K, used 116996K [0x0000000715b00000, 0x000000071f300000, 0x00000007c0000000)
  eden space 112640K, 100% used [0x0000000715b00000,0x000000071c900000,0x000000071c900000)
  from space 4608K, 94% used [0x000000071cb80000,0x000000071cfc1278,0x000000071d000000)
  to   space 21504K, 0% used [0x000000071de00000,0x000000071de00000,0x000000071f300000)
 ParOldGen       total 349696K, used 33214K [0x00000005c1000000, 0x00000005d6580000, 0x0000000715b00000)
  object space 349696K, 9% used [0x00000005c1000000,0x00000005c306fba0,0x00000005d6580000)
 Metaspace       used 13235K, capacity 13455K, committed 13696K, reserved 1062912K
  class space    used 1037K, capacity 1132K, committed 1152K, reserved 1048576K
Event: 6.545 GC heap after
Heap after GC invocations=12 (full 0):
 PSYoungGen      total 130048K, used 4510K [0x0000000715b00000, 0x000000071f180000, 0x00000007c0000000)
  eden space 110080K, 0% used [0x0000000715b00000,0x0000000715b00000,0x000000071c680000)
  from space 19968K, 22% used [0x000000071de00000,0x000000071e2678f8,0x000000071f180000)
  to   space 22016K, 0% used [0x000000071c680000,0x000000071c680000,0x000000071dc00000)
 ParOldGen       total 349696K, used 37390K [0x00000005c1000000, 0x00000005d6580000, 0x0000000715b00000)
  object space 349696K, 10% used [0x00000005c1000000,0x00000005c3483ba0,0x00000005d6580000)
 Metaspace       used 13235K, capacity 13455K, committed 13696K, reserved 1062912K
  class space    used 1037K, capacity 1132K, committed 1152K, reserved 1048576K
}
Event: 6.873 GC heap before
{Heap before GC invocations=13 (full 0):
 PSYoungGen      total 130048K, used 114590K [0x0000000715b00000, 0x000000071f180000, 0x00000007c0000000)
  eden space 110080K, 100% used [0x0000000715b00000,0x000000071c680000,0x000000071c680000)
  from space 19968K, 22% used [0x000000071de00000,0x000000071e2678f8,0x000000071f180000)
  to   space 22016K, 0% used [0x000000071c680000,0x000000071c680000,0x000000071dc00000)
 ParOldGen       total 349696K, used 37390K [0x00000005c1000000, 0x00000005d6580000, 0x0000000715b00000)
  object space 349696K, 10% used [0x00000005c1000000,0x00000005c3483ba0,0x00000005d6580000)
 Metaspace       used 13235K, capacity 13455K, committed 13696K, reserved 1062912K
  class space    used 1037K, capacity 1132K, committed 1152K, reserved 1048576K
Event: 6.875 GC heap after
Heap after GC invocations=13 (full 0):
 PSYoungGen      total 111104K, used 2654K [0x0000000715b00000, 0x000000071ef80000, 0x00000007c0000000)
  eden space 108032K, 0% used [0x0000000715b00000,0x0000000715b00000,0x000000071c480000)
  from space 3072K, 86% used [0x000000071c680000,0x000000071c9179b8,0x000000071c980000)
  to   space 22016K, 0% used [0x000000071da00000,0x000000071da00000,0x000000071ef80000)
 ParOldGen       total 349696K, used 40950K [0x00000005c1000000, 0x00000005d6580000, 0x0000000715b00000)
  object space 349696K, 11% used [0x00000005c1000000,0x00000005c37fdba0,0x00000005d6580000)
 Metaspace       used 13235K, capacity 13455K, committed 13696K, reserved 1062912K
  class space    used 1037K, capacity 1132K, committed 1152K, reserved 1048576K
}
Event: 7.154 GC heap before
{Heap before GC invocations=14 (full 0):
 PSYoungGen      total 111104K, used 110686K [0x0000000715b00000, 0x000000071ef80000, 0x00000007c0000000)
  eden space 108032K, 100% used [0x0000000715b00000,0x000000071c480000,0x000000071c480000)
  from space 3072K, 86% used [0x000000071c680000,0x000000071c9179b8,0x000000071c980000)
  to   space 22016K, 0% used [0x000000071da00000,0x000000071da00000,0x000000071ef80000)
 ParOldGen       total 349696K, used 40950K [0x00000005c1000000, 0x00000005d6580000, 0x0000000715b00000)
  object space 349696K, 11% used [0x00000005c1000000,0x00000005c37fdba0,0x00000005d6580000)
 Metaspace       used 13235K, capacity 13455K, committed 13696K, reserved 1062912K
  class space    used 1037K, capacity 1132K, committed 1152K, reserved 1048576K
Event: 7.156 GC heap after
Heap after GC invocations=14 (full 0):
 PSYoungGen      total 125952K, used 3407K [0x0000000715b00000, 0x000000071ed80000, 0x00000007c0000000)
  eden space 105984K, 0% used [0x0000000715b00000,0x0000000715b00000,0x000000071c280000)
  from space 19968K, 17% used [0x000000071da00000,0x000000071dd53d80,0x000000071ed80000)
  to   space 22016K, 0% used [0x000000071c280000,0x000000071c280000,0x000000071d800000)
 ParOldGen       total 349696K, used 43456K [0x00000005c1000000, 0x00000005d6580000, 0x0000000715b00000)
  object space 349696K, 12% used [0x00000005c1000000,0x00000005c3a702e0,0x00000005d6580000)
 Metaspace       used 13235K, capacity 13455K, committed 13696K, reserved 1062912K
  class space    used 1037K, capacity 1132K, committed 1152K, reserved 1048576K
}
Event: 7.501 GC heap before
{Heap before GC invocations=15 (full 0):
 PSYoungGen      total 125952K, used 109391K [0x0000000715b00000, 0x000000071ed80000, 0x00000007c0000000)
  eden space 105984K, 100% used [0x0000000715b00000,0x000000071c280000,0x000000071c280000)
  from space 19968K, 17% used [0x000000071da00000,0x000000071dd53d80,0x000000071ed80000)
  to   space 22016K, 0% used [0x000000071c280000,0x000000071c280000,0x000000071d800000)
 ParOldGen       total 349696K, used 43456K [0x00000005c1000000, 0x00000005d6580000, 0x0000000715b00000)
  object space 349696K, 12% used [0x00000005c1000000,0x00000005c3a702e0,0x00000005d6580000)
 Metaspace       used 13235K, capacity 13455K, committed 13696K, reserved 1062912K
  class space    used 1038K, capacity 1132K, committed 1152K, reserved 1048576K
Event: 7.503 GC heap after
Heap after GC invocations=15 (full 0):
 PSYoungGen      total 108032K, used 4025K [0x0000000715b00000, 0x000000071eb80000, 0x00000007c0000000)
  eden space 103936K, 0% used [0x0000000715b00000,0x0000000715b00000,0x000000071c080000)
  from space 4096K, 98% used [0x000000071c280000,0x000000071c66e610,0x000000071c680000)
  to   space 22016K, 0% used [0x000000071d600000,0x000000071d600000,0x000000071eb80000)
 ParOldGen       total 349696K, used 45976K [0x00000005c1000000, 0x00000005d6580000, 0x0000000715b00000)
  object space 349696K, 13% used [0x00000005c1000000,0x00000005c3ce62e0,0x00000005d6580000)
 Metaspace       used 13235K, capacity 13455K, committed 13696K, reserved 1062912K
  class space    used 1038K, capacity 1132K, committed 1152K, reserved 1048576K
}
Event: 7.806 GC heap before
{Heap before GC invocations=16 (full 0):
 PSYoungGen      total 108032K, used 107961K [0x0000000715b00000, 0x000000071eb80000, 0x00000007c0000000)
  eden space 103936K, 100% used [0x0000000715b00000,0x000000071c080000,0x000000071c080000)
  from space 4096K, 98% used [0x000000071c280000,0x000000071c66e610,0x000000071c680000)
  to   space 22016K, 0% used [0x000000071d600000,0x000000071d600000,0x000000071eb80000)
 ParOldGen       total 349696K, used 45976K [0x00000005c1000000, 0x00000005d6580000, 0x0000000715b00000)
  object space 349696K, 13% used [0x00000005c1000000,0x00000005c3ce62e0,0x00000005d6580000)
 Metaspace       used 13235K, capacity 13455K, committed 13696K, reserved 1062912K
  class space    used 1038K, capacity 1132K, committed 1152K, reserved 1048576K
Event: 7.808 GC heap after
Heap after GC invocations=16 (full 0):
 PSYoungGen      total 120832K, used 3766K [0x0000000715b00000, 0x000000071e880000, 0x00000007c0000000)
  eden space 101888K, 0% used [0x0000000715b00000,0x0000000715b00000,0x000000071be80000)
  from space 18944K, 19% used [0x000000071d600000,0x000000071d9adbe8,0x000000071e880000)
  to   space 21504K, 0% used [0x000000071be80000,0x000000071be80000,0x000000071d380000)
 ParOldGen       total 349696K, used 49633K [0x00000005c1000000, 0x00000005d6580000, 0x0000000715b00000)
  object space 349696K, 14% used [0x00000005c1000000,0x00000005c4078400,0x00000005d6580000)
 Metaspace       used 13235K, capacity 13455K, committed 13696K, reserved 1062912K
  class space    used 1038K, capacity 1132K, committed 1152K, reserved 1048576K
}

Deoptimization events (10 events):
Event: 3.593 Thread 0x0000000032d2d000 Uncommon trap: reason=unstable_if action=reinterpret pc=0x000000000360902c method=com.mikedeejay2.voxel.game.world.chunk.mesh.ChunkMeshGenerator.genBrightness(Lcom/mikedeejay2/voxel/game/world/chunk/Chunk;FIIIILjava/util/List;Lcom/mikedeejay2/voxel/engine
Event: 4.766 Thread 0x0000000032d2d000 Uncommon trap: reason=unstable_if action=reinterpret pc=0x000000000368e638 method=com.mikedeejay2.voxel.game.world.chunk.mesh.ChunkMeshGenerator.genBrightnessWithChunkLoc(Lcom/mikedeejay2/voxel/game/world/World;Lcom/mikedeejay2/voxel/game/world/chunk/Chun
Event: 4.880 Thread 0x0000000032d2d000 Uncommon trap: reason=unstable_if action=reinterpret pc=0x000000000366d078 method=com.mikedeejay2.voxel.game.world.chunk.mesh.ChunkMeshGenerator.genBrightness(Lcom/mikedeejay2/voxel/game/world/chunk/Chunk;FIIIILjava/util/List;Lcom/mikedeejay2/voxel/engine
Event: 5.611 Thread 0x0000000002df7000 Uncommon trap: reason=unstable_if action=reinterpret pc=0x000000000341dd8c method=java.util.HashMap$TreeNode.find(ILjava/lang/Object;Ljava/lang/Class;)Ljava/util/HashMap$TreeNode; @ 58
Event: 6.443 Thread 0x0000000002df7000 Uncommon trap: reason=unstable_if action=reinterpret pc=0x0000000003605a98 method=com.mikedeejay2.voxel.engine.graphics.objects.Camera.input(F)V @ 205
Event: 6.811 Thread 0x0000000002df7000 Uncommon trap: reason=unstable_if action=reinterpret pc=0x00000000033aaadc method=java.util.HashMap$TreeNode.find(ILjava/lang/Object;Ljava/lang/Class;)Ljava/util/HashMap$TreeNode; @ 58
Event: 6.811 Thread 0x0000000002df7000 Uncommon trap: reason=unstable_if action=reinterpret pc=0x000000000332b948 method=java.util.HashMap$TreeNode.find(ILjava/lang/Object;Ljava/lang/Class;)Ljava/util/HashMap$TreeNode; @ 58
Event: 7.078 Thread 0x0000000032d2d000 Uncommon trap: reason=unstable_if action=reinterpret pc=0x00000000036f3ab4 method=com.mikedeejay2.voxel.game.world.chunk.mesh.ChunkMeshGenerator.genBrightnessWithChunkLoc(Lcom/mikedeejay2/voxel/game/world/World;Lcom/mikedeejay2/voxel/game/world/chunk/Chun
Event: 7.775 Thread 0x0000000002df7000 Uncommon trap: reason=unstable_if action=reinterpret pc=0x00000000036e7630 method=com.mikedeejay2.voxel.engine.graphics.objects.Camera.input(F)V @ 157
Event: 7.805 Thread 0x0000000032d2d000 Uncommon trap: reason=unstable_if action=reinterpret pc=0x0000000003750750 method=com.mikedeejay2.voxel.game.world.chunk.mesh.ChunkMeshGenerator.genBrightnessWithChunkLoc(Lcom/mikedeejay2/voxel/game/world/World;Lcom/mikedeejay2/voxel/game/world/chunk/Chun

Classes redefined (0 events):
No events

Internal exceptions (10 events):
Event: 0.221 Thread 0x0000000002df7000 Exception <a 'sun/nio/fs/WindowsException'> (0x00000007168d4190) thrown at [C:\re\workspace\8-2-build-windows-amd64-cygwin\jdk8u231\13620\hotspot\src\share\vm\prims\jni.cpp, line 710]
Event: 0.225 Thread 0x0000000002df7000 Exception <a 'sun/nio/fs/WindowsException'> (0x0000000716903900) thrown at [C:\re\workspace\8-2-build-windows-amd64-cygwin\jdk8u231\13620\hotspot\src\share\vm\prims\jni.cpp, line 710]
Event: 0.225 Thread 0x0000000002df7000 Exception <a 'sun/nio/fs/WindowsException'> (0x0000000716903fe0) thrown at [C:\re\workspace\8-2-build-windows-amd64-cygwin\jdk8u231\13620\hotspot\src\share\vm\prims\jni.cpp, line 710]
Event: 0.244 Thread 0x0000000002df7000 Exception <a 'sun/nio/fs/WindowsException'> (0x0000000716a36990) thrown at [C:\re\workspace\8-2-build-windows-amd64-cygwin\jdk8u231\13620\hotspot\src\share\vm\prims\jni.cpp, line 710]
Event: 0.244 Thread 0x0000000002df7000 Exception <a 'sun/nio/fs/WindowsException'> (0x0000000716a370c0) thrown at [C:\re\workspace\8-2-build-windows-amd64-cygwin\jdk8u231\13620\hotspot\src\share\vm\prims\jni.cpp, line 710]
Event: 0.643 Thread 0x0000000002df7000 Exception <a 'sun/nio/fs/WindowsException'> (0x0000000716b30948) thrown at [C:\re\workspace\8-2-build-windows-amd64-cygwin\jdk8u231\13620\hotspot\src\share\vm\prims\jni.cpp, line 710]
Event: 0.643 Thread 0x0000000002df7000 Exception <a 'sun/nio/fs/WindowsException'> (0x0000000716b31088) thrown at [C:\re\workspace\8-2-build-windows-amd64-cygwin\jdk8u231\13620\hotspot\src\share\vm\prims\jni.cpp, line 710]
Event: 0.645 Thread 0x0000000002df7000 Exception <a 'sun/nio/fs/WindowsException'> (0x0000000716b488e0) thrown at [C:\re\workspace\8-2-build-windows-amd64-cygwin\jdk8u231\13620\hotspot\src\share\vm\prims\jni.cpp, line 710]
Event: 0.645 Thread 0x0000000002df7000 Exception <a 'sun/nio/fs/WindowsException'> (0x0000000716b48ed8) thrown at [C:\re\workspace\8-2-build-windows-amd64-cygwin\jdk8u231\13620\hotspot\src\share\vm\prims\jni.cpp, line 710]
Event: 0.885 Thread 0x0000000002df7000 Exception <a 'java/io/FileNotFoundException'> (0x00000007177dc888) thrown at [C:\re\workspace\8-2-build-windows-amd64-cygwin\jdk8u231\13620\hotspot\src\share\vm\prims\jni.cpp, line 710]

Events (10 events):
Event: 7.501 Executing VM operation: ParallelGCFailedAllocation
Event: 7.503 Executing VM operation: ParallelGCFailedAllocation done
Event: 7.775 Thread 0x0000000002df7000 Uncommon trap: trap_request=0xffffff65 fr.pc=0x00000000036e7630
Event: 7.775 Thread 0x0000000002df7000 DEOPT PACKING pc=0x00000000036e7630 sp=0x0000000002bfee70
Event: 7.775 Thread 0x0000000002df7000 DEOPT UNPACKING pc=0x0000000002f3583b sp=0x0000000002bfee10 mode 2
Event: 7.805 Thread 0x0000000032d2d000 Uncommon trap: trap_request=0xffffff65 fr.pc=0x0000000003750750
Event: 7.805 Thread 0x0000000032d2d000 DEOPT PACKING pc=0x0000000003750750 sp=0x000000003434f030
Event: 7.805 Thread 0x0000000032d2d000 DEOPT UNPACKING pc=0x0000000002f3583b sp=0x000000003434efd8 mode 2
Event: 7.806 Executing VM operation: ParallelGCFailedAllocation
Event: 7.808 Executing VM operation: ParallelGCFailedAllocation done


Dynamic libraries:
0x00007ff7e1ac0000 - 0x00007ff7e1af7000 	C:\Program Files\Java\jdk1.8.0_231\bin\java.exe
0x00007ffb5cc00000 - 0x00007ffb5cdf0000 	C:\Windows\SYSTEM32\ntdll.dll
0x00007ffb5b5b0000 - 0x00007ffb5b662000 	C:\Windows\System32\KERNEL32.DLL
0x00007ffb5aa00000 - 0x00007ffb5aca3000 	C:\Windows\System32\KERNELBASE.dll
0x00007ffb5c1d0000 - 0x00007ffb5c273000 	C:\Windows\System32\ADVAPI32.dll
0x00007ffb5b510000 - 0x00007ffb5b5ae000 	C:\Windows\System32\msvcrt.dll
0x00007ffb5c660000 - 0x00007ffb5c6f7000 	C:\Windows\System32\sechost.dll
0x00007ffb5c0b0000 - 0x00007ffb5c1d0000 	C:\Windows\System32\RPCRT4.dll
0x00007ffb5b2c0000 - 0x00007ffb5b454000 	C:\Windows\System32\USER32.dll
0x00007ffb5a630000 - 0x00007ffb5a651000 	C:\Windows\System32\win32u.dll
0x00007ffb5bf20000 - 0x00007ffb5bf46000 	C:\Windows\System32\GDI32.dll
0x00007ffb5a660000 - 0x00007ffb5a7f4000 	C:\Windows\System32\gdi32full.dll
0x00007ffb59b90000 - 0x00007ffb59c2e000 	C:\Windows\System32\msvcp_win.dll
0x00007ffb5a530000 - 0x00007ffb5a62a000 	C:\Windows\System32\ucrtbase.dll
0x00007ffb43fc0000 - 0x00007ffb44245000 	C:\Windows\WinSxS\amd64_microsoft.windows.common-controls_6595b64144ccf1df_6.0.18362.778_none_e6c6b761130d4fb8\COMCTL32.dll
0x00007ffb5c760000 - 0x00007ffb5ca96000 	C:\Windows\System32\combase.dll
0x00007ffb5a980000 - 0x00007ffb5aa00000 	C:\Windows\System32\bcryptPrimitives.dll
0x00007ffb5b1a0000 - 0x00007ffb5b1ce000 	C:\Windows\System32\IMM32.DLL
0x00000000731d0000 - 0x00000000732a2000 	C:\Program Files\Java\jdk1.8.0_231\jre\bin\msvcr100.dll
0x0000000071790000 - 0x0000000072036000 	C:\Program Files\Java\jdk1.8.0_231\jre\bin\server\jvm.dll
0x00007ffb5bf50000 - 0x00007ffb5bf58000 	C:\Windows\System32\PSAPI.DLL
0x00007ffb49340000 - 0x00007ffb49349000 	C:\Windows\SYSTEM32\WSOCK32.dll
0x00007ffb56760000 - 0x00007ffb56784000 	C:\Windows\SYSTEM32\WINMM.dll
0x00007ffb54630000 - 0x00007ffb5463a000 	C:\Windows\SYSTEM32\VERSION.dll
0x00007ffb5bfe0000 - 0x00007ffb5c04f000 	C:\Windows\System32\WS2_32.dll
0x00007ffb562d0000 - 0x00007ffb562fd000 	C:\Windows\SYSTEM32\WINMMBASE.dll
0x00007ffb5a8d0000 - 0x00007ffb5a91a000 	C:\Windows\System32\cfgmgr32.dll
0x00007ffb435e0000 - 0x00007ffb435ef000 	C:\Program Files\Java\jdk1.8.0_231\jre\bin\verify.dll
0x00007ffb24220000 - 0x00007ffb24249000 	C:\Program Files\Java\jdk1.8.0_231\jre\bin\java.dll
0x00007ffb2b9c0000 - 0x00007ffb2b9e3000 	C:\Program Files\Java\jdk1.8.0_231\jre\bin\instrument.dll
0x00007ffb435c0000 - 0x00007ffb435d6000 	C:\Program Files\Java\jdk1.8.0_231\jre\bin\zip.dll
0x00007ffb5b670000 - 0x00007ffb5bd55000 	C:\Windows\System32\SHELL32.dll
0x00007ffb5b460000 - 0x00007ffb5b509000 	C:\Windows\System32\shcore.dll
0x00007ffb59db0000 - 0x00007ffb5a530000 	C:\Windows\System32\windows.storage.dll
0x00007ffb59b60000 - 0x00007ffb59b83000 	C:\Windows\System32\profapi.dll
0x00007ffb59af0000 - 0x00007ffb59b3a000 	C:\Windows\System32\powrprof.dll
0x00007ffb59ac0000 - 0x00007ffb59ad0000 	C:\Windows\System32\UMPDC.dll
0x00007ffb5c700000 - 0x00007ffb5c752000 	C:\Windows\System32\shlwapi.dll
0x00007ffb59ad0000 - 0x00007ffb59ae1000 	C:\Windows\System32\kernel.appcore.dll
0x00007ffb5a8b0000 - 0x00007ffb5a8c7000 	C:\Windows\System32\cryptsp.dll
0x00007ffb2dfe0000 - 0x00007ffb2dffa000 	C:\Program Files\JetBrains\IntelliJ IDEA 2019.3.4\bin\breakgen64.dll
0x00007ffb1d6e0000 - 0x00007ffb1d6fa000 	C:\Program Files\Java\jdk1.8.0_231\jre\bin\net.dll
0x00007ffb59330000 - 0x00007ffb59397000 	C:\Windows\system32\mswsock.dll
0x00007ffb12f20000 - 0x00007ffb12f32000 	C:\Program Files\Java\jdk1.8.0_231\jre\bin\nio.dll
0x00007ffb1d820000 - 0x00007ffb1d884000 	C:\Users\mdeej\AppData\Local\Temp\lwjglmdeej\3.2.3-build-13\lwjgl.dll
0x00007ffb1d7b0000 - 0x00007ffb1d812000 	C:\Users\mdeej\AppData\Local\Temp\lwjglmdeej\3.2.3-build-13\glfw.dll
0x00007ffb06680000 - 0x00007ffb068d3000 	C:\Users\mdeej\AppData\Local\Temp\lwjglmdeej\3.2.3-build-13\jemalloc.dll
0x00007ffb56de0000 - 0x00007ffb56e79000 	C:\Windows\system32\uxtheme.dll
0x00007ffb2df10000 - 0x00007ffb2df53000 	C:\Windows\SYSTEM32\dinput8.dll
0x00007ffb2dbe0000 - 0x00007ffb2dbf1000 	C:\Windows\SYSTEM32\xinput1_4.dll
0x00007ffb598c0000 - 0x00007ffb598ea000 	C:\Windows\SYSTEM32\DEVOBJ.dll
0x00007ffb57520000 - 0x00007ffb5754d000 	C:\Windows\SYSTEM32\dwmapi.dll
0x00007ffb4f940000 - 0x00007ffb4fa5a000 	C:\Windows\SYSTEM32\inputhost.dll
0x00007ffb56300000 - 0x00007ffb563d4000 	C:\Windows\SYSTEM32\CoreMessaging.dll
0x00007ffb56090000 - 0x00007ffb5617f000 	C:\Windows\SYSTEM32\PROPSYS.dll
0x00007ffb54e80000 - 0x00007ffb54fd3000 	C:\Windows\SYSTEM32\wintypes.dll
0x00007ffb53890000 - 0x00007ffb53bba000 	C:\Windows\SYSTEM32\CoreUIComponents.dll
0x00007ffb5c3c0000 - 0x00007ffb5c484000 	C:\Windows\System32\OLEAUT32.dll
0x00007ffb58bd0000 - 0x00007ffb58c01000 	C:\Windows\SYSTEM32\ntmarta.dll
0x00007ffb5c280000 - 0x00007ffb5c3b6000 	C:\Windows\System32\MSCTF.dll
0x00007ffb58430000 - 0x00007ffb5843e000 	C:\Windows\SYSTEM32\HID.DLL
0x00007ffb5ad30000 - 0x00007ffb5b1a0000 	C:\Windows\System32\SETUPAPI.DLL
0x00007ffb59c30000 - 0x00007ffb59c56000 	C:\Windows\System32\bcrypt.dll
0x00007ffb5a920000 - 0x00007ffb5a97c000 	C:\Windows\System32\WINTRUST.dll
0x00007ffb59b40000 - 0x00007ffb59b52000 	C:\Windows\System32\MSASN1.dll
0x00007ffb59c60000 - 0x00007ffb59da9000 	C:\Windows\System32\CRYPT32.dll
0x00007ffafede0000 - 0x00007ffafef36000 	C:\Windows\SYSTEM32\opengl32.dll
0x00007ffb3e860000 - 0x00007ffb3e88c000 	C:\Windows\SYSTEM32\GLU32.dll
0x00007ffb587a0000 - 0x00007ffb587c0000 	C:\Windows\SYSTEM32\dxcore.dll
0x00007ffaf1fe0000 - 0x00007ffaf4704000 	C:\Windows\System32\DriverStore\FileRepository\nvaki.inf_amd64_149c0c4968822483\nvoglv64.dll
0x00007ffb5c500000 - 0x00007ffb5c657000 	C:\Windows\System32\ole32.dll
0x00007ffb54e60000 - 0x00007ffb54e73000 	C:\Windows\SYSTEM32\WTSAPI32.dll
0x00007ffb23280000 - 0x00007ffb23537000 	C:\Windows\system32\nvspcap64.dll
0x00007ffb58d70000 - 0x00007ffb58dcc000 	C:\Windows\SYSTEM32\WINSTA.dll
0x00007ffb4fa60000 - 0x00007ffb4fafe000 	C:\Windows\System32\TextInputFramework.dll
0x00007ffb4b450000 - 0x00007ffb4b6f6000 	C:\Windows\System32\iertutil.dll
0x00007ffb1d680000 - 0x00007ffb1d6d9000 	C:\Users\mdeej\AppData\Local\Temp\lwjglmdeej\3.2.3-build-13\lwjgl_opengl.dll
0x00007ffb03850000 - 0x00007ffb039ea000 	C:\Program Files\Java\jdk1.8.0_231\jre\bin\awt.dll
0x00007ffb56ca0000 - 0x00007ffb56d2f000 	C:\Windows\SYSTEM32\apphelp.dll
0x00007ffb58230000 - 0x00007ffb58424000 	C:\Windows\SYSTEM32\dbghelp.dll

VM Arguments:
jvm_args: -XX:+UnlockCommercialFeatures -javaagent:C:\Program Files\JetBrains\IntelliJ IDEA 2019.3.4\lib\idea_rt.jar=64370:C:\Program Files\JetBrains\IntelliJ IDEA 2019.3.4\bin -Dfile.encoding=UTF-8 
java_command: com.mikedeejay2.voxel.game.Main
java_class_path (initial): C:\Program Files\Java\jdk1.8.0_231\jre\lib\charsets.jar;C:\Program Files\Java\jdk1.8.0_231\jre\lib\deploy.jar;C:\Program Files\Java\jdk1.8.0_231\jre\lib\ext\access-bridge-64.jar;C:\Program Files\Java\jdk1.8.0_231\jre\lib\ext\cldrdata.jar;C:\Program Files\Java\jdk1.8.0_231\jre\lib\ext\dnsns.jar;C:\Program Files\Java\jdk1.8.0_231\jre\lib\ext\jaccess.jar;C:\Program Files\Java\jdk1.8.0_231\jre\lib\ext\jfxrt.jar;C:\Program Files\Java\jdk1.8.0_231\jre\lib\ext\localedata.jar;C:\Program Files\Java\jdk1.8.0_231\jre\lib\ext\nashorn.jar;C:\Program Files\Java\jdk1.8.0_231\jre\lib\ext\sunec.jar;C:\Program Files\Java\jdk1.8.0_231\jre\lib\ext\sunjce_provider.jar;C:\Program Files\Java\jdk1.8.0_231\jre\lib\ext\sunmscapi.jar;C:\Program Files\Java\jdk1.8.0_231\jre\lib\ext\sunpkcs11.jar;C:\Program Files\Java\jdk1.8.0_231\jre\lib\ext\zipfs.jar;C:\Program Files\Java\jdk1.8.0_231\jre\lib\javaws.jar;C:\Program Files\Java\jdk1.8.0_231\jre\lib\jce.jar;C:\Program Files\Java\jdk1.8.0_231\jre\lib\jfr.jar;C:\Program Files\Java\jdk1.8.0_231\jre\lib\jfxswt.jar;C:\Program Files\Java\jdk1.8.0_231\jre\lib\jsse.jar;C:\Program Files\Java\jdk1.8.0_231\jre\lib\management-agent.jar;C:\Program Files\Java\jdk1.8.0_231\jre\lib\plugin.jar;C:\Program Files\Java\jdk1.8.0_231\jre\lib\resources.jar;C:\Program Files\Java\jdk1.8.0_231\jre\lib\rt.jar;C:\Users\mdeej\IdeaProjects\APCSP\out\production\APCSP;C:\Users\mdeej\IdeaProjects\APCSP\libs\lwjgl.jar;C:\Users\mdeej\IdeaProjects\APCSP\libs\lwjgl-egl.jar;C:\Users\mdeej\IdeaProjects\APCSP\libs\lwjgl-lz4.jar;C:\Users\mdeej\IdeaProjects\APCSP\libs\lwjgl-nfd.jar;C:\Users\mdeej\IdeaProjects\APCSP\libs\lwjgl-ovr.jar;C:\Users\mdeej\IdeaProjects\APCSP\libs\lwjgl-par.jar;C:\Users\mdeej\IdeaProjects\APCSP\libs\lwjgl-sse.jar;C:\Users\mdeej\IdeaProjects\APCSP\libs\lwjgl-stb.jar;C:\Users\mdeej\IdeaProjects\APCSP\libs\lwjgl-vma.jar;C:\Users\mdeej\IdeaProjects\APCSP\libs\lwjgl-bgfx.jar;C:\Users\mdeej\IdeaProjects\APCSP\libs\lwjgl-cuda.jar;C:\Users\mdee
Launcher Type: SUN_STANDARD

Environment Variables:
PATH=C:\Program Files (x86)\Common Files\Intel\Shared Libraries\redist\intel64\compiler;C:\Program Files (x86)\Common Files\Oracle\Java\javapath;C:\Windows\system32;C:\Windows;C:\Windows\System32\Wbem;C:\Windows\System32\WindowsPowerShell\v1.0\;C:\Windows\System32\OpenSSH\;C:\Program Files\NVIDIA Corporation\NVIDIA NvDLISR;C:\Program Files (x86)\NVIDIA Corporation\PhysX\Common;C:\Program Files (x86)\QuickTime\QTSystem\;C:\Users\mdeej\AppData\Local\Microsoft\WindowsApps;
USERNAME=mdeej
OS=Windows_NT
PROCESSOR_IDENTIFIER=Intel64 Family 6 Model 158 Stepping 10, GenuineIntel



---------------  S Y S T E M  ---------------

OS: Windows 10.0 , 64 bit Build 18362 (10.0.18362.778)

CPU:total 12 (initial active 12) (6 cores per cpu, 2 threads per core) family 6 model 158 stepping 10, cmov, cx8, fxsr, mmx, sse, sse2, sse3, ssse3, sse4.1, sse4.2, popcnt, avx, avx2, aes, clmul, erms, rtm, 3dnowpref, lzcnt, ht, tsc, tscinvbit, bmi1, bmi2, adx

Memory: 4k page, physical 33487264k(16294392k free), swap 98498976k(71886116k free)

vm_info: Java HotSpot(TM) 64-Bit Server VM (25.231-b11) for windows-amd64 JRE (1.8.0_231-b11), built on Oct  5 2019 03:11:30 by "java_re" with MS VC++ 10.0 (VS2010)

time: Wed May 06 20:55:38 2020
timezone: Eastern Daylight Time
elapsed time: 7 seconds (0d 0h 0m 7s)

