#
# A fatal error has been detected by the Java Runtime Environment:
#
#  EXCEPTION_ACCESS_VIOLATION (0xc0000005) at pc=0x00007ffaf2c5e2e0, pid=25480, tid=0x0000000000005ea4
#
# JRE version: Java(TM) SE Runtime Environment (8.0_251-b08) (build 1.8.0_251-b08)
# Java VM: Java HotSpot(TM) 64-Bit Server VM (25.251-b08 mixed mode windows-amd64 compressed oops)
# Problematic frame:
# C  [nvoglv64.dll+0xc7e2e0]
#
# Failed to write core dump. Minidumps are not enabled by default on client versions of Windows
#
# If you would like to submit a bug report, please visit:
#   http://bugreport.java.com/bugreport/crash.jsp
# The crash happened outside the Java Virtual Machine in native code.
# See problematic frame for where to report the bug.
#

---------------  T H R E A D  ---------------

Current thread (0x0000000002f77000):  JavaThread "main" [_thread_in_native, id=24228, stack(0x0000000002cf0000,0x0000000002df0000)]

siginfo: ExceptionCode=0xc0000005, reading address 0x0000000000000000

Registers:
RAX=0x0000000000000000, RBX=0x0000000041e1bd10, RCX=0x0000000041e1bd10, RDX=0x0000000000000008
RSP=0x0000000002def078, RBP=0x0000000000000004, RSI=0x0000000000000002, RDI=0x0000000040925738
R8 =0x000000000000000c, R9 =0x0000000000000040, R10=0x000000000000000c, R11=0x0000000000000000
R12=0x0000000000000000, R13=0x00000000409253d8, R14=0x000000002f8d5758, R15=0x00007ffaf2c5e2d0
RIP=0x00007ffaf2c5e2e0, EFLAGS=0x0000000000010202

Top of Stack: (sp=0x0000000002def078)
0x0000000002def078:   00007ffaf2d24ec1 000000000ce1bb10
0x0000000002def088:   0000000000000000 000000002fed0000
0x0000000002def098:   0000000000000800 0000000000000000
0x0000000002def0a8:   00007ffaf2b908d0 0000000000000000
0x0000000002def0b8:   00007ffaf2b8b486 0000000000000007
0x0000000002def0c8:   000000000ce1c010 0000000041e1bd10
0x0000000002def0d8:   10c0000000000000 000000002ba43ec0
0x0000000002def0e8:   00007ffaf2b90664 0000000000000000
0x0000000002def0f8:   000000002ba43ec0 0000000000000000
0x0000000002def108:   0000000000000000 0000000000000004
0x0000000002def118:   000000002fed0000 0000000000001405
0x0000000002def128:   0000000000000040 0000000000000060
0x0000000002def138:   00007ffaf2d15e60 000000002fed0000
0x0000000002def148:   0000000000000000 0000000000000040
0x0000000002def158:   0000000000000000 0000000000001400
0x0000000002def168:   0000000000000000 0000000002def1d0 

Instructions: (pc=0x00007ffaf2c5e2e0)
0x00007ffaf2c5e2c0:   48 83 c1 08 41 83 e9 01 75 e9 48 8b c1 c3 cc cc
0x00007ffaf2c5e2d0:   4d 63 d0 48 83 c2 08 66 0f 1f 84 00 00 00 00 00
0x00007ffaf2c5e2e0:   8b 42 f8 89 01 8b 42 fc 89 41 04 8b 02 49 03 d2
0x00007ffaf2c5e2f0:   89 41 08 48 83 c1 0c 41 83 e9 01 75 e3 48 8b c1 


Register to memory mapping:

RAX=0x0000000000000000 is an unknown value
RBX=0x0000000041e1bd10 is an unknown value
RCX=0x0000000041e1bd10 is an unknown value
RDX=0x0000000000000008 is an unknown value
RSP=0x0000000002def078 is pointing into the stack for thread: 0x0000000002f77000
RBP=0x0000000000000004 is an unknown value
RSI=0x0000000000000002 is an unknown value
RDI=0x0000000040925738 is an unknown value
R8 =0x000000000000000c is an unknown value
R9 =0x0000000000000040 is an unknown value
R10=0x000000000000000c is an unknown value
R11=0x0000000000000000 is an unknown value
R12=0x0000000000000000 is an unknown value
R13=0x00000000409253d8 is an unknown value
R14=0x000000002f8d5758 is an unknown value
R15=0x00007ffaf2c5e2d0 is an unknown value


Stack: [0x0000000002cf0000,0x0000000002df0000],  sp=0x0000000002def078,  free space=1020k
Native frames: (J=compiled Java code, j=interpreted, Vv=VM code, C=native code)
C  [nvoglv64.dll+0xc7e2e0]

Java frames: (J=compiled Java code, j=interpreted, Vv=VM code)
J 1057  org.lwjgl.opengl.GL11C.nglDrawElements(IIIJ)V (0 bytes) @ 0x00000000034b7ece [0x00000000034b7e80+0x4e]
J 1232 C2 com.mikedeejay2.voxel.engine.graphics.renderers.Renderer.render(Ljava/util/Map;)V (111 bytes) @ 0x000000000365feb4 [0x000000000365f980+0x534]
J 1310 C2 com.mikedeejay2.voxel.engine.graphics.renderers.MasterRenderer.render(Lcom/mikedeejay2/voxel/engine/graphics/objects/Camera;)V (62 bytes) @ 0x00000000036f4930 [0x00000000036f44e0+0x450]
J 1388% C2 com.mikedeejay2.voxel.engine.core.CoreEngine.run()V (214 bytes) @ 0x00000000037e3864 [0x00000000037e3740+0x124]
j  com.mikedeejay2.voxel.engine.core.CoreEngine.start()V+9
j  com.mikedeejay2.voxel.game.Main.start()V+29
j  com.mikedeejay2.voxel.game.Main.main([Ljava/lang/String;)V+7
v  ~StubRoutines::call_stub

---------------  P R O C E S S  ---------------

Java Threads: ( => current thread )
  0x0000000032ef3000 JavaThread "world" [_thread_blocked, id=16376, stack(0x00000000344e0000,0x00000000345e0000)]
  0x0000000032f2d800 JavaThread "chunkConsumer" [_thread_in_Java, id=21008, stack(0x00000000343e0000,0x00000000344e0000)]
  0x0000000033144000 JavaThread "chunkProducer" [_thread_blocked, id=25000, stack(0x00000000342e0000,0x00000000343e0000)]
  0x0000000032ff1800 JavaThread "Java2D Disposer" daemon [_thread_blocked, id=21352, stack(0x0000000033fd0000,0x00000000340d0000)]
  0x000000002925f000 JavaThread "Service Thread" daemon [_thread_blocked, id=23648, stack(0x0000000029d20000,0x0000000029e20000)]
  0x00000000291c0800 JavaThread "C1 CompilerThread3" daemon [_thread_blocked, id=19676, stack(0x0000000029c20000,0x0000000029d20000)]
  0x00000000291bf800 JavaThread "C2 CompilerThread2" daemon [_thread_blocked, id=11360, stack(0x0000000029b20000,0x0000000029c20000)]
  0x00000000291bf000 JavaThread "C2 CompilerThread1" daemon [_thread_blocked, id=26380, stack(0x0000000029a20000,0x0000000029b20000)]
  0x00000000291bc000 JavaThread "C2 CompilerThread0" daemon [_thread_blocked, id=18896, stack(0x0000000029920000,0x0000000029a20000)]
  0x0000000027d5e000 JavaThread "Monitor Ctrl-Break" daemon [_thread_in_native, id=18024, stack(0x0000000029820000,0x0000000029920000)]
  0x00000000279d8000 JavaThread "Attach Listener" daemon [_thread_blocked, id=21460, stack(0x0000000028f20000,0x0000000029020000)]
  0x00000000279d7000 JavaThread "Signal Dispatcher" daemon [_thread_blocked, id=26144, stack(0x0000000028e20000,0x0000000028f20000)]
  0x00000000262f3800 JavaThread "Finalizer" daemon [_thread_blocked, id=24868, stack(0x0000000028c20000,0x0000000028d20000)]
  0x00000000262ed800 JavaThread "Reference Handler" daemon [_thread_blocked, id=13428, stack(0x0000000028b20000,0x0000000028c20000)]
=>0x0000000002f77000 JavaThread "main" [_thread_in_native, id=24228, stack(0x0000000002cf0000,0x0000000002df0000)]

Other Threads:
  0x000000000306d000 VMThread [stack: 0x0000000028a20000,0x0000000028b20000] [id=14000]
  0x000000002927b000 WatcherThread [stack: 0x0000000029e20000,0x0000000029f20000] [id=23272]

VM state:not at safepoint (normal execution)

VM Mutex/Monitor currently owned by a thread: None

heap address: 0x00000005c1000000, size: 8176 MB, Compressed Oops mode: Zero based, Oop shift amount: 3
Narrow klass base: 0x0000000000000000, Narrow klass shift: 3
Compressed class space size: 1073741824 Address: 0x00000007c0000000

Heap:
 PSYoungGen      total 41472K, used 11309K [0x0000000715b00000, 0x0000000718700000, 0x00000007c0000000)
  eden space 39424K, 23% used [0x0000000715b00000,0x00000007164233b0,0x0000000718180000)
  from space 2048K, 95% used [0x0000000718400000,0x00000007185e8150,0x0000000718600000)
  to   space 2560K, 0% used [0x0000000718180000,0x0000000718180000,0x0000000718400000)
 ParOldGen       total 349696K, used 224393K [0x00000005c1000000, 0x00000005d6580000, 0x0000000715b00000)
  object space 349696K, 64% used [0x00000005c1000000,0x00000005ceb22518,0x00000005d6580000)
 Metaspace       used 13213K, capacity 13417K, committed 13696K, reserved 1062912K
  class space    used 1028K, capacity 1097K, committed 1152K, reserved 1048576K

Card table byte_map: [0x0000000012430000,0x0000000013430000] byte_map_base: 0x000000000f628000

Marking Bits: (ParMarkBitMap*) 0x0000000075a7af90
 Begin Bits: [0x00000000148e0000, 0x000000001c8a0000)
 End Bits:   [0x000000001c8a0000, 0x0000000024860000)

Polling page: 0x00000000009c0000

CodeCache: size=245760Kb used=8655Kb max_used=8694Kb free=237104Kb
 bounds [0x0000000003070000, 0x0000000003930000, 0x0000000012070000]
 total_blobs=2388 nmethods=1380 adapters=921
 compilation: enabled

Compilation events (10 events):
Event: 32.421 Thread 0x00000000291c0800 1428       3       com.mikedeejay2.voxel.game.world.chunk.mesh.ChunkMeshGenerator::createChunkEntity (161 bytes)
Event: 32.422 Thread 0x00000000291c0800 nmethod 1428 0x000000000318df50 code [0x000000000318e180, 0x000000000318ee08]
Event: 33.221 Thread 0x00000000291bf000 1429       4       java.nio.DirectIntBufferU::put (157 bytes)
Event: 33.223 Thread 0x00000000291bf000 nmethod 1429 0x0000000003807e10 code [0x0000000003807f60, 0x0000000003808218]
Event: 34.919 Thread 0x00000000291bf800 1430       4       java.util.HashMap$TreeNode::tieBreakOrder (49 bytes)
Event: 34.920 Thread 0x00000000291bf800 nmethod 1430 0x000000000319a290 code [0x000000000319a400, 0x000000000319a770]
Event: 37.788 Thread 0x00000000291bc000 1431       4       java.util.HashMap::comparableClassFor (105 bytes)
Event: 37.788 Thread 0x00000000291bc000 nmethod 1431 0x0000000003662c10 code [0x0000000003662d40, 0x0000000003662dd8]
Event: 37.994 Thread 0x00000000291bf000 1432       4       com.mikedeejay2.voxel.engine.graphics.models.RawModel::destroy (45 bytes)
Event: 38.016 Thread 0x00000000291bf000 nmethod 1432 0x000000000319bed0 code [0x000000000319c140, 0x000000000319d310]

GC Heap History (10 events):
Event: 38.703 GC heap before
{Heap before GC invocations=214 (full 0):
 PSYoungGen      total 41984K, used 40900K [0x0000000715b00000, 0x0000000718600000, 0x00000007c0000000)
  eden space 39936K, 100% used [0x0000000715b00000,0x0000000718200000,0x0000000718200000)
  from space 2048K, 47% used [0x0000000718200000,0x00000007182f1278,0x0000000718400000)
  to   space 2048K, 0% used [0x0000000718400000,0x0000000718400000,0x0000000718600000)
 ParOldGen       total 349696K, used 221057K [0x00000005c1000000, 0x00000005d6580000, 0x0000000715b00000)
  object space 349696K, 63% used [0x00000005c1000000,0x00000005ce7e0518,0x00000005d6580000)
 Metaspace       used 13213K, capacity 13417K, committed 13696K, reserved 1062912K
  class space    used 1028K, capacity 1097K, committed 1152K, reserved 1048576K
Event: 38.704 GC heap after
Heap after GC invocations=214 (full 0):
 PSYoungGen      total 41984K, used 1531K [0x0000000715b00000, 0x0000000718600000, 0x00000007c0000000)
  eden space 39936K, 0% used [0x0000000715b00000,0x0000000715b00000,0x0000000718200000)
  from space 2048K, 74% used [0x0000000718400000,0x000000071857ee20,0x0000000718600000)
  to   space 2048K, 0% used [0x0000000718200000,0x0000000718200000,0x0000000718400000)
 ParOldGen       total 349696K, used 221785K [0x00000005c1000000, 0x00000005d6580000, 0x0000000715b00000)
  object space 349696K, 63% used [0x00000005c1000000,0x00000005ce896518,0x00000005d6580000)
 Metaspace       used 13213K, capacity 13417K, committed 13696K, reserved 1062912K
  class space    used 1028K, capacity 1097K, committed 1152K, reserved 1048576K
}
Event: 38.835 GC heap before
{Heap before GC invocations=215 (full 0):
 PSYoungGen      total 41984K, used 41467K [0x0000000715b00000, 0x0000000718600000, 0x00000007c0000000)
  eden space 39936K, 100% used [0x0000000715b00000,0x0000000718200000,0x0000000718200000)
  from space 2048K, 74% used [0x0000000718400000,0x000000071857ee20,0x0000000718600000)
  to   space 2048K, 0% used [0x0000000718200000,0x0000000718200000,0x0000000718400000)
 ParOldGen       total 349696K, used 221785K [0x00000005c1000000, 0x00000005d6580000, 0x0000000715b00000)
  object space 349696K, 63% used [0x00000005c1000000,0x00000005ce896518,0x00000005d6580000)
 Metaspace       used 13213K, capacity 13417K, committed 13696K, reserved 1062912K
  class space    used 1028K, capacity 1097K, committed 1152K, reserved 1048576K
Event: 38.836 GC heap after
Heap after GC invocations=215 (full 0):
 PSYoungGen      total 41984K, used 676K [0x0000000715b00000, 0x0000000718600000, 0x00000007c0000000)
  eden space 39936K, 0% used [0x0000000715b00000,0x0000000715b00000,0x0000000718200000)
  from space 2048K, 33% used [0x0000000718200000,0x00000007182a9278,0x0000000718400000)
  to   space 2048K, 0% used [0x0000000718400000,0x0000000718400000,0x0000000718600000)
 ParOldGen       total 349696K, used 222873K [0x00000005c1000000, 0x00000005d6580000, 0x0000000715b00000)
  object space 349696K, 63% used [0x00000005c1000000,0x00000005ce9a6518,0x00000005d6580000)
 Metaspace       used 13213K, capacity 13417K, committed 13696K, reserved 1062912K
  class space    used 1028K, capacity 1097K, committed 1152K, reserved 1048576K
}
Event: 38.962 GC heap before
{Heap before GC invocations=216 (full 0):
 PSYoungGen      total 41984K, used 40612K [0x0000000715b00000, 0x0000000718600000, 0x00000007c0000000)
  eden space 39936K, 100% used [0x0000000715b00000,0x0000000718200000,0x0000000718200000)
  from space 2048K, 33% used [0x0000000718200000,0x00000007182a9278,0x0000000718400000)
  to   space 2048K, 0% used [0x0000000718400000,0x0000000718400000,0x0000000718600000)
 ParOldGen       total 349696K, used 222873K [0x00000005c1000000, 0x00000005d6580000, 0x0000000715b00000)
  object space 349696K, 63% used [0x00000005c1000000,0x00000005ce9a6518,0x00000005d6580000)
 Metaspace       used 13213K, capacity 13417K, committed 13696K, reserved 1062912K
  class space    used 1028K, capacity 1097K, committed 1152K, reserved 1048576K
Event: 38.963 GC heap after
Heap after GC invocations=216 (full 0):
 PSYoungGen      total 41984K, used 788K [0x0000000715b00000, 0x0000000718600000, 0x00000007c0000000)
  eden space 39936K, 0% used [0x0000000715b00000,0x0000000715b00000,0x0000000718200000)
  from space 2048K, 38% used [0x0000000718400000,0x00000007184c5398,0x0000000718600000)
  to   space 2048K, 0% used [0x0000000718200000,0x0000000718200000,0x0000000718400000)
 ParOldGen       total 349696K, used 223265K [0x00000005c1000000, 0x00000005d6580000, 0x0000000715b00000)
  object space 349696K, 63% used [0x00000005c1000000,0x00000005cea08518,0x00000005d6580000)
 Metaspace       used 13213K, capacity 13417K, committed 13696K, reserved 1062912K
  class space    used 1028K, capacity 1097K, committed 1152K, reserved 1048576K
}
Event: 39.101 GC heap before
{Heap before GC invocations=217 (full 0):
 PSYoungGen      total 41984K, used 40724K [0x0000000715b00000, 0x0000000718600000, 0x00000007c0000000)
  eden space 39936K, 100% used [0x0000000715b00000,0x0000000718200000,0x0000000718200000)
  from space 2048K, 38% used [0x0000000718400000,0x00000007184c5398,0x0000000718600000)
  to   space 2048K, 0% used [0x0000000718200000,0x0000000718200000,0x0000000718400000)
 ParOldGen       total 349696K, used 223265K [0x00000005c1000000, 0x00000005d6580000, 0x0000000715b00000)
  object space 349696K, 63% used [0x00000005c1000000,0x00000005cea08518,0x00000005d6580000)
 Metaspace       used 13213K, capacity 13417K, committed 13696K, reserved 1062912K
  class space    used 1028K, capacity 1097K, committed 1152K, reserved 1048576K
Event: 39.102 GC heap after
Heap after GC invocations=217 (full 0):
 PSYoungGen      total 41984K, used 804K [0x0000000715b00000, 0x0000000718600000, 0x00000007c0000000)
  eden space 39936K, 0% used [0x0000000715b00000,0x0000000715b00000,0x0000000718200000)
  from space 2048K, 39% used [0x0000000718200000,0x00000007182c9278,0x0000000718400000)
  to   space 2048K, 0% used [0x0000000718400000,0x0000000718400000,0x0000000718600000)
 ParOldGen       total 349696K, used 223825K [0x00000005c1000000, 0x00000005d6580000, 0x0000000715b00000)
  object space 349696K, 64% used [0x00000005c1000000,0x00000005cea94518,0x00000005d6580000)
 Metaspace       used 13213K, capacity 13417K, committed 13696K, reserved 1062912K
  class space    used 1028K, capacity 1097K, committed 1152K, reserved 1048576K
}
Event: 39.250 GC heap before
{Heap before GC invocations=218 (full 0):
 PSYoungGen      total 41984K, used 40736K [0x0000000715b00000, 0x0000000718600000, 0x00000007c0000000)
  eden space 39936K, 99% used [0x0000000715b00000,0x00000007181ff038,0x0000000718200000)
  from space 2048K, 39% used [0x0000000718200000,0x00000007182c9278,0x0000000718400000)
  to   space 2048K, 0% used [0x0000000718400000,0x0000000718400000,0x0000000718600000)
 ParOldGen       total 349696K, used 223825K [0x00000005c1000000, 0x00000005d6580000, 0x0000000715b00000)
  object space 349696K, 64% used [0x00000005c1000000,0x00000005cea94518,0x00000005d6580000)
 Metaspace       used 13213K, capacity 13417K, committed 13696K, reserved 1062912K
  class space    used 1028K, capacity 1097K, committed 1152K, reserved 1048576K
Event: 39.251 GC heap after
Heap after GC invocations=218 (full 0):
 PSYoungGen      total 41472K, used 1952K [0x0000000715b00000, 0x0000000718700000, 0x00000007c0000000)
  eden space 39424K, 0% used [0x0000000715b00000,0x0000000715b00000,0x0000000718180000)
  from space 2048K, 95% used [0x0000000718400000,0x00000007185e8150,0x0000000718600000)
  to   space 2560K, 0% used [0x0000000718180000,0x0000000718180000,0x0000000718400000)
 ParOldGen       total 349696K, used 224393K [0x00000005c1000000, 0x00000005d6580000, 0x0000000715b00000)
  object space 349696K, 64% used [0x00000005c1000000,0x00000005ceb22518,0x00000005d6580000)
 Metaspace       used 13213K, capacity 13417K, committed 13696K, reserved 1062912K
  class space    used 1028K, capacity 1097K, committed 1152K, reserved 1048576K
}

Deoptimization events (10 events):
Event: 3.034 Thread 0x0000000032f2d800 Uncommon trap: reason=unstable_if action=reinterpret pc=0x00000000036fddd8 method=com.mikedeejay2.voxel.game.world.chunk.mesh.ChunkMeshGenerator.genBrightness(Lcom/mikedeejay2/voxel/game/world/chunk/Chunk;FIIIILjava/util/List;Lcom/mikedeejay2/voxel/engine
Event: 3.037 Thread 0x0000000002f77000 Uncommon trap: reason=unstable_if action=reinterpret pc=0x0000000003679a0c method=com.mikedeejay2.voxel.engine.io.Input.getKey(I)Z @ 12
Event: 5.499 Thread 0x0000000032f2d800 Uncommon trap: reason=unstable_if action=reinterpret pc=0x000000000375f924 method=com.mikedeejay2.voxel.game.world.chunk.mesh.ChunkMeshGenerator.genBrightness(Lcom/mikedeejay2/voxel/game/world/chunk/Chunk;FIIIILjava/util/List;Lcom/mikedeejay2/voxel/engine
Event: 6.109 Thread 0x0000000032f2d800 Uncommon trap: reason=unstable_if action=reinterpret pc=0x00000000037acccc method=com.mikedeejay2.voxel.game.world.chunk.mesh.ChunkMeshGenerator.genBrightness(Lcom/mikedeejay2/voxel/game/world/chunk/Chunk;FIIIILjava/util/List;Lcom/mikedeejay2/voxel/engine
Event: 10.792 Thread 0x0000000032f2d800 Uncommon trap: reason=unstable_if action=reinterpret pc=0x000000000371d768 method=com.mikedeejay2.voxel.game.world.chunk.mesh.ChunkMeshGenerator.genBrightnessWithChunkLoc(Lcom/mikedeejay2/voxel/game/world/World;Lcom/mikedeejay2/voxel/game/world/chunk/Chun
Event: 11.435 Thread 0x0000000002f77000 Uncommon trap: reason=unstable_if action=reinterpret pc=0x00000000037e60c8 method=java.util.HashMap$HashIterator.nextNode()Ljava/util/HashMap$Node; @ 16
Event: 14.856 Thread 0x0000000032f2d800 Uncommon trap: reason=unstable_if action=reinterpret pc=0x0000000003839e24 method=com.mikedeejay2.voxel.game.world.chunk.mesh.ChunkMeshGenerator.genBrightnessWithChunkLoc(Lcom/mikedeejay2/voxel/game/world/World;Lcom/mikedeejay2/voxel/game/world/chunk/Chun
Event: 15.181 Thread 0x0000000032f2d800 Uncommon trap: reason=unstable_if action=reinterpret pc=0x000000000387c2d0 method=com.mikedeejay2.voxel.game.world.chunk.mesh.ChunkMeshGenerator.genBrightnessWithChunkLoc(Lcom/mikedeejay2/voxel/game/world/World;Lcom/mikedeejay2/voxel/game/world/chunk/Chun
Event: 16.571 Thread 0x0000000032f2d800 Uncommon trap: reason=unstable_if action=reinterpret pc=0x00000000038bf510 method=com.mikedeejay2.voxel.game.world.chunk.mesh.ChunkMeshGenerator.genBrightnessWithChunkLoc(Lcom/mikedeejay2/voxel/game/world/World;Lcom/mikedeejay2/voxel/game/world/chunk/Chun
Event: 31.780 Thread 0x0000000002f77000 Uncommon trap: reason=unstable_if action=reinterpret pc=0x000000000391ae14 method=java.nio.Bits.tryReserveMemory(JI)Z @ 29

Classes redefined (0 events):
No events

Internal exceptions (10 events):
Event: 0.221 Thread 0x0000000002f77000 Exception <a 'sun/nio/fs/WindowsException'> (0x00000007168c62e0) thrown at [C:\jenkins\workspace\8-2-build-windows-amd64-cygwin\jdk8u251\737\hotspot\src\share\vm\prims\jni.cpp, line 710]
Event: 0.225 Thread 0x0000000002f77000 Exception <a 'sun/nio/fs/WindowsException'> (0x00000007168f5a50) thrown at [C:\jenkins\workspace\8-2-build-windows-amd64-cygwin\jdk8u251\737\hotspot\src\share\vm\prims\jni.cpp, line 710]
Event: 0.225 Thread 0x0000000002f77000 Exception <a 'sun/nio/fs/WindowsException'> (0x00000007168f6130) thrown at [C:\jenkins\workspace\8-2-build-windows-amd64-cygwin\jdk8u251\737\hotspot\src\share\vm\prims\jni.cpp, line 710]
Event: 0.619 Thread 0x0000000002f77000 Exception <a 'sun/nio/fs/WindowsException'> (0x0000000716a5fac8) thrown at [C:\jenkins\workspace\8-2-build-windows-amd64-cygwin\jdk8u251\737\hotspot\src\share\vm\prims\jni.cpp, line 710]
Event: 0.619 Thread 0x0000000002f77000 Exception <a 'sun/nio/fs/WindowsException'> (0x0000000716a60208) thrown at [C:\jenkins\workspace\8-2-build-windows-amd64-cygwin\jdk8u251\737\hotspot\src\share\vm\prims\jni.cpp, line 710]
Event: 0.620 Thread 0x0000000002f77000 Exception <a 'sun/nio/fs/WindowsException'> (0x0000000716a777f0) thrown at [C:\jenkins\workspace\8-2-build-windows-amd64-cygwin\jdk8u251\737\hotspot\src\share\vm\prims\jni.cpp, line 710]
Event: 0.621 Thread 0x0000000002f77000 Exception <a 'sun/nio/fs/WindowsException'> (0x0000000716a77de8) thrown at [C:\jenkins\workspace\8-2-build-windows-amd64-cygwin\jdk8u251\737\hotspot\src\share\vm\prims\jni.cpp, line 710]
Event: 0.666 Thread 0x0000000002f77000 Exception <a 'sun/nio/fs/WindowsException'> (0x0000000716c30d58) thrown at [C:\jenkins\workspace\8-2-build-windows-amd64-cygwin\jdk8u251\737\hotspot\src\share\vm\prims\jni.cpp, line 710]
Event: 0.666 Thread 0x0000000002f77000 Exception <a 'sun/nio/fs/WindowsException'> (0x0000000716c31488) thrown at [C:\jenkins\workspace\8-2-build-windows-amd64-cygwin\jdk8u251\737\hotspot\src\share\vm\prims\jni.cpp, line 710]
Event: 0.875 Thread 0x0000000002f77000 Exception <a 'java/io/FileNotFoundException'> (0x000000071776fef0) thrown at [C:\jenkins\workspace\8-2-build-windows-amd64-cygwin\jdk8u251\737\hotspot\src\share\vm\prims\jni.cpp, line 710]

Events (10 events):
Event: 38.703 Executing VM operation: ParallelGCFailedAllocation
Event: 38.704 Executing VM operation: ParallelGCFailedAllocation done
Event: 38.835 Executing VM operation: ParallelGCFailedAllocation
Event: 38.836 Executing VM operation: ParallelGCFailedAllocation done
Event: 38.962 Executing VM operation: ParallelGCFailedAllocation
Event: 38.963 Executing VM operation: ParallelGCFailedAllocation done
Event: 39.101 Executing VM operation: ParallelGCFailedAllocation
Event: 39.102 Executing VM operation: ParallelGCFailedAllocation done
Event: 39.250 Executing VM operation: ParallelGCFailedAllocation
Event: 39.251 Executing VM operation: ParallelGCFailedAllocation done


Dynamic libraries:
0x00007ff734420000 - 0x00007ff734457000 	C:\Program Files\Java\jdk1.8.0_251\bin\java.exe
0x00007ffb5cc00000 - 0x00007ffb5cdf0000 	C:\Windows\SYSTEM32\ntdll.dll
0x00007ffb5b5b0000 - 0x00007ffb5b662000 	C:\Windows\System32\KERNEL32.DLL
0x00007ffb5aa00000 - 0x00007ffb5aca3000 	C:\Windows\System32\KERNELBASE.dll
0x00007ffb5c1d0000 - 0x00007ffb5c273000 	C:\Windows\System32\ADVAPI32.dll
0x00007ffb5b510000 - 0x00007ffb5b5ae000 	C:\Windows\System32\msvcrt.dll
0x00007ffb5c660000 - 0x00007ffb5c6f7000 	C:\Windows\System32\sechost.dll
0x00007ffb5c0b0000 - 0x00007ffb5c1d0000 	C:\Windows\System32\RPCRT4.dll
0x00007ffb5b2c0000 - 0x00007ffb5b454000 	C:\Windows\System32\USER32.dll
0x00007ffb5a630000 - 0x00007ffb5a651000 	C:\Windows\System32\win32u.dll
0x00007ffb5bf20000 - 0x00007ffb5bf46000 	C:\Windows\System32\GDI32.dll
0x00007ffb5a660000 - 0x00007ffb5a7f4000 	C:\Windows\System32\gdi32full.dll
0x00007ffb59b90000 - 0x00007ffb59c2e000 	C:\Windows\System32\msvcp_win.dll
0x00007ffb5a530000 - 0x00007ffb5a62a000 	C:\Windows\System32\ucrtbase.dll
0x00007ffb43fc0000 - 0x00007ffb44245000 	C:\Windows\WinSxS\amd64_microsoft.windows.common-controls_6595b64144ccf1df_6.0.18362.778_none_e6c6b761130d4fb8\COMCTL32.dll
0x00007ffb5c760000 - 0x00007ffb5ca96000 	C:\Windows\System32\combase.dll
0x00007ffb5a980000 - 0x00007ffb5aa00000 	C:\Windows\System32\bcryptPrimitives.dll
0x00007ffb5b1a0000 - 0x00007ffb5b1ce000 	C:\Windows\System32\IMM32.DLL
0x0000000075b00000 - 0x0000000075bd2000 	C:\Program Files\Java\jdk1.8.0_251\jre\bin\msvcr100.dll
0x0000000075250000 - 0x0000000075afb000 	C:\Program Files\Java\jdk1.8.0_251\jre\bin\server\jvm.dll
0x00007ffb5bf50000 - 0x00007ffb5bf58000 	C:\Windows\System32\PSAPI.DLL
0x00007ffb49340000 - 0x00007ffb49349000 	C:\Windows\SYSTEM32\WSOCK32.dll
0x00007ffb56760000 - 0x00007ffb56784000 	C:\Windows\SYSTEM32\WINMM.dll
0x00007ffb54630000 - 0x00007ffb5463a000 	C:\Windows\SYSTEM32\VERSION.dll
0x00007ffb5bfe0000 - 0x00007ffb5c04f000 	C:\Windows\System32\WS2_32.dll
0x00007ffb562d0000 - 0x00007ffb562fd000 	C:\Windows\SYSTEM32\winmmbase.dll
0x00007ffb5a8d0000 - 0x00007ffb5a91a000 	C:\Windows\System32\cfgmgr32.dll
0x00007ffb492c0000 - 0x00007ffb492cf000 	C:\Program Files\Java\jdk1.8.0_251\jre\bin\verify.dll
0x00007ffb435d0000 - 0x00007ffb435f9000 	C:\Program Files\Java\jdk1.8.0_251\jre\bin\java.dll
0x00007ffb24160000 - 0x00007ffb24183000 	C:\Program Files\Java\jdk1.8.0_251\jre\bin\instrument.dll
0x00007ffb24190000 - 0x00007ffb241a6000 	C:\Program Files\Java\jdk1.8.0_251\jre\bin\zip.dll
0x00007ffb5b670000 - 0x00007ffb5bd55000 	C:\Windows\System32\SHELL32.dll
0x00007ffb5b460000 - 0x00007ffb5b509000 	C:\Windows\System32\shcore.dll
0x00007ffb59db0000 - 0x00007ffb5a530000 	C:\Windows\System32\windows.storage.dll
0x00007ffb59b60000 - 0x00007ffb59b83000 	C:\Windows\System32\profapi.dll
0x00007ffb59af0000 - 0x00007ffb59b3a000 	C:\Windows\System32\powrprof.dll
0x00007ffb59ac0000 - 0x00007ffb59ad0000 	C:\Windows\System32\UMPDC.dll
0x00007ffb5c700000 - 0x00007ffb5c752000 	C:\Windows\System32\shlwapi.dll
0x00007ffb59ad0000 - 0x00007ffb59ae1000 	C:\Windows\System32\kernel.appcore.dll
0x00007ffb5a8b0000 - 0x00007ffb5a8c7000 	C:\Windows\System32\cryptsp.dll
0x00007ffb240e0000 - 0x00007ffb240fa000 	C:\Program Files\JetBrains\IntelliJ IDEA 2019.3.4\bin\breakgen64.dll
0x00007ffb240c0000 - 0x00007ffb240da000 	C:\Program Files\Java\jdk1.8.0_251\jre\bin\net.dll
0x00007ffb59330000 - 0x00007ffb59397000 	C:\Windows\system32\mswsock.dll
0x00007ffb240a0000 - 0x00007ffb240b2000 	C:\Program Files\Java\jdk1.8.0_251\jre\bin\nio.dll
0x00007ffb23e90000 - 0x00007ffb23ef4000 	C:\Users\mdeej\AppData\Local\Temp\lwjglmdeej\3.2.3-build-13\lwjgl.dll
0x00007ffb1d9d0000 - 0x00007ffb1da32000 	C:\Users\mdeej\AppData\Local\Temp\lwjglmdeej\3.2.3-build-13\glfw.dll
0x00007ffb56de0000 - 0x00007ffb56e79000 	C:\Windows\system32\uxtheme.dll
0x00007ffb2df10000 - 0x00007ffb2df53000 	C:\Windows\SYSTEM32\dinput8.dll
0x00007ffb2dbe0000 - 0x00007ffb2dbf1000 	C:\Windows\SYSTEM32\xinput1_4.dll
0x00007ffb598c0000 - 0x00007ffb598ea000 	C:\Windows\SYSTEM32\DEVOBJ.dll
0x00007ffb57520000 - 0x00007ffb5754d000 	C:\Windows\SYSTEM32\dwmapi.dll
0x00007ffb4f940000 - 0x00007ffb4fa5a000 	C:\Windows\SYSTEM32\inputhost.dll
0x00007ffb56300000 - 0x00007ffb563d4000 	C:\Windows\SYSTEM32\CoreMessaging.dll
0x00007ffb54e80000 - 0x00007ffb54fd3000 	C:\Windows\SYSTEM32\wintypes.dll
0x00007ffb53890000 - 0x00007ffb53bba000 	C:\Windows\SYSTEM32\CoreUIComponents.dll
0x00007ffb56090000 - 0x00007ffb5617f000 	C:\Windows\SYSTEM32\PROPSYS.dll
0x00007ffb5c3c0000 - 0x00007ffb5c484000 	C:\Windows\System32\OLEAUT32.dll
0x00007ffb58bd0000 - 0x00007ffb58c01000 	C:\Windows\SYSTEM32\ntmarta.dll
0x00007ffb5c280000 - 0x00007ffb5c3b6000 	C:\Windows\System32\MSCTF.dll
0x00007ffb58430000 - 0x00007ffb5843e000 	C:\Windows\SYSTEM32\HID.DLL
0x00007ffb5ad30000 - 0x00007ffb5b1a0000 	C:\Windows\System32\SETUPAPI.DLL
0x00007ffb59c30000 - 0x00007ffb59c56000 	C:\Windows\System32\bcrypt.dll
0x00007ffb5a920000 - 0x00007ffb5a97c000 	C:\Windows\System32\WINTRUST.dll
0x00007ffb59b40000 - 0x00007ffb59b52000 	C:\Windows\System32\MSASN1.dll
0x00007ffb59c60000 - 0x00007ffb59da9000 	C:\Windows\System32\CRYPT32.dll
0x00007ffafede0000 - 0x00007ffafef36000 	C:\Windows\SYSTEM32\opengl32.dll
0x00007ffb3e860000 - 0x00007ffb3e88c000 	C:\Windows\SYSTEM32\GLU32.dll
0x00007ffb587a0000 - 0x00007ffb587c0000 	C:\Windows\SYSTEM32\dxcore.dll
0x00007ffaf1fe0000 - 0x00007ffaf4704000 	C:\Windows\System32\DriverStore\FileRepository\nvaki.inf_amd64_149c0c4968822483\nvoglv64.dll
0x00007ffb5c500000 - 0x00007ffb5c657000 	C:\Windows\System32\ole32.dll
0x00007ffb54e60000 - 0x00007ffb54e73000 	C:\Windows\SYSTEM32\WTSAPI32.dll
0x00007ffb23280000 - 0x00007ffb23537000 	C:\Windows\system32\nvspcap64.dll
0x00007ffb58d70000 - 0x00007ffb58dcc000 	C:\Windows\SYSTEM32\WINSTA.dll
0x00007ffb4fa60000 - 0x00007ffb4fafe000 	C:\Windows\System32\TextInputFramework.dll
0x00007ffb4b450000 - 0x00007ffb4b6f6000 	C:\Windows\System32\iertutil.dll
0x00007ffb23f10000 - 0x00007ffb23f69000 	C:\Users\mdeej\AppData\Local\Temp\lwjglmdeej\3.2.3-build-13\lwjgl_opengl.dll
0x00007ffb0f660000 - 0x00007ffb0f8b3000 	C:\Users\mdeej\AppData\Local\Temp\lwjglmdeej\3.2.3-build-13\jemalloc.dll
0x00007ffb06740000 - 0x00007ffb068da000 	C:\Program Files\Java\jdk1.8.0_251\jre\bin\awt.dll
0x00007ffb56ca0000 - 0x00007ffb56d2f000 	C:\Windows\SYSTEM32\apphelp.dll
0x00007ffb58230000 - 0x00007ffb58424000 	C:\Windows\SYSTEM32\dbghelp.dll

VM Arguments:
jvm_args: -XX:+UnlockCommercialFeatures -javaagent:C:\Program Files\JetBrains\IntelliJ IDEA 2019.3.4\lib\idea_rt.jar=65338:C:\Program Files\JetBrains\IntelliJ IDEA 2019.3.4\bin -Dfile.encoding=UTF-8 
java_command: com.mikedeejay2.voxel.game.Main
java_class_path (initial): C:\Program Files\Java\jdk1.8.0_251\jre\lib\charsets.jar;C:\Program Files\Java\jdk1.8.0_251\jre\lib\deploy.jar;C:\Program Files\Java\jdk1.8.0_251\jre\lib\ext\access-bridge-64.jar;C:\Program Files\Java\jdk1.8.0_251\jre\lib\ext\cldrdata.jar;C:\Program Files\Java\jdk1.8.0_251\jre\lib\ext\dnsns.jar;C:\Program Files\Java\jdk1.8.0_251\jre\lib\ext\jaccess.jar;C:\Program Files\Java\jdk1.8.0_251\jre\lib\ext\jfxrt.jar;C:\Program Files\Java\jdk1.8.0_251\jre\lib\ext\localedata.jar;C:\Program Files\Java\jdk1.8.0_251\jre\lib\ext\nashorn.jar;C:\Program Files\Java\jdk1.8.0_251\jre\lib\ext\sunec.jar;C:\Program Files\Java\jdk1.8.0_251\jre\lib\ext\sunjce_provider.jar;C:\Program Files\Java\jdk1.8.0_251\jre\lib\ext\sunmscapi.jar;C:\Program Files\Java\jdk1.8.0_251\jre\lib\ext\sunpkcs11.jar;C:\Program Files\Java\jdk1.8.0_251\jre\lib\ext\zipfs.jar;C:\Program Files\Java\jdk1.8.0_251\jre\lib\javaws.jar;C:\Program Files\Java\jdk1.8.0_251\jre\lib\jce.jar;C:\Program Files\Java\jdk1.8.0_251\jre\lib\jfr.jar;C:\Program Files\Java\jdk1.8.0_251\jre\lib\jfxswt.jar;C:\Program Files\Java\jdk1.8.0_251\jre\lib\jsse.jar;C:\Program Files\Java\jdk1.8.0_251\jre\lib\management-agent.jar;C:\Program Files\Java\jdk1.8.0_251\jre\lib\plugin.jar;C:\Program Files\Java\jdk1.8.0_251\jre\lib\resources.jar;C:\Program Files\Java\jdk1.8.0_251\jre\lib\rt.jar;C:\Users\mdeej\IdeaProjects\APCSP\out\production\APCSP;C:\Users\mdeej\IdeaProjects\APCSP\libs\lwjgl.jar;C:\Users\mdeej\IdeaProjects\APCSP\libs\lwjgl-egl.jar;C:\Users\mdeej\IdeaProjects\APCSP\libs\lwjgl-lz4.jar;C:\Users\mdeej\IdeaProjects\APCSP\libs\lwjgl-nfd.jar;C:\Users\mdeej\IdeaProjects\APCSP\libs\lwjgl-ovr.jar;C:\Users\mdeej\IdeaProjects\APCSP\libs\lwjgl-par.jar;C:\Users\mdeej\IdeaProjects\APCSP\libs\lwjgl-sse.jar;C:\Users\mdeej\IdeaProjects\APCSP\libs\lwjgl-stb.jar;C:\Users\mdeej\IdeaProjects\APCSP\libs\lwjgl-vma.jar;C:\Users\mdeej\IdeaProjects\APCSP\libs\lwjgl-bgfx.jar;C:\Users\mdeej\IdeaProjects\APCSP\libs\lwjgl-cuda.jar;C:\Users\mdee
Launcher Type: SUN_STANDARD

Environment Variables:
PATH=C:\Program Files (x86)\Common Files\Intel\Shared Libraries\redist\intel64\compiler;C:\Windows\system32;C:\Windows;C:\Windows\System32\Wbem;C:\Windows\System32\WindowsPowerShell\v1.0\;C:\Windows\System32\OpenSSH\;C:\Program Files\NVIDIA Corporation\NVIDIA NvDLISR;C:\Program Files (x86)\NVIDIA Corporation\PhysX\Common;C:\Program Files (x86)\QuickTime\QTSystem\;C:\Users\mdeej\AppData\Local\Microsoft\WindowsApps;
USERNAME=mdeej
OS=Windows_NT
PROCESSOR_IDENTIFIER=Intel64 Family 6 Model 158 Stepping 10, GenuineIntel



---------------  S Y S T E M  ---------------

OS: Windows 10.0 , 64 bit Build 18362 (10.0.18362.778)

CPU:total 12 (initial active 12) (6 cores per cpu, 2 threads per core) family 6 model 158 stepping 10, cmov, cx8, fxsr, mmx, sse, sse2, sse3, ssse3, sse4.1, sse4.2, popcnt, avx, avx2, aes, clmul, erms, rtm, 3dnowpref, lzcnt, ht, tsc, tscinvbit, bmi1, bmi2, adx

Memory: 4k page, physical 33487264k(17052044k free), swap 98498976k(73512344k free)

vm_info: Java HotSpot(TM) 64-Bit Server VM (25.251-b08) for windows-amd64 JRE (1.8.0_251-b08), built on Mar 12 2020 06:31:49 by "" with MS VC++ 10.0 (VS2010)

time: Wed May 06 22:08:13 2020
timezone: Eastern Daylight Time
elapsed time: 39 seconds (0d 0h 0m 39s)

