#
# A fatal error has been detected by the Java Runtime Environment:
#
#  EXCEPTION_ACCESS_VIOLATION (0xc0000005) at pc=0x00007ffaf2c5e2e0, pid=19968, tid=0x0000000000001d78
#
# JRE version: Java(TM) SE Runtime Environment (8.0_231-b11) (build 1.8.0_231-b11)
# Java VM: Java HotSpot(TM) 64-Bit Server VM (25.231-b11 mixed mode windows-amd64 compressed oops)
# Problematic frame:
# C  [nvoglv64.dll+0xc7e2e0]
#
# Failed to write core dump. Minidumps are not enabled by default on client versions of Windows
#
# If you would like to submit a bug report, please visit:
#   http://bugreport.java.com/bugreport/crash.jsp
# The crash happened outside the Java Virtual Machine in native code.
# See problematic frame for where to report the bug.
#

---------------  T H R E A D  ---------------

Current thread (0x0000000002ad7000):  JavaThread "main" [_thread_in_native, id=7544, stack(0x00000000027d0000,0x00000000028d0000)]

siginfo: ExceptionCode=0xc0000005, reading address 0x0000000000000000

Registers:
RAX=0x0000000000000000, RBX=0x000000003a1be490, RCX=0x000000003a1be490, RDX=0x0000000000000008
RSP=0x00000000028ceba8, RBP=0x0000000000000004, RSI=0x0000000000000002, RDI=0x000000003b9645b8
R8 =0x000000000000000c, R9 =0x0000000000001f18, R10=0x000000000000000c, R11=0x0000000000000000
R12=0x0000000000000000, R13=0x000000003b964258, R14=0x000000002f4fc6e4, R15=0x00007ffaf2c5e2d0
RIP=0x00007ffaf2c5e2e0, EFLAGS=0x0000000000010202

Top of Stack: (sp=0x00000000028ceba8)
0x00000000028ceba8:   00007ffaf2d24ec1 00000000099aebd0
0x00000000028cebb8:   0000000000000000 000000002aed0000
0x00000000028cebc8:   000000000003e300 0000000000000000
0x00000000028cebd8:   00007ffaf2b908d0 0000000000000000
0x00000000028cebe8:   00007ffaf2b8b486 0000000000000007
0x00000000028cebf8:   00000000099d59b0 000000003a1be490
0x00000000028cec08:   10c0000000000000 000000002b7dd1e0
0x00000000028cec18:   00007ffaf2b90664 0000000000000000
0x00000000028cec28:   000000002b7dd1e0 0000000000000000
0x00000000028cec38:   0000000000000000 0000000000000004
0x00000000028cec48:   000000002aed0000 0000000000001405
0x00000000028cec58:   0000000000001f18 0000000000002ea4
0x00000000028cec68:   00007ffaf2d15e60 000000002aed0000
0x00000000028cec78:   0000000000000000 0000000000001f18
0x00000000028cec88:   0000000000000000 0000000000001400
0x00000000028cec98:   0000000000000000 00000000028ced00 

Instructions: (pc=0x00007ffaf2c5e2e0)
0x00007ffaf2c5e2c0:   48 83 c1 08 41 83 e9 01 75 e9 48 8b c1 c3 cc cc
0x00007ffaf2c5e2d0:   4d 63 d0 48 83 c2 08 66 0f 1f 84 00 00 00 00 00
0x00007ffaf2c5e2e0:   8b 42 f8 89 01 8b 42 fc 89 41 04 8b 02 49 03 d2
0x00007ffaf2c5e2f0:   89 41 08 48 83 c1 0c 41 83 e9 01 75 e3 48 8b c1 


Register to memory mapping:

RAX=0x0000000000000000 is an unknown value
RBX=0x000000003a1be490 is an unknown value
RCX=0x000000003a1be490 is an unknown value
RDX=0x0000000000000008 is an unknown value
RSP=0x00000000028ceba8 is pointing into the stack for thread: 0x0000000002ad7000
RBP=0x0000000000000004 is an unknown value
RSI=0x0000000000000002 is an unknown value
RDI=0x000000003b9645b8 is an unknown value
R8 =0x000000000000000c is an unknown value
R9 =0x0000000000001f18 is an unknown value
R10=0x000000000000000c is an unknown value
R11=0x0000000000000000 is an unknown value
R12=0x0000000000000000 is an unknown value
R13=0x000000003b964258 is an unknown value
R14=0x000000002f4fc6e4 is an unknown value
R15=0x00007ffaf2c5e2d0 is an unknown value


Stack: [0x00000000027d0000,0x00000000028d0000],  sp=0x00000000028ceba8,  free space=1018k
Native frames: (J=compiled Java code, j=interpreted, Vv=VM code, C=native code)
C  [nvoglv64.dll+0xc7e2e0]

Java frames: (J=compiled Java code, j=interpreted, Vv=VM code)
J 1080  org.lwjgl.opengl.GL11C.nglDrawElements(IIIJ)V (0 bytes) @ 0x000000000304bbce [0x000000000304bb80+0x4e]
J 1217 C2 com.mikedeejay2.voxel.engine.graphics.renderers.Renderer.render(Ljava/util/Map;)V (111 bytes) @ 0x000000000314c338 [0x000000000314bd80+0x5b8]
J 1355 C2 com.mikedeejay2.voxel.engine.graphics.renderers.MasterRenderer.render(Lcom/mikedeejay2/voxel/engine/graphics/objects/Camera;)V (62 bytes) @ 0x00000000032b0f30 [0x00000000032b0ae0+0x450]
J 1480% C2 com.mikedeejay2.voxel.engine.core.CoreEngine.run()V (214 bytes) @ 0x00000000034d6164 [0x00000000034d5f80+0x1e4]
j  com.mikedeejay2.voxel.engine.core.CoreEngine.start()V+9
j  com.mikedeejay2.voxel.game.Main.start()V+29
j  com.mikedeejay2.voxel.game.Main.main([Ljava/lang/String;)V+7
v  ~StubRoutines::call_stub

---------------  P R O C E S S  ---------------

Java Threads: ( => current thread )
  0x0000000032a59800 JavaThread "world" [_thread_blocked, id=10360, stack(0x0000000034050000,0x0000000034150000)]
  0x000000003285a000 JavaThread "chunkConsumer" [_thread_in_Java, id=19760, stack(0x0000000033f50000,0x0000000034050000)]
  0x0000000032a9d000 JavaThread "chunkProducer" [_thread_blocked, id=12612, stack(0x0000000033e50000,0x0000000033f50000)]
  0x0000000032866000 JavaThread "Java2D Disposer" daemon [_thread_blocked, id=17692, stack(0x0000000033b10000,0x0000000033c10000)]
  0x0000000028dd3800 JavaThread "Service Thread" daemon [_thread_blocked, id=13796, stack(0x0000000029890000,0x0000000029990000)]
  0x0000000028d33000 JavaThread "C1 CompilerThread3" daemon [_thread_blocked, id=16724, stack(0x0000000029790000,0x0000000029890000)]
  0x0000000028d32800 JavaThread "C2 CompilerThread2" daemon [_thread_blocked, id=4992, stack(0x0000000029690000,0x0000000029790000)]
  0x0000000028d31800 JavaThread "C2 CompilerThread1" daemon [_thread_blocked, id=15844, stack(0x0000000029590000,0x0000000029690000)]
  0x0000000028d2f000 JavaThread "C2 CompilerThread0" daemon [_thread_blocked, id=24260, stack(0x0000000029490000,0x0000000029590000)]
  0x0000000028d2d800 JavaThread "Monitor Ctrl-Break" daemon [_thread_in_native, id=21148, stack(0x0000000029390000,0x0000000029490000)]
  0x000000002754d000 JavaThread "Attach Listener" daemon [_thread_blocked, id=14688, stack(0x0000000028a90000,0x0000000028b90000)]
  0x000000002754c000 JavaThread "Signal Dispatcher" daemon [_thread_blocked, id=24104, stack(0x0000000028990000,0x0000000028a90000)]
  0x0000000025e54000 JavaThread "Finalizer" daemon [_thread_blocked, id=2840, stack(0x0000000028790000,0x0000000028890000)]
  0x0000000027533000 JavaThread "Reference Handler" daemon [_thread_blocked, id=23516, stack(0x0000000028690000,0x0000000028790000)]
=>0x0000000002ad7000 JavaThread "main" [_thread_in_native, id=7544, stack(0x00000000027d0000,0x00000000028d0000)]

Other Threads:
  0x0000000027511800 VMThread [stack: 0x0000000028590000,0x0000000028690000] [id=22136]
  0x0000000028e19000 WatcherThread [stack: 0x0000000029990000,0x0000000029a90000] [id=25312]

VM state:not at safepoint (normal execution)

VM Mutex/Monitor currently owned by a thread: None

heap address: 0x00000005c1000000, size: 8176 MB, Compressed Oops mode: Zero based, Oop shift amount: 3
Narrow klass base: 0x0000000000000000, Narrow klass shift: 3
Compressed class space size: 1073741824 Address: 0x00000007c0000000

Heap:
 PSYoungGen      total 44544K, used 40247K [0x0000000715b00000, 0x0000000718980000, 0x00000007c0000000)
  eden space 41472K, 94% used [0x0000000715b00000,0x0000000718174bd8,0x0000000718380000)
  from space 3072K, 28% used [0x0000000718380000,0x0000000718459278,0x0000000718680000)
  to   space 3072K, 0% used [0x0000000718680000,0x0000000718680000,0x0000000718980000)
 ParOldGen       total 349696K, used 195714K [0x00000005c1000000, 0x00000005d6580000, 0x0000000715b00000)
  object space 349696K, 55% used [0x00000005c1000000,0x00000005ccf20b70,0x00000005d6580000)
 Metaspace       used 13248K, capacity 13417K, committed 13696K, reserved 1062912K
  class space    used 1031K, capacity 1097K, committed 1152K, reserved 1048576K

Card table byte_map: [0x0000000011f90000,0x0000000012f90000] byte_map_base: 0x000000000f188000

Marking Bits: (ParMarkBitMap*) 0x0000000071fb6d90
 Begin Bits: [0x0000000014440000, 0x000000001c400000)
 End Bits:   [0x000000001c400000, 0x00000000243c0000)

Polling page: 0x00000000008a0000

CodeCache: size=245760Kb used=7376Kb max_used=9906Kb free=238383Kb
 bounds [0x0000000002bd0000, 0x00000000035b0000, 0x0000000011bd0000]
 total_blobs=2257 nmethods=1249 adapters=921
 compilation: enabled

Compilation events (10 events):
Event: 24.552 Thread 0x0000000028d31800 1558       4       sun.nio.cs.StreamEncoder::writeBytes (132 bytes)
Event: 24.553 Thread 0x0000000028d31800 nmethod 1558 0x0000000002e34090 code [0x0000000002e341e0, 0x0000000002e343c8]
Event: 25.184 Thread 0x0000000028d33000 1559       3       com.mikedeejay2.voxel.game.world.chunk.mesh.ChunkMeshGenerator::genBrightnessWithChunkLoc (3286 bytes)
Event: 25.191 Thread 0x0000000028d33000 nmethod 1559 0x0000000003336210 code [0x0000000003337de0, 0x000000000334b478]
Event: 25.191 Thread 0x0000000028d2f000 1560       4       com.mikedeejay2.voxel.game.world.chunk.mesh.ChunkMeshGenerator::genBrightnessWithChunkLoc (3286 bytes)
Event: 25.353 Thread 0x0000000028d2f000 nmethod 1560 0x0000000002f880d0 code [0x0000000002f89460, 0x0000000002f93808]
Event: 25.454 Thread 0x0000000028d32800 1561 % !   4       com.mikedeejay2.voxel.game.world.World::unloadOldChunks @ 31 (260 bytes)
Event: 25.519 Thread 0x0000000028d31800 1562       4       java.nio.charset.CoderResult::isUnderflow (13 bytes)
Event: 25.519 Thread 0x0000000028d31800 nmethod 1562 0x0000000002f3fd50 code [0x0000000002f3fe80, 0x0000000002f3fef8]
Event: 25.636 Thread 0x0000000028d32800 nmethod 1561% 0x00000000032b8110 code [0x00000000032b8660, 0x00000000032bfa20]

GC Heap History (10 events):
Event: 25.173 GC heap before
{Heap before GC invocations=119 (full 0):
 PSYoungGen      total 44544K, used 42948K [0x0000000715b00000, 0x0000000718900000, 0x00000007c0000000)
  eden space 41984K, 100% used [0x0000000715b00000,0x0000000718400000,0x0000000718400000)
  from space 2560K, 37% used [0x0000000718680000,0x0000000718771278,0x0000000718900000)
  to   space 2560K, 0% used [0x0000000718400000,0x0000000718400000,0x0000000718680000)
 ParOldGen       total 349696K, used 189665K [0x00000005c1000000, 0x00000005d6580000, 0x0000000715b00000)
  object space 349696K, 54% used [0x00000005c1000000,0x00000005cc938480,0x00000005d6580000)
 Metaspace       used 13248K, capacity 13417K, committed 13696K, reserved 1062912K
  class space    used 1031K, capacity 1097K, committed 1152K, reserved 1048576K
Event: 25.174 GC heap after
Heap after GC invocations=119 (full 0):
 PSYoungGen      total 44544K, used 1427K [0x0000000715b00000, 0x0000000718900000, 0x00000007c0000000)
  eden space 41984K, 0% used [0x0000000715b00000,0x0000000715b00000,0x0000000718400000)
  from space 2560K, 55% used [0x0000000718400000,0x0000000718564e58,0x0000000718680000)
  to   space 2560K, 0% used [0x0000000718680000,0x0000000718680000,0x0000000718900000)
 ParOldGen       total 349696K, used 190393K [0x00000005c1000000, 0x00000005d6580000, 0x0000000715b00000)
  object space 349696K, 54% used [0x00000005c1000000,0x00000005cc9ee480,0x00000005d6580000)
 Metaspace       used 13248K, capacity 13417K, committed 13696K, reserved 1062912K
  class space    used 1031K, capacity 1097K, committed 1152K, reserved 1048576K
}
Event: 25.256 GC heap before
{Heap before GC invocations=120 (full 0):
 PSYoungGen      total 44544K, used 43411K [0x0000000715b00000, 0x0000000718900000, 0x00000007c0000000)
  eden space 41984K, 100% used [0x0000000715b00000,0x0000000718400000,0x0000000718400000)
  from space 2560K, 55% used [0x0000000718400000,0x0000000718564e58,0x0000000718680000)
  to   space 2560K, 0% used [0x0000000718680000,0x0000000718680000,0x0000000718900000)
 ParOldGen       total 349696K, used 190393K [0x00000005c1000000, 0x00000005d6580000, 0x0000000715b00000)
  object space 349696K, 54% used [0x00000005c1000000,0x00000005cc9ee480,0x00000005d6580000)
 Metaspace       used 13248K, capacity 13417K, committed 13696K, reserved 1062912K
  class space    used 1031K, capacity 1097K, committed 1152K, reserved 1048576K
Event: 25.257 GC heap after
Heap after GC invocations=120 (full 0):
 PSYoungGen      total 44544K, used 772K [0x0000000715b00000, 0x0000000718900000, 0x00000007c0000000)
  eden space 41984K, 0% used [0x0000000715b00000,0x0000000715b00000,0x0000000718400000)
  from space 2560K, 30% used [0x0000000718680000,0x0000000718741278,0x0000000718900000)
  to   space 2560K, 0% used [0x0000000718400000,0x0000000718400000,0x0000000718680000)
 ParOldGen       total 349696K, used 191473K [0x00000005c1000000, 0x00000005d6580000, 0x0000000715b00000)
  object space 349696K, 54% used [0x00000005c1000000,0x00000005ccafc480,0x00000005d6580000)
 Metaspace       used 13248K, capacity 13417K, committed 13696K, reserved 1062912K
  class space    used 1031K, capacity 1097K, committed 1152K, reserved 1048576K
}
Event: 25.397 GC heap before
{Heap before GC invocations=121 (full 0):
 PSYoungGen      total 44544K, used 42756K [0x0000000715b00000, 0x0000000718900000, 0x00000007c0000000)
  eden space 41984K, 100% used [0x0000000715b00000,0x0000000718400000,0x0000000718400000)
  from space 2560K, 30% used [0x0000000718680000,0x0000000718741278,0x0000000718900000)
  to   space 2560K, 0% used [0x0000000718400000,0x0000000718400000,0x0000000718680000)
 ParOldGen       total 349696K, used 191473K [0x00000005c1000000, 0x00000005d6580000, 0x0000000715b00000)
  object space 349696K, 54% used [0x00000005c1000000,0x00000005ccafc480,0x00000005d6580000)
 Metaspace       used 13248K, capacity 13417K, committed 13696K, reserved 1062912K
  class space    used 1031K, capacity 1097K, committed 1152K, reserved 1048576K
Event: 25.398 GC heap after
Heap after GC invocations=121 (full 0):
 PSYoungGen      total 44544K, used 1412K [0x0000000715b00000, 0x0000000718900000, 0x00000007c0000000)
  eden space 41984K, 0% used [0x0000000715b00000,0x0000000715b00000,0x0000000718400000)
  from space 2560K, 55% used [0x0000000718400000,0x0000000718561278,0x0000000718680000)
  to   space 2560K, 0% used [0x0000000718680000,0x0000000718680000,0x0000000718900000)
 ParOldGen       total 349696K, used 192041K [0x00000005c1000000, 0x00000005d6580000, 0x0000000715b00000)
  object space 349696K, 54% used [0x00000005c1000000,0x00000005ccb8a480,0x00000005d6580000)
 Metaspace       used 13248K, capacity 13417K, committed 13696K, reserved 1062912K
  class space    used 1031K, capacity 1097K, committed 1152K, reserved 1048576K
}
Event: 25.570 GC heap before
{Heap before GC invocations=122 (full 0):
 PSYoungGen      total 44544K, used 43396K [0x0000000715b00000, 0x0000000718900000, 0x00000007c0000000)
  eden space 41984K, 100% used [0x0000000715b00000,0x0000000718400000,0x0000000718400000)
  from space 2560K, 55% used [0x0000000718400000,0x0000000718561278,0x0000000718680000)
  to   space 2560K, 0% used [0x0000000718680000,0x0000000718680000,0x0000000718900000)
 ParOldGen       total 349696K, used 192041K [0x00000005c1000000, 0x00000005d6580000, 0x0000000715b00000)
  object space 349696K, 54% used [0x00000005c1000000,0x00000005ccb8a480,0x00000005d6580000)
 Metaspace       used 13248K, capacity 13417K, committed 13696K, reserved 1062912K
  class space    used 1031K, capacity 1097K, committed 1152K, reserved 1048576K
Event: 25.571 GC heap after
Heap after GC invocations=122 (full 0):
 PSYoungGen      total 44032K, used 2537K [0x0000000715b00000, 0x0000000718a00000, 0x00000007c0000000)
  eden space 41472K, 0% used [0x0000000715b00000,0x0000000715b00000,0x0000000718380000)
  from space 2560K, 99% used [0x0000000718680000,0x00000007188fa4f0,0x0000000718900000)
  to   space 3072K, 0% used [0x0000000718380000,0x0000000718380000,0x0000000718680000)
 ParOldGen       total 349696K, used 193442K [0x00000005c1000000, 0x00000005d6580000, 0x0000000715b00000)
  object space 349696K, 55% used [0x00000005c1000000,0x00000005ccce8b70,0x00000005d6580000)
 Metaspace       used 13248K, capacity 13417K, committed 13696K, reserved 1062912K
  class space    used 1031K, capacity 1097K, committed 1152K, reserved 1048576K
}
Event: 25.643 GC heap before
{Heap before GC invocations=123 (full 0):
 PSYoungGen      total 44032K, used 44009K [0x0000000715b00000, 0x0000000718a00000, 0x00000007c0000000)
  eden space 41472K, 100% used [0x0000000715b00000,0x0000000718380000,0x0000000718380000)
  from space 2560K, 99% used [0x0000000718680000,0x00000007188fa4f0,0x0000000718900000)
  to   space 3072K, 0% used [0x0000000718380000,0x0000000718380000,0x0000000718680000)
 ParOldGen       total 349696K, used 193442K [0x00000005c1000000, 0x00000005d6580000, 0x0000000715b00000)
  object space 349696K, 55% used [0x00000005c1000000,0x00000005ccce8b70,0x00000005d6580000)
 Metaspace       used 13248K, capacity 13417K, committed 13696K, reserved 1062912K
  class space    used 1031K, capacity 1097K, committed 1152K, reserved 1048576K
Event: 25.644 GC heap after
Heap after GC invocations=123 (full 0):
 PSYoungGen      total 44544K, used 868K [0x0000000715b00000, 0x0000000718980000, 0x00000007c0000000)
  eden space 41472K, 0% used [0x0000000715b00000,0x0000000715b00000,0x0000000718380000)
  from space 3072K, 28% used [0x0000000718380000,0x0000000718459278,0x0000000718680000)
  to   space 3072K, 0% used [0x0000000718680000,0x0000000718680000,0x0000000718980000)
 ParOldGen       total 349696K, used 195714K [0x00000005c1000000, 0x00000005d6580000, 0x0000000715b00000)
  object space 349696K, 55% used [0x00000005c1000000,0x00000005ccf20b70,0x00000005d6580000)
 Metaspace       used 13248K, capacity 13417K, committed 13696K, reserved 1062912K
  class space    used 1031K, capacity 1097K, committed 1152K, reserved 1048576K
}

Deoptimization events (10 events):
Event: 15.934 Thread 0x0000000002ad7000 Uncommon trap: reason=unstable_if action=reinterpret pc=0x00000000030b2018 method=java.util.HashMap$TreeNode.find(ILjava/lang/Object;Ljava/lang/Class;)Ljava/util/HashMap$TreeNode; @ 58
Event: 15.936 Thread 0x0000000002ad7000 Uncommon trap: reason=unstable_if action=reinterpret pc=0x0000000002ce6dc4 method=com.mikedeejay2.voxel.game.world.World.unloadOldChunks()V @ 151
Event: 18.545 Thread 0x0000000002ad7000 Uncommon trap: reason=unstable_if action=reinterpret pc=0x0000000003431f70 method=com.mikedeejay2.voxel.engine.graphics.objects.Camera.input(F)V @ 442
Event: 19.302 Thread 0x0000000002ad7000 Uncommon trap: reason=unstable_if action=reinterpret pc=0x00000000030d89e4 method=com.mikedeejay2.voxel.engine.graphics.objects.Camera.input(F)V @ 259
Event: 20.153 Thread 0x000000003285a000 Uncommon trap: reason=unstable_if action=reinterpret pc=0x0000000003597664 method=com.mikedeejay2.voxel.game.world.chunk.mesh.ChunkMeshGenerator.genBrightnessWithChunkLoc(Lcom/mikedeejay2/voxel/game/world/World;Lcom/mikedeejay2/voxel/game/world/chunk/Chun
Event: 20.238 Thread 0x0000000002ad7000 Uncommon trap: reason=unstable_if action=reinterpret pc=0x0000000002e65f10 method=com.mikedeejay2.voxel.game.world.World.unloadOldChunks()V @ 89
Event: 20.240 Thread 0x0000000002ad7000 Uncommon trap: reason=unstable_if action=reinterpret pc=0x0000000002f40a54 method=com.mikedeejay2.voxel.game.world.World.unloadOldChunks()V @ 89
Event: 23.993 Thread 0x0000000002ad7000 Uncommon trap: reason=unstable_if action=reinterpret pc=0x0000000003000e1c method=com.mikedeejay2.voxel.game.world.World.unloadOldChunks()V @ 172
Event: 23.995 Thread 0x0000000002ad7000 Uncommon trap: reason=unstable_if action=reinterpret pc=0x0000000002f193d8 method=com.mikedeejay2.voxel.game.world.World.unloadOldChunks()V @ 172
Event: 25.184 Thread 0x000000003285a000 Uncommon trap: reason=unstable_if action=reinterpret pc=0x000000000305b218 method=com.mikedeejay2.voxel.game.world.chunk.mesh.ChunkMeshGenerator.genBrightnessWithChunkLoc(Lcom/mikedeejay2/voxel/game/world/World;Lcom/mikedeejay2/voxel/game/world/chunk/Chun

Classes redefined (0 events):
No events

Internal exceptions (10 events):
Event: 0.216 Thread 0x0000000002ad7000 Exception <a 'sun/nio/fs/WindowsException'> (0x00000007168c63b8) thrown at [C:\re\workspace\8-2-build-windows-amd64-cygwin\jdk8u231\13620\hotspot\src\share\vm\prims\jni.cpp, line 710]
Event: 0.220 Thread 0x0000000002ad7000 Exception <a 'sun/nio/fs/WindowsException'> (0x00000007168f5b28) thrown at [C:\re\workspace\8-2-build-windows-amd64-cygwin\jdk8u231\13620\hotspot\src\share\vm\prims\jni.cpp, line 710]
Event: 0.220 Thread 0x0000000002ad7000 Exception <a 'sun/nio/fs/WindowsException'> (0x00000007168f6208) thrown at [C:\re\workspace\8-2-build-windows-amd64-cygwin\jdk8u231\13620\hotspot\src\share\vm\prims\jni.cpp, line 710]
Event: 0.616 Thread 0x0000000002ad7000 Exception <a 'sun/nio/fs/WindowsException'> (0x0000000716a5fbd8) thrown at [C:\re\workspace\8-2-build-windows-amd64-cygwin\jdk8u231\13620\hotspot\src\share\vm\prims\jni.cpp, line 710]
Event: 0.616 Thread 0x0000000002ad7000 Exception <a 'sun/nio/fs/WindowsException'> (0x0000000716a60318) thrown at [C:\re\workspace\8-2-build-windows-amd64-cygwin\jdk8u231\13620\hotspot\src\share\vm\prims\jni.cpp, line 710]
Event: 0.617 Thread 0x0000000002ad7000 Exception <a 'sun/nio/fs/WindowsException'> (0x0000000716a778f8) thrown at [C:\re\workspace\8-2-build-windows-amd64-cygwin\jdk8u231\13620\hotspot\src\share\vm\prims\jni.cpp, line 710]
Event: 0.617 Thread 0x0000000002ad7000 Exception <a 'sun/nio/fs/WindowsException'> (0x0000000716a77ef0) thrown at [C:\re\workspace\8-2-build-windows-amd64-cygwin\jdk8u231\13620\hotspot\src\share\vm\prims\jni.cpp, line 710]
Event: 0.662 Thread 0x0000000002ad7000 Exception <a 'sun/nio/fs/WindowsException'> (0x0000000716c30e60) thrown at [C:\re\workspace\8-2-build-windows-amd64-cygwin\jdk8u231\13620\hotspot\src\share\vm\prims\jni.cpp, line 710]
Event: 0.662 Thread 0x0000000002ad7000 Exception <a 'sun/nio/fs/WindowsException'> (0x0000000716c31590) thrown at [C:\re\workspace\8-2-build-windows-amd64-cygwin\jdk8u231\13620\hotspot\src\share\vm\prims\jni.cpp, line 710]
Event: 0.862 Thread 0x0000000002ad7000 Exception <a 'java/io/FileNotFoundException'> (0x0000000717770130) thrown at [C:\re\workspace\8-2-build-windows-amd64-cygwin\jdk8u231\13620\hotspot\src\share\vm\prims\jni.cpp, line 710]

Events (10 events):
Event: 25.191 Thread 0x0000000028d33000 flushing nmethod 0x0000000002e2e1d0
Event: 25.256 Executing VM operation: ParallelGCFailedAllocation
Event: 25.257 Executing VM operation: ParallelGCFailedAllocation done
Event: 25.397 Executing VM operation: ParallelGCFailedAllocation
Event: 25.398 Executing VM operation: ParallelGCFailedAllocation done
Event: 25.519 Thread 0x0000000028d31800 flushing nmethod 0x0000000002eb2e50
Event: 25.570 Executing VM operation: ParallelGCFailedAllocation
Event: 25.571 Executing VM operation: ParallelGCFailedAllocation done
Event: 25.643 Executing VM operation: ParallelGCFailedAllocation
Event: 25.644 Executing VM operation: ParallelGCFailedAllocation done


Dynamic libraries:
0x00007ff7e1ac0000 - 0x00007ff7e1af7000 	C:\Program Files\Java\jdk1.8.0_231\bin\java.exe
0x00007ffb5cc00000 - 0x00007ffb5cdf0000 	C:\Windows\SYSTEM32\ntdll.dll
0x00007ffb5b5b0000 - 0x00007ffb5b662000 	C:\Windows\System32\KERNEL32.DLL
0x00007ffb5aa00000 - 0x00007ffb5aca3000 	C:\Windows\System32\KERNELBASE.dll
0x00007ffb5c1d0000 - 0x00007ffb5c273000 	C:\Windows\System32\ADVAPI32.dll
0x00007ffb5b510000 - 0x00007ffb5b5ae000 	C:\Windows\System32\msvcrt.dll
0x00007ffb5c660000 - 0x00007ffb5c6f7000 	C:\Windows\System32\sechost.dll
0x00007ffb5c0b0000 - 0x00007ffb5c1d0000 	C:\Windows\System32\RPCRT4.dll
0x00007ffb5b2c0000 - 0x00007ffb5b454000 	C:\Windows\System32\USER32.dll
0x00007ffb5a630000 - 0x00007ffb5a651000 	C:\Windows\System32\win32u.dll
0x00007ffb5bf20000 - 0x00007ffb5bf46000 	C:\Windows\System32\GDI32.dll
0x00007ffb5a660000 - 0x00007ffb5a7f4000 	C:\Windows\System32\gdi32full.dll
0x00007ffb59b90000 - 0x00007ffb59c2e000 	C:\Windows\System32\msvcp_win.dll
0x00007ffb5a530000 - 0x00007ffb5a62a000 	C:\Windows\System32\ucrtbase.dll
0x00007ffb43fc0000 - 0x00007ffb44245000 	C:\Windows\WinSxS\amd64_microsoft.windows.common-controls_6595b64144ccf1df_6.0.18362.778_none_e6c6b761130d4fb8\COMCTL32.dll
0x00007ffb5c760000 - 0x00007ffb5ca96000 	C:\Windows\System32\combase.dll
0x00007ffb5a980000 - 0x00007ffb5aa00000 	C:\Windows\System32\bcryptPrimitives.dll
0x00007ffb5b1a0000 - 0x00007ffb5b1ce000 	C:\Windows\System32\IMM32.DLL
0x00000000731d0000 - 0x00000000732a2000 	C:\Program Files\Java\jdk1.8.0_231\jre\bin\msvcr100.dll
0x0000000071790000 - 0x0000000072036000 	C:\Program Files\Java\jdk1.8.0_231\jre\bin\server\jvm.dll
0x00007ffb5bf50000 - 0x00007ffb5bf58000 	C:\Windows\System32\PSAPI.DLL
0x00007ffb49340000 - 0x00007ffb49349000 	C:\Windows\SYSTEM32\WSOCK32.dll
0x00007ffb56760000 - 0x00007ffb56784000 	C:\Windows\SYSTEM32\WINMM.dll
0x00007ffb5bfe0000 - 0x00007ffb5c04f000 	C:\Windows\System32\WS2_32.dll
0x00007ffb54630000 - 0x00007ffb5463a000 	C:\Windows\SYSTEM32\VERSION.dll
0x00007ffb562d0000 - 0x00007ffb562fd000 	C:\Windows\SYSTEM32\WINMMBASE.dll
0x00007ffb5a8d0000 - 0x00007ffb5a91a000 	C:\Windows\System32\cfgmgr32.dll
0x00007ffb435e0000 - 0x00007ffb435ef000 	C:\Program Files\Java\jdk1.8.0_231\jre\bin\verify.dll
0x00007ffb24220000 - 0x00007ffb24249000 	C:\Program Files\Java\jdk1.8.0_231\jre\bin\java.dll
0x00007ffb2b9c0000 - 0x00007ffb2b9e3000 	C:\Program Files\Java\jdk1.8.0_231\jre\bin\instrument.dll
0x00007ffb435c0000 - 0x00007ffb435d6000 	C:\Program Files\Java\jdk1.8.0_231\jre\bin\zip.dll
0x00007ffb5b670000 - 0x00007ffb5bd55000 	C:\Windows\System32\SHELL32.dll
0x00007ffb5b460000 - 0x00007ffb5b509000 	C:\Windows\System32\shcore.dll
0x00007ffb59db0000 - 0x00007ffb5a530000 	C:\Windows\System32\windows.storage.dll
0x00007ffb59b60000 - 0x00007ffb59b83000 	C:\Windows\System32\profapi.dll
0x00007ffb59af0000 - 0x00007ffb59b3a000 	C:\Windows\System32\powrprof.dll
0x00007ffb59ac0000 - 0x00007ffb59ad0000 	C:\Windows\System32\UMPDC.dll
0x00007ffb5c700000 - 0x00007ffb5c752000 	C:\Windows\System32\shlwapi.dll
0x00007ffb59ad0000 - 0x00007ffb59ae1000 	C:\Windows\System32\kernel.appcore.dll
0x00007ffb5a8b0000 - 0x00007ffb5a8c7000 	C:\Windows\System32\cryptsp.dll
0x00007ffb2dfe0000 - 0x00007ffb2dffa000 	C:\Program Files\JetBrains\IntelliJ IDEA 2019.3.4\bin\breakgen64.dll
0x00007ffb1d6e0000 - 0x00007ffb1d6fa000 	C:\Program Files\Java\jdk1.8.0_231\jre\bin\net.dll
0x00007ffb59330000 - 0x00007ffb59397000 	C:\Windows\system32\mswsock.dll
0x00007ffb12f20000 - 0x00007ffb12f32000 	C:\Program Files\Java\jdk1.8.0_231\jre\bin\nio.dll
0x00007ffb1d820000 - 0x00007ffb1d884000 	C:\Users\mdeej\AppData\Local\Temp\lwjglmdeej\3.2.3-build-13\lwjgl.dll
0x00007ffb1d7b0000 - 0x00007ffb1d812000 	C:\Users\mdeej\AppData\Local\Temp\lwjglmdeej\3.2.3-build-13\glfw.dll
0x00007ffb56de0000 - 0x00007ffb56e79000 	C:\Windows\system32\uxtheme.dll
0x00007ffb2df10000 - 0x00007ffb2df53000 	C:\Windows\SYSTEM32\dinput8.dll
0x00007ffb2dbe0000 - 0x00007ffb2dbf1000 	C:\Windows\SYSTEM32\xinput1_4.dll
0x00007ffb598c0000 - 0x00007ffb598ea000 	C:\Windows\SYSTEM32\DEVOBJ.dll
0x00007ffb57520000 - 0x00007ffb5754d000 	C:\Windows\SYSTEM32\dwmapi.dll
0x00007ffb4f940000 - 0x00007ffb4fa5a000 	C:\Windows\SYSTEM32\inputhost.dll
0x00007ffb56300000 - 0x00007ffb563d4000 	C:\Windows\SYSTEM32\CoreMessaging.dll
0x00007ffb54e80000 - 0x00007ffb54fd3000 	C:\Windows\SYSTEM32\wintypes.dll
0x00007ffb53890000 - 0x00007ffb53bba000 	C:\Windows\SYSTEM32\CoreUIComponents.dll
0x00007ffb56090000 - 0x00007ffb5617f000 	C:\Windows\SYSTEM32\PROPSYS.dll
0x00007ffb5c3c0000 - 0x00007ffb5c484000 	C:\Windows\System32\OLEAUT32.dll
0x00007ffb58bd0000 - 0x00007ffb58c01000 	C:\Windows\SYSTEM32\ntmarta.dll
0x00007ffb5c280000 - 0x00007ffb5c3b6000 	C:\Windows\System32\MSCTF.dll
0x00007ffb58430000 - 0x00007ffb5843e000 	C:\Windows\SYSTEM32\HID.DLL
0x00007ffb5ad30000 - 0x00007ffb5b1a0000 	C:\Windows\System32\SETUPAPI.DLL
0x00007ffb59c30000 - 0x00007ffb59c56000 	C:\Windows\System32\bcrypt.dll
0x00007ffb5a920000 - 0x00007ffb5a97c000 	C:\Windows\System32\WINTRUST.dll
0x00007ffb59b40000 - 0x00007ffb59b52000 	C:\Windows\System32\MSASN1.dll
0x00007ffb59c60000 - 0x00007ffb59da9000 	C:\Windows\System32\CRYPT32.dll
0x00007ffafede0000 - 0x00007ffafef36000 	C:\Windows\SYSTEM32\opengl32.dll
0x00007ffb3e860000 - 0x00007ffb3e88c000 	C:\Windows\SYSTEM32\GLU32.dll
0x00007ffb587a0000 - 0x00007ffb587c0000 	C:\Windows\SYSTEM32\dxcore.dll
0x00007ffaf1fe0000 - 0x00007ffaf4704000 	C:\Windows\System32\DriverStore\FileRepository\nvaki.inf_amd64_149c0c4968822483\nvoglv64.dll
0x00007ffb5c500000 - 0x00007ffb5c657000 	C:\Windows\System32\ole32.dll
0x00007ffb54e60000 - 0x00007ffb54e73000 	C:\Windows\SYSTEM32\WTSAPI32.dll
0x00007ffb23280000 - 0x00007ffb23537000 	C:\Windows\system32\nvspcap64.dll
0x00007ffb58d70000 - 0x00007ffb58dcc000 	C:\Windows\SYSTEM32\WINSTA.dll
0x00007ffb4fa60000 - 0x00007ffb4fafe000 	C:\Windows\System32\TextInputFramework.dll
0x00007ffb4b450000 - 0x00007ffb4b6f6000 	C:\Windows\System32\iertutil.dll
0x00007ffb1d680000 - 0x00007ffb1d6d9000 	C:\Users\mdeej\AppData\Local\Temp\lwjglmdeej\3.2.3-build-13\lwjgl_opengl.dll
0x00007ffb06680000 - 0x00007ffb068d3000 	C:\Users\mdeej\AppData\Local\Temp\lwjglmdeej\3.2.3-build-13\jemalloc.dll
0x00007ffb03850000 - 0x00007ffb039ea000 	C:\Program Files\Java\jdk1.8.0_231\jre\bin\awt.dll
0x00007ffb56ca0000 - 0x00007ffb56d2f000 	C:\Windows\SYSTEM32\apphelp.dll
0x00007ffb58230000 - 0x00007ffb58424000 	C:\Windows\SYSTEM32\dbghelp.dll

VM Arguments:
jvm_args: -XX:+UnlockCommercialFeatures -javaagent:C:\Program Files\JetBrains\IntelliJ IDEA 2019.3.4\lib\idea_rt.jar=64819:C:\Program Files\JetBrains\IntelliJ IDEA 2019.3.4\bin -Dfile.encoding=UTF-8 
java_command: com.mikedeejay2.voxel.game.Main
java_class_path (initial): C:\Program Files\Java\jdk1.8.0_231\jre\lib\charsets.jar;C:\Program Files\Java\jdk1.8.0_231\jre\lib\deploy.jar;C:\Program Files\Java\jdk1.8.0_231\jre\lib\ext\access-bridge-64.jar;C:\Program Files\Java\jdk1.8.0_231\jre\lib\ext\cldrdata.jar;C:\Program Files\Java\jdk1.8.0_231\jre\lib\ext\dnsns.jar;C:\Program Files\Java\jdk1.8.0_231\jre\lib\ext\jaccess.jar;C:\Program Files\Java\jdk1.8.0_231\jre\lib\ext\jfxrt.jar;C:\Program Files\Java\jdk1.8.0_231\jre\lib\ext\localedata.jar;C:\Program Files\Java\jdk1.8.0_231\jre\lib\ext\nashorn.jar;C:\Program Files\Java\jdk1.8.0_231\jre\lib\ext\sunec.jar;C:\Program Files\Java\jdk1.8.0_231\jre\lib\ext\sunjce_provider.jar;C:\Program Files\Java\jdk1.8.0_231\jre\lib\ext\sunmscapi.jar;C:\Program Files\Java\jdk1.8.0_231\jre\lib\ext\sunpkcs11.jar;C:\Program Files\Java\jdk1.8.0_231\jre\lib\ext\zipfs.jar;C:\Program Files\Java\jdk1.8.0_231\jre\lib\javaws.jar;C:\Program Files\Java\jdk1.8.0_231\jre\lib\jce.jar;C:\Program Files\Java\jdk1.8.0_231\jre\lib\jfr.jar;C:\Program Files\Java\jdk1.8.0_231\jre\lib\jfxswt.jar;C:\Program Files\Java\jdk1.8.0_231\jre\lib\jsse.jar;C:\Program Files\Java\jdk1.8.0_231\jre\lib\management-agent.jar;C:\Program Files\Java\jdk1.8.0_231\jre\lib\plugin.jar;C:\Program Files\Java\jdk1.8.0_231\jre\lib\resources.jar;C:\Program Files\Java\jdk1.8.0_231\jre\lib\rt.jar;C:\Users\mdeej\IdeaProjects\APCSP\out\production\APCSP;C:\Users\mdeej\IdeaProjects\APCSP\libs\lwjgl.jar;C:\Users\mdeej\IdeaProjects\APCSP\libs\lwjgl-egl.jar;C:\Users\mdeej\IdeaProjects\APCSP\libs\lwjgl-lz4.jar;C:\Users\mdeej\IdeaProjects\APCSP\libs\lwjgl-nfd.jar;C:\Users\mdeej\IdeaProjects\APCSP\libs\lwjgl-ovr.jar;C:\Users\mdeej\IdeaProjects\APCSP\libs\lwjgl-par.jar;C:\Users\mdeej\IdeaProjects\APCSP\libs\lwjgl-sse.jar;C:\Users\mdeej\IdeaProjects\APCSP\libs\lwjgl-stb.jar;C:\Users\mdeej\IdeaProjects\APCSP\libs\lwjgl-vma.jar;C:\Users\mdeej\IdeaProjects\APCSP\libs\lwjgl-bgfx.jar;C:\Users\mdeej\IdeaProjects\APCSP\libs\lwjgl-cuda.jar;C:\Users\mdee
Launcher Type: SUN_STANDARD

Environment Variables:
PATH=C:\Program Files (x86)\Common Files\Intel\Shared Libraries\redist\intel64\compiler;C:\Program Files (x86)\Common Files\Oracle\Java\javapath;C:\Windows\system32;C:\Windows;C:\Windows\System32\Wbem;C:\Windows\System32\WindowsPowerShell\v1.0\;C:\Windows\System32\OpenSSH\;C:\Program Files\NVIDIA Corporation\NVIDIA NvDLISR;C:\Program Files (x86)\NVIDIA Corporation\PhysX\Common;C:\Program Files (x86)\QuickTime\QTSystem\;C:\Users\mdeej\AppData\Local\Microsoft\WindowsApps;
USERNAME=mdeej
OS=Windows_NT
PROCESSOR_IDENTIFIER=Intel64 Family 6 Model 158 Stepping 10, GenuineIntel



---------------  S Y S T E M  ---------------

OS: Windows 10.0 , 64 bit Build 18362 (10.0.18362.778)

CPU:total 12 (initial active 12) (6 cores per cpu, 2 threads per core) family 6 model 158 stepping 10, cmov, cx8, fxsr, mmx, sse, sse2, sse3, ssse3, sse4.1, sse4.2, popcnt, avx, avx2, aes, clmul, erms, rtm, 3dnowpref, lzcnt, ht, tsc, tscinvbit, bmi1, bmi2, adx

Memory: 4k page, physical 33487264k(16720128k free), swap 98498976k(71402972k free)

vm_info: Java HotSpot(TM) 64-Bit Server VM (25.231-b11) for windows-amd64 JRE (1.8.0_231-b11), built on Oct  5 2019 03:11:30 by "java_re" with MS VC++ 10.0 (VS2010)

time: Wed May 06 21:33:18 2020
timezone: Eastern Daylight Time
elapsed time: 25 seconds (0d 0h 0m 25s)

