#
# A fatal error has been detected by the Java Runtime Environment:
#
#  EXCEPTION_ACCESS_VIOLATION (0xc0000005) at pc=0x00007ffaf2c77850, pid=61288, tid=0x000000000000b488
#
# JRE version: Java(TM) SE Runtime Environment (8.0_251-b08) (build 1.8.0_251-b08)
# Java VM: Java HotSpot(TM) 64-Bit Server VM (25.251-b08 mixed mode windows-amd64 compressed oops)
# Problematic frame:
# C  [nvoglv64.dll+0xc97850]
#
# Failed to write core dump. Minidumps are not enabled by default on client versions of Windows
#
# If you would like to submit a bug report, please visit:
#   http://bugreport.java.com/bugreport/crash.jsp
# The crash happened outside the Java Virtual Machine in native code.
# See problematic frame for where to report the bug.
#

---------------  T H R E A D  ---------------

Current thread (0x0000000002e27000):  JavaThread "main" [_thread_in_native, id=46216, stack(0x0000000002bb0000,0x0000000002cb0000)]

siginfo: ExceptionCode=0xc0000005, reading address 0x000000003ab9ac00

Registers:
RAX=0xfffffffffffeb240, RBX=0x000000003ab9ac00, RCX=0x0000000000000537, RDX=0x000000003ab9ac00
RSP=0x0000000002cae960, RBP=0x0000000000000000, RSI=0x00000000343d0000, RDI=0x000000003ab9ac00
R8 =0x0000000000014dc0, R9 =0x00007ffaf2c91390, R10=0x0000000000000000, R11=0x0000000000000246
R12=0x0000000000000000, R13=0x00000000304f0000, R14=0x00000000304f0000, R15=0x0000000000014dc0
RIP=0x00007ffaf2c77850, EFLAGS=0x0000000000010247

Top of Stack: (sp=0x0000000002cae960)
0x0000000002cae960:   0000000000cb0000 0000000000000002
0x0000000002cae970:   0000000000014dc0 0000000000014dd0
0x0000000002cae980:   000000003ef42640 00007ffaf2b8d9f5
0x0000000002cae990:   000000003ab9ac00 0000000000000000
0x0000000002cae9a0:   000000002c188980 ffffffffffffffff
0x0000000002cae9b0:   0000000000000000 00007ffaf2b8c092
0x0000000002cae9c0:   00000fff3ef42740 000000003ab9ac00
0x0000000002cae9d0:   0000000000000000 000000002bb83080
0x0000000002cae9e0:   0000000000000000 0000000000d695e0
0x0000000002cae9f0:   000000002c188980 000000003ef42640
0x0000000002caea00:   00000000304f0000 0000000000000000
0x0000000002caea10:   00000000000088e4 000000003ab9ac00
0x0000000002caea20:   0000000000005370 000000003ab9ac00
0x0000000002caea30:   00000000304f0000 000000002c188980
0x0000000002caea40:   000000003ef42640 00007ffaf2b944f4
0x0000000002caea50:   000000003ef42600 000000003ab9ac00 

Instructions: (pc=0x00007ffaf2c77850)
0x00007ffaf2c77830:   e9 01 75 ec eb 71 48 83 fd 40 72 40 48 8b cd 48
0x00007ffaf2c77840:   c1 e9 06 48 6b c1 c0 48 03 e8 66 0f 1f 44 00 00
0x00007ffaf2c77850:   0f 10 03 0f 10 4b 10 0f 10 53 20 0f 10 5b 30 48
0x00007ffaf2c77860:   83 c3 40 0f 2b 06 0f 2b 4e 10 0f 2b 56 20 0f 2b 


Register to memory mapping:

RAX=0xfffffffffffeb240 is an unknown value
RBX=0x000000003ab9ac00 is an unknown value
RCX=0x0000000000000537 is an unknown value
RDX=0x000000003ab9ac00 is an unknown value
RSP=0x0000000002cae960 is pointing into the stack for thread: 0x0000000002e27000
RBP=0x0000000000000000 is an unknown value
RSI=0x00000000343d0000 is an unknown value
RDI=0x000000003ab9ac00 is an unknown value
R8 =0x0000000000014dc0 is an unknown value
R9 =0x00007ffaf2c91390 is an unknown value
R10=0x0000000000000000 is an unknown value
R11=0x0000000000000246 is an unknown value
R12=0x0000000000000000 is an unknown value
R13=0x00000000304f0000 is an unknown value
R14=0x00000000304f0000 is an unknown value
R15=0x0000000000014dc0 is an unknown value


Stack: [0x0000000002bb0000,0x0000000002cb0000],  sp=0x0000000002cae960,  free space=1018k
Native frames: (J=compiled Java code, j=interpreted, Vv=VM code, C=native code)

Java frames: (J=compiled Java code, j=interpreted, Vv=VM code)
J 1415  org.lwjgl.opengl.GL15C.nglBufferData(IJJI)V (0 bytes) @ 0x0000000003584bce [0x0000000003584b80+0x4e]
J 1589 C2 com.mikedeejay2.apcspfinal.loaders.Loader.storeDataInAttributeList(II[F)I (63 bytes) @ 0x00000000036d3694 [0x00000000036d2ea0+0x7f4]
J 1495 C1 com.mikedeejay2.apcspfinal.loaders.Loader.loadToVAO([F[F[I[F)Lcom/mikedeejay2/apcspfinal/graphics/models/RawModel; (80 bytes) @ 0x00000000035c07cc [0x00000000035c0460+0x36c]
J 1494 C1 com.mikedeejay2.apcspfinal.world.chunk.mesh.ChunkMeshGenerator.createChunkEntity(Lcom/mikedeejay2/apcspfinal/world/chunk/Chunk;)Lcom/mikedeejay2/apcspfinal/graphics/objects/Entity; (159 bytes) @ 0x00000000035c659c [0x00000000035c6200+0x39c]
J 1245 C2 com.mikedeejay2.apcspfinal.Main.render()V (56 bytes) @ 0x0000000003420b30 [0x0000000003420820+0x310]
J 1607% C1 com.mikedeejay2.apcspfinal.core.CoreEngine.run()V (214 bytes) @ 0x00000000036deadc [0x00000000036ddda0+0xd3c]
j  com.mikedeejay2.apcspfinal.core.CoreEngine.start()V+9
j  com.mikedeejay2.apcspfinal.Main.start()V+37
j  com.mikedeejay2.apcspfinal.Main.main([Ljava/lang/String;)V+7
v  ~StubRoutines::call_stub

---------------  P R O C E S S  ---------------

Java Threads: ( => current thread )
  0x0000000032ee0000 JavaThread "world" [_thread_blocked, id=62560, stack(0x0000000035430000,0x0000000035530000)]
  0x0000000032ee6800 JavaThread "chunkConsumer11" [_thread_blocked, id=49632, stack(0x0000000035330000,0x0000000035430000)]
  0x0000000032ee3800 JavaThread "chunkConsumer10" [_thread_blocked, id=51616, stack(0x0000000035230000,0x0000000035330000)]
  0x0000000032ee2000 JavaThread "chunkConsumer9" [_thread_blocked, id=56312, stack(0x0000000035130000,0x0000000035230000)]
  0x0000000032ee3000 JavaThread "chunkConsumer8" [_thread_blocked, id=56856, stack(0x0000000035030000,0x0000000035130000)]
  0x0000000032ee1800 JavaThread "chunkConsumer7" [_thread_blocked, id=41528, stack(0x0000000034f30000,0x0000000035030000)]
  0x0000000032ee0800 JavaThread "chunkConsumer6" [_thread_blocked, id=37168, stack(0x0000000034e30000,0x0000000034f30000)]
  0x0000000032ee6000 JavaThread "chunkConsumer5" [_thread_blocked, id=46164, stack(0x0000000034d30000,0x0000000034e30000)]
  0x0000000032ee4800 JavaThread "chunkConsumer4" [_thread_blocked, id=66532, stack(0x0000000034c30000,0x0000000034d30000)]
  0x0000000032ee5000 JavaThread "chunkConsumer3" [_thread_blocked, id=61728, stack(0x0000000034b30000,0x0000000034c30000)]
  0x0000000032e41000 JavaThread "chunkConsumer2" [_thread_blocked, id=63880, stack(0x0000000034a30000,0x0000000034b30000)]
  0x0000000032e40000 JavaThread "chunkConsumer1" [_thread_blocked, id=29404, stack(0x0000000034930000,0x0000000034a30000)]
  0x0000000032fb4000 JavaThread "chunkConsumer0" [_thread_blocked, id=56892, stack(0x0000000034830000,0x0000000034930000)]
  0x0000000032fb1000 JavaThread "chunkProducer" [_thread_in_Java, id=37180, stack(0x0000000034730000,0x0000000034830000)]
  0x0000000032eec800 JavaThread "Java2D Disposer" daemon [_thread_blocked, id=53200, stack(0x0000000034630000,0x0000000034730000)]
  0x0000000032ee8800 JavaThread "chunkMeshConsumer2" [_thread_in_Java, id=54500, stack(0x00000000342b0000,0x00000000343b0000)]
  0x0000000032ee8000 JavaThread "chunkMeshConsumer1" [_thread_in_Java, id=44908, stack(0x00000000341b0000,0x00000000342b0000)]
  0x00000000296ea000 JavaThread "chunkMeshConsumer0" [_thread_in_Java, id=18728, stack(0x00000000340b0000,0x00000000341b0000)]
  0x0000000032c83800 JavaThread "chunkMeshProducer" [_thread_blocked, id=26992, stack(0x0000000033fb0000,0x00000000340b0000)]
  0x0000000029144800 JavaThread "Service Thread" daemon [_thread_blocked, id=61048, stack(0x0000000029bf0000,0x0000000029cf0000)]
  0x0000000029093800 JavaThread "C1 CompilerThread3" daemon [_thread_blocked, id=52868, stack(0x0000000029af0000,0x0000000029bf0000)]
  0x0000000029093000 JavaThread "C2 CompilerThread2" daemon [_thread_blocked, id=52256, stack(0x00000000299f0000,0x0000000029af0000)]
  0x0000000029092000 JavaThread "C2 CompilerThread1" daemon [_thread_blocked, id=54600, stack(0x00000000298f0000,0x00000000299f0000)]
  0x000000002908f800 JavaThread "C2 CompilerThread0" daemon [_thread_blocked, id=56980, stack(0x00000000297f0000,0x00000000298f0000)]
  0x0000000027bec000 JavaThread "Monitor Ctrl-Break" daemon [_thread_in_native, id=38336, stack(0x00000000296f0000,0x00000000297f0000)]
  0x0000000027899000 JavaThread "Attach Listener" daemon [_thread_blocked, id=58868, stack(0x0000000028df0000,0x0000000028ef0000)]
  0x0000000027898000 JavaThread "Signal Dispatcher" daemon [_thread_blocked, id=38088, stack(0x0000000028cf0000,0x0000000028df0000)]
  0x00000000261a3800 JavaThread "Finalizer" daemon [_thread_blocked, id=35916, stack(0x0000000028af0000,0x0000000028bf0000)]
  0x000000002619d800 JavaThread "Reference Handler" daemon [_thread_blocked, id=35312, stack(0x00000000289f0000,0x0000000028af0000)]
=>0x0000000002e27000 JavaThread "main" [_thread_in_native, id=46216, stack(0x0000000002bb0000,0x0000000002cb0000)]

Other Threads:
  0x0000000002f1d000 VMThread [stack: 0x00000000288f0000,0x00000000289f0000] [id=62612]
  0x0000000027c1d800 WatcherThread [stack: 0x0000000029cf0000,0x0000000029df0000] [id=34844]

VM state:not at safepoint (normal execution)

VM Mutex/Monitor currently owned by a thread: None

heap address: 0x00000005c1000000, size: 8176 MB, Compressed Oops mode: Zero based, Oop shift amount: 3
Narrow klass base: 0x0000000000000000, Narrow klass shift: 3
Compressed class space size: 1073741824 Address: 0x00000007c0000000

Heap:
 PSYoungGen      total 1372160K, used 666443K [0x0000000715b00000, 0x0000000786f80000, 0x00000007c0000000)
  eden space 906752K, 39% used [0x0000000715b00000,0x000000072bc5a030,0x000000074d080000)
  from space 465408K, 65% used [0x0000000769b00000,0x000000077c478f30,0x0000000786180000)
  to   space 469504K, 0% used [0x000000074d080000,0x000000074d080000,0x0000000769b00000)
 ParOldGen       total 959488K, used 458472K [0x00000005c1000000, 0x00000005fb900000, 0x0000000715b00000)
  object space 959488K, 47% used [0x00000005c1000000,0x00000005dcfba140,0x00000005fb900000)
 Metaspace       used 13470K, capacity 13729K, committed 14080K, reserved 1062912K
  class space    used 1053K, capacity 1161K, committed 1280K, reserved 1048576K

Card table byte_map: [0x00000000122e0000,0x00000000132e0000] byte_map_base: 0x000000000f4d8000

Marking Bits: (ParMarkBitMap*) 0x0000000072b1af90
 Begin Bits: [0x0000000014790000, 0x000000001c750000)
 End Bits:   [0x000000001c750000, 0x0000000024710000)

Polling page: 0x00000000009d0000

CodeCache: size=245760Kb used=8007Kb max_used=8014Kb free=237752Kb
 bounds [0x0000000002f20000, 0x0000000003700000, 0x0000000011f20000]
 total_blobs=2616 nmethods=1601 adapters=928
 compilation: enabled

Compilation events (10 events):
Event: 8.880 Thread 0x000000002908f800 nmethod 1603 0x00000000036e1ad0 code [0x00000000036e1ca0, 0x00000000036e20c0]
Event: 8.880 Thread 0x0000000029092000 nmethod 1604 0x00000000036e11d0 code [0x00000000036e13a0, 0x00000000036e1700]
Event: 9.021 Thread 0x0000000029093000 1605       4       java.util.HashMap::keySet (25 bytes)
Event: 9.021 Thread 0x0000000029093000 nmethod 1605 0x000000000368b3d0 code [0x000000000368b500, 0x000000000368b578]
Event: 9.049 Thread 0x000000002908f800 1606       4       java.util.HashMap$KeySet::iterator (12 bytes)
Event: 9.050 Thread 0x000000002908f800 nmethod 1606 0x00000000036b6650 code [0x00000000036b67a0, 0x00000000036b68b8]
Event: 9.050 Thread 0x0000000029093800 1607 %     3       com.mikedeejay2.apcspfinal.core.CoreEngine::run @ 70 (214 bytes)
Event: 9.052 Thread 0x0000000029093800 nmethod 1607% 0x00000000036dd990 code [0x00000000036ddda0, 0x00000000036df988]
Event: 9.200 Thread 0x0000000029093800 1608       3       com.mikedeejay2.apcspfinal.core.CoreEngine::run (214 bytes)
Event: 9.202 Thread 0x0000000029093800 nmethod 1608 0x00000000036da390 code [0x00000000036da780, 0x00000000036dc1a8]

GC Heap History (10 events):
Event: 7.459 GC heap before
{Heap before GC invocations=14 (full 2):
 PSYoungGen      total 937984K, used 785619K [0x0000000715b00000, 0x0000000772a80000, 0x00000007c0000000)
  eden space 498176K, 100% used [0x0000000715b00000,0x0000000734180000,0x0000000734180000)
  from space 439808K, 65% used [0x0000000734180000,0x0000000745a34c08,0x000000074ef00000)
  to   space 451072K, 0% used [0x0000000757200000,0x0000000757200000,0x0000000772a80000)
 ParOldGen       total 959488K, used 458472K [0x00000005c1000000, 0x00000005fb900000, 0x0000000715b00000)
  object space 959488K, 47% used [0x00000005c1000000,0x00000005dcfba140,0x00000005fb900000)
 Metaspace       used 13458K, capacity 13729K, committed 14080K, reserved 1062912K
  class space    used 1053K, capacity 1161K, committed 1280K, reserved 1048576K
Event: 7.512 GC heap after
Heap after GC invocations=14 (full 2):
 PSYoungGen      total 1064448K, used 288563K [0x0000000715b00000, 0x0000000773780000, 0x00000007c0000000)
  eden space 613376K, 0% used [0x0000000715b00000,0x0000000715b00000,0x000000073b200000)
  from space 451072K, 63% used [0x0000000757200000,0x0000000768bccd08,0x0000000772a80000)
  to   space 458752K, 0% used [0x000000073b200000,0x000000073b200000,0x0000000757200000)
 ParOldGen       total 959488K, used 458472K [0x00000005c1000000, 0x00000005fb900000, 0x0000000715b00000)
  object space 959488K, 47% used [0x00000005c1000000,0x00000005dcfba140,0x00000005fb900000)
 Metaspace       used 13458K, capacity 13729K, committed 14080K, reserved 1062912K
  class space    used 1053K, capacity 1161K, committed 1280K, reserved 1048576K
}
Event: 7.999 GC heap before
{Heap before GC invocations=15 (full 2):
 PSYoungGen      total 1064448K, used 901939K [0x0000000715b00000, 0x0000000773780000, 0x00000007c0000000)
  eden space 613376K, 100% used [0x0000000715b00000,0x000000073b200000,0x000000073b200000)
  from space 451072K, 63% used [0x0000000757200000,0x0000000768bccd08,0x0000000772a80000)
  to   space 458752K, 0% used [0x000000073b200000,0x000000073b200000,0x0000000757200000)
 ParOldGen       total 959488K, used 458472K [0x00000005c1000000, 0x00000005fb900000, 0x0000000715b00000)
  object space 959488K, 47% used [0x00000005c1000000,0x00000005dcfba140,0x00000005fb900000)
 Metaspace       used 13458K, capacity 13729K, committed 14080K, reserved 1062912K
  class space    used 1053K, capacity 1161K, committed 1280K, reserved 1048576K
Event: 8.044 GC heap after
Heap after GC invocations=15 (full 2):
 PSYoungGen      total 1072128K, used 287571K [0x0000000715b00000, 0x000000077c500000, 0x00000007c0000000)
  eden space 613376K, 0% used [0x0000000715b00000,0x0000000715b00000,0x000000073b200000)
  from space 458752K, 62% used [0x000000073b200000,0x000000074cad4c08,0x0000000757200000)
  to   space 463360K, 0% used [0x0000000760080000,0x0000000760080000,0x000000077c500000)
 ParOldGen       total 959488K, used 458472K [0x00000005c1000000, 0x00000005fb900000, 0x0000000715b00000)
  object space 959488K, 47% used [0x00000005c1000000,0x00000005dcfba140,0x00000005fb900000)
 Metaspace       used 13458K, capacity 13729K, committed 14080K, reserved 1062912K
  class space    used 1053K, capacity 1161K, committed 1280K, reserved 1048576K
}
Event: 8.523 GC heap before
{Heap before GC invocations=16 (full 2):
 PSYoungGen      total 1072128K, used 900947K [0x0000000715b00000, 0x000000077c500000, 0x00000007c0000000)
  eden space 613376K, 100% used [0x0000000715b00000,0x000000073b200000,0x000000073b200000)
  from space 458752K, 62% used [0x000000073b200000,0x000000074cad4c08,0x0000000757200000)
  to   space 463360K, 0% used [0x0000000760080000,0x0000000760080000,0x000000077c500000)
 ParOldGen       total 959488K, used 458472K [0x00000005c1000000, 0x00000005fb900000, 0x0000000715b00000)
  object space 959488K, 47% used [0x00000005c1000000,0x00000005dcfba140,0x00000005fb900000)
 Metaspace       used 13458K, capacity 13729K, committed 14080K, reserved 1062912K
  class space    used 1053K, capacity 1161K, committed 1280K, reserved 1048576K
Event: 8.577 GC heap after
Heap after GC invocations=16 (full 2):
 PSYoungGen      total 1215488K, used 289551K [0x0000000715b00000, 0x000000077c780000, 0x00000007c0000000)
  eden space 752128K, 0% used [0x0000000715b00000,0x0000000715b00000,0x0000000743980000)
  from space 463360K, 62% used [0x0000000760080000,0x0000000771b43fd0,0x000000077c500000)
  to   space 465920K, 0% used [0x0000000743980000,0x0000000743980000,0x0000000760080000)
 ParOldGen       total 959488K, used 458472K [0x00000005c1000000, 0x00000005fb900000, 0x0000000715b00000)
  object space 959488K, 47% used [0x00000005c1000000,0x00000005dcfba140,0x00000005fb900000)
 Metaspace       used 13458K, capacity 13729K, committed 14080K, reserved 1062912K
  class space    used 1053K, capacity 1161K, committed 1280K, reserved 1048576K
}
Event: 9.156 GC heap before
{Heap before GC invocations=17 (full 2):
 PSYoungGen      total 1215488K, used 1041679K [0x0000000715b00000, 0x000000077c780000, 0x00000007c0000000)
  eden space 752128K, 100% used [0x0000000715b00000,0x0000000743980000,0x0000000743980000)
  from space 463360K, 62% used [0x0000000760080000,0x0000000771b43fd0,0x000000077c500000)
  to   space 465920K, 0% used [0x0000000743980000,0x0000000743980000,0x0000000760080000)
 ParOldGen       total 959488K, used 458472K [0x00000005c1000000, 0x00000005fb900000, 0x0000000715b00000)
  object space 959488K, 47% used [0x00000005c1000000,0x00000005dcfba140,0x00000005fb900000)
 Metaspace       used 13470K, capacity 13729K, committed 14080K, reserved 1062912K
  class space    used 1053K, capacity 1161K, committed 1280K, reserved 1048576K
Event: 9.197 GC heap after
Heap after GC invocations=17 (full 2):
 PSYoungGen      total 1218048K, used 287787K [0x0000000715b00000, 0x0000000786180000, 0x00000007c0000000)
  eden space 752128K, 0% used [0x0000000715b00000,0x0000000715b00000,0x0000000743980000)
  from space 465920K, 61% used [0x0000000743980000,0x000000075528adb0,0x0000000760080000)
  to   space 465408K, 0% used [0x0000000769b00000,0x0000000769b00000,0x0000000786180000)
 ParOldGen       total 959488K, used 458472K [0x00000005c1000000, 0x00000005fb900000, 0x0000000715b00000)
  object space 959488K, 47% used [0x00000005c1000000,0x00000005dcfba140,0x00000005fb900000)
 Metaspace       used 13470K, capacity 13729K, committed 14080K, reserved 1062912K
  class space    used 1053K, capacity 1161K, committed 1280K, reserved 1048576K
}
Event: 9.626 GC heap before
{Heap before GC invocations=18 (full 2):
 PSYoungGen      total 1218048K, used 1039915K [0x0000000715b00000, 0x0000000786180000, 0x00000007c0000000)
  eden space 752128K, 100% used [0x0000000715b00000,0x0000000743980000,0x0000000743980000)
  from space 465920K, 61% used [0x0000000743980000,0x000000075528adb0,0x0000000760080000)
  to   space 465408K, 0% used [0x0000000769b00000,0x0000000769b00000,0x0000000786180000)
 ParOldGen       total 959488K, used 458472K [0x00000005c1000000, 0x00000005fb900000, 0x0000000715b00000)
  object space 959488K, 47% used [0x00000005c1000000,0x00000005dcfba140,0x00000005fb900000)
 Metaspace       used 13470K, capacity 13729K, committed 14080K, reserved 1062912K
  class space    used 1053K, capacity 1161K, committed 1280K, reserved 1048576K
Event: 9.688 GC heap after
Heap after GC invocations=18 (full 2):
 PSYoungGen      total 1372160K, used 304611K [0x0000000715b00000, 0x0000000786f80000, 0x00000007c0000000)
  eden space 906752K, 0% used [0x0000000715b00000,0x0000000715b00000,0x000000074d080000)
  from space 465408K, 65% used [0x0000000769b00000,0x000000077c478f30,0x0000000786180000)
  to   space 469504K, 0% used [0x000000074d080000,0x000000074d080000,0x0000000769b00000)
 ParOldGen       total 959488K, used 458472K [0x00000005c1000000, 0x00000005fb900000, 0x0000000715b00000)
  object space 959488K, 47% used [0x00000005c1000000,0x00000005dcfba140,0x00000005fb900000)
 Metaspace       used 13470K, capacity 13729K, committed 14080K, reserved 1062912K
  class space    used 1053K, capacity 1161K, committed 1280K, reserved 1048576K
}

Deoptimization events (10 events):
Event: 5.853 Thread 0x0000000002e27000 Uncommon trap: reason=unstable_if action=reinterpret pc=0x000000000361a55c method=com.mikedeejay2.apcspfinal.player.PlayerCollision.update(Lorg/joml/Vector3f;F)V @ 39
Event: 6.231 Thread 0x0000000002e27000 Uncommon trap: reason=unstable_if action=reinterpret pc=0x0000000003522564 method=org.joml.Math.cosFromSinInternal(FF)F @ 47
Event: 6.232 Thread 0x0000000002e27000 Uncommon trap: reason=unstable_if action=reinterpret pc=0x0000000003520b28 method=org.joml.Math.cosFromSinInternal(FF)F @ 47
Event: 7.055 Thread 0x0000000002e27000 Uncommon trap: reason=unstable_if action=reinterpret pc=0x000000000368928c method=com.mikedeejay2.apcspfinal.player.Player.input(F)V @ 62
Event: 7.156 Thread 0x0000000002e27000 Uncommon trap: reason=unstable_if action=reinterpret pc=0x00000000036afbf0 method=com.mikedeejay2.apcspfinal.player.PlayerCollision.update(Lorg/joml/Vector3f;F)V @ 81
Event: 7.156 Thread 0x0000000002e27000 Uncommon trap: reason=unstable_if action=reinterpret pc=0x00000000036aef54 method=com.mikedeejay2.apcspfinal.player.PlayerCollision.update(Lorg/joml/Vector3f;F)V @ 81
Event: 7.156 Thread 0x0000000002e27000 Uncommon trap: reason=unstable_if action=reinterpret pc=0x00000000036b158c method=com.mikedeejay2.apcspfinal.player.PlayerCollision.update(Lorg/joml/Vector3f;F)V @ 81
Event: 7.546 Thread 0x00000000296ea000 Uncommon trap: reason=unstable_if action=reinterpret pc=0x000000000369cd34 method=com.mikedeejay2.apcspfinal.world.chunk.mesh.ChunkMeshGenerator.createSliceEdge(Ljava/util/ArrayList;Ljava/util/ArrayList;Ljava/util/ArrayList;Ljava/util/ArrayList;Lcom/miked
Event: 8.239 Thread 0x0000000002e27000 Uncommon trap: reason=unstable_if action=reinterpret pc=0x00000000036bfc1c method=com.mikedeejay2.apcspfinal.player.PlayerCollision.update(Lorg/joml/Vector3f;F)V @ 102
Event: 8.239 Thread 0x0000000002e27000 Uncommon trap: reason=unstable_if action=reinterpret pc=0x00000000036d0924 method=com.mikedeejay2.apcspfinal.player.PlayerCollision.update(Lorg/joml/Vector3f;F)V @ 102

Classes redefined (0 events):
No events

Internal exceptions (10 events):
Event: 0.252 Thread 0x0000000002e27000 Exception <a 'sun/nio/fs/WindowsException'> (0x000000071690ff78) thrown at [C:\jenkins\workspace\8-2-build-windows-amd64-cygwin\jdk8u251\737\hotspot\src\share\vm\prims\jni.cpp, line 710]
Event: 0.267 Thread 0x0000000002e27000 Exception <a 'sun/nio/fs/WindowsException'> (0x00000007169d3a60) thrown at [C:\jenkins\workspace\8-2-build-windows-amd64-cygwin\jdk8u251\737\hotspot\src\share\vm\prims\jni.cpp, line 710]
Event: 0.267 Thread 0x0000000002e27000 Exception <a 'sun/nio/fs/WindowsException'> (0x00000007169d4190) thrown at [C:\jenkins\workspace\8-2-build-windows-amd64-cygwin\jdk8u251\737\hotspot\src\share\vm\prims\jni.cpp, line 710]
Event: 0.351 Thread 0x0000000002e27000 Exception <a 'sun/nio/fs/WindowsException'> (0x0000000716a8fa18) thrown at [C:\jenkins\workspace\8-2-build-windows-amd64-cygwin\jdk8u251\737\hotspot\src\share\vm\prims\jni.cpp, line 710]
Event: 0.351 Thread 0x0000000002e27000 Exception <a 'sun/nio/fs/WindowsException'> (0x0000000716a900f8) thrown at [C:\jenkins\workspace\8-2-build-windows-amd64-cygwin\jdk8u251\737\hotspot\src\share\vm\prims\jni.cpp, line 710]
Event: 1.216 Thread 0x0000000002e27000 Exception <a 'sun/nio/fs/WindowsException'> (0x0000000716b12c98) thrown at [C:\jenkins\workspace\8-2-build-windows-amd64-cygwin\jdk8u251\737\hotspot\src\share\vm\prims\jni.cpp, line 710]
Event: 1.216 Thread 0x0000000002e27000 Exception <a 'sun/nio/fs/WindowsException'> (0x0000000716b133d8) thrown at [C:\jenkins\workspace\8-2-build-windows-amd64-cygwin\jdk8u251\737\hotspot\src\share\vm\prims\jni.cpp, line 710]
Event: 1.218 Thread 0x0000000002e27000 Exception <a 'sun/nio/fs/WindowsException'> (0x0000000716b2a9a0) thrown at [C:\jenkins\workspace\8-2-build-windows-amd64-cygwin\jdk8u251\737\hotspot\src\share\vm\prims\jni.cpp, line 710]
Event: 1.218 Thread 0x0000000002e27000 Exception <a 'sun/nio/fs/WindowsException'> (0x0000000716b2af98) thrown at [C:\jenkins\workspace\8-2-build-windows-amd64-cygwin\jdk8u251\737\hotspot\src\share\vm\prims\jni.cpp, line 710]
Event: 1.601 Thread 0x0000000002e27000 Exception <a 'java/io/FileNotFoundException'> (0x0000000717ec8e08) thrown at [C:\jenkins\workspace\8-2-build-windows-amd64-cygwin\jdk8u251\737\hotspot\src\share\vm\prims\jni.cpp, line 710]

Events (10 events):
Event: 8.239 Thread 0x0000000002e27000 DEOPT UNPACKING pc=0x0000000002f6583b sp=0x0000000002caede0 mode 2
Event: 8.239 Thread 0x0000000002e27000 Uncommon trap: trap_request=0xffffff65 fr.pc=0x00000000036d0924
Event: 8.239 Thread 0x0000000002e27000 DEOPT PACKING pc=0x00000000036d0924 sp=0x0000000002caee30
Event: 8.239 Thread 0x0000000002e27000 DEOPT UNPACKING pc=0x0000000002f6583b sp=0x0000000002caedd0 mode 2
Event: 8.523 Executing VM operation: ParallelGCFailedAllocation
Event: 8.577 Executing VM operation: ParallelGCFailedAllocation done
Event: 9.156 Executing VM operation: ParallelGCFailedAllocation
Event: 9.197 Executing VM operation: ParallelGCFailedAllocation done
Event: 9.626 Executing VM operation: ParallelGCFailedAllocation
Event: 9.688 Executing VM operation: ParallelGCFailedAllocation done


Dynamic libraries:
0x00007ff67fdd0000 - 0x00007ff67fe07000 	C:\Program Files\Java\jdk1.8.0_251\bin\java.exe
0x00007ffb5cc00000 - 0x00007ffb5cdf0000 	C:\Windows\SYSTEM32\ntdll.dll
0x00007ffb5b5b0000 - 0x00007ffb5b662000 	C:\Windows\System32\KERNEL32.DLL
0x00007ffb5aa00000 - 0x00007ffb5aca3000 	C:\Windows\System32\KERNELBASE.dll
0x00007ffb5c1d0000 - 0x00007ffb5c273000 	C:\Windows\System32\ADVAPI32.dll
0x00007ffb5b510000 - 0x00007ffb5b5ae000 	C:\Windows\System32\msvcrt.dll
0x00007ffb5c660000 - 0x00007ffb5c6f7000 	C:\Windows\System32\sechost.dll
0x00007ffb5c0b0000 - 0x00007ffb5c1d0000 	C:\Windows\System32\RPCRT4.dll
0x00007ffb5b2c0000 - 0x00007ffb5b454000 	C:\Windows\System32\USER32.dll
0x00007ffb5a630000 - 0x00007ffb5a651000 	C:\Windows\System32\win32u.dll
0x00007ffb5bf20000 - 0x00007ffb5bf46000 	C:\Windows\System32\GDI32.dll
0x00007ffb5a660000 - 0x00007ffb5a7f4000 	C:\Windows\System32\gdi32full.dll
0x00007ffb59b90000 - 0x00007ffb59c2e000 	C:\Windows\System32\msvcp_win.dll
0x00007ffb5a530000 - 0x00007ffb5a62a000 	C:\Windows\System32\ucrtbase.dll
0x00007ffb43fc0000 - 0x00007ffb44245000 	C:\Windows\WinSxS\amd64_microsoft.windows.common-controls_6595b64144ccf1df_6.0.18362.778_none_e6c6b761130d4fb8\COMCTL32.dll
0x00007ffb5c760000 - 0x00007ffb5ca96000 	C:\Windows\System32\combase.dll
0x00007ffb5a980000 - 0x00007ffb5aa00000 	C:\Windows\System32\bcryptPrimitives.dll
0x00007ffb5b1a0000 - 0x00007ffb5b1ce000 	C:\Windows\System32\IMM32.DLL
0x0000000074c30000 - 0x0000000074d02000 	C:\Program Files\Java\jdk1.8.0_251\jre\bin\msvcr100.dll
0x00000000722f0000 - 0x0000000072b9b000 	C:\Program Files\Java\jdk1.8.0_251\jre\bin\server\jvm.dll
0x00007ffb5bf50000 - 0x00007ffb5bf58000 	C:\Windows\System32\PSAPI.DLL
0x00007ffb49340000 - 0x00007ffb49349000 	C:\Windows\SYSTEM32\WSOCK32.dll
0x00007ffb56760000 - 0x00007ffb56784000 	C:\Windows\SYSTEM32\WINMM.dll
0x00007ffb5bfe0000 - 0x00007ffb5c04f000 	C:\Windows\System32\WS2_32.dll
0x00007ffb54630000 - 0x00007ffb5463a000 	C:\Windows\SYSTEM32\VERSION.dll
0x00007ffb562d0000 - 0x00007ffb562fd000 	C:\Windows\SYSTEM32\winmmbase.dll
0x00007ffb5a8d0000 - 0x00007ffb5a91a000 	C:\Windows\System32\cfgmgr32.dll
0x00007ffb56910000 - 0x00007ffb5691f000 	C:\Program Files\Java\jdk1.8.0_251\jre\bin\verify.dll
0x00007ffb37410000 - 0x00007ffb37439000 	C:\Program Files\Java\jdk1.8.0_251\jre\bin\java.dll
0x00007ffb371b0000 - 0x00007ffb371d3000 	C:\Program Files\Java\jdk1.8.0_251\jre\bin\instrument.dll
0x00007ffb373f0000 - 0x00007ffb37406000 	C:\Program Files\Java\jdk1.8.0_251\jre\bin\zip.dll
0x00007ffb5b670000 - 0x00007ffb5bd55000 	C:\Windows\System32\SHELL32.dll
0x00007ffb5b460000 - 0x00007ffb5b509000 	C:\Windows\System32\shcore.dll
0x00007ffb59db0000 - 0x00007ffb5a530000 	C:\Windows\System32\windows.storage.dll
0x00007ffb59b60000 - 0x00007ffb59b83000 	C:\Windows\System32\profapi.dll
0x00007ffb59af0000 - 0x00007ffb59b3a000 	C:\Windows\System32\powrprof.dll
0x00007ffb59ac0000 - 0x00007ffb59ad0000 	C:\Windows\System32\UMPDC.dll
0x00007ffb5c700000 - 0x00007ffb5c752000 	C:\Windows\System32\shlwapi.dll
0x00007ffb59ad0000 - 0x00007ffb59ae1000 	C:\Windows\System32\kernel.appcore.dll
0x00007ffb5a8b0000 - 0x00007ffb5a8c7000 	C:\Windows\System32\cryptsp.dll
0x00007ffb37330000 - 0x00007ffb3734a000 	C:\Program Files\JetBrains\IntelliJ IDEA 2019.3.4\bin\breakgen64.dll
0x00007ffb36730000 - 0x00007ffb3674a000 	C:\Program Files\Java\jdk1.8.0_251\jre\bin\net.dll
0x00007ffb59330000 - 0x00007ffb59397000 	C:\Windows\system32\mswsock.dll
0x00007ffb34f70000 - 0x00007ffb34f82000 	C:\Program Files\Java\jdk1.8.0_251\jre\bin\nio.dll
0x00007ffb34cc0000 - 0x00007ffb34d24000 	C:\Users\mdeej\AppData\Local\Temp\lwjglmdeej\3.2.3-build-13\lwjgl.dll
0x00007ffb1c670000 - 0x00007ffb1c8c3000 	C:\Users\mdeej\AppData\Local\Temp\lwjglmdeej\3.2.3-build-13\jemalloc.dll
0x00007ffb34c50000 - 0x00007ffb34cb2000 	C:\Users\mdeej\AppData\Local\Temp\lwjglmdeej\3.2.3-build-13\glfw.dll
0x00007ffb56de0000 - 0x00007ffb56e79000 	C:\Windows\system32\uxtheme.dll
0x00007ffb3e950000 - 0x00007ffb3e993000 	C:\Windows\SYSTEM32\dinput8.dll
0x00007ffb2dbe0000 - 0x00007ffb2dbf1000 	C:\Windows\SYSTEM32\xinput1_4.dll
0x00007ffb598c0000 - 0x00007ffb598ea000 	C:\Windows\SYSTEM32\DEVOBJ.dll
0x00007ffb57520000 - 0x00007ffb5754d000 	C:\Windows\SYSTEM32\dwmapi.dll
0x00007ffb4f940000 - 0x00007ffb4fa5a000 	C:\Windows\SYSTEM32\inputhost.dll
0x00007ffb54e80000 - 0x00007ffb54fd3000 	C:\Windows\SYSTEM32\wintypes.dll
0x00007ffb56300000 - 0x00007ffb563d4000 	C:\Windows\SYSTEM32\CoreMessaging.dll
0x00007ffb53890000 - 0x00007ffb53bba000 	C:\Windows\SYSTEM32\CoreUIComponents.dll
0x00007ffb56090000 - 0x00007ffb5617f000 	C:\Windows\SYSTEM32\PROPSYS.dll
0x00007ffb5c3c0000 - 0x00007ffb5c484000 	C:\Windows\System32\OLEAUT32.dll
0x00007ffb58bd0000 - 0x00007ffb58c01000 	C:\Windows\SYSTEM32\ntmarta.dll
0x00007ffb5c280000 - 0x00007ffb5c3b6000 	C:\Windows\System32\MSCTF.dll
0x00007ffb58430000 - 0x00007ffb5843e000 	C:\Windows\SYSTEM32\HID.DLL
0x00007ffb5ad30000 - 0x00007ffb5b1a0000 	C:\Windows\System32\SETUPAPI.DLL
0x00007ffb59c30000 - 0x00007ffb59c56000 	C:\Windows\System32\bcrypt.dll
0x00007ffb5a920000 - 0x00007ffb5a97c000 	C:\Windows\System32\WINTRUST.dll
0x00007ffb59b40000 - 0x00007ffb59b52000 	C:\Windows\System32\MSASN1.dll
0x00007ffb59c60000 - 0x00007ffb59da9000 	C:\Windows\System32\CRYPT32.dll
0x00007ffafede0000 - 0x00007ffafef36000 	C:\Windows\SYSTEM32\opengl32.dll
0x00007ffb3e860000 - 0x00007ffb3e88c000 	C:\Windows\SYSTEM32\GLU32.dll
0x00007ffb587a0000 - 0x00007ffb587c0000 	C:\Windows\SYSTEM32\dxcore.dll
0x00007ffaf1fe0000 - 0x00007ffaf4704000 	C:\Windows\System32\DriverStore\FileRepository\nvaki.inf_amd64_149c0c4968822483\nvoglv64.dll
0x00007ffb5c500000 - 0x00007ffb5c657000 	C:\Windows\System32\ole32.dll
0x00007ffb54e60000 - 0x00007ffb54e73000 	C:\Windows\SYSTEM32\WTSAPI32.dll
0x00007ffb23280000 - 0x00007ffb23537000 	C:\Windows\system32\nvspcap64.dll
0x00007ffb58d70000 - 0x00007ffb58dcc000 	C:\Windows\SYSTEM32\WINSTA.dll
0x00007ffb4fa60000 - 0x00007ffb4fafe000 	C:\Windows\System32\TextInputFramework.dll
0x00007ffb4b450000 - 0x00007ffb4b6f6000 	C:\Windows\System32\iertutil.dll
0x00007ffb43da0000 - 0x00007ffb43e05000 	C:\Windows\system32\Oleacc.dll
0x00007ffb2b460000 - 0x00007ffb2b4b9000 	C:\Users\mdeej\AppData\Local\Temp\lwjglmdeej\3.2.3-build-13\lwjgl_opengl.dll
0x00007ffb151e0000 - 0x00007ffb1537a000 	C:\Program Files\Java\jdk1.8.0_251\jre\bin\awt.dll
0x00007ffb56ca0000 - 0x00007ffb56d2f000 	C:\Windows\SYSTEM32\apphelp.dll
0x00007ffb58230000 - 0x00007ffb58424000 	C:\Windows\SYSTEM32\dbghelp.dll

VM Arguments:
jvm_args: -XX:+UnlockCommercialFeatures -javaagent:C:\Program Files\JetBrains\IntelliJ IDEA 2019.3.4\lib\idea_rt.jar=59911:C:\Program Files\JetBrains\IntelliJ IDEA 2019.3.4\bin -Dfile.encoding=UTF-8 
java_command: com.mikedeejay2.apcspfinal.Main
java_class_path (initial): C:\Program Files\Java\jdk1.8.0_251\jre\lib\charsets.jar;C:\Program Files\Java\jdk1.8.0_251\jre\lib\deploy.jar;C:\Program Files\Java\jdk1.8.0_251\jre\lib\ext\access-bridge-64.jar;C:\Program Files\Java\jdk1.8.0_251\jre\lib\ext\cldrdata.jar;C:\Program Files\Java\jdk1.8.0_251\jre\lib\ext\dnsns.jar;C:\Program Files\Java\jdk1.8.0_251\jre\lib\ext\jaccess.jar;C:\Program Files\Java\jdk1.8.0_251\jre\lib\ext\jfxrt.jar;C:\Program Files\Java\jdk1.8.0_251\jre\lib\ext\localedata.jar;C:\Program Files\Java\jdk1.8.0_251\jre\lib\ext\nashorn.jar;C:\Program Files\Java\jdk1.8.0_251\jre\lib\ext\sunec.jar;C:\Program Files\Java\jdk1.8.0_251\jre\lib\ext\sunjce_provider.jar;C:\Program Files\Java\jdk1.8.0_251\jre\lib\ext\sunmscapi.jar;C:\Program Files\Java\jdk1.8.0_251\jre\lib\ext\sunpkcs11.jar;C:\Program Files\Java\jdk1.8.0_251\jre\lib\ext\zipfs.jar;C:\Program Files\Java\jdk1.8.0_251\jre\lib\javaws.jar;C:\Program Files\Java\jdk1.8.0_251\jre\lib\jce.jar;C:\Program Files\Java\jdk1.8.0_251\jre\lib\jfr.jar;C:\Program Files\Java\jdk1.8.0_251\jre\lib\jfxswt.jar;C:\Program Files\Java\jdk1.8.0_251\jre\lib\jsse.jar;C:\Program Files\Java\jdk1.8.0_251\jre\lib\management-agent.jar;C:\Program Files\Java\jdk1.8.0_251\jre\lib\plugin.jar;C:\Program Files\Java\jdk1.8.0_251\jre\lib\resources.jar;C:\Program Files\Java\jdk1.8.0_251\jre\lib\rt.jar;C:\Users\mdeej\IdeaProjects\APCSP\out\production\APCSP;C:\Users\mdeej\IdeaProjects\APCSP\libs\lwjgl.jar;C:\Users\mdeej\IdeaProjects\APCSP\libs\lwjgl-egl.jar;C:\Users\mdeej\IdeaProjects\APCSP\libs\lwjgl-lz4.jar;C:\Users\mdeej\IdeaProjects\APCSP\libs\lwjgl-nfd.jar;C:\Users\mdeej\IdeaProjects\APCSP\libs\lwjgl-ovr.jar;C:\Users\mdeej\IdeaProjects\APCSP\libs\lwjgl-par.jar;C:\Users\mdeej\IdeaProjects\APCSP\libs\lwjgl-sse.jar;C:\Users\mdeej\IdeaProjects\APCSP\libs\lwjgl-stb.jar;C:\Users\mdeej\IdeaProjects\APCSP\libs\lwjgl-vma.jar;C:\Users\mdeej\IdeaProjects\APCSP\libs\lwjgl-bgfx.jar;C:\Users\mdeej\IdeaProjects\APCSP\libs\lwjgl-cuda.jar;C:\Users\mdee
Launcher Type: SUN_STANDARD

Environment Variables:
PATH=C:\Program Files (x86)\Common Files\Intel\Shared Libraries\redist\intel64\compiler;C:\Windows\system32;C:\Windows;C:\Windows\System32\Wbem;C:\Windows\System32\WindowsPowerShell\v1.0\;C:\Windows\System32\OpenSSH\;C:\Program Files\NVIDIA Corporation\NVIDIA NvDLISR;C:\Program Files (x86)\NVIDIA Corporation\PhysX\Common;C:\Program Files (x86)\QuickTime\QTSystem\;C:\Program Files\Gource\cmd;C:\Users\mdeej\AppData\Local\Microsoft\WindowsApps;
USERNAME=mdeej
OS=Windows_NT
PROCESSOR_IDENTIFIER=Intel64 Family 6 Model 158 Stepping 10, GenuineIntel



---------------  S Y S T E M  ---------------

OS: Windows 10.0 , 64 bit Build 18362 (10.0.18362.778)

CPU:total 12 (initial active 12) (6 cores per cpu, 2 threads per core) family 6 model 158 stepping 10, cmov, cx8, fxsr, mmx, sse, sse2, sse3, ssse3, sse4.1, sse4.2, popcnt, avx, avx2, aes, clmul, erms, rtm, 3dnowpref, lzcnt, ht, tsc, tscinvbit, bmi1, bmi2, adx

Memory: 4k page, physical 33487264k(3243308k free), swap 98498976k(48946704k free)

vm_info: Java HotSpot(TM) 64-Bit Server VM (25.251-b08) for windows-amd64 JRE (1.8.0_251-b08), built on Mar 12 2020 06:31:49 by "" with MS VC++ 10.0 (VS2010)

time: Wed May 20 14:15:09 2020
timezone: Eastern Daylight Time
elapsed time: 9 seconds (0d 0h 0m 9s)

