#
# A fatal error has been detected by the Java Runtime Environment:
#
#  EXCEPTION_ACCESS_VIOLATION (0xc0000005) at pc=0x00007ffd145e82ae, pid=3124, tid=0x0000000000003f6c
#
# JRE version: Java(TM) SE Runtime Environment (8.0_231-b11) (build 1.8.0_231-b11)
# Java VM: Java HotSpot(TM) 64-Bit Server VM (25.231-b11 mixed mode windows-amd64 compressed oops)
# Problematic frame:
# C  [nvoglv64.dll+0xfe82ae]
#
# Failed to write core dump. Minidumps are not enabled by default on client versions of Windows
#
# If you would like to submit a bug report, please visit:
#   http://bugreport.java.com/bugreport/crash.jsp
# The crash happened outside the Java Virtual Machine in native code.
# See problematic frame for where to report the bug.
#

---------------  T H R E A D  ---------------

Current thread (0x00000000028e7000):  JavaThread "main" [_thread_in_native, id=16236, stack(0x0000000002580000,0x0000000002680000)]

siginfo: ExceptionCode=0xc0000005, reading address 0x0000000000000000

Registers:
RAX=0x000000002b5a95ac, RBX=0x0000000000000280, RCX=0x00000000000001e0, RDX=0xffffffffd4a56a54
RSP=0x000000000267f318, RBP=0x0000000000000003, RSI=0x0000000000000000, RDI=0x000000002b5a95ac
R8 =0x00000000000001e0, R9 =0x000000000000001e, R10=0x0000000000000000, R11=0x000000002b5a95ac
R12=0x0000000000000000, R13=0x00007ffd13600000, R14=0x0000000000000000, R15=0x000000002ad1fe88
RIP=0x00007ffd145e82ae, EFLAGS=0x0000000000010202

Top of Stack: (sp=0x000000000267f318)
0x000000000267f318:   000000000000001e 000000002b5a95ac
0x000000000267f328:   00007ffd1404808c 000000002ad1f080
0x000000000267f338:   00007ffd13eb5954 000002530398dec4
0x000000000267f348:   00007ffd13eb881b 0000000000000000
0x000000000267f358:   0000000000000000 0000000000000000
0x000000000267f368:   00000000001e810b 000000002ad1fe88
0x000000000267f378:   00007ffd14048f9b 000000002ad1f080
0x000000000267f388:   0000000000000004 000000000000001e
0x000000000267f398:   0000000000000000 00000000028e7000
0x000000000267f3a8:   000000000267f428 0000000000000012
0x000000000267f3b8:   0000000000000000 0000000718210968
0x000000000267f3c8:   0000000002d9f64f 000000000000000b
0x000000000267f3d8:   000000000267f440 0000000000000001
0x000000000267f3e8:   0000000002d3a803 000000000000001e
0x000000000267f3f8:   000000073f800000 0000000000001405
0x000000000267f408:   0000000000000000 0000000000000000 

Instructions: (pc=0x00007ffd145e82ae)
0x00007ffd145e828e:   cc cc cc cc cc cc cc cc 66 66 0f 1f 84 00 00 00
0x00007ffd145e829e:   00 00 57 56 49 8b c3 48 8b f9 49 8b c8 49 8b f2
0x00007ffd145e82ae:   f3 a4 5e 5f c3 cc cc cc cc cc cc 0f 1f 80 00 00
0x00007ffd145e82be:   00 00 4c 8b d9 4c 8b d2 49 83 f8 10 76 54 49 83 


Register to memory mapping:

RAX=0x000000002b5a95ac is an unknown value
RBX=0x0000000000000280 is an unknown value
RCX=0x00000000000001e0 is an unknown value
RDX=0xffffffffd4a56a54 is an unknown value
RSP=0x000000000267f318 is pointing into the stack for thread: 0x00000000028e7000
RBP=0x0000000000000003 is an unknown value
RSI=0x0000000000000000 is an unknown value
RDI=0x000000002b5a95ac is an unknown value
R8 =0x00000000000001e0 is an unknown value
R9 =0x000000000000001e is an unknown value
R10=0x0000000000000000 is an unknown value
R11=0x000000002b5a95ac is an unknown value
R12=0x0000000000000000 is an unknown value
R13=0x00007ffd13600000 is an unknown value
R14=0x0000000000000000 is an unknown value
R15=0x000000002ad1fe88 is an unknown value


Stack: [0x0000000002580000,0x0000000002680000],  sp=0x000000000267f318,  free space=1020k
Native frames: (J=compiled Java code, j=interpreted, Vv=VM code, C=native code)
C  [nvoglv64.dll+0xfe82ae]
C  [nvoglv64.dll+0xa4808c]
C  [nvoglv64.dll+0xa48f9b]
C  0x0000000002d9f64f

Java frames: (J=compiled Java code, j=interpreted, Vv=VM code)
J 968  org.lwjgl.opengl.GL11C.glDrawArrays(III)V (0 bytes) @ 0x0000000002d9f5c9 [0x0000000002d9f580+0x49]
J 992 C2 com.mikedeejay2.voxel.engine.graphics.font.rendering.FontRenderer.render(Ljava/util/Map;)V (106 bytes) @ 0x0000000002dc1510 [0x0000000002dc11c0+0x350]
J 832 C1 com.mikedeejay2.voxel.game.Main.render()V (51 bytes) @ 0x0000000002d4932c [0x0000000002d48980+0x9ac]
j  com.mikedeejay2.voxel.engine.core.CoreEngine.run()V+151
j  com.mikedeejay2.voxel.engine.core.CoreEngine.start()V+9
j  com.mikedeejay2.voxel.game.Main.start()V+29
j  com.mikedeejay2.voxel.game.Main.main([Ljava/lang/String;)V+7
v  ~StubRoutines::call_stub

---------------  P R O C E S S  ---------------

Java Threads: ( => current thread )
  0x00000000328b4800 JavaThread "Java2D Disposer" daemon [_thread_blocked, id=12448, stack(0x00000000339d0000,0x0000000033ad0000)]
  0x0000000028b65000 JavaThread "Service Thread" daemon [_thread_blocked, id=17188, stack(0x0000000029610000,0x0000000029710000)]
  0x0000000028ab2800 JavaThread "C1 CompilerThread3" daemon [_thread_blocked, id=18928, stack(0x0000000029510000,0x0000000029610000)]
  0x0000000028ab2000 JavaThread "C2 CompilerThread2" daemon [_thread_blocked, id=19000, stack(0x0000000029410000,0x0000000029510000)]
  0x0000000028ab1000 JavaThread "C2 CompilerThread1" daemon [_thread_blocked, id=3668, stack(0x0000000029310000,0x0000000029410000)]
  0x0000000028aae800 JavaThread "C2 CompilerThread0" daemon [_thread_blocked, id=5684, stack(0x0000000029210000,0x0000000029310000)]
  0x000000002762e800 JavaThread "Monitor Ctrl-Break" daemon [_thread_in_native, id=6112, stack(0x0000000029110000,0x0000000029210000)]
  0x00000000272a7000 JavaThread "Attach Listener" daemon [_thread_blocked, id=18028, stack(0x0000000028810000,0x0000000028910000)]
  0x00000000272a6000 JavaThread "Signal Dispatcher" daemon [_thread_blocked, id=12888, stack(0x0000000028710000,0x0000000028810000)]
  0x0000000025bc3000 JavaThread "Finalizer" daemon [_thread_blocked, id=18764, stack(0x0000000028510000,0x0000000028610000)]
  0x0000000027293000 JavaThread "Reference Handler" daemon [_thread_blocked, id=14612, stack(0x0000000028410000,0x0000000028510000)]
=>0x00000000028e7000 JavaThread "main" [_thread_in_native, id=16236, stack(0x0000000002580000,0x0000000002680000)]

Other Threads:
  0x00000000029dd000 VMThread [stack: 0x0000000028310000,0x0000000028410000] [id=12752]
  0x0000000028a67800 WatcherThread [stack: 0x0000000029710000,0x0000000029810000] [id=19220]

VM state:not at safepoint (normal execution)

VM Mutex/Monitor currently owned by a thread: None

heap address: 0x00000005c1000000, size: 8176 MB, Compressed Oops mode: Zero based, Oop shift amount: 3
Narrow klass base: 0x0000000000000000, Narrow klass shift: 3
Compressed class space size: 1073741824 Address: 0x00000007c0000000

Heap:
 PSYoungGen      total 153088K, used 42246K [0x0000000715b00000, 0x0000000720580000, 0x00000007c0000000)
  eden space 131584K, 32% used [0x0000000715b00000,0x0000000718441b00,0x000000071db80000)
  from space 21504K, 0% used [0x000000071f080000,0x000000071f080000,0x0000000720580000)
  to   space 21504K, 0% used [0x000000071db80000,0x000000071db80000,0x000000071f080000)
 ParOldGen       total 349696K, used 0K [0x00000005c1000000, 0x00000005d6580000, 0x0000000715b00000)
  object space 349696K, 0% used [0x00000005c1000000,0x00000005c1000000,0x00000005d6580000)
 Metaspace       used 12776K, capacity 13001K, committed 13184K, reserved 1060864K
  class space    used 999K, capacity 1065K, committed 1152K, reserved 1048576K

Card table byte_map: [0x0000000011da0000,0x0000000012da0000] byte_map_base: 0x000000000ef98000

Marking Bits: (ParMarkBitMap*) 0x000000005b206d90
 Begin Bits: [0x0000000014250000, 0x000000001c210000)
 End Bits:   [0x000000001c210000, 0x00000000241d0000)

Polling page: 0x00000000003e0000

CodeCache: size=245760Kb used=3988Kb max_used=3988Kb free=241771Kb
 bounds [0x00000000029e0000, 0x0000000002dd0000, 0x00000000119e0000]
 total_blobs=1998 nmethods=1000 adapters=911
 compilation: enabled

Compilation events (10 events):
Event: 2.132 Thread 0x0000000028ab2800  996       3       com.mikedeejay2.voxel.engine.io.Input::getMousePositionY (25 bytes)
Event: 2.132 Thread 0x0000000028ab2800 nmethod 996 0x0000000002dbffd0 code [0x0000000002dc01e0, 0x0000000002dc09b8]
Event: 2.134 Thread 0x0000000028ab2000  997       4       com.mikedeejay2.voxel.engine.io.Input::getMouseDown (21 bytes)
Event: 2.135 Thread 0x0000000028ab2000 nmethod 997 0x0000000002da6950 code [0x0000000002da6aa0, 0x0000000002da6bc8]
Event: 2.138 Thread 0x0000000028ab2800  998       3       com.mikedeejay2.voxel.engine.graphics.objects.Camera::input (411 bytes)
Event: 2.140 Thread 0x0000000028ab2800 nmethod 998 0x0000000002dc40d0 code [0x0000000002dc4800, 0x0000000002dc85d8]
Event: 2.157 Thread 0x0000000028ab2800  999  s    3       java.io.BufferedOutputStream::flush (12 bytes)
Event: 2.157 Thread 0x0000000028ab2800 nmethod 999 0x0000000002dbf7d0 code [0x0000000002dbf960, 0x0000000002dbfe58]
Event: 2.157 Thread 0x0000000028ab2800 1000       3       java.io.BufferedOutputStream::flushBuffer (29 bytes)
Event: 2.157 Thread 0x0000000028ab2800 nmethod 1000 0x0000000002dbf310 code [0x0000000002dbf480, 0x0000000002dbf708]

GC Heap History (0 events):
No events

Deoptimization events (7 events):
Event: 0.211 Thread 0x00000000028e7000 Uncommon trap: reason=unstable_if action=reinterpret pc=0x0000000002b6c244 method=java.lang.String.indexOf([CII[CIII)I @ 134
Event: 1.311 Thread 0x00000000028e7000 Uncommon trap: reason=unstable_if action=reinterpret pc=0x0000000002d28590 method=com.mikedeejay2.voxel.engine.io.Input.getMouse(I)Z @ 14
Event: 1.311 Thread 0x00000000028e7000 Uncommon trap: reason=unstable_if action=reinterpret pc=0x0000000002d26cc8 method=com.mikedeejay2.voxel.engine.io.Input.getMouse(I)Z @ 14
Event: 1.585 Thread 0x00000000028e7000 Uncommon trap: reason=unstable_if action=reinterpret pc=0x0000000002d4ff28 method=com.mikedeejay2.voxel.engine.io.Input.getKey(I)Z @ 20
Event: 1.585 Thread 0x00000000028e7000 Uncommon trap: reason=unstable_if action=reinterpret pc=0x0000000002d18234 method=com.mikedeejay2.voxel.engine.io.Input.getKey(I)Z @ 20
Event: 1.586 Thread 0x00000000028e7000 Uncommon trap: reason=unstable_if action=reinterpret pc=0x0000000002d52318 method=com.mikedeejay2.voxel.engine.io.Input.getKey(I)Z @ 20
Event: 2.130 Thread 0x00000000028e7000 Uncommon trap: reason=unstable_if action=reinterpret pc=0x0000000002daae8c method=com.mikedeejay2.voxel.engine.graphics.objects.Camera.input(F)V @ 300

Classes redefined (0 events):
No events

Internal exceptions (10 events):
Event: 0.241 Thread 0x00000000028e7000 Exception <a 'sun/nio/fs/WindowsException'> (0x00000007168b9780) thrown at [C:\re\workspace\8-2-build-windows-amd64-cygwin\jdk8u231\13620\hotspot\src\share\vm\prims\jni.cpp, line 710]
Event: 0.246 Thread 0x00000000028e7000 Exception <a 'sun/nio/fs/WindowsException'> (0x00000007168e8ef0) thrown at [C:\re\workspace\8-2-build-windows-amd64-cygwin\jdk8u231\13620\hotspot\src\share\vm\prims\jni.cpp, line 710]
Event: 0.246 Thread 0x00000000028e7000 Exception <a 'sun/nio/fs/WindowsException'> (0x00000007168e95d0) thrown at [C:\re\workspace\8-2-build-windows-amd64-cygwin\jdk8u231\13620\hotspot\src\share\vm\prims\jni.cpp, line 710]
Event: 0.667 Thread 0x00000000028e7000 Exception <a 'sun/nio/fs/WindowsException'> (0x0000000716a53090) thrown at [C:\re\workspace\8-2-build-windows-amd64-cygwin\jdk8u231\13620\hotspot\src\share\vm\prims\jni.cpp, line 710]
Event: 0.667 Thread 0x00000000028e7000 Exception <a 'sun/nio/fs/WindowsException'> (0x0000000716a537d0) thrown at [C:\re\workspace\8-2-build-windows-amd64-cygwin\jdk8u231\13620\hotspot\src\share\vm\prims\jni.cpp, line 710]
Event: 0.669 Thread 0x00000000028e7000 Exception <a 'sun/nio/fs/WindowsException'> (0x0000000716a6ad98) thrown at [C:\re\workspace\8-2-build-windows-amd64-cygwin\jdk8u231\13620\hotspot\src\share\vm\prims\jni.cpp, line 710]
Event: 0.669 Thread 0x00000000028e7000 Exception <a 'sun/nio/fs/WindowsException'> (0x0000000716a6b390) thrown at [C:\re\workspace\8-2-build-windows-amd64-cygwin\jdk8u231\13620\hotspot\src\share\vm\prims\jni.cpp, line 710]
Event: 0.713 Thread 0x00000000028e7000 Exception <a 'sun/nio/fs/WindowsException'> (0x0000000716c243c0) thrown at [C:\re\workspace\8-2-build-windows-amd64-cygwin\jdk8u231\13620\hotspot\src\share\vm\prims\jni.cpp, line 710]
Event: 0.713 Thread 0x00000000028e7000 Exception <a 'sun/nio/fs/WindowsException'> (0x0000000716c24af0) thrown at [C:\re\workspace\8-2-build-windows-amd64-cygwin\jdk8u231\13620\hotspot\src\share\vm\prims\jni.cpp, line 710]
Event: 1.040 Thread 0x00000000028e7000 Exception <a 'java/io/FileNotFoundException'> (0x0000000717ba78e0) thrown at [C:\re\workspace\8-2-build-windows-amd64-cygwin\jdk8u231\13620\hotspot\src\share\vm\prims\jni.cpp, line 710]

Events (10 events):
Event: 1.585 Thread 0x00000000028e7000 DEOPT PACKING pc=0x0000000002d18234 sp=0x000000000267f570
Event: 1.585 Thread 0x00000000028e7000 DEOPT UNPACKING pc=0x0000000002a2583b sp=0x000000000267f520 mode 2
Event: 1.586 Thread 0x00000000028e7000 Uncommon trap: trap_request=0xffffff65 fr.pc=0x0000000002d52318
Event: 1.586 Thread 0x00000000028e7000 DEOPT PACKING pc=0x0000000002d52318 sp=0x000000000267f5d0
Event: 1.586 Thread 0x00000000028e7000 DEOPT UNPACKING pc=0x0000000002a2583b sp=0x000000000267f530 mode 2
Event: 1.590 Thread 0x00000000028e7000 DEOPT PACKING pc=0x0000000002d9bc07 sp=0x000000000267f530
Event: 1.590 Thread 0x00000000028e7000 DEOPT UNPACKING pc=0x0000000002a27890 sp=0x000000000267f308 mode 0
Event: 2.130 Thread 0x00000000028e7000 Uncommon trap: trap_request=0xffffff65 fr.pc=0x0000000002daae8c
Event: 2.130 Thread 0x00000000028e7000 DEOPT PACKING pc=0x0000000002daae8c sp=0x000000000267f590
Event: 2.130 Thread 0x00000000028e7000 DEOPT UNPACKING pc=0x0000000002a2583b sp=0x000000000267f538 mode 2


Dynamic libraries:
0x00007ff661a50000 - 0x00007ff661a87000 	C:\Program Files\Java\jdk1.8.0_231\bin\java.exe
0x00007ffd62d80000 - 0x00007ffd62f70000 	C:\Windows\SYSTEM32\ntdll.dll
0x00007ffd60e30000 - 0x00007ffd60ee2000 	C:\Windows\System32\KERNEL32.DLL
0x00007ffd5ffd0000 - 0x00007ffd60273000 	C:\Windows\System32\KERNELBASE.dll
0x00007ffd61520000 - 0x00007ffd615c3000 	C:\Windows\System32\ADVAPI32.dll
0x00007ffd60f20000 - 0x00007ffd60fbe000 	C:\Windows\System32\msvcrt.dll
0x00007ffd61a30000 - 0x00007ffd61ac7000 	C:\Windows\System32\sechost.dll
0x00007ffd61bc0000 - 0x00007ffd61ce0000 	C:\Windows\System32\RPCRT4.dll
0x00007ffd61d90000 - 0x00007ffd61f24000 	C:\Windows\System32\USER32.dll
0x00007ffd5ffa0000 - 0x00007ffd5ffc1000 	C:\Windows\System32\win32u.dll
0x00007ffd61f30000 - 0x00007ffd61f56000 	C:\Windows\System32\GDI32.dll
0x00007ffd5fd80000 - 0x00007ffd5ff14000 	C:\Windows\System32\gdi32full.dll
0x00007ffd604c0000 - 0x00007ffd6055e000 	C:\Windows\System32\msvcp_win.dll
0x00007ffd60310000 - 0x00007ffd6040a000 	C:\Windows\System32\ucrtbase.dll
0x00007ffd44fe0000 - 0x00007ffd45265000 	C:\Windows\WinSxS\amd64_microsoft.windows.common-controls_6595b64144ccf1df_6.0.18362.720_none_e6beb5c51314836b\COMCTL32.dll
0x00007ffd62170000 - 0x00007ffd624a6000 	C:\Windows\System32\combase.dll
0x00007ffd5ff20000 - 0x00007ffd5ffa0000 	C:\Windows\System32\bcryptPrimitives.dll
0x00007ffd60ef0000 - 0x00007ffd60f1e000 	C:\Windows\System32\IMM32.DLL
0x000000005e0f0000 - 0x000000005e1c2000 	C:\Program Files\Java\jdk1.8.0_231\jre\bin\msvcr100.dll
0x000000005a9e0000 - 0x000000005b286000 	C:\Program Files\Java\jdk1.8.0_231\jre\bin\server\jvm.dll
0x00007ffd61890000 - 0x00007ffd61898000 	C:\Windows\System32\PSAPI.DLL
0x00007ffd593f0000 - 0x00007ffd593f9000 	C:\Windows\SYSTEM32\WSOCK32.dll
0x00007ffd619b0000 - 0x00007ffd61a1f000 	C:\Windows\System32\WS2_32.dll
0x00007ffd5cd20000 - 0x00007ffd5cd44000 	C:\Windows\SYSTEM32\WINMM.dll
0x00007ffd5ba30000 - 0x00007ffd5ba3a000 	C:\Windows\SYSTEM32\VERSION.dll
0x00007ffd5cbc0000 - 0x00007ffd5cbed000 	C:\Windows\SYSTEM32\winmmbase.dll
0x00007ffd5fd10000 - 0x00007ffd5fd5a000 	C:\Windows\System32\cfgmgr32.dll
0x00007ffd5b2b0000 - 0x00007ffd5b2bf000 	C:\Program Files\Java\jdk1.8.0_231\jre\bin\verify.dll
0x00007ffd52920000 - 0x00007ffd52949000 	C:\Program Files\Java\jdk1.8.0_231\jre\bin\java.dll
0x00007ffd557b0000 - 0x00007ffd557d3000 	C:\Program Files\Java\jdk1.8.0_231\jre\bin\instrument.dll
0x00007ffd4cf50000 - 0x00007ffd4cf66000 	C:\Program Files\Java\jdk1.8.0_231\jre\bin\zip.dll
0x00007ffd624b0000 - 0x00007ffd62b95000 	C:\Windows\System32\SHELL32.dll
0x00007ffd61ce0000 - 0x00007ffd61d89000 	C:\Windows\System32\shcore.dll
0x00007ffd606b0000 - 0x00007ffd60e30000 	C:\Windows\System32\windows.storage.dll
0x00007ffd5fcc0000 - 0x00007ffd5fce3000 	C:\Windows\System32\profapi.dll
0x00007ffd5fc70000 - 0x00007ffd5fcba000 	C:\Windows\System32\powrprof.dll
0x00007ffd5fc40000 - 0x00007ffd5fc50000 	C:\Windows\System32\UMPDC.dll
0x00007ffd61f60000 - 0x00007ffd61fb2000 	C:\Windows\System32\shlwapi.dll
0x00007ffd5fc50000 - 0x00007ffd5fc61000 	C:\Windows\System32\kernel.appcore.dll
0x00007ffd5fd60000 - 0x00007ffd5fd77000 	C:\Windows\System32\cryptsp.dll
0x00007ffd556e0000 - 0x00007ffd556fa000 	C:\Program Files\JetBrains\IntelliJ IDEA 2019.3.4\bin\breakgen64.dll
0x00007ffd4cf30000 - 0x00007ffd4cf4a000 	C:\Program Files\Java\jdk1.8.0_231\jre\bin\net.dll
0x00007ffd5f4b0000 - 0x00007ffd5f517000 	C:\Windows\system32\mswsock.dll
0x00007ffd4c0c0000 - 0x00007ffd4c0d2000 	C:\Program Files\Java\jdk1.8.0_231\jre\bin\nio.dll
0x00007ffd47aa0000 - 0x00007ffd47b04000 	C:\Users\mdeej\AppData\Local\Temp\lwjglmdeej\3.2.3-build-13\lwjgl.dll
0x00007ffd3c440000 - 0x00007ffd3c4a2000 	C:\Users\mdeej\AppData\Local\Temp\lwjglmdeej\3.2.3-build-13\glfw.dll
0x00007ffd5cf60000 - 0x00007ffd5cff9000 	C:\Windows\system32\uxtheme.dll
0x00007ffd5ad80000 - 0x00007ffd5adc3000 	C:\Windows\SYSTEM32\dinput8.dll
0x00007ffd5cd70000 - 0x00007ffd5cd81000 	C:\Windows\SYSTEM32\xinput1_4.dll
0x00007ffd5fa40000 - 0x00007ffd5fa6a000 	C:\Windows\SYSTEM32\DEVOBJ.dll
0x00007ffd5d6a0000 - 0x00007ffd5d6cd000 	C:\Windows\SYSTEM32\dwmapi.dll
0x00007ffd55dd0000 - 0x00007ffd55eea000 	C:\Windows\SYSTEM32\inputhost.dll
0x00007ffd5b370000 - 0x00007ffd5b4c3000 	C:\Windows\SYSTEM32\wintypes.dll
0x00007ffd59fb0000 - 0x00007ffd5a2da000 	C:\Windows\SYSTEM32\CoreUIComponents.dll
0x00007ffd5c590000 - 0x00007ffd5c664000 	C:\Windows\SYSTEM32\CoreMessaging.dll
0x00007ffd5c370000 - 0x00007ffd5c45f000 	C:\Windows\SYSTEM32\PROPSYS.dll
0x00007ffd617b0000 - 0x00007ffd61874000 	C:\Windows\System32\OLEAUT32.dll
0x00007ffd5ed50000 - 0x00007ffd5ed81000 	C:\Windows\SYSTEM32\ntmarta.dll
0x00007ffd62c00000 - 0x00007ffd62d36000 	C:\Windows\System32\MSCTF.dll
0x00007ffd5e5b0000 - 0x00007ffd5e5be000 	C:\Windows\SYSTEM32\HID.DLL
0x00007ffd61030000 - 0x00007ffd614a0000 	C:\Windows\System32\SETUPAPI.DLL
0x00007ffd60280000 - 0x00007ffd602a6000 	C:\Windows\System32\bcrypt.dll
0x00007ffd602b0000 - 0x00007ffd6030c000 	C:\Windows\System32\WINTRUST.dll
0x00007ffd5fcf0000 - 0x00007ffd5fd02000 	C:\Windows\System32\MSASN1.dll
0x00007ffd60560000 - 0x00007ffd606a9000 	C:\Windows\System32\CRYPT32.dll
0x00007ffd43320000 - 0x00007ffd43476000 	C:\Windows\SYSTEM32\opengl32.dll
0x00007ffd59d80000 - 0x00007ffd59dac000 	C:\Windows\SYSTEM32\GLU32.dll
0x00007ffd5e920000 - 0x00007ffd5e940000 	C:\Windows\SYSTEM32\dxcore.dll
0x00007ffd13600000 - 0x00007ffd15d24000 	C:\Windows\System32\DriverStore\FileRepository\nvaki.inf_amd64_e19547a780f7efda\nvoglv64.dll
0x00007ffd615d0000 - 0x00007ffd61727000 	C:\Windows\System32\ole32.dll
0x00007ffd5b330000 - 0x00007ffd5b343000 	C:\Windows\SYSTEM32\WTSAPI32.dll
0x00007ffd23000000 - 0x00007ffd232b7000 	C:\Windows\system32\nvspcap64.dll
0x00007ffd5eef0000 - 0x00007ffd5ef4c000 	C:\Windows\SYSTEM32\WINSTA.dll
0x00007ffd55ef0000 - 0x00007ffd55f8e000 	C:\Windows\System32\TextInputFramework.dll
0x00007ffd506f0000 - 0x00007ffd50996000 	C:\Windows\System32\iertutil.dll
0x00007ffd3bf00000 - 0x00007ffd3bf59000 	C:\Users\mdeej\AppData\Local\Temp\lwjglmdeej\3.2.3-build-13\lwjgl_opengl.dll
0x00007ffd12b50000 - 0x00007ffd12da3000 	C:\Users\mdeej\AppData\Local\Temp\lwjglmdeej\3.2.3-build-13\jemalloc.dll
0x00007ffd129b0000 - 0x00007ffd12b4a000 	C:\Program Files\Java\jdk1.8.0_231\jre\bin\awt.dll
0x00007ffd5ce20000 - 0x00007ffd5ceaf000 	C:\Windows\SYSTEM32\apphelp.dll
0x00007ffd5e3b0000 - 0x00007ffd5e5a4000 	C:\Windows\SYSTEM32\dbghelp.dll

VM Arguments:
jvm_args: -javaagent:C:\Program Files\JetBrains\IntelliJ IDEA 2019.3.4\lib\idea_rt.jar=52972:C:\Program Files\JetBrains\IntelliJ IDEA 2019.3.4\bin -Dfile.encoding=UTF-8 
java_command: com.mikedeejay2.voxel.game.Main
java_class_path (initial): C:\Program Files\Java\jdk1.8.0_231\jre\lib\charsets.jar;C:\Program Files\Java\jdk1.8.0_231\jre\lib\deploy.jar;C:\Program Files\Java\jdk1.8.0_231\jre\lib\ext\access-bridge-64.jar;C:\Program Files\Java\jdk1.8.0_231\jre\lib\ext\cldrdata.jar;C:\Program Files\Java\jdk1.8.0_231\jre\lib\ext\dnsns.jar;C:\Program Files\Java\jdk1.8.0_231\jre\lib\ext\jaccess.jar;C:\Program Files\Java\jdk1.8.0_231\jre\lib\ext\jfxrt.jar;C:\Program Files\Java\jdk1.8.0_231\jre\lib\ext\localedata.jar;C:\Program Files\Java\jdk1.8.0_231\jre\lib\ext\nashorn.jar;C:\Program Files\Java\jdk1.8.0_231\jre\lib\ext\sunec.jar;C:\Program Files\Java\jdk1.8.0_231\jre\lib\ext\sunjce_provider.jar;C:\Program Files\Java\jdk1.8.0_231\jre\lib\ext\sunmscapi.jar;C:\Program Files\Java\jdk1.8.0_231\jre\lib\ext\sunpkcs11.jar;C:\Program Files\Java\jdk1.8.0_231\jre\lib\ext\zipfs.jar;C:\Program Files\Java\jdk1.8.0_231\jre\lib\javaws.jar;C:\Program Files\Java\jdk1.8.0_231\jre\lib\jce.jar;C:\Program Files\Java\jdk1.8.0_231\jre\lib\jfr.jar;C:\Program Files\Java\jdk1.8.0_231\jre\lib\jfxswt.jar;C:\Program Files\Java\jdk1.8.0_231\jre\lib\jsse.jar;C:\Program Files\Java\jdk1.8.0_231\jre\lib\management-agent.jar;C:\Program Files\Java\jdk1.8.0_231\jre\lib\plugin.jar;C:\Program Files\Java\jdk1.8.0_231\jre\lib\resources.jar;C:\Program Files\Java\jdk1.8.0_231\jre\lib\rt.jar;C:\Users\mdeej\IdeaProjects\APCSP\out\production\APCSP;C:\Users\mdeej\IdeaProjects\APCSP\libs\lwjgl.jar;C:\Users\mdeej\IdeaProjects\APCSP\libs\lwjgl-egl.jar;C:\Users\mdeej\IdeaProjects\APCSP\libs\lwjgl-lz4.jar;C:\Users\mdeej\IdeaProjects\APCSP\libs\lwjgl-nfd.jar;C:\Users\mdeej\IdeaProjects\APCSP\libs\lwjgl-ovr.jar;C:\Users\mdeej\IdeaProjects\APCSP\libs\lwjgl-par.jar;C:\Users\mdeej\IdeaProjects\APCSP\libs\lwjgl-sse.jar;C:\Users\mdeej\IdeaProjects\APCSP\libs\lwjgl-stb.jar;C:\Users\mdeej\IdeaProjects\APCSP\libs\lwjgl-vma.jar;C:\Users\mdeej\IdeaProjects\APCSP\libs\lwjgl-bgfx.jar;C:\Users\mdeej\IdeaProjects\APCSP\libs\lwjgl-cuda.jar;C:\Users\mdee
Launcher Type: SUN_STANDARD

Environment Variables:
PATH=C:\Program Files (x86)\Common Files\Oracle\Java\javapath;C:\Windows\system32;C:\Windows;C:\Windows\System32\Wbem;C:\Windows\System32\WindowsPowerShell\v1.0\;C:\Windows\System32\OpenSSH\;C:\Program Files\NVIDIA Corporation\NVIDIA NvDLISR;C:\Program Files (x86)\NVIDIA Corporation\PhysX\Common;C:\Program Files (x86)\QuickTime\QTSystem\;C:\Users\mdeej\AppData\Local\Microsoft\WindowsApps;
USERNAME=mdeej
OS=Windows_NT
PROCESSOR_IDENTIFIER=Intel64 Family 6 Model 158 Stepping 10, GenuineIntel



---------------  S Y S T E M  ---------------

OS: Windows 10.0 , 64 bit Build 18362 (10.0.18362.329)

CPU:total 12 (initial active 12) (6 cores per cpu, 2 threads per core) family 6 model 158 stepping 10, cmov, cx8, fxsr, mmx, sse, sse2, sse3, ssse3, sse4.1, sse4.2, popcnt, avx, avx2, aes, clmul, erms, rtm, 3dnowpref, lzcnt, ht, tsc, tscinvbit, bmi1, bmi2, adx

Memory: 4k page, physical 33487264k(13025432k free), swap 62847392k(29091540k free)

vm_info: Java HotSpot(TM) 64-Bit Server VM (25.231-b11) for windows-amd64 JRE (1.8.0_231-b11), built on Oct  5 2019 03:11:30 by "java_re" with MS VC++ 10.0 (VS2010)

time: Fri Apr 24 00:19:50 2020
timezone: Eastern Daylight Time
elapsed time: 2 seconds (0d 0h 0m 2s)

