#
# A fatal error has been detected by the Java Runtime Environment:
#
#  EXCEPTION_ACCESS_VIOLATION (0xc0000005) at pc=0x00007ffaf2c5e2e0, pid=21756, tid=0x0000000000005c34
#
# JRE version: Java(TM) SE Runtime Environment (8.0_231-b11) (build 1.8.0_231-b11)
# Java VM: Java HotSpot(TM) 64-Bit Server VM (25.231-b11 mixed mode windows-amd64 compressed oops)
# Problematic frame:
# C  [nvoglv64.dll+0xc7e2e0]
#
# Failed to write core dump. Minidumps are not enabled by default on client versions of Windows
#
# If you would like to submit a bug report, please visit:
#   http://bugreport.java.com/bugreport/crash.jsp
# The crash happened outside the Java Virtual Machine in native code.
# See problematic frame for where to report the bug.
#

---------------  T H R E A D  ---------------

Current thread (0x00000000033a7000):  JavaThread "main" [_thread_in_native, id=23604, stack(0x0000000003010000,0x0000000003110000)]

siginfo: ExceptionCode=0xc0000005, reading address 0x0000000000000000

Registers:
RAX=0x0000000000000000, RBX=0x000000003de84728, RCX=0x000000003de84728, RDX=0x0000000000000008
RSP=0x000000000310f048, RBP=0x0000000000000004, RSI=0x0000000000000002, RDI=0x000000004ddb5348
R8 =0x000000000000000c, R9 =0x0000000000001f7c, R10=0x000000000000000c, R11=0x0000000000000000
R12=0x0000000000000000, R13=0x000000004ddb4fe8, R14=0x000000003dac9340, R15=0x00007ffaf2c5e2d0
RIP=0x00007ffaf2c5e2e0, EFLAGS=0x0000000000010202

Top of Stack: (sp=0x000000000310f048)
0x000000000310f048:   00007ffaf2d24ec1 000000000ae74b48
0x000000000310f058:   0000000000000000 0000000030240000
0x000000000310f068:   000000000003ef80 0000000000000000
0x000000000310f078:   00007ffaf2b908d0 0000000000000000
0x000000000310f088:   00007ffaf2b8b486 0000000000000007
0x000000000310f098:   000000000ae9c0f8 000000003de84728
0x000000000310f0a8:   10c0000000000000 000000002bdd27f0
0x000000000310f0b8:   00007ffaf2b90664 0000000000000000
0x000000000310f0c8:   000000002bdd27f0 0000000000000000
0x000000000310f0d8:   0000000000000000 0000000000000004
0x000000000310f0e8:   0000000030240000 0000000000001405
0x000000000310f0f8:   0000000000001f7c 0000000000002f3a
0x000000000310f108:   00007ffaf2d15e60 0000000030240000
0x000000000310f118:   0000000000000000 0000000000001f7c
0x000000000310f128:   0000000000000000 0000000000001400
0x000000000310f138:   0000000000000000 000000000310f1a0 

Instructions: (pc=0x00007ffaf2c5e2e0)
0x00007ffaf2c5e2c0:   48 83 c1 08 41 83 e9 01 75 e9 48 8b c1 c3 cc cc
0x00007ffaf2c5e2d0:   4d 63 d0 48 83 c2 08 66 0f 1f 84 00 00 00 00 00
0x00007ffaf2c5e2e0:   8b 42 f8 89 01 8b 42 fc 89 41 04 8b 02 49 03 d2
0x00007ffaf2c5e2f0:   89 41 08 48 83 c1 0c 41 83 e9 01 75 e3 48 8b c1 


Register to memory mapping:

RAX=0x0000000000000000 is an unknown value
RBX=0x000000003de84728 is an unknown value
RCX=0x000000003de84728 is an unknown value
RDX=0x0000000000000008 is an unknown value
RSP=0x000000000310f048 is pointing into the stack for thread: 0x00000000033a7000
RBP=0x0000000000000004 is an unknown value
RSI=0x0000000000000002 is an unknown value
RDI=0x000000004ddb5348 is an unknown value
R8 =0x000000000000000c is an unknown value
R9 =0x0000000000001f7c is an unknown value
R10=0x000000000000000c is an unknown value
R11=0x0000000000000000 is an unknown value
R12=0x0000000000000000 is an unknown value
R13=0x000000004ddb4fe8 is an unknown value
R14=0x000000003dac9340 is an unknown value
R15=0x00007ffaf2c5e2d0 is an unknown value


Stack: [0x0000000003010000,0x0000000003110000],  sp=0x000000000310f048,  free space=1020k
Native frames: (J=compiled Java code, j=interpreted, Vv=VM code, C=native code)
C  [nvoglv64.dll+0xc7e2e0]

Java frames: (J=compiled Java code, j=interpreted, Vv=VM code)
J 1082  org.lwjgl.opengl.GL11C.nglDrawElements(IIIJ)V (0 bytes) @ 0x000000000390e10e [0x000000000390e0c0+0x4e]
J 1211 C2 com.mikedeejay2.voxel.engine.graphics.renderers.Renderer.render(Ljava/util/Map;)V (111 bytes) @ 0x0000000003a19968 [0x0000000003a191e0+0x788]
J 1282 C2 com.mikedeejay2.voxel.engine.graphics.renderers.MasterRenderer.render(Lcom/mikedeejay2/voxel/engine/graphics/objects/Camera;)V (62 bytes) @ 0x0000000003ace0b0 [0x0000000003acdb40+0x570]
J 1386% C2 com.mikedeejay2.voxel.engine.core.CoreEngine.run()V (214 bytes) @ 0x0000000003c2d324 [0x0000000003c2d200+0x124]
j  com.mikedeejay2.voxel.engine.core.CoreEngine.start()V+9
j  com.mikedeejay2.voxel.game.Main.start()V+29
j  com.mikedeejay2.voxel.game.Main.main([Ljava/lang/String;)V+7
v  ~StubRoutines::call_stub

---------------  P R O C E S S  ---------------

Java Threads: ( => current thread )
  0x000000003340f000 JavaThread "world" [_thread_blocked, id=8548, stack(0x0000000034810000,0x0000000034910000)]
  0x00000000335c8800 JavaThread "chunkConsumer" [_thread_in_Java, id=7248, stack(0x0000000034710000,0x0000000034810000)]
  0x00000000333c2800 JavaThread "chunkProducer" [_thread_blocked, id=9112, stack(0x0000000034610000,0x0000000034710000)]
  0x0000000029b11800 JavaThread "Java2D Disposer" daemon [_thread_blocked, id=23300, stack(0x0000000034310000,0x0000000034410000)]
  0x000000002957d000 JavaThread "Service Thread" daemon [_thread_blocked, id=22508, stack(0x000000002a0c0000,0x000000002a1c0000)]
  0x0000000029561800 JavaThread "C1 CompilerThread3" daemon [_thread_blocked, id=19288, stack(0x0000000029fc0000,0x000000002a0c0000)]
  0x0000000029561000 JavaThread "C2 CompilerThread2" daemon [_thread_blocked, id=20144, stack(0x0000000029ec0000,0x0000000029fc0000)]
  0x0000000029560000 JavaThread "C2 CompilerThread1" daemon [_thread_blocked, id=26432, stack(0x0000000029dc0000,0x0000000029ec0000)]
  0x000000002955d800 JavaThread "C2 CompilerThread0" daemon [_thread_blocked, id=21244, stack(0x0000000029cc0000,0x0000000029dc0000)]
  0x00000000280e3000 JavaThread "Monitor Ctrl-Break" daemon [_thread_in_native, id=20096, stack(0x0000000029bc0000,0x0000000029cc0000)]
  0x0000000027d66000 JavaThread "Attach Listener" daemon [_thread_blocked, id=15768, stack(0x00000000292c0000,0x00000000293c0000)]
  0x0000000027d65000 JavaThread "Signal Dispatcher" daemon [_thread_blocked, id=5496, stack(0x00000000291c0000,0x00000000292c0000)]
  0x0000000026683800 JavaThread "Finalizer" daemon [_thread_blocked, id=26300, stack(0x0000000028fc0000,0x00000000290c0000)]
  0x000000002667d800 JavaThread "Reference Handler" daemon [_thread_blocked, id=21068, stack(0x0000000028ec0000,0x0000000028fc0000)]
=>0x00000000033a7000 JavaThread "main" [_thread_in_native, id=23604, stack(0x0000000003010000,0x0000000003110000)]

Other Threads:
  0x000000000349d000 VMThread [stack: 0x0000000028dc0000,0x0000000028ec0000] [id=4500]
  0x0000000029516800 WatcherThread [stack: 0x000000002a1c0000,0x000000002a2c0000] [id=20516]

VM state:not at safepoint (normal execution)

VM Mutex/Monitor currently owned by a thread: None

heap address: 0x00000005c1000000, size: 8176 MB, Compressed Oops mode: Zero based, Oop shift amount: 3
Narrow klass base: 0x0000000000000000, Narrow klass shift: 3
Compressed class space size: 1073741824 Address: 0x00000007c0000000

Heap:
 PSYoungGen      total 43520K, used 19802K [0x0000000715b00000, 0x0000000718980000, 0x00000007c0000000)
  eden space 40448K, 44% used [0x0000000715b00000,0x0000000716c70f10,0x0000000718280000)
  from space 3072K, 63% used [0x0000000718280000,0x0000000718465be8,0x0000000718580000)
  to   space 3584K, 0% used [0x0000000718600000,0x0000000718600000,0x0000000718980000)
 ParOldGen       total 349696K, used 233691K [0x00000005c1000000, 0x00000005d6580000, 0x0000000715b00000)
  object space 349696K, 66% used [0x00000005c1000000,0x00000005cf436ff0,0x00000005d6580000)
 Metaspace       used 13230K, capacity 13417K, committed 13696K, reserved 1062912K
  class space    used 1031K, capacity 1097K, committed 1152K, reserved 1048576K

Card table byte_map: [0x0000000012860000,0x0000000013860000] byte_map_base: 0x000000000fa58000

Marking Bits: (ParMarkBitMap*) 0x0000000071fb6d90
 Begin Bits: [0x0000000014d10000, 0x000000001ccd0000)
 End Bits:   [0x000000001ccd0000, 0x0000000024c90000)

Polling page: 0x0000000000dd0000

CodeCache: size=245760Kb used=7516Kb max_used=9584Kb free=238243Kb
 bounds [0x00000000034a0000, 0x0000000003e60000, 0x00000000124a0000]
 total_blobs=2180 nmethods=1172 adapters=921
 compilation: enabled

Compilation events (10 events):
Event: 28.820 Thread 0x0000000029561000 1467       4       com.mikedeejay2.voxel.game.world.World::getRenderableChunks (156 bytes)
Event: 28.833 Thread 0x0000000029561000 nmethod 1467 0x00000000038c4110 code [0x00000000038c4340, 0x00000000038c5a08]
Event: 29.574 Thread 0x000000002955d800 1468       4       com.mikedeejay2.voxel.game.world.chunk.mesh.ChunkMeshGenerator::createChunkEntity (147 bytes)
Event: 29.595 Thread 0x000000002955d800 nmethod 1468 0x0000000003781610 code [0x0000000003781840, 0x0000000003782e50]
Event: 30.217 Thread 0x0000000029561800 1469       3       com.mikedeejay2.voxel.game.world.chunk.mesh.ChunkMeshGenerator::genBrightnessWithChunkLoc (3286 bytes)
Event: 30.224 Thread 0x0000000029561800 nmethod 1469 0x0000000003af15d0 code [0x0000000003af31a0, 0x0000000003b06838]
Event: 30.224 Thread 0x0000000029560000 1470       4       com.mikedeejay2.voxel.game.world.chunk.mesh.ChunkMeshGenerator::genBrightnessWithChunkLoc (3286 bytes)
Event: 30.391 Thread 0x0000000029560000 nmethod 1470 0x0000000003b1f1d0 code [0x0000000003b205c0, 0x0000000003b2aae0]
Event: 30.606 Thread 0x0000000029561800 1471       3       java.util.HashMap$TreeNode::treeify (221 bytes)
Event: 30.607 Thread 0x0000000029561800 nmethod 1471 0x00000000035c21d0 code [0x00000000035c23e0, 0x00000000035c2f88]

GC Heap History (10 events):
Event: 30.236 GC heap before
{Heap before GC invocations=135 (full 0):
 PSYoungGen      total 43520K, used 41604K [0x0000000715b00000, 0x0000000718800000, 0x00000007c0000000)
  eden space 40960K, 100% used [0x0000000715b00000,0x0000000718300000,0x0000000718300000)
  from space 2560K, 25% used [0x0000000718580000,0x0000000718621278,0x0000000718800000)
  to   space 2560K, 0% used [0x0000000718300000,0x0000000718300000,0x0000000718580000)
 ParOldGen       total 349696K, used 228771K [0x00000005c1000000, 0x00000005d6580000, 0x0000000715b00000)
  object space 349696K, 65% used [0x00000005c1000000,0x00000005cef68fe0,0x00000005d6580000)
 Metaspace       used 13229K, capacity 13417K, committed 13696K, reserved 1062912K
  class space    used 1031K, capacity 1097K, committed 1152K, reserved 1048576K
Event: 30.236 GC heap after
Heap after GC invocations=135 (full 0):
 PSYoungGen      total 43520K, used 612K [0x0000000715b00000, 0x0000000718800000, 0x00000007c0000000)
  eden space 40960K, 0% used [0x0000000715b00000,0x0000000715b00000,0x0000000718300000)
  from space 2560K, 23% used [0x0000000718300000,0x0000000718399278,0x0000000718580000)
  to   space 2560K, 0% used [0x0000000718580000,0x0000000718580000,0x0000000718800000)
 ParOldGen       total 349696K, used 229171K [0x00000005c1000000, 0x00000005d6580000, 0x0000000715b00000)
  object space 349696K, 65% used [0x00000005c1000000,0x00000005cefccfe0,0x00000005d6580000)
 Metaspace       used 13229K, capacity 13417K, committed 13696K, reserved 1062912K
  class space    used 1031K, capacity 1097K, committed 1152K, reserved 1048576K
}
Event: 30.377 GC heap before
{Heap before GC invocations=136 (full 0):
 PSYoungGen      total 43520K, used 41572K [0x0000000715b00000, 0x0000000718800000, 0x00000007c0000000)
  eden space 40960K, 100% used [0x0000000715b00000,0x0000000718300000,0x0000000718300000)
  from space 2560K, 23% used [0x0000000718300000,0x0000000718399278,0x0000000718580000)
  to   space 2560K, 0% used [0x0000000718580000,0x0000000718580000,0x0000000718800000)
 ParOldGen       total 349696K, used 229171K [0x00000005c1000000, 0x00000005d6580000, 0x0000000715b00000)
  object space 349696K, 65% used [0x00000005c1000000,0x00000005cefccfe0,0x00000005d6580000)
 Metaspace       used 13229K, capacity 13417K, committed 13696K, reserved 1062912K
  class space    used 1031K, capacity 1097K, committed 1152K, reserved 1048576K
Event: 30.378 GC heap after
Heap after GC invocations=136 (full 0):
 PSYoungGen      total 43520K, used 836K [0x0000000715b00000, 0x0000000718800000, 0x00000007c0000000)
  eden space 40960K, 0% used [0x0000000715b00000,0x0000000715b00000,0x0000000718300000)
  from space 2560K, 32% used [0x0000000718580000,0x0000000718651278,0x0000000718800000)
  to   space 2560K, 0% used [0x0000000718300000,0x0000000718300000,0x0000000718580000)
 ParOldGen       total 349696K, used 229579K [0x00000005c1000000, 0x00000005d6580000, 0x0000000715b00000)
  object space 349696K, 65% used [0x00000005c1000000,0x00000005cf032fe0,0x00000005d6580000)
 Metaspace       used 13229K, capacity 13417K, committed 13696K, reserved 1062912K
  class space    used 1031K, capacity 1097K, committed 1152K, reserved 1048576K
}
Event: 30.483 GC heap before
{Heap before GC invocations=137 (full 0):
 PSYoungGen      total 43520K, used 41796K [0x0000000715b00000, 0x0000000718800000, 0x00000007c0000000)
  eden space 40960K, 100% used [0x0000000715b00000,0x0000000718300000,0x0000000718300000)
  from space 2560K, 32% used [0x0000000718580000,0x0000000718651278,0x0000000718800000)
  to   space 2560K, 0% used [0x0000000718300000,0x0000000718300000,0x0000000718580000)
 ParOldGen       total 349696K, used 229579K [0x00000005c1000000, 0x00000005d6580000, 0x0000000715b00000)
  object space 349696K, 65% used [0x00000005c1000000,0x00000005cf032fe0,0x00000005d6580000)
 Metaspace       used 13229K, capacity 13417K, committed 13696K, reserved 1062912K
  class space    used 1031K, capacity 1097K, committed 1152K, reserved 1048576K
Event: 30.484 GC heap after
Heap after GC invocations=137 (full 0):
 PSYoungGen      total 43520K, used 1316K [0x0000000715b00000, 0x0000000718800000, 0x00000007c0000000)
  eden space 40960K, 0% used [0x0000000715b00000,0x0000000715b00000,0x0000000718300000)
  from space 2560K, 51% used [0x0000000718300000,0x0000000718449278,0x0000000718580000)
  to   space 2560K, 0% used [0x0000000718580000,0x0000000718580000,0x0000000718800000)
 ParOldGen       total 349696K, used 230147K [0x00000005c1000000, 0x00000005d6580000, 0x0000000715b00000)
  object space 349696K, 65% used [0x00000005c1000000,0x00000005cf0c0fe0,0x00000005d6580000)
 Metaspace       used 13229K, capacity 13417K, committed 13696K, reserved 1062912K
  class space    used 1031K, capacity 1097K, committed 1152K, reserved 1048576K
}
Event: 30.662 GC heap before
{Heap before GC invocations=138 (full 0):
 PSYoungGen      total 43520K, used 42276K [0x0000000715b00000, 0x0000000718800000, 0x00000007c0000000)
  eden space 40960K, 100% used [0x0000000715b00000,0x0000000718300000,0x0000000718300000)
  from space 2560K, 51% used [0x0000000718300000,0x0000000718449278,0x0000000718580000)
  to   space 2560K, 0% used [0x0000000718580000,0x0000000718580000,0x0000000718800000)
 ParOldGen       total 349696K, used 230147K [0x00000005c1000000, 0x00000005d6580000, 0x0000000715b00000)
  object space 349696K, 65% used [0x00000005c1000000,0x00000005cf0c0fe0,0x00000005d6580000)
 Metaspace       used 13230K, capacity 13417K, committed 13696K, reserved 1062912K
  class space    used 1031K, capacity 1097K, committed 1152K, reserved 1048576K
Event: 30.663 GC heap after
Heap after GC invocations=138 (full 0):
 PSYoungGen      total 43008K, used 2548K [0x0000000715b00000, 0x0000000718900000, 0x00000007c0000000)
  eden space 40448K, 0% used [0x0000000715b00000,0x0000000715b00000,0x0000000718280000)
  from space 2560K, 99% used [0x0000000718580000,0x00000007187fd288,0x0000000718800000)
  to   space 3072K, 0% used [0x0000000718280000,0x0000000718280000,0x0000000718580000)
 ParOldGen       total 349696K, used 231243K [0x00000005c1000000, 0x00000005d6580000, 0x0000000715b00000)
  object space 349696K, 66% used [0x00000005c1000000,0x00000005cf1d2fe0,0x00000005d6580000)
 Metaspace       used 13230K, capacity 13417K, committed 13696K, reserved 1062912K
  class space    used 1031K, capacity 1097K, committed 1152K, reserved 1048576K
}
Event: 30.784 GC heap before
{Heap before GC invocations=139 (full 0):
 PSYoungGen      total 43008K, used 42996K [0x0000000715b00000, 0x0000000718900000, 0x00000007c0000000)
  eden space 40448K, 100% used [0x0000000715b00000,0x0000000718280000,0x0000000718280000)
  from space 2560K, 99% used [0x0000000718580000,0x00000007187fd288,0x0000000718800000)
  to   space 3072K, 0% used [0x0000000718280000,0x0000000718280000,0x0000000718580000)
 ParOldGen       total 349696K, used 231243K [0x00000005c1000000, 0x00000005d6580000, 0x0000000715b00000)
  object space 349696K, 66% used [0x00000005c1000000,0x00000005cf1d2fe0,0x00000005d6580000)
 Metaspace       used 13230K, capacity 13417K, committed 13696K, reserved 1062912K
  class space    used 1031K, capacity 1097K, committed 1152K, reserved 1048576K
Event: 30.785 GC heap after
Heap after GC invocations=139 (full 0):
 PSYoungGen      total 43520K, used 1942K [0x0000000715b00000, 0x0000000718980000, 0x00000007c0000000)
  eden space 40448K, 0% used [0x0000000715b00000,0x0000000715b00000,0x0000000718280000)
  from space 3072K, 63% used [0x0000000718280000,0x0000000718465be8,0x0000000718580000)
  to   space 3584K, 0% used [0x0000000718600000,0x0000000718600000,0x0000000718980000)
 ParOldGen       total 349696K, used 233691K [0x00000005c1000000, 0x00000005d6580000, 0x0000000715b00000)
  object space 349696K, 66% used [0x00000005c1000000,0x00000005cf436ff0,0x00000005d6580000)
 Metaspace       used 13230K, capacity 13417K, committed 13696K, reserved 1062912K
  class space    used 1031K, capacity 1097K, committed 1152K, reserved 1048576K
}

Deoptimization events (10 events):
Event: 13.849 Thread 0x00000000033a7000 Uncommon trap: reason=unstable_if action=reinterpret pc=0x0000000003c72e08 method=com.mikedeejay2.voxel.game.world.World.unloadOldChunks()V @ 89
Event: 19.234 Thread 0x00000000335c8800 Uncommon trap: reason=unstable_if action=reinterpret pc=0x0000000003d9ac48 method=com.mikedeejay2.voxel.game.world.chunk.mesh.ChunkMeshGenerator.genBrightnessWithChunkLoc(Lcom/mikedeejay2/voxel/game/world/World;Lcom/mikedeejay2/voxel/game/world/chunk/Chun
Event: 19.534 Thread 0x00000000335c8800 Uncommon trap: reason=unstable_if action=reinterpret pc=0x0000000003ddf810 method=com.mikedeejay2.voxel.game.world.chunk.mesh.ChunkMeshGenerator.genBrightnessWithChunkLoc(Lcom/mikedeejay2/voxel/game/world/World;Lcom/mikedeejay2/voxel/game/world/chunk/Chun
Event: 22.062 Thread 0x00000000335c8800 Uncommon trap: reason=unstable_if action=reinterpret pc=0x0000000003e24660 method=com.mikedeejay2.voxel.game.world.chunk.mesh.ChunkMeshGenerator.genBrightnessWithChunkLoc(Lcom/mikedeejay2/voxel/game/world/World;Lcom/mikedeejay2/voxel/game/world/chunk/Chun
Event: 24.557 Thread 0x00000000033a7000 Uncommon trap: reason=unstable_if action=reinterpret pc=0x0000000003cf8134 method=com.mikedeejay2.voxel.game.world.World.unloadOldChunks()V @ 172
Event: 24.557 Thread 0x00000000033a7000 Uncommon trap: reason=unstable_if action=reinterpret pc=0x0000000003c2ca4c method=com.mikedeejay2.voxel.game.world.World.unloadOldChunks()V @ 172
Event: 27.702 Thread 0x00000000033a7000 Uncommon trap: reason=unstable_if action=reinterpret pc=0x0000000003dd7d08 method=com.mikedeejay2.voxel.game.world.chunk.mesh.ChunkMeshGenerator.createChunkEntity(Lcom/mikedeejay2/voxel/game/world/chunk/Chunk;)Lcom/mikedeejay2/voxel/engine/graphics/object
Event: 28.042 Thread 0x00000000335c8800 Uncommon trap: reason=unstable_if action=reinterpret pc=0x000000000382f4a0 method=com.mikedeejay2.voxel.game.world.chunk.mesh.ChunkMeshGenerator.genBrightnessWithChunkLoc(Lcom/mikedeejay2/voxel/game/world/World;Lcom/mikedeejay2/voxel/game/world/chunk/Chun
Event: 28.564 Thread 0x000000003340f000 Uncommon trap: reason=unstable_if action=reinterpret pc=0x0000000003a87e78 method=java.util.HashMap$TreeNode.getTreeNode(ILjava/lang/Object;)Ljava/util/HashMap$TreeNode; @ 4
Event: 30.217 Thread 0x00000000335c8800 Uncommon trap: reason=unstable_if action=reinterpret pc=0x0000000003924b90 method=com.mikedeejay2.voxel.game.world.chunk.mesh.ChunkMeshGenerator.genBrightnessWithChunkLoc(Lcom/mikedeejay2/voxel/game/world/World;Lcom/mikedeejay2/voxel/game/world/chunk/Chun

Classes redefined (0 events):
No events

Internal exceptions (10 events):
Event: 0.226 Thread 0x00000000033a7000 Exception <a 'sun/nio/fs/WindowsException'> (0x00000007168c63b8) thrown at [C:\re\workspace\8-2-build-windows-amd64-cygwin\jdk8u231\13620\hotspot\src\share\vm\prims\jni.cpp, line 710]
Event: 0.230 Thread 0x00000000033a7000 Exception <a 'sun/nio/fs/WindowsException'> (0x00000007168f5b28) thrown at [C:\re\workspace\8-2-build-windows-amd64-cygwin\jdk8u231\13620\hotspot\src\share\vm\prims\jni.cpp, line 710]
Event: 0.230 Thread 0x00000000033a7000 Exception <a 'sun/nio/fs/WindowsException'> (0x00000007168f6208) thrown at [C:\re\workspace\8-2-build-windows-amd64-cygwin\jdk8u231\13620\hotspot\src\share\vm\prims\jni.cpp, line 710]
Event: 0.625 Thread 0x00000000033a7000 Exception <a 'sun/nio/fs/WindowsException'> (0x0000000716a5fbd8) thrown at [C:\re\workspace\8-2-build-windows-amd64-cygwin\jdk8u231\13620\hotspot\src\share\vm\prims\jni.cpp, line 710]
Event: 0.625 Thread 0x00000000033a7000 Exception <a 'sun/nio/fs/WindowsException'> (0x0000000716a60318) thrown at [C:\re\workspace\8-2-build-windows-amd64-cygwin\jdk8u231\13620\hotspot\src\share\vm\prims\jni.cpp, line 710]
Event: 0.627 Thread 0x00000000033a7000 Exception <a 'sun/nio/fs/WindowsException'> (0x0000000716a778f8) thrown at [C:\re\workspace\8-2-build-windows-amd64-cygwin\jdk8u231\13620\hotspot\src\share\vm\prims\jni.cpp, line 710]
Event: 0.627 Thread 0x00000000033a7000 Exception <a 'sun/nio/fs/WindowsException'> (0x0000000716a77ef0) thrown at [C:\re\workspace\8-2-build-windows-amd64-cygwin\jdk8u231\13620\hotspot\src\share\vm\prims\jni.cpp, line 710]
Event: 0.673 Thread 0x00000000033a7000 Exception <a 'sun/nio/fs/WindowsException'> (0x0000000716c30e60) thrown at [C:\re\workspace\8-2-build-windows-amd64-cygwin\jdk8u231\13620\hotspot\src\share\vm\prims\jni.cpp, line 710]
Event: 0.673 Thread 0x00000000033a7000 Exception <a 'sun/nio/fs/WindowsException'> (0x0000000716c31590) thrown at [C:\re\workspace\8-2-build-windows-amd64-cygwin\jdk8u231\13620\hotspot\src\share\vm\prims\jni.cpp, line 710]
Event: 0.878 Thread 0x00000000033a7000 Exception <a 'java/io/FileNotFoundException'> (0x0000000717770130) thrown at [C:\re\workspace\8-2-build-windows-amd64-cygwin\jdk8u231\13620\hotspot\src\share\vm\prims\jni.cpp, line 710]

Events (10 events):
Event: 30.236 Executing VM operation: ParallelGCFailedAllocation
Event: 30.236 Executing VM operation: ParallelGCFailedAllocation done
Event: 30.377 Executing VM operation: ParallelGCFailedAllocation
Event: 30.378 Executing VM operation: ParallelGCFailedAllocation done
Event: 30.483 Executing VM operation: ParallelGCFailedAllocation
Event: 30.484 Executing VM operation: ParallelGCFailedAllocation done
Event: 30.662 Executing VM operation: ParallelGCFailedAllocation
Event: 30.663 Executing VM operation: ParallelGCFailedAllocation done
Event: 30.784 Executing VM operation: ParallelGCFailedAllocation
Event: 30.785 Executing VM operation: ParallelGCFailedAllocation done


Dynamic libraries:
0x00007ff7e1ac0000 - 0x00007ff7e1af7000 	C:\Program Files\Java\jdk1.8.0_231\bin\java.exe
0x00007ffb5cc00000 - 0x00007ffb5cdf0000 	C:\Windows\SYSTEM32\ntdll.dll
0x00007ffb5b5b0000 - 0x00007ffb5b662000 	C:\Windows\System32\KERNEL32.DLL
0x00007ffb5aa00000 - 0x00007ffb5aca3000 	C:\Windows\System32\KERNELBASE.dll
0x00007ffb5c1d0000 - 0x00007ffb5c273000 	C:\Windows\System32\ADVAPI32.dll
0x00007ffb5b510000 - 0x00007ffb5b5ae000 	C:\Windows\System32\msvcrt.dll
0x00007ffb5c660000 - 0x00007ffb5c6f7000 	C:\Windows\System32\sechost.dll
0x00007ffb5c0b0000 - 0x00007ffb5c1d0000 	C:\Windows\System32\RPCRT4.dll
0x00007ffb5b2c0000 - 0x00007ffb5b454000 	C:\Windows\System32\USER32.dll
0x00007ffb5a630000 - 0x00007ffb5a651000 	C:\Windows\System32\win32u.dll
0x00007ffb5bf20000 - 0x00007ffb5bf46000 	C:\Windows\System32\GDI32.dll
0x00007ffb5a660000 - 0x00007ffb5a7f4000 	C:\Windows\System32\gdi32full.dll
0x00007ffb59b90000 - 0x00007ffb59c2e000 	C:\Windows\System32\msvcp_win.dll
0x00007ffb5a530000 - 0x00007ffb5a62a000 	C:\Windows\System32\ucrtbase.dll
0x00007ffb43fc0000 - 0x00007ffb44245000 	C:\Windows\WinSxS\amd64_microsoft.windows.common-controls_6595b64144ccf1df_6.0.18362.778_none_e6c6b761130d4fb8\COMCTL32.dll
0x00007ffb5c760000 - 0x00007ffb5ca96000 	C:\Windows\System32\combase.dll
0x00007ffb5a980000 - 0x00007ffb5aa00000 	C:\Windows\System32\bcryptPrimitives.dll
0x00007ffb5b1a0000 - 0x00007ffb5b1ce000 	C:\Windows\System32\IMM32.DLL
0x00000000731d0000 - 0x00000000732a2000 	C:\Program Files\Java\jdk1.8.0_231\jre\bin\msvcr100.dll
0x0000000071790000 - 0x0000000072036000 	C:\Program Files\Java\jdk1.8.0_231\jre\bin\server\jvm.dll
0x00007ffb5bf50000 - 0x00007ffb5bf58000 	C:\Windows\System32\PSAPI.DLL
0x00007ffb49340000 - 0x00007ffb49349000 	C:\Windows\SYSTEM32\WSOCK32.dll
0x00007ffb54630000 - 0x00007ffb5463a000 	C:\Windows\SYSTEM32\VERSION.dll
0x00007ffb56760000 - 0x00007ffb56784000 	C:\Windows\SYSTEM32\WINMM.dll
0x00007ffb5bfe0000 - 0x00007ffb5c04f000 	C:\Windows\System32\WS2_32.dll
0x00007ffb562d0000 - 0x00007ffb562fd000 	C:\Windows\SYSTEM32\winmmbase.dll
0x00007ffb5a8d0000 - 0x00007ffb5a91a000 	C:\Windows\System32\cfgmgr32.dll
0x00007ffb435e0000 - 0x00007ffb435ef000 	C:\Program Files\Java\jdk1.8.0_231\jre\bin\verify.dll
0x00007ffb24220000 - 0x00007ffb24249000 	C:\Program Files\Java\jdk1.8.0_231\jre\bin\java.dll
0x00007ffb2b9c0000 - 0x00007ffb2b9e3000 	C:\Program Files\Java\jdk1.8.0_231\jre\bin\instrument.dll
0x00007ffb435c0000 - 0x00007ffb435d6000 	C:\Program Files\Java\jdk1.8.0_231\jre\bin\zip.dll
0x00007ffb5b670000 - 0x00007ffb5bd55000 	C:\Windows\System32\SHELL32.dll
0x00007ffb5b460000 - 0x00007ffb5b509000 	C:\Windows\System32\shcore.dll
0x00007ffb59db0000 - 0x00007ffb5a530000 	C:\Windows\System32\windows.storage.dll
0x00007ffb59b60000 - 0x00007ffb59b83000 	C:\Windows\System32\profapi.dll
0x00007ffb59af0000 - 0x00007ffb59b3a000 	C:\Windows\System32\powrprof.dll
0x00007ffb59ac0000 - 0x00007ffb59ad0000 	C:\Windows\System32\UMPDC.dll
0x00007ffb5c700000 - 0x00007ffb5c752000 	C:\Windows\System32\shlwapi.dll
0x00007ffb59ad0000 - 0x00007ffb59ae1000 	C:\Windows\System32\kernel.appcore.dll
0x00007ffb5a8b0000 - 0x00007ffb5a8c7000 	C:\Windows\System32\cryptsp.dll
0x00007ffb1d810000 - 0x00007ffb1d82a000 	C:\Program Files\JetBrains\IntelliJ IDEA 2019.3.4\bin\breakgen64.dll
0x00007ffb1d6e0000 - 0x00007ffb1d6fa000 	C:\Program Files\Java\jdk1.8.0_231\jre\bin\net.dll
0x00007ffb59330000 - 0x00007ffb59397000 	C:\Windows\system32\mswsock.dll
0x00007ffb12f20000 - 0x00007ffb12f32000 	C:\Program Files\Java\jdk1.8.0_231\jre\bin\nio.dll
0x00007ffb1d7a0000 - 0x00007ffb1d804000 	C:\Users\mdeej\AppData\Local\Temp\lwjglmdeej\3.2.3-build-13\lwjgl.dll
0x00007ffb03980000 - 0x00007ffb039e2000 	C:\Users\mdeej\AppData\Local\Temp\lwjglmdeej\3.2.3-build-13\glfw.dll
0x00007ffb56de0000 - 0x00007ffb56e79000 	C:\Windows\system32\uxtheme.dll
0x00007ffb2df10000 - 0x00007ffb2df53000 	C:\Windows\SYSTEM32\dinput8.dll
0x00007ffb2dbe0000 - 0x00007ffb2dbf1000 	C:\Windows\SYSTEM32\xinput1_4.dll
0x00007ffb598c0000 - 0x00007ffb598ea000 	C:\Windows\SYSTEM32\DEVOBJ.dll
0x00007ffb57520000 - 0x00007ffb5754d000 	C:\Windows\SYSTEM32\dwmapi.dll
0x00007ffb4f940000 - 0x00007ffb4fa5a000 	C:\Windows\SYSTEM32\inputhost.dll
0x00007ffb54e80000 - 0x00007ffb54fd3000 	C:\Windows\SYSTEM32\wintypes.dll
0x00007ffb56300000 - 0x00007ffb563d4000 	C:\Windows\SYSTEM32\CoreMessaging.dll
0x00007ffb53890000 - 0x00007ffb53bba000 	C:\Windows\SYSTEM32\CoreUIComponents.dll
0x00007ffb56090000 - 0x00007ffb5617f000 	C:\Windows\SYSTEM32\PROPSYS.dll
0x00007ffb5c3c0000 - 0x00007ffb5c484000 	C:\Windows\System32\OLEAUT32.dll
0x00007ffb58bd0000 - 0x00007ffb58c01000 	C:\Windows\SYSTEM32\ntmarta.dll
0x00007ffb5c280000 - 0x00007ffb5c3b6000 	C:\Windows\System32\MSCTF.dll
0x00007ffb58430000 - 0x00007ffb5843e000 	C:\Windows\SYSTEM32\HID.DLL
0x00007ffb5ad30000 - 0x00007ffb5b1a0000 	C:\Windows\System32\SETUPAPI.DLL
0x00007ffb59c30000 - 0x00007ffb59c56000 	C:\Windows\System32\bcrypt.dll
0x00007ffb5a920000 - 0x00007ffb5a97c000 	C:\Windows\System32\WINTRUST.dll
0x00007ffb59b40000 - 0x00007ffb59b52000 	C:\Windows\System32\MSASN1.dll
0x00007ffb59c60000 - 0x00007ffb59da9000 	C:\Windows\System32\CRYPT32.dll
0x00007ffafede0000 - 0x00007ffafef36000 	C:\Windows\SYSTEM32\opengl32.dll
0x00007ffb3e860000 - 0x00007ffb3e88c000 	C:\Windows\SYSTEM32\GLU32.dll
0x00007ffb587a0000 - 0x00007ffb587c0000 	C:\Windows\SYSTEM32\dxcore.dll
0x00007ffaf1fe0000 - 0x00007ffaf4704000 	C:\Windows\System32\DriverStore\FileRepository\nvaki.inf_amd64_149c0c4968822483\nvoglv64.dll
0x00007ffb5c500000 - 0x00007ffb5c657000 	C:\Windows\System32\ole32.dll
0x00007ffb54e60000 - 0x00007ffb54e73000 	C:\Windows\SYSTEM32\WTSAPI32.dll
0x00007ffb23280000 - 0x00007ffb23537000 	C:\Windows\system32\nvspcap64.dll
0x00007ffb58d70000 - 0x00007ffb58dcc000 	C:\Windows\SYSTEM32\WINSTA.dll
0x00007ffb4fa60000 - 0x00007ffb4fafe000 	C:\Windows\System32\TextInputFramework.dll
0x00007ffb4b450000 - 0x00007ffb4b6f6000 	C:\Windows\System32\iertutil.dll
0x00007ffb1d680000 - 0x00007ffb1d6d9000 	C:\Users\mdeej\AppData\Local\Temp\lwjglmdeej\3.2.3-build-13\lwjgl_opengl.dll
0x00007ffb03720000 - 0x00007ffb03973000 	C:\Users\mdeej\AppData\Local\Temp\lwjglmdeej\3.2.3-build-13\jemalloc.dll
0x00007ffb02c40000 - 0x00007ffb02dda000 	C:\Program Files\Java\jdk1.8.0_231\jre\bin\awt.dll
0x00007ffb56ca0000 - 0x00007ffb56d2f000 	C:\Windows\SYSTEM32\apphelp.dll
0x00007ffb58230000 - 0x00007ffb58424000 	C:\Windows\SYSTEM32\dbghelp.dll

VM Arguments:
jvm_args: -XX:+UnlockCommercialFeatures -javaagent:C:\Program Files\JetBrains\IntelliJ IDEA 2019.3.4\lib\idea_rt.jar=64830:C:\Program Files\JetBrains\IntelliJ IDEA 2019.3.4\bin -Dfile.encoding=UTF-8 
java_command: com.mikedeejay2.voxel.game.Main
java_class_path (initial): C:\Program Files\Java\jdk1.8.0_231\jre\lib\charsets.jar;C:\Program Files\Java\jdk1.8.0_231\jre\lib\deploy.jar;C:\Program Files\Java\jdk1.8.0_231\jre\lib\ext\access-bridge-64.jar;C:\Program Files\Java\jdk1.8.0_231\jre\lib\ext\cldrdata.jar;C:\Program Files\Java\jdk1.8.0_231\jre\lib\ext\dnsns.jar;C:\Program Files\Java\jdk1.8.0_231\jre\lib\ext\jaccess.jar;C:\Program Files\Java\jdk1.8.0_231\jre\lib\ext\jfxrt.jar;C:\Program Files\Java\jdk1.8.0_231\jre\lib\ext\localedata.jar;C:\Program Files\Java\jdk1.8.0_231\jre\lib\ext\nashorn.jar;C:\Program Files\Java\jdk1.8.0_231\jre\lib\ext\sunec.jar;C:\Program Files\Java\jdk1.8.0_231\jre\lib\ext\sunjce_provider.jar;C:\Program Files\Java\jdk1.8.0_231\jre\lib\ext\sunmscapi.jar;C:\Program Files\Java\jdk1.8.0_231\jre\lib\ext\sunpkcs11.jar;C:\Program Files\Java\jdk1.8.0_231\jre\lib\ext\zipfs.jar;C:\Program Files\Java\jdk1.8.0_231\jre\lib\javaws.jar;C:\Program Files\Java\jdk1.8.0_231\jre\lib\jce.jar;C:\Program Files\Java\jdk1.8.0_231\jre\lib\jfr.jar;C:\Program Files\Java\jdk1.8.0_231\jre\lib\jfxswt.jar;C:\Program Files\Java\jdk1.8.0_231\jre\lib\jsse.jar;C:\Program Files\Java\jdk1.8.0_231\jre\lib\management-agent.jar;C:\Program Files\Java\jdk1.8.0_231\jre\lib\plugin.jar;C:\Program Files\Java\jdk1.8.0_231\jre\lib\resources.jar;C:\Program Files\Java\jdk1.8.0_231\jre\lib\rt.jar;C:\Users\mdeej\IdeaProjects\APCSP\out\production\APCSP;C:\Users\mdeej\IdeaProjects\APCSP\libs\lwjgl.jar;C:\Users\mdeej\IdeaProjects\APCSP\libs\lwjgl-egl.jar;C:\Users\mdeej\IdeaProjects\APCSP\libs\lwjgl-lz4.jar;C:\Users\mdeej\IdeaProjects\APCSP\libs\lwjgl-nfd.jar;C:\Users\mdeej\IdeaProjects\APCSP\libs\lwjgl-ovr.jar;C:\Users\mdeej\IdeaProjects\APCSP\libs\lwjgl-par.jar;C:\Users\mdeej\IdeaProjects\APCSP\libs\lwjgl-sse.jar;C:\Users\mdeej\IdeaProjects\APCSP\libs\lwjgl-stb.jar;C:\Users\mdeej\IdeaProjects\APCSP\libs\lwjgl-vma.jar;C:\Users\mdeej\IdeaProjects\APCSP\libs\lwjgl-bgfx.jar;C:\Users\mdeej\IdeaProjects\APCSP\libs\lwjgl-cuda.jar;C:\Users\mdee
Launcher Type: SUN_STANDARD

Environment Variables:
PATH=C:\Program Files (x86)\Common Files\Intel\Shared Libraries\redist\intel64\compiler;C:\Program Files (x86)\Common Files\Oracle\Java\javapath;C:\Windows\system32;C:\Windows;C:\Windows\System32\Wbem;C:\Windows\System32\WindowsPowerShell\v1.0\;C:\Windows\System32\OpenSSH\;C:\Program Files\NVIDIA Corporation\NVIDIA NvDLISR;C:\Program Files (x86)\NVIDIA Corporation\PhysX\Common;C:\Program Files (x86)\QuickTime\QTSystem\;C:\Users\mdeej\AppData\Local\Microsoft\WindowsApps;
USERNAME=mdeej
OS=Windows_NT
PROCESSOR_IDENTIFIER=Intel64 Family 6 Model 158 Stepping 10, GenuineIntel



---------------  S Y S T E M  ---------------

OS: Windows 10.0 , 64 bit Build 18362 (10.0.18362.778)

CPU:total 12 (initial active 12) (6 cores per cpu, 2 threads per core) family 6 model 158 stepping 10, cmov, cx8, fxsr, mmx, sse, sse2, sse3, ssse3, sse4.1, sse4.2, popcnt, avx, avx2, aes, clmul, erms, rtm, 3dnowpref, lzcnt, ht, tsc, tscinvbit, bmi1, bmi2, adx

Memory: 4k page, physical 33487264k(16535364k free), swap 98498976k(71218360k free)

vm_info: Java HotSpot(TM) 64-Bit Server VM (25.231-b11) for windows-amd64 JRE (1.8.0_231-b11), built on Oct  5 2019 03:11:30 by "java_re" with MS VC++ 10.0 (VS2010)

time: Wed May 06 21:34:12 2020
timezone: Eastern Daylight Time
elapsed time: 30 seconds (0d 0h 0m 30s)

