#
# A fatal error has been detected by the Java Runtime Environment:
#
#  EXCEPTION_ACCESS_VIOLATION (0xc0000005) at pc=0x00007ffaf2c77850, pid=50344, tid=0x000000000000bef4
#
# JRE version: Java(TM) SE Runtime Environment (8.0_251-b08) (build 1.8.0_251-b08)
# Java VM: Java HotSpot(TM) 64-Bit Server VM (25.251-b08 mixed mode windows-amd64 compressed oops)
# Problematic frame:
# C  [nvoglv64.dll+0xc97850]
#
# Failed to write core dump. Minidumps are not enabled by default on client versions of Windows
#
# If you would like to submit a bug report, please visit:
#   http://bugreport.java.com/bugreport/crash.jsp
# The crash happened outside the Java Virtual Machine in native code.
# See problematic frame for where to report the bug.
#

---------------  T H R E A D  ---------------

Current thread (0x0000000002b97000):  JavaThread "main" [_thread_in_native, id=48884, stack(0x0000000002900000,0x0000000002a00000)]

siginfo: ExceptionCode=0xc0000005, reading address 0x00000000373f4000

Registers:
RAX=0xfffffffffffe3740, RBX=0x00000000373f4000, RCX=0x000000000000070c, RDX=0x00000000373f3a40
RSP=0x00000000029ff1e0, RBP=0x0000000000000030, RSI=0x00000000352705c0, RDI=0x00000000373f3a40
R8 =0x000000000001c8f0, R9 =0x00007ffaf2c91390, R10=0x0000000000000000, R11=0x0000000000000246
R12=0x0000000000000000, R13=0x000000002b7f0000, R14=0x000000002b7f0000, R15=0x000000000001c8f0
RIP=0x00007ffaf2c77850, EFLAGS=0x0000000000010206

Top of Stack: (sp=0x00000000029ff1e0)
0x00000000029ff1e0:   0000000002880000 0000000000000002
0x00000000029ff1f0:   000000000001c8f0 000000000001c900
0x00000000029ff200:   000000003ed3a530 00007ffaf2b8d9f5
0x00000000029ff210:   00000000373f3a40 0000000000000000
0x00000000029ff220:   000000002befa240 ffffffffffffffff
0x00000000029ff230:   0000000000000000 00007ffaf2b8c092
0x00000000029ff240:   00000fff3ed3a630 00000000373f3a40
0x00000000029ff250:   0000000000000000 000000002b8fc080
0x00000000029ff260:   0000000000000000 000000000099aba0
0x00000000029ff270:   000000002befa240 000000003ed3a530
0x00000000029ff280:   000000002b7f0000 0000000000000000
0x00000000029ff290:   00000000000088e4 00000000373f3a40
0x00000000029ff2a0:   000000000000723c 00000000373f3a40
0x00000000029ff2b0:   000000002b7f0000 000000002befa240
0x00000000029ff2c0:   000000003ed3a530 00007ffaf2b944f4
0x00000000029ff2d0:   000000003ed3a500 00000000373f3a40 

Instructions: (pc=0x00007ffaf2c77850)
0x00007ffaf2c77830:   e9 01 75 ec eb 71 48 83 fd 40 72 40 48 8b cd 48
0x00007ffaf2c77840:   c1 e9 06 48 6b c1 c0 48 03 e8 66 0f 1f 44 00 00
0x00007ffaf2c77850:   0f 10 03 0f 10 4b 10 0f 10 53 20 0f 10 5b 30 48
0x00007ffaf2c77860:   83 c3 40 0f 2b 06 0f 2b 4e 10 0f 2b 56 20 0f 2b 


Register to memory mapping:

RAX=0xfffffffffffe3740 is an unknown value
RBX=0x00000000373f4000 is an unknown value
RCX=0x000000000000070c is an unknown value
RDX=0x00000000373f3a40 is an unknown value
RSP=0x00000000029ff1e0 is pointing into the stack for thread: 0x0000000002b97000
RBP=0x0000000000000030 is an unknown value
RSI=0x00000000352705c0 is an unknown value
RDI=0x00000000373f3a40 is an unknown value
R8 =0x000000000001c8f0 is an unknown value
R9 =0x00007ffaf2c91390 is an unknown value
R10=0x0000000000000000 is an unknown value
R11=0x0000000000000246 is an unknown value
R12=0x0000000000000000 is an unknown value
R13=0x000000002b7f0000 is an unknown value
R14=0x000000002b7f0000 is an unknown value
R15=0x000000000001c8f0 is an unknown value


Stack: [0x0000000002900000,0x0000000002a00000],  sp=0x00000000029ff1e0,  free space=1020k
Native frames: (J=compiled Java code, j=interpreted, Vv=VM code, C=native code)
C  [nvoglv64.dll+0xc97850]
C  [nvoglv64.dll+0xbad9f5]
C  [nvoglv64.dll+0xbb44f4]
C  [nvoglv64.dll+0x7aa767]
C  [nvoglv64.dll+0x7a637e]
C  [nvoglv64.dll+0x7b00b5]
C  0x00000000032ea894

Java frames: (J=compiled Java code, j=interpreted, Vv=VM code)
J 1420  org.lwjgl.opengl.GL15C.nglBufferData(IJJI)V (0 bytes) @ 0x00000000032ea80e [0x00000000032ea7c0+0x4e]
J 1554 C2 com.mikedeejay2.apcspfinal.loaders.Loader.storeDataInAttributeList(II[F)I (63 bytes) @ 0x0000000003388f14 [0x0000000003388820+0x6f4]
J 1475 C1 com.mikedeejay2.apcspfinal.loaders.Loader.loadToVAO([F[F[I[F)Lcom/mikedeejay2/apcspfinal/graphics/models/RawModel; (80 bytes) @ 0x000000000335048c [0x00000000033501a0+0x2ec]
J 1479 C1 com.mikedeejay2.apcspfinal.world.chunk.mesh.ChunkMeshGenerator.createChunkEntity(Lcom/mikedeejay2/apcspfinal/world/chunk/Chunk;)Lcom/mikedeejay2/apcspfinal/graphics/objects/Entity; (159 bytes) @ 0x000000000334ea5c [0x000000000334e6c0+0x39c]
J 1376 C2 com.mikedeejay2.apcspfinal.Main.render()V (56 bytes) @ 0x000000000329869c [0x0000000003298340+0x35c]
j  com.mikedeejay2.apcspfinal.core.CoreEngine.run()V+163
j  com.mikedeejay2.apcspfinal.core.CoreEngine.start()V+9
j  com.mikedeejay2.apcspfinal.Main.start()V+37
j  com.mikedeejay2.apcspfinal.Main.main([Ljava/lang/String;)V+7
v  ~StubRoutines::call_stub

---------------  P R O C E S S  ---------------

Java Threads: ( => current thread )
  0x0000000032946000 JavaThread "world" [_thread_blocked, id=51456, stack(0x0000000035150000,0x0000000035250000)]
  0x000000003294a800 JavaThread "chunkConsumer11" [_thread_blocked, id=16972, stack(0x0000000035050000,0x0000000035150000)]
  0x0000000032944800 JavaThread "chunkConsumer10" [_thread_blocked, id=54904, stack(0x0000000034f50000,0x0000000035050000)]
  0x000000003294b800 JavaThread "chunkConsumer9" [_thread_blocked, id=36012, stack(0x0000000034e50000,0x0000000034f50000)]
  0x0000000032944000 JavaThread "chunkConsumer8" [_thread_blocked, id=57660, stack(0x0000000034d50000,0x0000000034e50000)]
  0x0000000032948800 JavaThread "chunkConsumer7" [_thread_blocked, id=54844, stack(0x0000000034c50000,0x0000000034d50000)]
  0x00000000334c9000 JavaThread "chunkConsumer6" [_thread_blocked, id=57412, stack(0x0000000034b50000,0x0000000034c50000)]
  0x00000000334c8000 JavaThread "chunkConsumer5" [_thread_blocked, id=9840, stack(0x0000000034a50000,0x0000000034b50000)]
  0x00000000334c6800 JavaThread "chunkConsumer4" [_thread_blocked, id=60876, stack(0x0000000034950000,0x0000000034a50000)]
  0x00000000334c7800 JavaThread "chunkConsumer3" [_thread_blocked, id=8928, stack(0x0000000034850000,0x0000000034950000)]
  0x00000000334c6000 JavaThread "chunkConsumer2" [_thread_blocked, id=57456, stack(0x0000000034750000,0x0000000034850000)]
  0x000000003295e000 JavaThread "chunkConsumer1" [_thread_blocked, id=60372, stack(0x0000000034650000,0x0000000034750000)]
  0x000000003295d000 JavaThread "chunkConsumer0" [_thread_blocked, id=39496, stack(0x0000000034550000,0x0000000034650000)]
  0x000000003295c800 JavaThread "chunkProducer" [_thread_in_Java, id=53144, stack(0x0000000034450000,0x0000000034550000)]
  0x0000000032c43000 JavaThread "Java2D Disposer" daemon [_thread_blocked, id=66012, stack(0x0000000034350000,0x0000000034450000)]
  0x0000000032a34800 JavaThread "chunkMeshConsumer3" [_thread_in_Java, id=32108, stack(0x00000000340d0000,0x00000000341d0000)]
  0x0000000032a37000 JavaThread "chunkMeshConsumer2" [_thread_in_Java, id=60740, stack(0x0000000033fd0000,0x00000000340d0000)]
  0x0000000029474000 JavaThread "chunkMeshConsumer1" [_thread_in_Java, id=37244, stack(0x0000000033ed0000,0x0000000033fd0000)]
  0x0000000032a32800 JavaThread "chunkMeshConsumer0" [_thread_in_Java, id=48604, stack(0x0000000033dd0000,0x0000000033ed0000)]
  0x0000000032a2f000 JavaThread "chunkMeshProducer" [_thread_in_Java, id=48288, stack(0x0000000033cd0000,0x0000000033dd0000)]
  0x0000000028ec7800 JavaThread "Service Thread" daemon [_thread_blocked, id=27880, stack(0x0000000029980000,0x0000000029a80000)]
  0x0000000028e23000 JavaThread "C1 CompilerThread3" daemon [_thread_blocked, id=49820, stack(0x0000000029880000,0x0000000029980000)]
  0x0000000028e22800 JavaThread "C2 CompilerThread2" daemon [_thread_blocked, id=42072, stack(0x0000000029780000,0x0000000029880000)]
  0x0000000028e21800 JavaThread "C2 CompilerThread1" daemon [_thread_blocked, id=35884, stack(0x0000000029680000,0x0000000029780000)]
  0x0000000028e1f000 JavaThread "C2 CompilerThread0" daemon [_thread_blocked, id=62468, stack(0x0000000029580000,0x0000000029680000)]
  0x0000000028e1d800 JavaThread "Monitor Ctrl-Break" daemon [_thread_in_native, id=51240, stack(0x0000000029480000,0x0000000029580000)]
  0x000000002763d000 JavaThread "Attach Listener" daemon [_thread_blocked, id=47852, stack(0x0000000028b80000,0x0000000028c80000)]
  0x000000002763c000 JavaThread "Signal Dispatcher" daemon [_thread_blocked, id=52104, stack(0x0000000028a80000,0x0000000028b80000)]
  0x0000000025f14000 JavaThread "Finalizer" daemon [_thread_blocked, id=58084, stack(0x0000000028880000,0x0000000028980000)]
  0x0000000027623000 JavaThread "Reference Handler" daemon [_thread_blocked, id=46680, stack(0x0000000028780000,0x0000000028880000)]
=>0x0000000002b97000 JavaThread "main" [_thread_in_native, id=48884, stack(0x0000000002900000,0x0000000002a00000)]

Other Threads:
  0x0000000027601800 VMThread [stack: 0x0000000028680000,0x0000000028780000] [id=49924]
  0x0000000028f39000 WatcherThread [stack: 0x0000000029a80000,0x0000000029b80000] [id=58824]

VM state:not at safepoint (normal execution)

VM Mutex/Monitor currently owned by a thread: None

heap address: 0x00000005c1000000, size: 8176 MB, Compressed Oops mode: Zero based, Oop shift amount: 3
Narrow klass base: 0x0000000000000000, Narrow klass shift: 3
Compressed class space size: 1073741824 Address: 0x00000007c0000000

Heap:
 PSYoungGen      total 1065472K, used 172159K [0x0000000715b00000, 0x0000000771480000, 0x00000007c0000000)
  eden space 732160K, 20% used [0x0000000715b00000,0x000000071f06fe30,0x0000000742600000)
  from space 333312K, 5% used [0x0000000742600000,0x00000007438b0148,0x0000000756b80000)
  to   space 323584K, 0% used [0x000000075d880000,0x000000075d880000,0x0000000771480000)
 ParOldGen       total 1178624K, used 658708K [0x00000005c1000000, 0x0000000608f00000, 0x0000000715b00000)
  object space 1178624K, 55% used [0x00000005c1000000,0x00000005e93451a0,0x0000000608f00000)
 Metaspace       used 13459K, capacity 13729K, committed 14080K, reserved 1062912K
  class space    used 1051K, capacity 1161K, committed 1280K, reserved 1048576K

Card table byte_map: [0x0000000012050000,0x0000000013050000] byte_map_base: 0x000000000f248000

Marking Bits: (ParMarkBitMap*) 0x0000000072b1af90
 Begin Bits: [0x0000000014500000, 0x000000001c4c0000)
 End Bits:   [0x000000001c4c0000, 0x0000000024480000)

Polling page: 0x0000000000df0000

CodeCache: size=245760Kb used=7129Kb max_used=7141Kb free=238630Kb
 bounds [0x0000000002c90000, 0x00000000033a0000, 0x0000000011c90000]
 total_blobs=2573 nmethods=1558 adapters=928
 compilation: enabled

Compilation events (10 events):
Event: 5.843 Thread 0x0000000028e22800 1563  s    4       java.io.BufferedOutputStream::write (67 bytes)
Event: 5.845 Thread 0x0000000028e22800 nmethod 1563 0x00000000033841d0 code [0x0000000003384320, 0x0000000003384758]
Event: 5.846 Thread 0x0000000028e21800 nmethod 1561 0x0000000003384b50 code [0x0000000003384ce0, 0x0000000003385628]
Event: 5.851 Thread 0x0000000028e1f000 nmethod 1562 0x000000000338bc50 code [0x000000000338bde0, 0x000000000338cf28]
Event: 6.224 Thread 0x0000000028e22800 1564       4       java.util.concurrent.ConcurrentLinkedQueue::offer (115 bytes)
Event: 6.226 Thread 0x0000000028e22800 nmethod 1564 0x000000000337ec10 code [0x000000000337ed60, 0x000000000337ef58]
Event: 6.230 Thread 0x0000000028e21800 1565   !   4       java.io.BufferedWriter::flushBuffer (53 bytes)
Event: 6.232 Thread 0x0000000028e21800 nmethod 1565 0x000000000338e350 code [0x000000000338e4a0, 0x000000000338e888]
Event: 6.700 Thread 0x0000000028e1f000 1566       4       java.util.concurrent.ConcurrentLinkedQueue::first (65 bytes)
Event: 6.701 Thread 0x0000000028e1f000 nmethod 1566 0x000000000337d010 code [0x000000000337d160, 0x000000000337d2b8]

GC Heap History (10 events):
Event: 4.509 GC heap before
{Heap before GC invocations=11 (full 2):
 PSYoungGen      total 816640K, used 17863K [0x0000000715b00000, 0x0000000767280000, 0x00000007c0000000)
  eden space 479744K, 0% used [0x0000000715b00000,0x0000000715b00000,0x0000000732f80000)
  from space 336896K, 5% used [0x0000000732f80000,0x00000007340f1ff8,0x0000000747880000)
  to   space 339968K, 0% used [0x0000000752680000,0x0000000752680000,0x0000000767280000)
 ParOldGen       total 649728K, used 648418K [0x00000005c1000000, 0x00000005e8a80000, 0x0000000715b00000)
  object space 649728K, 99% used [0x00000005c1000000,0x00000005e8938bc0,0x00000005e8a80000)
 Metaspace       used 13458K, capacity 13729K, committed 14080K, reserved 1062912K
  class space    used 1050K, capacity 1161K, committed 1280K, reserved 1048576K
Event: 4.927 GC heap after
Heap after GC invocations=11 (full 2):
 PSYoungGen      total 816640K, used 8942K [0x0000000715b00000, 0x0000000767280000, 0x00000007c0000000)
  eden space 479744K, 0% used [0x0000000715b00000,0x0000000715b00000,0x0000000732f80000)
  from space 336896K, 2% used [0x0000000732f80000,0x000000073383bad0,0x0000000747880000)
  to   space 339968K, 0% used [0x0000000752680000,0x0000000752680000,0x0000000767280000)
 ParOldGen       total 1178624K, used 649628K [0x00000005c1000000, 0x0000000608f00000, 0x0000000715b00000)
  object space 1178624K, 55% used [0x00000005c1000000,0x00000005e8a671a0,0x0000000608f00000)
 Metaspace       used 13458K, capacity 13729K, committed 14080K, reserved 1062912K
  class space    used 1050K, capacity 1161K, committed 1280K, reserved 1048576K
}
Event: 5.319 GC heap before
{Heap before GC invocations=12 (full 2):
 PSYoungGen      total 816640K, used 488686K [0x0000000715b00000, 0x0000000767280000, 0x00000007c0000000)
  eden space 479744K, 100% used [0x0000000715b00000,0x0000000732f80000,0x0000000732f80000)
  from space 336896K, 2% used [0x0000000732f80000,0x000000073383bad0,0x0000000747880000)
  to   space 339968K, 0% used [0x0000000752680000,0x0000000752680000,0x0000000767280000)
 ParOldGen       total 1178624K, used 649628K [0x00000005c1000000, 0x0000000608f00000, 0x0000000715b00000)
  object space 1178624K, 55% used [0x00000005c1000000,0x00000005e8a671a0,0x0000000608f00000)
 Metaspace       used 13459K, capacity 13729K, committed 14080K, reserved 1062912K
  class space    used 1051K, capacity 1161K, committed 1280K, reserved 1048576K
Event: 5.347 GC heap after
Heap after GC invocations=12 (full 2):
 PSYoungGen      total 907776K, used 13843K [0x0000000715b00000, 0x0000000764800000, 0x00000007c0000000)
  eden space 611328K, 0% used [0x0000000715b00000,0x0000000715b00000,0x000000073b000000)
  from space 296448K, 4% used [0x0000000752680000,0x0000000753404de8,0x0000000764800000)
  to   space 339968K, 0% used [0x000000073b000000,0x000000073b000000,0x000000074fc00000)
 ParOldGen       total 1178624K, used 658708K [0x00000005c1000000, 0x0000000608f00000, 0x0000000715b00000)
  object space 1178624K, 55% used [0x00000005c1000000,0x00000005e93451a0,0x0000000608f00000)
 Metaspace       used 13459K, capacity 13729K, committed 14080K, reserved 1062912K
  class space    used 1051K, capacity 1161K, committed 1280K, reserved 1048576K
}
Event: 5.874 GC heap before
{Heap before GC invocations=13 (full 2):
 PSYoungGen      total 907776K, used 625171K [0x0000000715b00000, 0x0000000764800000, 0x00000007c0000000)
  eden space 611328K, 100% used [0x0000000715b00000,0x000000073b000000,0x000000073b000000)
  from space 296448K, 4% used [0x0000000752680000,0x0000000753404de8,0x0000000764800000)
  to   space 339968K, 0% used [0x000000073b000000,0x000000073b000000,0x000000074fc00000)
 ParOldGen       total 1178624K, used 658708K [0x00000005c1000000, 0x0000000608f00000, 0x0000000715b00000)
  object space 1178624K, 55% used [0x00000005c1000000,0x00000005e93451a0,0x0000000608f00000)
 Metaspace       used 13459K, capacity 13729K, committed 14080K, reserved 1062912K
  class space    used 1051K, capacity 1161K, committed 1280K, reserved 1048576K
Event: 5.877 GC heap after
Heap after GC invocations=13 (full 2):
 PSYoungGen      total 951296K, used 4529K [0x0000000715b00000, 0x000000076d000000, 0x00000007c0000000)
  eden space 611328K, 0% used [0x0000000715b00000,0x0000000715b00000,0x000000073b000000)
  from space 339968K, 1% used [0x000000073b000000,0x000000073b46c580,0x000000074fc00000)
  to   space 337920K, 0% used [0x0000000758600000,0x0000000758600000,0x000000076d000000)
 ParOldGen       total 1178624K, used 658708K [0x00000005c1000000, 0x0000000608f00000, 0x0000000715b00000)
  object space 1178624K, 55% used [0x00000005c1000000,0x00000005e93451a0,0x0000000608f00000)
 Metaspace       used 13459K, capacity 13729K, committed 14080K, reserved 1062912K
  class space    used 1051K, capacity 1161K, committed 1280K, reserved 1048576K
}
Event: 6.179 GC heap before
{Heap before GC invocations=14 (full 2):
 PSYoungGen      total 951296K, used 615857K [0x0000000715b00000, 0x000000076d000000, 0x00000007c0000000)
  eden space 611328K, 100% used [0x0000000715b00000,0x000000073b000000,0x000000073b000000)
  from space 339968K, 1% used [0x000000073b000000,0x000000073b46c580,0x000000074fc00000)
  to   space 337920K, 0% used [0x0000000758600000,0x0000000758600000,0x000000076d000000)
 ParOldGen       total 1178624K, used 658708K [0x00000005c1000000, 0x0000000608f00000, 0x0000000715b00000)
  object space 1178624K, 55% used [0x00000005c1000000,0x00000005e93451a0,0x0000000608f00000)
 Metaspace       used 13459K, capacity 13729K, committed 14080K, reserved 1062912K
  class space    used 1051K, capacity 1161K, committed 1280K, reserved 1048576K
Event: 6.181 GC heap after
Heap after GC invocations=14 (full 2):
 PSYoungGen      total 1038336K, used 1549K [0x0000000715b00000, 0x000000076b100000, 0x00000007c0000000)
  eden space 732160K, 0% used [0x0000000715b00000,0x0000000715b00000,0x0000000742600000)
  from space 306176K, 0% used [0x0000000758600000,0x0000000758783518,0x000000076b100000)
  to   space 333312K, 0% used [0x0000000742600000,0x0000000742600000,0x0000000756b80000)
 ParOldGen       total 1178624K, used 658708K [0x00000005c1000000, 0x0000000608f00000, 0x0000000715b00000)
  object space 1178624K, 55% used [0x00000005c1000000,0x00000005e93451a0,0x0000000608f00000)
 Metaspace       used 13459K, capacity 13729K, committed 14080K, reserved 1062912K
  class space    used 1051K, capacity 1161K, committed 1280K, reserved 1048576K
}
Event: 6.799 GC heap before
{Heap before GC invocations=15 (full 2):
 PSYoungGen      total 1038336K, used 733709K [0x0000000715b00000, 0x000000076b100000, 0x00000007c0000000)
  eden space 732160K, 100% used [0x0000000715b00000,0x0000000742600000,0x0000000742600000)
  from space 306176K, 0% used [0x0000000758600000,0x0000000758783518,0x000000076b100000)
  to   space 333312K, 0% used [0x0000000742600000,0x0000000742600000,0x0000000756b80000)
 ParOldGen       total 1178624K, used 658708K [0x00000005c1000000, 0x0000000608f00000, 0x0000000715b00000)
  object space 1178624K, 55% used [0x00000005c1000000,0x00000005e93451a0,0x0000000608f00000)
 Metaspace       used 13459K, capacity 13729K, committed 14080K, reserved 1062912K
  class space    used 1051K, capacity 1161K, committed 1280K, reserved 1048576K
Event: 6.804 GC heap after
Heap after GC invocations=15 (full 2):
 PSYoungGen      total 1065472K, used 19136K [0x0000000715b00000, 0x0000000771480000, 0x00000007c0000000)
  eden space 732160K, 0% used [0x0000000715b00000,0x0000000715b00000,0x0000000742600000)
  from space 333312K, 5% used [0x0000000742600000,0x00000007438b0148,0x0000000756b80000)
  to   space 323584K, 0% used [0x000000075d880000,0x000000075d880000,0x0000000771480000)
 ParOldGen       total 1178624K, used 658708K [0x00000005c1000000, 0x0000000608f00000, 0x0000000715b00000)
  object space 1178624K, 55% used [0x00000005c1000000,0x00000005e93451a0,0x0000000608f00000)
 Metaspace       used 13459K, capacity 13729K, committed 14080K, reserved 1062912K
  class space    used 1051K, capacity 1161K, committed 1280K, reserved 1048576K
}

Deoptimization events (10 events):
Event: 1.823 Thread 0x00000000334c7800 Uncommon trap: reason=unstable_if action=reinterpret pc=0x0000000003050a18 method=java.lang.StrictMath.floorOrCeil(DDDD)D @ 8
Event: 1.913 Thread 0x0000000032a34800 Uncommon trap: reason=unstable_if action=reinterpret pc=0x00000000030a2344 method=com.mikedeejay2.apcspfinal.world.chunk.Chunk.invalidCheck(III)Z @ 15
Event: 1.913 Thread 0x0000000032a34800 Uncommon trap: reason=unstable_if action=reinterpret pc=0x00000000030b1400 method=com.mikedeejay2.apcspfinal.world.chunk.mesh.ChunkMeshGenerator.edgeCheck(FFF)Z @ 22
Event: 1.919 Thread 0x0000000032a34800 Uncommon trap: reason=unstable_if action=reinterpret pc=0x00000000030d48c4 method=com.mikedeejay2.apcspfinal.world.chunk.mesh.ChunkMeshGenerator.fillAllArrayLists(Ljava/util/ArrayList;Ljava/util/ArrayList;Ljava/util/ArrayList;Ljava/util/ArrayList;Lcom/mik
Event: 2.191 Thread 0x0000000032a32800 Uncommon trap: reason=unstable_if action=reinterpret pc=0x000000000317e45c method=com.mikedeejay2.apcspfinal.world.chunk.mesh.ChunkMeshGenerator.createSlice(Ljava/util/ArrayList;Ljava/util/ArrayList;Ljava/util/ArrayList;Ljava/util/ArrayList;Lcom/mikedeeja
Event: 2.201 Thread 0x0000000032a32800 Uncommon trap: reason=unstable_if action=reinterpret pc=0x0000000003188cac method=com.mikedeejay2.apcspfinal.world.chunk.mesh.ChunkMeshGenerator.genBrightnessWithChunkLoc(Lcom/mikedeejay2/apcspfinal/world/World;Lcom/mikedeejay2/apcspfinal/world/chunk/Chun
Event: 2.261 Thread 0x000000003295e000 Uncommon trap: reason=unstable_if action=reinterpret pc=0x00000000030d1d70 method=com.mikedeejay2.apcspfinal.world.generators.OverworldGenerator.genTerrain(Lcom/mikedeejay2/apcspfinal/world/chunk/Chunk;)V @ 120
Event: 2.261 Thread 0x000000003294a800 Uncommon trap: reason=unstable_if action=reinterpret pc=0x00000000030cf7cc method=com.mikedeejay2.apcspfinal.world.generators.OverworldGenerator.genTerrain(Lcom/mikedeejay2/apcspfinal/world/chunk/Chunk;)V @ 120
Event: 2.263 Thread 0x00000000334c7800 Uncommon trap: reason=unstable_if action=reinterpret pc=0x000000000304bd0c method=java.lang.StrictMath.floorOrCeil(DDDD)D @ 8
Event: 2.332 Thread 0x0000000032a37000 Uncommon trap: reason=unstable_if action=reinterpret pc=0x00000000031eddf8 method=com.mikedeejay2.apcspfinal.world.chunk.mesh.ChunkMeshGenerator.createSliceEdge(Ljava/util/ArrayList;Ljava/util/ArrayList;Ljava/util/ArrayList;Ljava/util/ArrayList;Lcom/miked

Classes redefined (0 events):
No events

Internal exceptions (10 events):
Event: 0.289 Thread 0x0000000002b97000 Exception <a 'sun/nio/fs/WindowsException'> (0x00000007169d3a60) thrown at [C:\jenkins\workspace\8-2-build-windows-amd64-cygwin\jdk8u251\737\hotspot\src\share\vm\prims\jni.cpp, line 710]
Event: 0.289 Thread 0x0000000002b97000 Exception <a 'sun/nio/fs/WindowsException'> (0x00000007169d4190) thrown at [C:\jenkins\workspace\8-2-build-windows-amd64-cygwin\jdk8u251\737\hotspot\src\share\vm\prims\jni.cpp, line 710]
Event: 0.301 Thread 0x0000000002b97000 Exception <a 'sun/nio/fs/WindowsException'> (0x0000000716a8fa18) thrown at [C:\jenkins\workspace\8-2-build-windows-amd64-cygwin\jdk8u251\737\hotspot\src\share\vm\prims\jni.cpp, line 710]
Event: 0.301 Thread 0x0000000002b97000 Exception <a 'sun/nio/fs/WindowsException'> (0x0000000716a900f8) thrown at [C:\jenkins\workspace\8-2-build-windows-amd64-cygwin\jdk8u251\737\hotspot\src\share\vm\prims\jni.cpp, line 710]
Event: 0.796 Thread 0x0000000002b97000 Exception <a 'sun/nio/fs/WindowsException'> (0x0000000716b12c98) thrown at [C:\jenkins\workspace\8-2-build-windows-amd64-cygwin\jdk8u251\737\hotspot\src\share\vm\prims\jni.cpp, line 710]
Event: 0.796 Thread 0x0000000002b97000 Exception <a 'sun/nio/fs/WindowsException'> (0x0000000716b133d8) thrown at [C:\jenkins\workspace\8-2-build-windows-amd64-cygwin\jdk8u251\737\hotspot\src\share\vm\prims\jni.cpp, line 710]
Event: 0.798 Thread 0x0000000002b97000 Exception <a 'sun/nio/fs/WindowsException'> (0x0000000716b2a9a0) thrown at [C:\jenkins\workspace\8-2-build-windows-amd64-cygwin\jdk8u251\737\hotspot\src\share\vm\prims\jni.cpp, line 710]
Event: 0.798 Thread 0x0000000002b97000 Exception <a 'sun/nio/fs/WindowsException'> (0x0000000716b2af98) thrown at [C:\jenkins\workspace\8-2-build-windows-amd64-cygwin\jdk8u251\737\hotspot\src\share\vm\prims\jni.cpp, line 710]
Event: 1.195 Thread 0x0000000002b97000 Exception <a 'java/io/FileNotFoundException'> (0x0000000717ec9148) thrown at [C:\jenkins\workspace\8-2-build-windows-amd64-cygwin\jdk8u251\737\hotspot\src\share\vm\prims\jni.cpp, line 710]
Event: 2.332 Thread 0x0000000032a37000 Implicit null exception at 0x00000000031e5254 to 0x00000000031eddd9

Events (10 events):
Event: 5.057 loading class java/nio/DirectByteBuffer$1
Event: 5.057 loading class java/nio/DirectByteBuffer$1 done
Event: 5.319 Executing VM operation: ParallelGCFailedAllocation
Event: 5.347 Executing VM operation: ParallelGCFailedAllocation done
Event: 5.874 Executing VM operation: ParallelGCFailedAllocation
Event: 5.877 Executing VM operation: ParallelGCFailedAllocation done
Event: 6.178 Executing VM operation: ParallelGCFailedAllocation
Event: 6.181 Executing VM operation: ParallelGCFailedAllocation done
Event: 6.799 Executing VM operation: ParallelGCFailedAllocation
Event: 6.804 Executing VM operation: ParallelGCFailedAllocation done


Dynamic libraries:
0x00007ff67fdd0000 - 0x00007ff67fe07000 	C:\Program Files\Java\jdk1.8.0_251\bin\java.exe
0x00007ffb5cc00000 - 0x00007ffb5cdf0000 	C:\Windows\SYSTEM32\ntdll.dll
0x00007ffb5b5b0000 - 0x00007ffb5b662000 	C:\Windows\System32\KERNEL32.DLL
0x00007ffb5aa00000 - 0x00007ffb5aca3000 	C:\Windows\System32\KERNELBASE.dll
0x00007ffb5c1d0000 - 0x00007ffb5c273000 	C:\Windows\System32\ADVAPI32.dll
0x00007ffb5b510000 - 0x00007ffb5b5ae000 	C:\Windows\System32\msvcrt.dll
0x00007ffb5c660000 - 0x00007ffb5c6f7000 	C:\Windows\System32\sechost.dll
0x00007ffb5c0b0000 - 0x00007ffb5c1d0000 	C:\Windows\System32\RPCRT4.dll
0x00007ffb5b2c0000 - 0x00007ffb5b454000 	C:\Windows\System32\USER32.dll
0x00007ffb5a630000 - 0x00007ffb5a651000 	C:\Windows\System32\win32u.dll
0x00007ffb5bf20000 - 0x00007ffb5bf46000 	C:\Windows\System32\GDI32.dll
0x00007ffb5a660000 - 0x00007ffb5a7f4000 	C:\Windows\System32\gdi32full.dll
0x00007ffb59b90000 - 0x00007ffb59c2e000 	C:\Windows\System32\msvcp_win.dll
0x00007ffb5a530000 - 0x00007ffb5a62a000 	C:\Windows\System32\ucrtbase.dll
0x00007ffb43fc0000 - 0x00007ffb44245000 	C:\Windows\WinSxS\amd64_microsoft.windows.common-controls_6595b64144ccf1df_6.0.18362.778_none_e6c6b761130d4fb8\COMCTL32.dll
0x00007ffb5c760000 - 0x00007ffb5ca96000 	C:\Windows\System32\combase.dll
0x00007ffb5a980000 - 0x00007ffb5aa00000 	C:\Windows\System32\bcryptPrimitives.dll
0x00007ffb5b1a0000 - 0x00007ffb5b1ce000 	C:\Windows\System32\IMM32.DLL
0x0000000074c30000 - 0x0000000074d02000 	C:\Program Files\Java\jdk1.8.0_251\jre\bin\msvcr100.dll
0x00000000722f0000 - 0x0000000072b9b000 	C:\Program Files\Java\jdk1.8.0_251\jre\bin\server\jvm.dll
0x00007ffb5bf50000 - 0x00007ffb5bf58000 	C:\Windows\System32\PSAPI.DLL
0x00007ffb49340000 - 0x00007ffb49349000 	C:\Windows\SYSTEM32\WSOCK32.dll
0x00007ffb54630000 - 0x00007ffb5463a000 	C:\Windows\SYSTEM32\VERSION.dll
0x00007ffb56760000 - 0x00007ffb56784000 	C:\Windows\SYSTEM32\WINMM.dll
0x00007ffb5bfe0000 - 0x00007ffb5c04f000 	C:\Windows\System32\WS2_32.dll
0x00007ffb562d0000 - 0x00007ffb562fd000 	C:\Windows\SYSTEM32\winmmbase.dll
0x00007ffb5a8d0000 - 0x00007ffb5a91a000 	C:\Windows\System32\cfgmgr32.dll
0x00007ffb56910000 - 0x00007ffb5691f000 	C:\Program Files\Java\jdk1.8.0_251\jre\bin\verify.dll
0x00007ffb37410000 - 0x00007ffb37439000 	C:\Program Files\Java\jdk1.8.0_251\jre\bin\java.dll
0x00007ffb371b0000 - 0x00007ffb371d3000 	C:\Program Files\Java\jdk1.8.0_251\jre\bin\instrument.dll
0x00007ffb373f0000 - 0x00007ffb37406000 	C:\Program Files\Java\jdk1.8.0_251\jre\bin\zip.dll
0x00007ffb5b670000 - 0x00007ffb5bd55000 	C:\Windows\System32\SHELL32.dll
0x00007ffb5b460000 - 0x00007ffb5b509000 	C:\Windows\System32\shcore.dll
0x00007ffb59db0000 - 0x00007ffb5a530000 	C:\Windows\System32\windows.storage.dll
0x00007ffb59b60000 - 0x00007ffb59b83000 	C:\Windows\System32\profapi.dll
0x00007ffb59af0000 - 0x00007ffb59b3a000 	C:\Windows\System32\powrprof.dll
0x00007ffb59ac0000 - 0x00007ffb59ad0000 	C:\Windows\System32\UMPDC.dll
0x00007ffb5c700000 - 0x00007ffb5c752000 	C:\Windows\System32\shlwapi.dll
0x00007ffb59ad0000 - 0x00007ffb59ae1000 	C:\Windows\System32\kernel.appcore.dll
0x00007ffb5a8b0000 - 0x00007ffb5a8c7000 	C:\Windows\System32\cryptsp.dll
0x00007ffb367e0000 - 0x00007ffb367fa000 	C:\Program Files\JetBrains\IntelliJ IDEA 2019.3.4\bin\breakgen64.dll
0x00007ffb36730000 - 0x00007ffb3674a000 	C:\Program Files\Java\jdk1.8.0_251\jre\bin\net.dll
0x00007ffb59330000 - 0x00007ffb59397000 	C:\Windows\system32\mswsock.dll
0x00007ffb34f70000 - 0x00007ffb34f82000 	C:\Program Files\Java\jdk1.8.0_251\jre\bin\nio.dll
0x00007ffb23210000 - 0x00007ffb23274000 	C:\Users\mdeej\AppData\Local\Temp\lwjglmdeej\3.2.3-build-13\lwjgl.dll
0x00007ffb15120000 - 0x00007ffb15373000 	C:\Users\mdeej\AppData\Local\Temp\lwjglmdeej\3.2.3-build-13\jemalloc.dll
0x00007ffb1d0d0000 - 0x00007ffb1d132000 	C:\Users\mdeej\AppData\Local\Temp\lwjglmdeej\3.2.3-build-13\glfw.dll
0x00007ffb56de0000 - 0x00007ffb56e79000 	C:\Windows\system32\uxtheme.dll
0x00007ffb3e950000 - 0x00007ffb3e993000 	C:\Windows\SYSTEM32\dinput8.dll
0x00007ffb2dbe0000 - 0x00007ffb2dbf1000 	C:\Windows\SYSTEM32\xinput1_4.dll
0x00007ffb598c0000 - 0x00007ffb598ea000 	C:\Windows\SYSTEM32\DEVOBJ.dll
0x00007ffb57520000 - 0x00007ffb5754d000 	C:\Windows\SYSTEM32\dwmapi.dll
0x00007ffb4f940000 - 0x00007ffb4fa5a000 	C:\Windows\SYSTEM32\inputhost.dll
0x00007ffb56300000 - 0x00007ffb563d4000 	C:\Windows\SYSTEM32\CoreMessaging.dll
0x00007ffb54e80000 - 0x00007ffb54fd3000 	C:\Windows\SYSTEM32\wintypes.dll
0x00007ffb53890000 - 0x00007ffb53bba000 	C:\Windows\SYSTEM32\CoreUIComponents.dll
0x00007ffb56090000 - 0x00007ffb5617f000 	C:\Windows\SYSTEM32\PROPSYS.dll
0x00007ffb5c3c0000 - 0x00007ffb5c484000 	C:\Windows\System32\OLEAUT32.dll
0x00007ffb58bd0000 - 0x00007ffb58c01000 	C:\Windows\SYSTEM32\ntmarta.dll
0x00007ffb5c280000 - 0x00007ffb5c3b6000 	C:\Windows\System32\MSCTF.dll
0x00007ffb58430000 - 0x00007ffb5843e000 	C:\Windows\SYSTEM32\HID.DLL
0x00007ffb5ad30000 - 0x00007ffb5b1a0000 	C:\Windows\System32\SETUPAPI.DLL
0x00007ffb59c30000 - 0x00007ffb59c56000 	C:\Windows\System32\bcrypt.dll
0x00007ffb5a920000 - 0x00007ffb5a97c000 	C:\Windows\System32\WINTRUST.dll
0x00007ffb59b40000 - 0x00007ffb59b52000 	C:\Windows\System32\MSASN1.dll
0x00007ffb59c60000 - 0x00007ffb59da9000 	C:\Windows\System32\CRYPT32.dll
0x00007ffafede0000 - 0x00007ffafef36000 	C:\Windows\SYSTEM32\opengl32.dll
0x00007ffb3e860000 - 0x00007ffb3e88c000 	C:\Windows\SYSTEM32\GLU32.dll
0x00007ffb587a0000 - 0x00007ffb587c0000 	C:\Windows\SYSTEM32\dxcore.dll
0x00007ffaf1fe0000 - 0x00007ffaf4704000 	C:\Windows\System32\DriverStore\FileRepository\nvaki.inf_amd64_149c0c4968822483\nvoglv64.dll
0x00007ffb5c500000 - 0x00007ffb5c657000 	C:\Windows\System32\ole32.dll
0x00007ffb54e60000 - 0x00007ffb54e73000 	C:\Windows\SYSTEM32\WTSAPI32.dll
0x00007ffb23280000 - 0x00007ffb23537000 	C:\Windows\system32\nvspcap64.dll
0x00007ffb58d70000 - 0x00007ffb58dcc000 	C:\Windows\SYSTEM32\WINSTA.dll
0x00007ffb4fa60000 - 0x00007ffb4fafe000 	C:\Windows\System32\TextInputFramework.dll
0x00007ffb4b450000 - 0x00007ffb4b6f6000 	C:\Windows\System32\iertutil.dll
0x00007ffb43da0000 - 0x00007ffb43e05000 	C:\Windows\system32\Oleacc.dll
0x00007ffb1f3f0000 - 0x00007ffb1f449000 	C:\Users\mdeej\AppData\Local\Temp\lwjglmdeej\3.2.3-build-13\lwjgl_opengl.dll
0x00007ffb133f0000 - 0x00007ffb1358a000 	C:\Program Files\Java\jdk1.8.0_251\jre\bin\awt.dll
0x00007ffb56ca0000 - 0x00007ffb56d2f000 	C:\Windows\SYSTEM32\apphelp.dll
0x00007ffb58230000 - 0x00007ffb58424000 	C:\Windows\SYSTEM32\dbghelp.dll

VM Arguments:
jvm_args: -XX:+UnlockCommercialFeatures -javaagent:C:\Program Files\JetBrains\IntelliJ IDEA 2019.3.4\lib\idea_rt.jar=59936:C:\Program Files\JetBrains\IntelliJ IDEA 2019.3.4\bin -Dfile.encoding=UTF-8 
java_command: com.mikedeejay2.apcspfinal.Main
java_class_path (initial): C:\Program Files\Java\jdk1.8.0_251\jre\lib\charsets.jar;C:\Program Files\Java\jdk1.8.0_251\jre\lib\deploy.jar;C:\Program Files\Java\jdk1.8.0_251\jre\lib\ext\access-bridge-64.jar;C:\Program Files\Java\jdk1.8.0_251\jre\lib\ext\cldrdata.jar;C:\Program Files\Java\jdk1.8.0_251\jre\lib\ext\dnsns.jar;C:\Program Files\Java\jdk1.8.0_251\jre\lib\ext\jaccess.jar;C:\Program Files\Java\jdk1.8.0_251\jre\lib\ext\jfxrt.jar;C:\Program Files\Java\jdk1.8.0_251\jre\lib\ext\localedata.jar;C:\Program Files\Java\jdk1.8.0_251\jre\lib\ext\nashorn.jar;C:\Program Files\Java\jdk1.8.0_251\jre\lib\ext\sunec.jar;C:\Program Files\Java\jdk1.8.0_251\jre\lib\ext\sunjce_provider.jar;C:\Program Files\Java\jdk1.8.0_251\jre\lib\ext\sunmscapi.jar;C:\Program Files\Java\jdk1.8.0_251\jre\lib\ext\sunpkcs11.jar;C:\Program Files\Java\jdk1.8.0_251\jre\lib\ext\zipfs.jar;C:\Program Files\Java\jdk1.8.0_251\jre\lib\javaws.jar;C:\Program Files\Java\jdk1.8.0_251\jre\lib\jce.jar;C:\Program Files\Java\jdk1.8.0_251\jre\lib\jfr.jar;C:\Program Files\Java\jdk1.8.0_251\jre\lib\jfxswt.jar;C:\Program Files\Java\jdk1.8.0_251\jre\lib\jsse.jar;C:\Program Files\Java\jdk1.8.0_251\jre\lib\management-agent.jar;C:\Program Files\Java\jdk1.8.0_251\jre\lib\plugin.jar;C:\Program Files\Java\jdk1.8.0_251\jre\lib\resources.jar;C:\Program Files\Java\jdk1.8.0_251\jre\lib\rt.jar;C:\Users\mdeej\IdeaProjects\APCSP\out\production\APCSP;C:\Users\mdeej\IdeaProjects\APCSP\libs\lwjgl.jar;C:\Users\mdeej\IdeaProjects\APCSP\libs\lwjgl-egl.jar;C:\Users\mdeej\IdeaProjects\APCSP\libs\lwjgl-lz4.jar;C:\Users\mdeej\IdeaProjects\APCSP\libs\lwjgl-nfd.jar;C:\Users\mdeej\IdeaProjects\APCSP\libs\lwjgl-ovr.jar;C:\Users\mdeej\IdeaProjects\APCSP\libs\lwjgl-par.jar;C:\Users\mdeej\IdeaProjects\APCSP\libs\lwjgl-sse.jar;C:\Users\mdeej\IdeaProjects\APCSP\libs\lwjgl-stb.jar;C:\Users\mdeej\IdeaProjects\APCSP\libs\lwjgl-vma.jar;C:\Users\mdeej\IdeaProjects\APCSP\libs\lwjgl-bgfx.jar;C:\Users\mdeej\IdeaProjects\APCSP\libs\lwjgl-cuda.jar;C:\Users\mdee
Launcher Type: SUN_STANDARD

Environment Variables:
PATH=C:\Program Files (x86)\Common Files\Intel\Shared Libraries\redist\intel64\compiler;C:\Windows\system32;C:\Windows;C:\Windows\System32\Wbem;C:\Windows\System32\WindowsPowerShell\v1.0\;C:\Windows\System32\OpenSSH\;C:\Program Files\NVIDIA Corporation\NVIDIA NvDLISR;C:\Program Files (x86)\NVIDIA Corporation\PhysX\Common;C:\Program Files (x86)\QuickTime\QTSystem\;C:\Program Files\Gource\cmd;C:\Users\mdeej\AppData\Local\Microsoft\WindowsApps;
USERNAME=mdeej
OS=Windows_NT
PROCESSOR_IDENTIFIER=Intel64 Family 6 Model 158 Stepping 10, GenuineIntel



---------------  S Y S T E M  ---------------

OS: Windows 10.0 , 64 bit Build 18362 (10.0.18362.778)

CPU:total 12 (initial active 12) (6 cores per cpu, 2 threads per core) family 6 model 158 stepping 10, cmov, cx8, fxsr, mmx, sse, sse2, sse3, ssse3, sse4.1, sse4.2, popcnt, avx, avx2, aes, clmul, erms, rtm, 3dnowpref, lzcnt, ht, tsc, tscinvbit, bmi1, bmi2, adx

Memory: 4k page, physical 33487264k(3715844k free), swap 98498976k(49068228k free)

vm_info: Java HotSpot(TM) 64-Bit Server VM (25.251-b08) for windows-amd64 JRE (1.8.0_251-b08), built on Mar 12 2020 06:31:49 by "" with MS VC++ 10.0 (VS2010)

time: Wed May 20 14:17:17 2020
timezone: Eastern Daylight Time
elapsed time: 6 seconds (0d 0h 0m 6s)

