#
# A fatal error has been detected by the Java Runtime Environment:
#
#  EXCEPTION_ACCESS_VIOLATION (0xc0000005) at pc=0x00007ffaf2c77850, pid=17756, tid=0x00000000000020a4
#
# JRE version: Java(TM) SE Runtime Environment (8.0_231-b11) (build 1.8.0_231-b11)
# Java VM: Java HotSpot(TM) 64-Bit Server VM (25.231-b11 mixed mode windows-amd64 compressed oops)
# Problematic frame:
# C  [nvoglv64.dll+0xc97850]
#
# Failed to write core dump. Minidumps are not enabled by default on client versions of Windows
#
# If you would like to submit a bug report, please visit:
#   http://bugreport.java.com/bugreport/crash.jsp
# The crash happened outside the Java Virtual Machine in native code.
# See problematic frame for where to report the bug.
#

---------------  T H R E A D  ---------------

Current thread (0x0000000003657000):  JavaThread "main" [_thread_in_native, id=8356, stack(0x0000000003250000,0x0000000003350000)]

siginfo: ExceptionCode=0xc0000005, reading address 0x00000000332fa000

Registers:
RAX=0xfffffffffffee3c0, RBX=0x00000000332fa000, RCX=0x0000000000000450, RDX=0x00000000332f97c0
RSP=0x000000000334f110, RBP=0x0000000000000000, RSI=0x0000000035e00840, RDI=0x00000000332f97c0
R8 =0x0000000000011c40, R9 =0x00007ffaf2c91390, R10=0x0000000000000000, R11=0x0000000000000246
R12=0x0000000000000000, R13=0x00000000304e0000, R14=0x00000000304e0000, R15=0x0000000000011c40
RIP=0x00007ffaf2c77850, EFLAGS=0x0000000000010206

Top of Stack: (sp=0x000000000334f110)
0x000000000334f110:   000000003057f8a0 ffffffffffffffff
0x000000000334f120:   00000000332f97c0 0000000000004710
0x000000000334f130:   000000003bea13d0 00007ffaf2b8d9f5
0x000000000334f140:   00000000332f97c0 0000000000000000
0x000000000334f150:   000000002c07a270 000000002c07a270
0x000000000334f160:   000000000334f1d0 000000000334f1d0
0x000000000334f170:   00000fff387d6a00 00000000332f97c0
0x000000000334f180:   0000000000000000 000000002ba72080
0x000000000334f190:   0000000000000000 0000000001389ed0
0x000000000334f1a0:   000000002c07a270 000000003bea13d0
0x000000000334f1b0:   000000002c07a270 0000000000000000
0x000000000334f1c0:   00000000000088e4 00000000332f97c0
0x000000000334f1d0:   0000000000004710 00000000332f97c0
0x000000000334f1e0:   00000000304e0000 000000002c07a270
0x000000000334f1f0:   000000003bea13d0 00007ffaf2b944f4
0x000000000334f200:   000000003bea1300 00000000332f97c0 

Instructions: (pc=0x00007ffaf2c77850)
0x00007ffaf2c77830:   e9 01 75 ec eb 71 48 83 fd 40 72 40 48 8b cd 48
0x00007ffaf2c77840:   c1 e9 06 48 6b c1 c0 48 03 e8 66 0f 1f 44 00 00
0x00007ffaf2c77850:   0f 10 03 0f 10 4b 10 0f 10 53 20 0f 10 5b 30 48
0x00007ffaf2c77860:   83 c3 40 0f 2b 06 0f 2b 4e 10 0f 2b 56 20 0f 2b 


Register to memory mapping:

RAX=0xfffffffffffee3c0 is an unknown value
RBX=0x00000000332fa000 is an unknown value
RCX=0x0000000000000450 is an unknown value
RDX=0x00000000332f97c0 is an unknown value
RSP=0x000000000334f110 is pointing into the stack for thread: 0x0000000003657000
RBP=0x0000000000000000 is an unknown value
RSI=0x0000000035e00840 is an unknown value
RDI=0x00000000332f97c0 is an unknown value
R8 =0x0000000000011c40 is an unknown value
R9 =0x00007ffaf2c91390 is an unknown value
R10=0x0000000000000000 is an unknown value
R11=0x0000000000000246 is an unknown value
R12=0x0000000000000000 is an unknown value
R13=0x00000000304e0000 is an unknown value
R14=0x00000000304e0000 is an unknown value
R15=0x0000000000011c40 is an unknown value


Stack: [0x0000000003250000,0x0000000003350000],  sp=0x000000000334f110,  free space=1020k
Native frames: (J=compiled Java code, j=interpreted, Vv=VM code, C=native code)

Java frames: (J=compiled Java code, j=interpreted, Vv=VM code)
J 1366  org.lwjgl.opengl.GL15C.nglBufferData(IJJI)V (0 bytes) @ 0x0000000003d0e80e [0x0000000003d0e7c0+0x4e]
J 1547 C2 com.mikedeejay2.voxel.engine.loaders.Loader.storeDataInAttributeList(II[F)I (63 bytes) @ 0x0000000003effe9c [0x0000000003eff7e0+0x6bc]
J 1535 C2 com.mikedeejay2.voxel.game.world.chunk.mesh.ChunkMeshGenerator.createChunkEntity(Lcom/mikedeejay2/voxel/game/world/chunk/Chunk;)Lcom/mikedeejay2/voxel/engine/graphics/objects/Entity; (161 bytes) @ 0x0000000003ef297c [0x0000000003ef1040+0x193c]
J 1531% C2 com.mikedeejay2.voxel.engine.core.CoreEngine.run()V (214 bytes) @ 0x0000000003ee3d24 [0x0000000003ee3740+0x5e4]
j  com.mikedeejay2.voxel.engine.core.CoreEngine.start()V+9
j  com.mikedeejay2.voxel.game.Main.start()V+29
j  com.mikedeejay2.voxel.game.Main.main([Ljava/lang/String;)V+7
v  ~StubRoutines::call_stub

---------------  P R O C E S S  ---------------

Java Threads: ( => current thread )
  0x00000000335c9000 JavaThread "Thread-3" daemon [_thread_in_native, id=20396, stack(0x000000002b670000,0x000000002b770000)]
  0x000000003386c800 JavaThread "world" [_thread_blocked, id=13132, stack(0x0000000034af0000,0x0000000034bf0000)]
  0x0000000033444000 JavaThread "chunkConsumer" [_thread_in_Java, id=20116, stack(0x00000000349f0000,0x0000000034af0000)]
  0x00000000334ac800 JavaThread "chunkProducer" [_thread_blocked, id=13556, stack(0x00000000348f0000,0x00000000349f0000)]
  0x00000000334b8800 JavaThread "Java2D Disposer" daemon [_thread_blocked, id=4508, stack(0x0000000034590000,0x0000000034690000)]
  0x00000000298ca800 JavaThread "Service Thread" daemon [_thread_blocked, id=22952, stack(0x000000002a380000,0x000000002a480000)]
  0x0000000029824800 JavaThread "C1 CompilerThread3" daemon [_thread_blocked, id=19844, stack(0x000000002a280000,0x000000002a380000)]
  0x0000000029824000 JavaThread "C2 CompilerThread2" daemon [_thread_blocked, id=26460, stack(0x000000002a180000,0x000000002a280000)]
  0x0000000029823000 JavaThread "C2 CompilerThread1" daemon [_thread_blocked, id=18080, stack(0x000000002a080000,0x000000002a180000)]
  0x000000002981c800 JavaThread "C2 CompilerThread0" daemon [_thread_blocked, id=7568, stack(0x0000000029f80000,0x000000002a080000)]
  0x000000002981b000 JavaThread "Monitor Ctrl-Break" daemon [_thread_in_native, id=22180, stack(0x0000000029e80000,0x0000000029f80000)]
  0x000000002802e800 JavaThread "Attach Listener" daemon [_thread_blocked, id=24080, stack(0x0000000029580000,0x0000000029680000)]
  0x000000002802d800 JavaThread "Signal Dispatcher" daemon [_thread_blocked, id=25088, stack(0x0000000029480000,0x0000000029580000)]
  0x0000000026935000 JavaThread "Finalizer" daemon [_thread_blocked, id=21300, stack(0x0000000029280000,0x0000000029380000)]
  0x0000000028013000 JavaThread "Reference Handler" daemon [_thread_blocked, id=18728, stack(0x0000000029180000,0x0000000029280000)]
=>0x0000000003657000 JavaThread "main" [_thread_in_native, id=8356, stack(0x0000000003250000,0x0000000003350000)]

Other Threads:
  0x0000000027ff2000 VMThread [stack: 0x0000000029080000,0x0000000029180000] [id=25348]
  0x0000000029848000 WatcherThread [stack: 0x000000002a480000,0x000000002a580000] [id=21456]

VM state:not at safepoint (normal execution)

VM Mutex/Monitor currently owned by a thread: None

heap address: 0x00000005c1000000, size: 8176 MB, Compressed Oops mode: Zero based, Oop shift amount: 3
Narrow klass base: 0x0000000000000000, Narrow klass shift: 3
Compressed class space size: 1073741824 Address: 0x00000007c0000000

Heap:
 PSYoungGen      total 48640K, used 7170K [0x0000000715b00000, 0x0000000718d80000, 0x00000007c0000000)
  eden space 46592K, 13% used [0x0000000715b00000,0x00000007161074e8,0x0000000718880000)
  from space 2048K, 48% used [0x0000000718b80000,0x0000000718c796d8,0x0000000718d80000)
  to   space 2560K, 0% used [0x0000000718880000,0x0000000718880000,0x0000000718b00000)
 ParOldGen       total 349696K, used 126825K [0x00000005c1000000, 0x00000005d6580000, 0x0000000715b00000)
  object space 349696K, 36% used [0x00000005c1000000,0x00000005c8bda438,0x00000005d6580000)
 Metaspace       used 13579K, capacity 13779K, committed 13952K, reserved 1062912K
  class space    used 1039K, capacity 1132K, committed 1152K, reserved 1048576K

Card table byte_map: [0x0000000012b10000,0x0000000013b10000] byte_map_base: 0x000000000fd08000

Marking Bits: (ParMarkBitMap*) 0x0000000071fb6d90
 Begin Bits: [0x0000000014fc0000, 0x000000001cf80000)
 End Bits:   [0x000000001cf80000, 0x0000000024f40000)

Polling page: 0x00000000018d0000

CodeCache: size=245760Kb used=7860Kb max_used=7872Kb free=237899Kb
 bounds [0x0000000003750000, 0x0000000003f10000, 0x0000000012750000]
 total_blobs=2558 nmethods=1546 adapters=925
 compilation: enabled

Compilation events (10 events):
Event: 13.969 Thread 0x0000000029824800 1553       3       com.mikedeejay2.voxel.game.world.World::updateChunks (1 bytes)
Event: 13.969 Thread 0x0000000029824800 nmethod 1553 0x0000000003ee6010 code [0x0000000003ee6160, 0x0000000003ee62b0]
Event: 14.833 Thread 0x000000002981c800 1555       4       java.lang.String::toUpperCase (439 bytes)
Event: 14.840 Thread 0x000000002981c800 nmethod 1555 0x0000000003f02b50 code [0x0000000003f02ce0, 0x0000000003f03638]
Event: 15.678 Thread 0x0000000029824000 1556   !   4       org.lwjgl.opengl.GL15C::glDeleteBuffers (42 bytes)
Event: 15.681 Thread 0x0000000029824000 nmethod 1556 0x0000000003852ed0 code [0x0000000003853060, 0x00000000038532d0]
Event: 18.722 Thread 0x0000000029824800 1557       3       com.mikedeejay2.voxel.engine.debug.DebugScreen::update (333 bytes)
Event: 18.725 Thread 0x0000000029824800 nmethod 1557 0x0000000003f03e50 code [0x0000000003f045c0, 0x0000000003f08688]
Event: 21.603 Thread 0x0000000029823000 1558       4       java.lang.AbstractStringBuilder::append (54 bytes)
Event: 21.607 Thread 0x0000000029823000 nmethod 1558 0x000000000386e0d0 code [0x000000000386e240, 0x000000000386e6d8]

GC Heap History (10 events):
Event: 22.210 GC heap before
{Heap before GC invocations=76 (full 0):
 PSYoungGen      total 50688K, used 50308K [0x0000000715b00000, 0x0000000719000000, 0x00000007c0000000)
  eden space 49152K, 100% used [0x0000000715b00000,0x0000000718b00000,0x0000000718b00000)
  from space 1536K, 75% used [0x0000000718b80000,0x0000000718ca1278,0x0000000718d00000)
  to   space 2560K, 0% used [0x0000000718d80000,0x0000000718d80000,0x0000000719000000)
 ParOldGen       total 349696K, used 122925K [0x00000005c1000000, 0x00000005d6580000, 0x0000000715b00000)
  object space 349696K, 35% used [0x00000005c1000000,0x00000005c880b7a0,0x00000005d6580000)
 Metaspace       used 13579K, capacity 13779K, committed 13952K, reserved 1062912K
  class space    used 1039K, capacity 1132K, committed 1152K, reserved 1048576K
Event: 22.211 GC heap after
Heap after GC invocations=76 (full 0):
 PSYoungGen      total 50688K, used 1371K [0x0000000715b00000, 0x0000000718f80000, 0x00000007c0000000)
  eden space 48640K, 0% used [0x0000000715b00000,0x0000000715b00000,0x0000000718a80000)
  from space 2048K, 66% used [0x0000000718d80000,0x0000000718ed6e20,0x0000000718f80000)
  to   space 2560K, 0% used [0x0000000718a80000,0x0000000718a80000,0x0000000718d00000)
 ParOldGen       total 349696K, used 123917K [0x00000005c1000000, 0x00000005d6580000, 0x0000000715b00000)
  object space 349696K, 35% used [0x00000005c1000000,0x00000005c89037a0,0x00000005d6580000)
 Metaspace       used 13579K, capacity 13779K, committed 13952K, reserved 1062912K
  class space    used 1039K, capacity 1132K, committed 1152K, reserved 1048576K
}
Event: 22.312 GC heap before
{Heap before GC invocations=77 (full 0):
 PSYoungGen      total 50688K, used 50011K [0x0000000715b00000, 0x0000000718f80000, 0x00000007c0000000)
  eden space 48640K, 100% used [0x0000000715b00000,0x0000000718a80000,0x0000000718a80000)
  from space 2048K, 66% used [0x0000000718d80000,0x0000000718ed6e20,0x0000000718f80000)
  to   space 2560K, 0% used [0x0000000718a80000,0x0000000718a80000,0x0000000718d00000)
 ParOldGen       total 349696K, used 123917K [0x00000005c1000000, 0x00000005d6580000, 0x0000000715b00000)
  object space 349696K, 35% used [0x00000005c1000000,0x00000005c89037a0,0x00000005d6580000)
 Metaspace       used 13579K, capacity 13779K, committed 13952K, reserved 1062912K
  class space    used 1039K, capacity 1132K, committed 1152K, reserved 1048576K
Event: 22.313 GC heap after
Heap after GC invocations=77 (full 0):
 PSYoungGen      total 49152K, used 1017K [0x0000000715b00000, 0x0000000718f00000, 0x00000007c0000000)
  eden space 48128K, 0% used [0x0000000715b00000,0x0000000715b00000,0x0000000718a00000)
  from space 1024K, 99% used [0x0000000718a80000,0x0000000718b7e448,0x0000000718b80000)
  to   space 2560K, 0% used [0x0000000718c80000,0x0000000718c80000,0x0000000718f00000)
 ParOldGen       total 349696K, used 124917K [0x00000005c1000000, 0x00000005d6580000, 0x0000000715b00000)
  object space 349696K, 35% used [0x00000005c1000000,0x00000005c89fd7a0,0x00000005d6580000)
 Metaspace       used 13579K, capacity 13779K, committed 13952K, reserved 1062912K
  class space    used 1039K, capacity 1132K, committed 1152K, reserved 1048576K
}
Event: 22.404 GC heap before
{Heap before GC invocations=78 (full 0):
 PSYoungGen      total 49152K, used 49145K [0x0000000715b00000, 0x0000000718f00000, 0x00000007c0000000)
  eden space 48128K, 100% used [0x0000000715b00000,0x0000000718a00000,0x0000000718a00000)
  from space 1024K, 99% used [0x0000000718a80000,0x0000000718b7e448,0x0000000718b80000)
  to   space 2560K, 0% used [0x0000000718c80000,0x0000000718c80000,0x0000000718f00000)
 ParOldGen       total 349696K, used 124917K [0x00000005c1000000, 0x00000005d6580000, 0x0000000715b00000)
  object space 349696K, 35% used [0x00000005c1000000,0x00000005c89fd7a0,0x00000005d6580000)
 Metaspace       used 13579K, capacity 13779K, committed 13952K, reserved 1062912K
  class space    used 1039K, capacity 1132K, committed 1152K, reserved 1048576K
Event: 22.405 GC heap after
Heap after GC invocations=78 (full 0):
 PSYoungGen      total 49664K, used 712K [0x0000000715b00000, 0x0000000718e80000, 0x00000007c0000000)
  eden space 47616K, 0% used [0x0000000715b00000,0x0000000715b00000,0x0000000718980000)
  from space 2048K, 34% used [0x0000000718c80000,0x0000000718d32228,0x0000000718e80000)
  to   space 2560K, 0% used [0x0000000718980000,0x0000000718980000,0x0000000718c00000)
 ParOldGen       total 349696K, used 125353K [0x00000005c1000000, 0x00000005d6580000, 0x0000000715b00000)
  object space 349696K, 35% used [0x00000005c1000000,0x00000005c8a6a438,0x00000005d6580000)
 Metaspace       used 13579K, capacity 13779K, committed 13952K, reserved 1062912K
  class space    used 1039K, capacity 1132K, committed 1152K, reserved 1048576K
}
Event: 22.530 GC heap before
{Heap before GC invocations=79 (full 0):
 PSYoungGen      total 49664K, used 48328K [0x0000000715b00000, 0x0000000718e80000, 0x00000007c0000000)
  eden space 47616K, 100% used [0x0000000715b00000,0x0000000718980000,0x0000000718980000)
  from space 2048K, 34% used [0x0000000718c80000,0x0000000718d32228,0x0000000718e80000)
  to   space 2560K, 0% used [0x0000000718980000,0x0000000718980000,0x0000000718c00000)
 ParOldGen       total 349696K, used 125353K [0x00000005c1000000, 0x00000005d6580000, 0x0000000715b00000)
  object space 349696K, 35% used [0x00000005c1000000,0x00000005c8a6a438,0x00000005d6580000)
 Metaspace       used 13579K, capacity 13779K, committed 13952K, reserved 1062912K
  class space    used 1039K, capacity 1132K, committed 1152K, reserved 1048576K
Event: 22.530 GC heap after
Heap after GC invocations=79 (full 0):
 PSYoungGen      total 48640K, used 1414K [0x0000000715b00000, 0x0000000718e00000, 0x00000007c0000000)
  eden space 47104K, 0% used [0x0000000715b00000,0x0000000715b00000,0x0000000718900000)
  from space 1536K, 92% used [0x0000000718980000,0x0000000718ae18e8,0x0000000718b00000)
  to   space 2560K, 0% used [0x0000000718b80000,0x0000000718b80000,0x0000000718e00000)
 ParOldGen       total 349696K, used 125745K [0x00000005c1000000, 0x00000005d6580000, 0x0000000715b00000)
  object space 349696K, 35% used [0x00000005c1000000,0x00000005c8acc438,0x00000005d6580000)
 Metaspace       used 13579K, capacity 13779K, committed 13952K, reserved 1062912K
  class space    used 1039K, capacity 1132K, committed 1152K, reserved 1048576K
}
Event: 22.626 GC heap before
{Heap before GC invocations=80 (full 0):
 PSYoungGen      total 48640K, used 48516K [0x0000000715b00000, 0x0000000718e00000, 0x00000007c0000000)
  eden space 47104K, 99% used [0x0000000715b00000,0x00000007188ffa88,0x0000000718900000)
  from space 1536K, 92% used [0x0000000718980000,0x0000000718ae18e8,0x0000000718b00000)
  to   space 2560K, 0% used [0x0000000718b80000,0x0000000718b80000,0x0000000718e00000)
 ParOldGen       total 349696K, used 125745K [0x00000005c1000000, 0x00000005d6580000, 0x0000000715b00000)
  object space 349696K, 35% used [0x00000005c1000000,0x00000005c8acc438,0x00000005d6580000)
 Metaspace       used 13579K, capacity 13779K, committed 13952K, reserved 1062912K
  class space    used 1039K, capacity 1132K, committed 1152K, reserved 1048576K
Event: 22.626 GC heap after
Heap after GC invocations=80 (full 0):
 PSYoungGen      total 48640K, used 997K [0x0000000715b00000, 0x0000000718d80000, 0x00000007c0000000)
  eden space 46592K, 0% used [0x0000000715b00000,0x0000000715b00000,0x0000000718880000)
  from space 2048K, 48% used [0x0000000718b80000,0x0000000718c796d8,0x0000000718d80000)
  to   space 2560K, 0% used [0x0000000718880000,0x0000000718880000,0x0000000718b00000)
 ParOldGen       total 349696K, used 126825K [0x00000005c1000000, 0x00000005d6580000, 0x0000000715b00000)
  object space 349696K, 36% used [0x00000005c1000000,0x00000005c8bda438,0x00000005d6580000)
 Metaspace       used 13579K, capacity 13779K, committed 13952K, reserved 1062912K
  class space    used 1039K, capacity 1132K, committed 1152K, reserved 1048576K
}

Deoptimization events (10 events):
Event: 2.107 Thread 0x00000000334ac800 Uncommon trap: reason=class_check action=maybe_recompile pc=0x0000000003c95130 method=java.util.HashMap.putVal(ILjava/lang/Object;Ljava/lang/Object;ZZ)Ljava/lang/Object; @ 203
Event: 2.129 Thread 0x00000000334ac800 Uncommon trap: reason=class_check action=maybe_recompile pc=0x0000000003c95130 method=java.util.HashMap.putVal(ILjava/lang/Object;Ljava/lang/Object;ZZ)Ljava/lang/Object; @ 203
Event: 2.245 Thread 0x00000000334ac800 Uncommon trap: reason=bimorphic action=maybe_recompile pc=0x0000000003c950e4 method=java.util.HashMap.putVal(ILjava/lang/Object;Ljava/lang/Object;ZZ)Ljava/lang/Object; @ 91
Event: 2.245 Thread 0x00000000334ac800 Uncommon trap: reason=bimorphic action=maybe_recompile pc=0x0000000003c950e4 method=java.util.HashMap.putVal(ILjava/lang/Object;Ljava/lang/Object;ZZ)Ljava/lang/Object; @ 91
Event: 2.542 Thread 0x00000000334ac800 Uncommon trap: reason=class_check action=maybe_recompile pc=0x0000000003c95130 method=java.util.HashMap.putVal(ILjava/lang/Object;Ljava/lang/Object;ZZ)Ljava/lang/Object; @ 203
Event: 2.569 Thread 0x00000000334ac800 Uncommon trap: reason=class_check action=maybe_recompile pc=0x0000000003c95130 method=java.util.HashMap.putVal(ILjava/lang/Object;Ljava/lang/Object;ZZ)Ljava/lang/Object; @ 203
Event: 2.728 Thread 0x0000000033444000 Uncommon trap: reason=unstable_if action=reinterpret pc=0x0000000003d8a4b0 method=com.mikedeejay2.voxel.game.world.chunk.mesh.ChunkMeshGenerator.genBrightness(Lcom/mikedeejay2/voxel/game/world/chunk/Chunk;FIIIILjava/util/List;Lcom/mikedeejay2/voxel/engine
Event: 2.970 Thread 0x0000000033444000 Uncommon trap: reason=unstable_if action=reinterpret pc=0x0000000003de31bc method=com.mikedeejay2.voxel.game.world.chunk.mesh.ChunkMeshGenerator.genBrightness(Lcom/mikedeejay2/voxel/game/world/chunk/Chunk;FIIIILjava/util/List;Lcom/mikedeejay2/voxel/engine
Event: 5.438 Thread 0x0000000033444000 Uncommon trap: reason=unstable_if action=reinterpret pc=0x0000000003e29cf0 method=com.mikedeejay2.voxel.game.world.chunk.mesh.ChunkMeshGenerator.genBrightness(Lcom/mikedeejay2/voxel/game/world/chunk/Chunk;FIIIILjava/util/List;Lcom/mikedeejay2/voxel/engine
Event: 6.018 Thread 0x0000000033444000 Uncommon trap: reason=unstable_if action=reinterpret pc=0x0000000003e8c680 method=com.mikedeejay2.voxel.game.world.chunk.mesh.ChunkMeshGenerator.genBrightness(Lcom/mikedeejay2/voxel/game/world/chunk/Chunk;FIIIILjava/util/List;Lcom/mikedeejay2/voxel/engine

Classes redefined (0 events):
No events

Internal exceptions (10 events):
Event: 0.224 Thread 0x0000000003657000 Exception <a 'sun/nio/fs/WindowsException'> (0x00000007168c63b8) thrown at [C:\re\workspace\8-2-build-windows-amd64-cygwin\jdk8u231\13620\hotspot\src\share\vm\prims\jni.cpp, line 710]
Event: 0.229 Thread 0x0000000003657000 Exception <a 'sun/nio/fs/WindowsException'> (0x00000007168f5b28) thrown at [C:\re\workspace\8-2-build-windows-amd64-cygwin\jdk8u231\13620\hotspot\src\share\vm\prims\jni.cpp, line 710]
Event: 0.229 Thread 0x0000000003657000 Exception <a 'sun/nio/fs/WindowsException'> (0x00000007168f6208) thrown at [C:\re\workspace\8-2-build-windows-amd64-cygwin\jdk8u231\13620\hotspot\src\share\vm\prims\jni.cpp, line 710]
Event: 0.626 Thread 0x0000000003657000 Exception <a 'sun/nio/fs/WindowsException'> (0x0000000716a5fcc0) thrown at [C:\re\workspace\8-2-build-windows-amd64-cygwin\jdk8u231\13620\hotspot\src\share\vm\prims\jni.cpp, line 710]
Event: 0.626 Thread 0x0000000003657000 Exception <a 'sun/nio/fs/WindowsException'> (0x0000000716a60400) thrown at [C:\re\workspace\8-2-build-windows-amd64-cygwin\jdk8u231\13620\hotspot\src\share\vm\prims\jni.cpp, line 710]
Event: 0.628 Thread 0x0000000003657000 Exception <a 'sun/nio/fs/WindowsException'> (0x0000000716a77aa8) thrown at [C:\re\workspace\8-2-build-windows-amd64-cygwin\jdk8u231\13620\hotspot\src\share\vm\prims\jni.cpp, line 710]
Event: 0.628 Thread 0x0000000003657000 Exception <a 'sun/nio/fs/WindowsException'> (0x0000000716a780a0) thrown at [C:\re\workspace\8-2-build-windows-amd64-cygwin\jdk8u231\13620\hotspot\src\share\vm\prims\jni.cpp, line 710]
Event: 0.674 Thread 0x0000000003657000 Exception <a 'sun/nio/fs/WindowsException'> (0x0000000716c31010) thrown at [C:\re\workspace\8-2-build-windows-amd64-cygwin\jdk8u231\13620\hotspot\src\share\vm\prims\jni.cpp, line 710]
Event: 0.675 Thread 0x0000000003657000 Exception <a 'sun/nio/fs/WindowsException'> (0x0000000716c31740) thrown at [C:\re\workspace\8-2-build-windows-amd64-cygwin\jdk8u231\13620\hotspot\src\share\vm\prims\jni.cpp, line 710]
Event: 0.893 Thread 0x0000000003657000 Exception <a 'java/io/FileNotFoundException'> (0x000000071795f4e8) thrown at [C:\re\workspace\8-2-build-windows-amd64-cygwin\jdk8u231\13620\hotspot\src\share\vm\prims\jni.cpp, line 710]

Events (10 events):
Event: 22.210 Executing VM operation: ParallelGCFailedAllocation
Event: 22.211 Executing VM operation: ParallelGCFailedAllocation done
Event: 22.312 Executing VM operation: ParallelGCFailedAllocation
Event: 22.314 Executing VM operation: ParallelGCFailedAllocation done
Event: 22.404 Executing VM operation: ParallelGCFailedAllocation
Event: 22.405 Executing VM operation: ParallelGCFailedAllocation done
Event: 22.529 Executing VM operation: ParallelGCFailedAllocation
Event: 22.530 Executing VM operation: ParallelGCFailedAllocation done
Event: 22.625 Executing VM operation: ParallelGCFailedAllocation
Event: 22.626 Executing VM operation: ParallelGCFailedAllocation done


Dynamic libraries:
0x00007ff7e1ac0000 - 0x00007ff7e1af7000 	C:\Program Files\Java\jdk1.8.0_231\bin\java.exe
0x00007ffb5cc00000 - 0x00007ffb5cdf0000 	C:\Windows\SYSTEM32\ntdll.dll
0x00007ffb5b5b0000 - 0x00007ffb5b662000 	C:\Windows\System32\KERNEL32.DLL
0x00007ffb5aa00000 - 0x00007ffb5aca3000 	C:\Windows\System32\KERNELBASE.dll
0x00007ffb5c1d0000 - 0x00007ffb5c273000 	C:\Windows\System32\ADVAPI32.dll
0x00007ffb5b510000 - 0x00007ffb5b5ae000 	C:\Windows\System32\msvcrt.dll
0x00007ffb5c660000 - 0x00007ffb5c6f7000 	C:\Windows\System32\sechost.dll
0x00007ffb5c0b0000 - 0x00007ffb5c1d0000 	C:\Windows\System32\RPCRT4.dll
0x00007ffb5b2c0000 - 0x00007ffb5b454000 	C:\Windows\System32\USER32.dll
0x00007ffb5a630000 - 0x00007ffb5a651000 	C:\Windows\System32\win32u.dll
0x00007ffb5bf20000 - 0x00007ffb5bf46000 	C:\Windows\System32\GDI32.dll
0x00007ffb5a660000 - 0x00007ffb5a7f4000 	C:\Windows\System32\gdi32full.dll
0x00007ffb59b90000 - 0x00007ffb59c2e000 	C:\Windows\System32\msvcp_win.dll
0x00007ffb5a530000 - 0x00007ffb5a62a000 	C:\Windows\System32\ucrtbase.dll
0x00007ffb43fc0000 - 0x00007ffb44245000 	C:\Windows\WinSxS\amd64_microsoft.windows.common-controls_6595b64144ccf1df_6.0.18362.778_none_e6c6b761130d4fb8\COMCTL32.dll
0x00007ffb5c760000 - 0x00007ffb5ca96000 	C:\Windows\System32\combase.dll
0x00007ffb5a980000 - 0x00007ffb5aa00000 	C:\Windows\System32\bcryptPrimitives.dll
0x00007ffb5b1a0000 - 0x00007ffb5b1ce000 	C:\Windows\System32\IMM32.DLL
0x00000000731d0000 - 0x00000000732a2000 	C:\Program Files\Java\jdk1.8.0_231\jre\bin\msvcr100.dll
0x0000000071790000 - 0x0000000072036000 	C:\Program Files\Java\jdk1.8.0_231\jre\bin\server\jvm.dll
0x00007ffb5bf50000 - 0x00007ffb5bf58000 	C:\Windows\System32\PSAPI.DLL
0x00007ffb49340000 - 0x00007ffb49349000 	C:\Windows\SYSTEM32\WSOCK32.dll
0x00007ffb56760000 - 0x00007ffb56784000 	C:\Windows\SYSTEM32\WINMM.dll
0x00007ffb54630000 - 0x00007ffb5463a000 	C:\Windows\SYSTEM32\VERSION.dll
0x00007ffb5bfe0000 - 0x00007ffb5c04f000 	C:\Windows\System32\WS2_32.dll
0x00007ffb562d0000 - 0x00007ffb562fd000 	C:\Windows\SYSTEM32\WINMMBASE.dll
0x00007ffb5a8d0000 - 0x00007ffb5a91a000 	C:\Windows\System32\cfgmgr32.dll
0x00007ffb435e0000 - 0x00007ffb435ef000 	C:\Program Files\Java\jdk1.8.0_231\jre\bin\verify.dll
0x00007ffb24220000 - 0x00007ffb24249000 	C:\Program Files\Java\jdk1.8.0_231\jre\bin\java.dll
0x00007ffb2b9c0000 - 0x00007ffb2b9e3000 	C:\Program Files\Java\jdk1.8.0_231\jre\bin\instrument.dll
0x00007ffb435c0000 - 0x00007ffb435d6000 	C:\Program Files\Java\jdk1.8.0_231\jre\bin\zip.dll
0x00007ffb5b670000 - 0x00007ffb5bd55000 	C:\Windows\System32\SHELL32.dll
0x00007ffb5b460000 - 0x00007ffb5b509000 	C:\Windows\System32\shcore.dll
0x00007ffb59db0000 - 0x00007ffb5a530000 	C:\Windows\System32\windows.storage.dll
0x00007ffb59b60000 - 0x00007ffb59b83000 	C:\Windows\System32\profapi.dll
0x00007ffb59af0000 - 0x00007ffb59b3a000 	C:\Windows\System32\powrprof.dll
0x00007ffb59ac0000 - 0x00007ffb59ad0000 	C:\Windows\System32\UMPDC.dll
0x00007ffb5c700000 - 0x00007ffb5c752000 	C:\Windows\System32\shlwapi.dll
0x00007ffb59ad0000 - 0x00007ffb59ae1000 	C:\Windows\System32\kernel.appcore.dll
0x00007ffb5a8b0000 - 0x00007ffb5a8c7000 	C:\Windows\System32\cryptsp.dll
0x00007ffb2d7a0000 - 0x00007ffb2d7ba000 	C:\Program Files\JetBrains\IntelliJ IDEA 2019.3.4\bin\breakgen64.dll
0x00007ffb1d6e0000 - 0x00007ffb1d6fa000 	C:\Program Files\Java\jdk1.8.0_231\jre\bin\net.dll
0x00007ffb59330000 - 0x00007ffb59397000 	C:\Windows\system32\mswsock.dll
0x00007ffb12f20000 - 0x00007ffb12f32000 	C:\Program Files\Java\jdk1.8.0_231\jre\bin\nio.dll
0x00007ffb1d820000 - 0x00007ffb1d884000 	C:\Users\mdeej\AppData\Local\Temp\lwjglmdeej\3.2.3-build-13\lwjgl.dll
0x00007ffb1d7b0000 - 0x00007ffb1d812000 	C:\Users\mdeej\AppData\Local\Temp\lwjglmdeej\3.2.3-build-13\glfw.dll
0x00007ffb56de0000 - 0x00007ffb56e79000 	C:\Windows\system32\uxtheme.dll
0x00007ffb2df10000 - 0x00007ffb2df53000 	C:\Windows\SYSTEM32\dinput8.dll
0x00007ffb2dbe0000 - 0x00007ffb2dbf1000 	C:\Windows\SYSTEM32\xinput1_4.dll
0x00007ffb598c0000 - 0x00007ffb598ea000 	C:\Windows\SYSTEM32\DEVOBJ.dll
0x00007ffb57520000 - 0x00007ffb5754d000 	C:\Windows\SYSTEM32\dwmapi.dll
0x00007ffb4f940000 - 0x00007ffb4fa5a000 	C:\Windows\SYSTEM32\inputhost.dll
0x00007ffb53890000 - 0x00007ffb53bba000 	C:\Windows\SYSTEM32\CoreUIComponents.dll
0x00007ffb56300000 - 0x00007ffb563d4000 	C:\Windows\SYSTEM32\CoreMessaging.dll
0x00007ffb54e80000 - 0x00007ffb54fd3000 	C:\Windows\SYSTEM32\wintypes.dll
0x00007ffb56090000 - 0x00007ffb5617f000 	C:\Windows\SYSTEM32\PROPSYS.dll
0x00007ffb5c3c0000 - 0x00007ffb5c484000 	C:\Windows\System32\OLEAUT32.dll
0x00007ffb58bd0000 - 0x00007ffb58c01000 	C:\Windows\SYSTEM32\ntmarta.dll
0x00007ffb5c280000 - 0x00007ffb5c3b6000 	C:\Windows\System32\MSCTF.dll
0x00007ffb58430000 - 0x00007ffb5843e000 	C:\Windows\SYSTEM32\HID.DLL
0x00007ffb5ad30000 - 0x00007ffb5b1a0000 	C:\Windows\System32\SETUPAPI.DLL
0x00007ffb59c30000 - 0x00007ffb59c56000 	C:\Windows\System32\bcrypt.dll
0x00007ffb5a920000 - 0x00007ffb5a97c000 	C:\Windows\System32\WINTRUST.dll
0x00007ffb59b40000 - 0x00007ffb59b52000 	C:\Windows\System32\MSASN1.dll
0x00007ffb59c60000 - 0x00007ffb59da9000 	C:\Windows\System32\CRYPT32.dll
0x00007ffafede0000 - 0x00007ffafef36000 	C:\Windows\SYSTEM32\opengl32.dll
0x00007ffb3e860000 - 0x00007ffb3e88c000 	C:\Windows\SYSTEM32\GLU32.dll
0x00007ffb587a0000 - 0x00007ffb587c0000 	C:\Windows\SYSTEM32\dxcore.dll
0x00007ffaf1fe0000 - 0x00007ffaf4704000 	C:\Windows\System32\DriverStore\FileRepository\nvaki.inf_amd64_149c0c4968822483\nvoglv64.dll
0x00007ffb5c500000 - 0x00007ffb5c657000 	C:\Windows\System32\ole32.dll
0x00007ffb54e60000 - 0x00007ffb54e73000 	C:\Windows\SYSTEM32\WTSAPI32.dll
0x00007ffb23280000 - 0x00007ffb23537000 	C:\Windows\system32\nvspcap64.dll
0x00007ffb58d70000 - 0x00007ffb58dcc000 	C:\Windows\SYSTEM32\WINSTA.dll
0x00007ffb4fa60000 - 0x00007ffb4fafe000 	C:\Windows\System32\TextInputFramework.dll
0x00007ffb4b450000 - 0x00007ffb4b6f6000 	C:\Windows\System32\iertutil.dll
0x00007ffb1d680000 - 0x00007ffb1d6d9000 	C:\Users\mdeej\AppData\Local\Temp\lwjglmdeej\3.2.3-build-13\lwjgl_opengl.dll
0x00007ffb06680000 - 0x00007ffb068d3000 	C:\Users\mdeej\AppData\Local\Temp\lwjglmdeej\3.2.3-build-13\jemalloc.dll
0x00007ffb03850000 - 0x00007ffb039ea000 	C:\Program Files\Java\jdk1.8.0_231\jre\bin\awt.dll
0x00007ffb56ca0000 - 0x00007ffb56d2f000 	C:\Windows\SYSTEM32\apphelp.dll
0x00007ffb58230000 - 0x00007ffb58424000 	C:\Windows\SYSTEM32\dbghelp.dll

VM Arguments:
jvm_args: -XX:+UnlockCommercialFeatures -javaagent:C:\Program Files\JetBrains\IntelliJ IDEA 2019.3.4\lib\idea_rt.jar=64539:C:\Program Files\JetBrains\IntelliJ IDEA 2019.3.4\bin -Dfile.encoding=UTF-8 
java_command: com.mikedeejay2.voxel.game.Main
java_class_path (initial): C:\Program Files\Java\jdk1.8.0_231\jre\lib\charsets.jar;C:\Program Files\Java\jdk1.8.0_231\jre\lib\deploy.jar;C:\Program Files\Java\jdk1.8.0_231\jre\lib\ext\access-bridge-64.jar;C:\Program Files\Java\jdk1.8.0_231\jre\lib\ext\cldrdata.jar;C:\Program Files\Java\jdk1.8.0_231\jre\lib\ext\dnsns.jar;C:\Program Files\Java\jdk1.8.0_231\jre\lib\ext\jaccess.jar;C:\Program Files\Java\jdk1.8.0_231\jre\lib\ext\jfxrt.jar;C:\Program Files\Java\jdk1.8.0_231\jre\lib\ext\localedata.jar;C:\Program Files\Java\jdk1.8.0_231\jre\lib\ext\nashorn.jar;C:\Program Files\Java\jdk1.8.0_231\jre\lib\ext\sunec.jar;C:\Program Files\Java\jdk1.8.0_231\jre\lib\ext\sunjce_provider.jar;C:\Program Files\Java\jdk1.8.0_231\jre\lib\ext\sunmscapi.jar;C:\Program Files\Java\jdk1.8.0_231\jre\lib\ext\sunpkcs11.jar;C:\Program Files\Java\jdk1.8.0_231\jre\lib\ext\zipfs.jar;C:\Program Files\Java\jdk1.8.0_231\jre\lib\javaws.jar;C:\Program Files\Java\jdk1.8.0_231\jre\lib\jce.jar;C:\Program Files\Java\jdk1.8.0_231\jre\lib\jfr.jar;C:\Program Files\Java\jdk1.8.0_231\jre\lib\jfxswt.jar;C:\Program Files\Java\jdk1.8.0_231\jre\lib\jsse.jar;C:\Program Files\Java\jdk1.8.0_231\jre\lib\management-agent.jar;C:\Program Files\Java\jdk1.8.0_231\jre\lib\plugin.jar;C:\Program Files\Java\jdk1.8.0_231\jre\lib\resources.jar;C:\Program Files\Java\jdk1.8.0_231\jre\lib\rt.jar;C:\Users\mdeej\IdeaProjects\APCSP\out\production\APCSP;C:\Users\mdeej\IdeaProjects\APCSP\libs\lwjgl.jar;C:\Users\mdeej\IdeaProjects\APCSP\libs\lwjgl-egl.jar;C:\Users\mdeej\IdeaProjects\APCSP\libs\lwjgl-lz4.jar;C:\Users\mdeej\IdeaProjects\APCSP\libs\lwjgl-nfd.jar;C:\Users\mdeej\IdeaProjects\APCSP\libs\lwjgl-ovr.jar;C:\Users\mdeej\IdeaProjects\APCSP\libs\lwjgl-par.jar;C:\Users\mdeej\IdeaProjects\APCSP\libs\lwjgl-sse.jar;C:\Users\mdeej\IdeaProjects\APCSP\libs\lwjgl-stb.jar;C:\Users\mdeej\IdeaProjects\APCSP\libs\lwjgl-vma.jar;C:\Users\mdeej\IdeaProjects\APCSP\libs\lwjgl-bgfx.jar;C:\Users\mdeej\IdeaProjects\APCSP\libs\lwjgl-cuda.jar;C:\Users\mdee
Launcher Type: SUN_STANDARD

Environment Variables:
PATH=C:\Program Files (x86)\Common Files\Intel\Shared Libraries\redist\intel64\compiler;C:\Program Files (x86)\Common Files\Oracle\Java\javapath;C:\Windows\system32;C:\Windows;C:\Windows\System32\Wbem;C:\Windows\System32\WindowsPowerShell\v1.0\;C:\Windows\System32\OpenSSH\;C:\Program Files\NVIDIA Corporation\NVIDIA NvDLISR;C:\Program Files (x86)\NVIDIA Corporation\PhysX\Common;C:\Program Files (x86)\QuickTime\QTSystem\;C:\Users\mdeej\AppData\Local\Microsoft\WindowsApps;
USERNAME=mdeej
OS=Windows_NT
PROCESSOR_IDENTIFIER=Intel64 Family 6 Model 158 Stepping 10, GenuineIntel



---------------  S Y S T E M  ---------------

OS: Windows 10.0 , 64 bit Build 18362 (10.0.18362.778)

CPU:total 12 (initial active 12) (6 cores per cpu, 2 threads per core) family 6 model 158 stepping 10, cmov, cx8, fxsr, mmx, sse, sse2, sse3, ssse3, sse4.1, sse4.2, popcnt, avx, avx2, aes, clmul, erms, rtm, 3dnowpref, lzcnt, ht, tsc, tscinvbit, bmi1, bmi2, adx

Memory: 4k page, physical 33487264k(16756632k free), swap 98498976k(71924648k free)

vm_info: Java HotSpot(TM) 64-Bit Server VM (25.231-b11) for windows-amd64 JRE (1.8.0_231-b11), built on Oct  5 2019 03:11:30 by "java_re" with MS VC++ 10.0 (VS2010)

time: Wed May 06 21:07:58 2020
timezone: Eastern Daylight Time
elapsed time: 22 seconds (0d 0h 0m 22s)

