#
# A fatal error has been detected by the Java Runtime Environment:
#
#  EXCEPTION_ACCESS_VIOLATION (0xc0000005) at pc=0x00007ffaf26a4013, pid=3488, tid=0x0000000000005c78
#
# JRE version: Java(TM) SE Runtime Environment (8.0_231-b11) (build 1.8.0_231-b11)
# Java VM: Java HotSpot(TM) 64-Bit Server VM (25.231-b11 mixed mode windows-amd64 compressed oops)
# Problematic frame:
# C  [nvoglv64.dll+0x6c4013]
#
# Failed to write core dump. Minidumps are not enabled by default on client versions of Windows
#
# If you would like to submit a bug report, please visit:
#   http://bugreport.java.com/bugreport/crash.jsp
# The crash happened outside the Java Virtual Machine in native code.
# See problematic frame for where to report the bug.
#

---------------  T H R E A D  ---------------

Current thread (0x0000000002f17000):  JavaThread "main" [_thread_in_native, id=23672, stack(0x0000000002c80000,0x0000000002d80000)]

siginfo: ExceptionCode=0xc0000005, reading address 0x0000000000000000

Registers:
RAX=0x0000000000000000, RBX=0x0000000000000000, RCX=0x00000000fffffde8, RDX=0x000000002be17780
RSP=0x0000000002d7f260, RBP=0x000000000000434c, RSI=0x00000000000010c8, RDI=0x000000002b64c080
R8 =0x0000000000000008, R9 =0x000000002be1775c, R10=0x0000000000004320, R11=0x000000002be17774
R12=0x000000002be17780, R13=0x0000000000001405, R14=0x0000000000000000, R15=0x0000000000000218
RIP=0x00007ffaf26a4013, EFLAGS=0x0000000000010297

Top of Stack: (sp=0x0000000002d7f260)
0x0000000002d7f260:   0000000002f16c90 000000007184c396
0x0000000002d7f270:   0000000002d7f9d8 0000000002f17920
0x0000000002d7f280:   00000000000003d8 0000000002f17930
0x0000000002d7f290:   0000000033c299d0 0000000002f17000
0x0000000002d7f2a0:   0000000033c299d0 0000000002f17000
0x0000000002d7f2b0:   0000000000000000 0000000000000000
0x0000000002d7f2c0:   0000000002d7f3c0 0000000033c299d0
0x0000000002d7f2d0:   0000000000000000 000000000301835d
0x0000000002d7f2e0:   0000000032cafa80 0000000003028c67
0x0000000002d7f2f0:   0000000002d7f380 0000000000004320
0x0000000002d7f300:   0000000002f17000 0000000033c299d0
0x0000000002d7f310:   0000000000001405 0000000000000000
0x0000000002d7f320:   0000000032cafa80 0000000002f17000
0x0000000002d7f330:   0000000002d7f438 0000000003028962
0x0000000002d7f340:   0000000002d7f340 0000000033c299d0
0x0000000002d7f350:   0000000002d7f3c0 0000000033c341c8 

Instructions: (pc=0x00007ffaf26a4013)
0x00007ffaf26a3ff3:   6f 25 d7 07 5f 01 41 8d 48 f7 66 0f 6f 2d db 07
0x00007ffaf26a4003:   5f 01 c1 e9 03 ff c1 44 8b f9 f7 d9 45 8d 04 c8
0x00007ffaf26a4013:   f3 0f 6f 10 f3 0f 6f 48 10 66 0f 6f c2 66 0f eb
0x00007ffaf26a4023:   c3 48 83 c0 20 66 0f 6f d8 66 0f eb d9 0f 18 00 


Register to memory mapping:

RAX=0x0000000000000000 is an unknown value
RBX=0x0000000000000000 is an unknown value
RCX=0x00000000fffffde8 is an unknown value
RDX=0x000000002be17780 is an unknown value
RSP=0x0000000002d7f260 is pointing into the stack for thread: 0x0000000002f17000
RBP=0x000000000000434c is an unknown value
RSI=0x00000000000010c8 is an unknown value
RDI=0x000000002b64c080 is an unknown value
R8 =0x0000000000000008 is an unknown value
R9 =0x000000002be1775c is an unknown value
R10=0x0000000000004320 is an unknown value
R11=0x000000002be17774 is an unknown value
R12=0x000000002be17780 is an unknown value
R13=0x0000000000001405 is an unknown value
R14=0x0000000000000000 is an unknown value
R15=0x0000000000000218 is an unknown value


Stack: [0x0000000002c80000,0x0000000002d80000],  sp=0x0000000002d7f260,  free space=1020k
Native frames: (J=compiled Java code, j=interpreted, Vv=VM code, C=native code)
C  [nvoglv64.dll+0x6c4013]
C  0x0000000003028c67

Java frames: (J=compiled Java code, j=interpreted, Vv=VM code)
j  org.lwjgl.opengl.GL11C.nglDrawElements(IIIJ)V+0
j  org.lwjgl.opengl.GL11C.glDrawElements(IIIJ)V+4
j  org.lwjgl.opengl.GL11.glDrawElements(IIIJ)V+4
j  com.mikedeejay2.voxel.engine.graphics.renderers.Renderer.render(Ljava/util/Map;)V+97
j  com.mikedeejay2.voxel.engine.graphics.renderers.MasterRenderer.render(Lcom/mikedeejay2/voxel/engine/graphics/objects/Camera;)V+42
j  com.mikedeejay2.voxel.game.Main.render()V+46
j  com.mikedeejay2.voxel.engine.core.CoreEngine.run()V+163
j  com.mikedeejay2.voxel.engine.core.CoreEngine.start()V+9
j  com.mikedeejay2.voxel.game.Main.start()V+29
j  com.mikedeejay2.voxel.game.Main.main([Ljava/lang/String;)V+7
v  ~StubRoutines::call_stub

---------------  P R O C E S S  ---------------

Java Threads: ( => current thread )
  0x0000000032ed6800 JavaThread "world" [_thread_blocked, id=23764, stack(0x00000000344a0000,0x00000000345a0000)]
  0x0000000033079000 JavaThread "chunkConsumer" [_thread_in_Java, id=168, stack(0x00000000343a0000,0x00000000344a0000)]
  0x0000000032e70000 JavaThread "chunkProducer" [_thread_blocked, id=25096, stack(0x00000000342a0000,0x00000000343a0000)]
  0x0000000032de3800 JavaThread "Java2D Disposer" daemon [_thread_blocked, id=9700, stack(0x0000000033f40000,0x0000000034040000)]
  0x0000000029237000 JavaThread "Service Thread" daemon [_thread_blocked, id=20416, stack(0x0000000029ce0000,0x0000000029de0000)]
  0x0000000029184800 JavaThread "C1 CompilerThread3" daemon [_thread_blocked, id=18256, stack(0x0000000029be0000,0x0000000029ce0000)]
  0x0000000029183800 JavaThread "C2 CompilerThread2" daemon [_thread_in_native, id=11068, stack(0x0000000029ae0000,0x0000000029be0000)]
  0x0000000029183000 JavaThread "C2 CompilerThread1" daemon [_thread_in_native, id=3260, stack(0x00000000299e0000,0x0000000029ae0000)]
  0x0000000029180000 JavaThread "C2 CompilerThread0" daemon [_thread_in_native, id=23784, stack(0x00000000298e0000,0x00000000299e0000)]
  0x0000000027d1d000 JavaThread "Monitor Ctrl-Break" daemon [_thread_in_native, id=20888, stack(0x00000000297e0000,0x00000000298e0000)]
  0x000000002799b800 JavaThread "Attach Listener" daemon [_thread_blocked, id=11684, stack(0x0000000028ee0000,0x0000000028fe0000)]
  0x000000002799a800 JavaThread "Signal Dispatcher" daemon [_thread_blocked, id=21972, stack(0x0000000028de0000,0x0000000028ee0000)]
  0x0000000026297800 JavaThread "Finalizer" daemon [_thread_blocked, id=17864, stack(0x0000000028be0000,0x0000000028ce0000)]
  0x0000000027983000 JavaThread "Reference Handler" daemon [_thread_blocked, id=17644, stack(0x0000000028ae0000,0x0000000028be0000)]
=>0x0000000002f17000 JavaThread "main" [_thread_in_native, id=23672, stack(0x0000000002c80000,0x0000000002d80000)]

Other Threads:
  0x0000000027961800 VMThread [stack: 0x00000000289e0000,0x0000000028ae0000] [id=26072]
  0x0000000027d1e000 WatcherThread [stack: 0x0000000029de0000,0x0000000029ee0000] [id=17004]

VM state:not at safepoint (normal execution)

VM Mutex/Monitor currently owned by a thread: None

heap address: 0x00000005c1000000, size: 8176 MB, Compressed Oops mode: Zero based, Oop shift amount: 3
Narrow klass base: 0x0000000000000000, Narrow klass shift: 3
Compressed class space size: 1073741824 Address: 0x00000007c0000000

Heap:
 PSYoungGen      total 153088K, used 58020K [0x0000000715b00000, 0x0000000720580000, 0x00000007c0000000)
  eden space 131584K, 44% used [0x0000000715b00000,0x00000007193a92f0,0x000000071db80000)
  from space 21504K, 0% used [0x000000071f080000,0x000000071f080000,0x0000000720580000)
  to   space 21504K, 0% used [0x000000071db80000,0x000000071db80000,0x000000071f080000)
 ParOldGen       total 349696K, used 0K [0x00000005c1000000, 0x00000005d6580000, 0x0000000715b00000)
  object space 349696K, 0% used [0x00000005c1000000,0x00000005c1000000,0x00000005d6580000)
 Metaspace       used 13049K, capacity 13225K, committed 13440K, reserved 1060864K
  class space    used 1030K, capacity 1097K, committed 1152K, reserved 1048576K

Card table byte_map: [0x00000000123d0000,0x00000000133d0000] byte_map_base: 0x000000000f5c8000

Marking Bits: (ParMarkBitMap*) 0x0000000071fb6d90
 Begin Bits: [0x0000000014880000, 0x000000001c840000)
 End Bits:   [0x000000001c840000, 0x0000000024800000)

Polling page: 0x00000000009e0000

CodeCache: size=245760Kb used=4095Kb max_used=4095Kb free=241664Kb
 bounds [0x0000000003010000, 0x0000000003420000, 0x0000000012010000]
 total_blobs=1870 nmethods=862 adapters=921
 compilation: enabled

Compilation events (10 events):
Event: 1.121 Thread 0x0000000029184800  882       3       com.mikedeejay2.voxel.engine.io.Input::update (1 bytes)
Event: 1.121 Thread 0x0000000029184800 nmethod 882 0x0000000003411450 code [0x00000000034115a0, 0x00000000034116d0]
Event: 1.121 Thread 0x0000000029184800  883       3       com.mikedeejay2.voxel.game.Main::update (9 bytes)
Event: 1.121 Thread 0x0000000029184800 nmethod 883 0x0000000003411750 code [0x00000000034118c0, 0x0000000003411a70]
Event: 1.121 Thread 0x0000000029184800  884       3       com.mikedeejay2.voxel.engine.graphics.objects.Camera::update (1 bytes)
Event: 1.122 Thread 0x0000000029184800 nmethod 884 0x0000000003411b50 code [0x0000000003411ca0, 0x0000000003411df0]
Event: 1.122 Thread 0x0000000029184800  890       2       java.nio.charset.CharsetEncoder::reset (11 bytes)
Event: 1.122 Thread 0x0000000029184800 nmethod 890 0x0000000003411e90 code [0x0000000003411fe0, 0x0000000003412130]
Event: 1.122 Thread 0x0000000029184800  891       2       java.nio.charset.CharsetEncoder::implReset (1 bytes)
Event: 1.122 Thread 0x0000000029184800 nmethod 891 0x00000000034121d0 code [0x0000000003412320, 0x0000000003412470]

GC Heap History (0 events):
No events

Deoptimization events (9 events):
Event: 0.193 Thread 0x0000000002f17000 Uncommon trap: reason=unstable_if action=reinterpret pc=0x0000000003198a44 method=java.lang.String.indexOf([CII[CIII)I @ 134
Event: 0.978 Thread 0x0000000032ed6800 Uncommon trap: reason=unstable_if action=reinterpret pc=0x000000000329dbd4 method=java.util.HashMap.getNode(ILjava/lang/Object;)Ljava/util/HashMap$Node; @ 62
Event: 0.978 Thread 0x0000000032ed6800 Uncommon trap: reason=unstable_if action=reinterpret pc=0x000000000329b174 method=java.util.HashMap.getNode(ILjava/lang/Object;)Ljava/util/HashMap$Node; @ 62
Event: 0.999 Thread 0x0000000033079000 Uncommon trap: reason=unstable_if action=reinterpret pc=0x0000000003343608 method=com.mikedeejay2.voxel.game.world.chunk.Chunk.containsVoxelAtOffset(III)Z @ 5
Event: 1.025 Thread 0x0000000033079000 Uncommon trap: reason=unstable_if action=reinterpret pc=0x000000000336db20 method=com.mikedeejay2.voxel.game.world.chunk.Chunk.containsVoxelAtOffset(III)Z @ 1
Event: 1.031 Thread 0x0000000032ed6800 Uncommon trap: reason=unstable_if action=reinterpret pc=0x000000000332b780 method=java.util.HashMap.getNode(ILjava/lang/Object;)Ljava/util/HashMap$Node; @ 129
Event: 1.031 Thread 0x0000000032ed6800 Uncommon trap: reason=unstable_if action=reinterpret pc=0x0000000003350840 method=java.util.HashMap.getNode(ILjava/lang/Object;)Ljava/util/HashMap$Node; @ 129
Event: 1.031 Thread 0x0000000032ed6800 Uncommon trap: reason=unstable_if action=reinterpret pc=0x000000000334010c method=java.util.HashMap.getNode(ILjava/lang/Object;)Ljava/util/HashMap$Node; @ 129
Event: 1.048 Thread 0x0000000033079000 Uncommon trap: reason=unstable_if action=reinterpret pc=0x000000000336e15c method=com.mikedeejay2.voxel.game.world.chunk.Chunk.containsVoxelAtOffset(III)Z @ 21

Classes redefined (0 events):
No events

Internal exceptions (10 events):
Event: 0.220 Thread 0x0000000002f17000 Exception <a 'sun/nio/fs/WindowsException'> (0x00000007168c63b8) thrown at [C:\re\workspace\8-2-build-windows-amd64-cygwin\jdk8u231\13620\hotspot\src\share\vm\prims\jni.cpp, line 710]
Event: 0.224 Thread 0x0000000002f17000 Exception <a 'sun/nio/fs/WindowsException'> (0x00000007168f5b28) thrown at [C:\re\workspace\8-2-build-windows-amd64-cygwin\jdk8u231\13620\hotspot\src\share\vm\prims\jni.cpp, line 710]
Event: 0.225 Thread 0x0000000002f17000 Exception <a 'sun/nio/fs/WindowsException'> (0x00000007168f6208) thrown at [C:\re\workspace\8-2-build-windows-amd64-cygwin\jdk8u231\13620\hotspot\src\share\vm\prims\jni.cpp, line 710]
Event: 0.623 Thread 0x0000000002f17000 Exception <a 'sun/nio/fs/WindowsException'> (0x0000000716a5fbd8) thrown at [C:\re\workspace\8-2-build-windows-amd64-cygwin\jdk8u231\13620\hotspot\src\share\vm\prims\jni.cpp, line 710]
Event: 0.623 Thread 0x0000000002f17000 Exception <a 'sun/nio/fs/WindowsException'> (0x0000000716a60318) thrown at [C:\re\workspace\8-2-build-windows-amd64-cygwin\jdk8u231\13620\hotspot\src\share\vm\prims\jni.cpp, line 710]
Event: 0.624 Thread 0x0000000002f17000 Exception <a 'sun/nio/fs/WindowsException'> (0x0000000716a778f8) thrown at [C:\re\workspace\8-2-build-windows-amd64-cygwin\jdk8u231\13620\hotspot\src\share\vm\prims\jni.cpp, line 710]
Event: 0.624 Thread 0x0000000002f17000 Exception <a 'sun/nio/fs/WindowsException'> (0x0000000716a77ef0) thrown at [C:\re\workspace\8-2-build-windows-amd64-cygwin\jdk8u231\13620\hotspot\src\share\vm\prims\jni.cpp, line 710]
Event: 0.672 Thread 0x0000000002f17000 Exception <a 'sun/nio/fs/WindowsException'> (0x0000000716c30e60) thrown at [C:\re\workspace\8-2-build-windows-amd64-cygwin\jdk8u231\13620\hotspot\src\share\vm\prims\jni.cpp, line 710]
Event: 0.672 Thread 0x0000000002f17000 Exception <a 'sun/nio/fs/WindowsException'> (0x0000000716c31590) thrown at [C:\re\workspace\8-2-build-windows-amd64-cygwin\jdk8u231\13620\hotspot\src\share\vm\prims\jni.cpp, line 710]
Event: 0.873 Thread 0x0000000002f17000 Exception <a 'java/io/FileNotFoundException'> (0x0000000717770130) thrown at [C:\re\workspace\8-2-build-windows-amd64-cygwin\jdk8u231\13620\hotspot\src\share\vm\prims\jni.cpp, line 710]

Events (10 events):
Event: 1.118 loading class org/lwjgl/opengl/GL30C
Event: 1.118 loading class org/lwjgl/opengl/GL30C done
Event: 1.119 loading class org/lwjgl/opengl/GL21C
Event: 1.119 loading class org/lwjgl/opengl/GL21C done
Event: 1.121 loading class com/mikedeejay2/voxel/engine/graphics/models/RawModel
Event: 1.121 loading class com/mikedeejay2/voxel/engine/graphics/models/RawModel done
Event: 1.121 loading class com/mikedeejay2/voxel/engine/graphics/models/TexturedModel
Event: 1.121 loading class com/mikedeejay2/voxel/engine/graphics/models/TexturedModel done
Event: 1.122 loading class com/mikedeejay2/voxel/engine/graphics/objects/Entity
Event: 1.122 loading class com/mikedeejay2/voxel/engine/graphics/objects/Entity done


Dynamic libraries:
0x00007ff7e1ac0000 - 0x00007ff7e1af7000 	C:\Program Files\Java\jdk1.8.0_231\bin\java.exe
0x00007ffb5cc00000 - 0x00007ffb5cdf0000 	C:\Windows\SYSTEM32\ntdll.dll
0x00007ffb5b5b0000 - 0x00007ffb5b662000 	C:\Windows\System32\KERNEL32.DLL
0x00007ffb5aa00000 - 0x00007ffb5aca3000 	C:\Windows\System32\KERNELBASE.dll
0x00007ffb5c1d0000 - 0x00007ffb5c273000 	C:\Windows\System32\ADVAPI32.dll
0x00007ffb5b510000 - 0x00007ffb5b5ae000 	C:\Windows\System32\msvcrt.dll
0x00007ffb5c660000 - 0x00007ffb5c6f7000 	C:\Windows\System32\sechost.dll
0x00007ffb5c0b0000 - 0x00007ffb5c1d0000 	C:\Windows\System32\RPCRT4.dll
0x00007ffb5b2c0000 - 0x00007ffb5b454000 	C:\Windows\System32\USER32.dll
0x00007ffb5a630000 - 0x00007ffb5a651000 	C:\Windows\System32\win32u.dll
0x00007ffb5bf20000 - 0x00007ffb5bf46000 	C:\Windows\System32\GDI32.dll
0x00007ffb5a660000 - 0x00007ffb5a7f4000 	C:\Windows\System32\gdi32full.dll
0x00007ffb59b90000 - 0x00007ffb59c2e000 	C:\Windows\System32\msvcp_win.dll
0x00007ffb5a530000 - 0x00007ffb5a62a000 	C:\Windows\System32\ucrtbase.dll
0x00007ffb43fc0000 - 0x00007ffb44245000 	C:\Windows\WinSxS\amd64_microsoft.windows.common-controls_6595b64144ccf1df_6.0.18362.778_none_e6c6b761130d4fb8\COMCTL32.dll
0x00007ffb5c760000 - 0x00007ffb5ca96000 	C:\Windows\System32\combase.dll
0x00007ffb5a980000 - 0x00007ffb5aa00000 	C:\Windows\System32\bcryptPrimitives.dll
0x00007ffb5b1a0000 - 0x00007ffb5b1ce000 	C:\Windows\System32\IMM32.DLL
0x00000000731d0000 - 0x00000000732a2000 	C:\Program Files\Java\jdk1.8.0_231\jre\bin\msvcr100.dll
0x0000000071790000 - 0x0000000072036000 	C:\Program Files\Java\jdk1.8.0_231\jre\bin\server\jvm.dll
0x00007ffb5bf50000 - 0x00007ffb5bf58000 	C:\Windows\System32\PSAPI.DLL
0x00007ffb49340000 - 0x00007ffb49349000 	C:\Windows\SYSTEM32\WSOCK32.dll
0x00007ffb56760000 - 0x00007ffb56784000 	C:\Windows\SYSTEM32\WINMM.dll
0x00007ffb54630000 - 0x00007ffb5463a000 	C:\Windows\SYSTEM32\VERSION.dll
0x00007ffb5bfe0000 - 0x00007ffb5c04f000 	C:\Windows\System32\WS2_32.dll
0x00007ffb562d0000 - 0x00007ffb562fd000 	C:\Windows\SYSTEM32\WINMMBASE.dll
0x00007ffb5a8d0000 - 0x00007ffb5a91a000 	C:\Windows\System32\cfgmgr32.dll
0x00007ffb435e0000 - 0x00007ffb435ef000 	C:\Program Files\Java\jdk1.8.0_231\jre\bin\verify.dll
0x00007ffb24220000 - 0x00007ffb24249000 	C:\Program Files\Java\jdk1.8.0_231\jre\bin\java.dll
0x00007ffb2b9c0000 - 0x00007ffb2b9e3000 	C:\Program Files\Java\jdk1.8.0_231\jre\bin\instrument.dll
0x00007ffb435c0000 - 0x00007ffb435d6000 	C:\Program Files\Java\jdk1.8.0_231\jre\bin\zip.dll
0x00007ffb5b670000 - 0x00007ffb5bd55000 	C:\Windows\System32\SHELL32.dll
0x00007ffb5b460000 - 0x00007ffb5b509000 	C:\Windows\System32\shcore.dll
0x00007ffb59db0000 - 0x00007ffb5a530000 	C:\Windows\System32\windows.storage.dll
0x00007ffb59b60000 - 0x00007ffb59b83000 	C:\Windows\System32\profapi.dll
0x00007ffb59af0000 - 0x00007ffb59b3a000 	C:\Windows\System32\powrprof.dll
0x00007ffb59ac0000 - 0x00007ffb59ad0000 	C:\Windows\System32\UMPDC.dll
0x00007ffb5c700000 - 0x00007ffb5c752000 	C:\Windows\System32\shlwapi.dll
0x00007ffb59ad0000 - 0x00007ffb59ae1000 	C:\Windows\System32\kernel.appcore.dll
0x00007ffb5a8b0000 - 0x00007ffb5a8c7000 	C:\Windows\System32\cryptsp.dll
0x00007ffb2dfe0000 - 0x00007ffb2dffa000 	C:\Program Files\JetBrains\IntelliJ IDEA 2019.3.4\bin\breakgen64.dll
0x00007ffb1d6e0000 - 0x00007ffb1d6fa000 	C:\Program Files\Java\jdk1.8.0_231\jre\bin\net.dll
0x00007ffb59330000 - 0x00007ffb59397000 	C:\Windows\system32\mswsock.dll
0x00007ffb12f20000 - 0x00007ffb12f32000 	C:\Program Files\Java\jdk1.8.0_231\jre\bin\nio.dll
0x00007ffb1d820000 - 0x00007ffb1d884000 	C:\Users\mdeej\AppData\Local\Temp\lwjglmdeej\3.2.3-build-13\lwjgl.dll
0x00007ffb1d7b0000 - 0x00007ffb1d812000 	C:\Users\mdeej\AppData\Local\Temp\lwjglmdeej\3.2.3-build-13\glfw.dll
0x00007ffb56de0000 - 0x00007ffb56e79000 	C:\Windows\system32\uxtheme.dll
0x00007ffb2df10000 - 0x00007ffb2df53000 	C:\Windows\SYSTEM32\dinput8.dll
0x00007ffb2dbe0000 - 0x00007ffb2dbf1000 	C:\Windows\SYSTEM32\xinput1_4.dll
0x00007ffb598c0000 - 0x00007ffb598ea000 	C:\Windows\SYSTEM32\DEVOBJ.dll
0x00007ffb57520000 - 0x00007ffb5754d000 	C:\Windows\SYSTEM32\dwmapi.dll
0x00007ffb4f940000 - 0x00007ffb4fa5a000 	C:\Windows\SYSTEM32\inputhost.dll
0x00007ffb56300000 - 0x00007ffb563d4000 	C:\Windows\SYSTEM32\CoreMessaging.dll
0x00007ffb53890000 - 0x00007ffb53bba000 	C:\Windows\SYSTEM32\CoreUIComponents.dll
0x00007ffb56090000 - 0x00007ffb5617f000 	C:\Windows\SYSTEM32\PROPSYS.dll
0x00007ffb54e80000 - 0x00007ffb54fd3000 	C:\Windows\SYSTEM32\wintypes.dll
0x00007ffb5c3c0000 - 0x00007ffb5c484000 	C:\Windows\System32\OLEAUT32.dll
0x00007ffb58bd0000 - 0x00007ffb58c01000 	C:\Windows\SYSTEM32\ntmarta.dll
0x00007ffb5c280000 - 0x00007ffb5c3b6000 	C:\Windows\System32\MSCTF.dll
0x00007ffb58430000 - 0x00007ffb5843e000 	C:\Windows\SYSTEM32\HID.DLL
0x00007ffb5ad30000 - 0x00007ffb5b1a0000 	C:\Windows\System32\SETUPAPI.DLL
0x00007ffb59c30000 - 0x00007ffb59c56000 	C:\Windows\System32\bcrypt.dll
0x00007ffb5a920000 - 0x00007ffb5a97c000 	C:\Windows\System32\WINTRUST.dll
0x00007ffb59b40000 - 0x00007ffb59b52000 	C:\Windows\System32\MSASN1.dll
0x00007ffb59c60000 - 0x00007ffb59da9000 	C:\Windows\System32\CRYPT32.dll
0x00007ffafede0000 - 0x00007ffafef36000 	C:\Windows\SYSTEM32\opengl32.dll
0x00007ffb3e860000 - 0x00007ffb3e88c000 	C:\Windows\SYSTEM32\GLU32.dll
0x00007ffb587a0000 - 0x00007ffb587c0000 	C:\Windows\SYSTEM32\dxcore.dll
0x00007ffaf1fe0000 - 0x00007ffaf4704000 	C:\Windows\System32\DriverStore\FileRepository\nvaki.inf_amd64_149c0c4968822483\nvoglv64.dll
0x00007ffb5c500000 - 0x00007ffb5c657000 	C:\Windows\System32\ole32.dll
0x00007ffb54e60000 - 0x00007ffb54e73000 	C:\Windows\SYSTEM32\WTSAPI32.dll
0x00007ffb23280000 - 0x00007ffb23537000 	C:\Windows\system32\nvspcap64.dll
0x00007ffb58d70000 - 0x00007ffb58dcc000 	C:\Windows\SYSTEM32\WINSTA.dll
0x00007ffb4fa60000 - 0x00007ffb4fafe000 	C:\Windows\System32\TextInputFramework.dll
0x00007ffb4b450000 - 0x00007ffb4b6f6000 	C:\Windows\System32\iertutil.dll
0x00007ffb1d680000 - 0x00007ffb1d6d9000 	C:\Users\mdeej\AppData\Local\Temp\lwjglmdeej\3.2.3-build-13\lwjgl_opengl.dll
0x00007ffb06680000 - 0x00007ffb068d3000 	C:\Users\mdeej\AppData\Local\Temp\lwjglmdeej\3.2.3-build-13\jemalloc.dll
0x00007ffb03850000 - 0x00007ffb039ea000 	C:\Program Files\Java\jdk1.8.0_231\jre\bin\awt.dll
0x00007ffb56ca0000 - 0x00007ffb56d2f000 	C:\Windows\SYSTEM32\apphelp.dll
0x00007ffb58230000 - 0x00007ffb58424000 	C:\Windows\SYSTEM32\dbghelp.dll

VM Arguments:
jvm_args: -XX:+UnlockCommercialFeatures -javaagent:C:\Program Files\JetBrains\IntelliJ IDEA 2019.3.4\lib\idea_rt.jar=63922:C:\Program Files\JetBrains\IntelliJ IDEA 2019.3.4\bin -Dfile.encoding=UTF-8 
java_command: com.mikedeejay2.voxel.game.Main
java_class_path (initial): C:\Program Files\Java\jdk1.8.0_231\jre\lib\charsets.jar;C:\Program Files\Java\jdk1.8.0_231\jre\lib\deploy.jar;C:\Program Files\Java\jdk1.8.0_231\jre\lib\ext\access-bridge-64.jar;C:\Program Files\Java\jdk1.8.0_231\jre\lib\ext\cldrdata.jar;C:\Program Files\Java\jdk1.8.0_231\jre\lib\ext\dnsns.jar;C:\Program Files\Java\jdk1.8.0_231\jre\lib\ext\jaccess.jar;C:\Program Files\Java\jdk1.8.0_231\jre\lib\ext\jfxrt.jar;C:\Program Files\Java\jdk1.8.0_231\jre\lib\ext\localedata.jar;C:\Program Files\Java\jdk1.8.0_231\jre\lib\ext\nashorn.jar;C:\Program Files\Java\jdk1.8.0_231\jre\lib\ext\sunec.jar;C:\Program Files\Java\jdk1.8.0_231\jre\lib\ext\sunjce_provider.jar;C:\Program Files\Java\jdk1.8.0_231\jre\lib\ext\sunmscapi.jar;C:\Program Files\Java\jdk1.8.0_231\jre\lib\ext\sunpkcs11.jar;C:\Program Files\Java\jdk1.8.0_231\jre\lib\ext\zipfs.jar;C:\Program Files\Java\jdk1.8.0_231\jre\lib\javaws.jar;C:\Program Files\Java\jdk1.8.0_231\jre\lib\jce.jar;C:\Program Files\Java\jdk1.8.0_231\jre\lib\jfr.jar;C:\Program Files\Java\jdk1.8.0_231\jre\lib\jfxswt.jar;C:\Program Files\Java\jdk1.8.0_231\jre\lib\jsse.jar;C:\Program Files\Java\jdk1.8.0_231\jre\lib\management-agent.jar;C:\Program Files\Java\jdk1.8.0_231\jre\lib\plugin.jar;C:\Program Files\Java\jdk1.8.0_231\jre\lib\resources.jar;C:\Program Files\Java\jdk1.8.0_231\jre\lib\rt.jar;C:\Users\mdeej\IdeaProjects\APCSP\out\production\APCSP;C:\Users\mdeej\IdeaProjects\APCSP\libs\lwjgl.jar;C:\Users\mdeej\IdeaProjects\APCSP\libs\lwjgl-egl.jar;C:\Users\mdeej\IdeaProjects\APCSP\libs\lwjgl-lz4.jar;C:\Users\mdeej\IdeaProjects\APCSP\libs\lwjgl-nfd.jar;C:\Users\mdeej\IdeaProjects\APCSP\libs\lwjgl-ovr.jar;C:\Users\mdeej\IdeaProjects\APCSP\libs\lwjgl-par.jar;C:\Users\mdeej\IdeaProjects\APCSP\libs\lwjgl-sse.jar;C:\Users\mdeej\IdeaProjects\APCSP\libs\lwjgl-stb.jar;C:\Users\mdeej\IdeaProjects\APCSP\libs\lwjgl-vma.jar;C:\Users\mdeej\IdeaProjects\APCSP\libs\lwjgl-bgfx.jar;C:\Users\mdeej\IdeaProjects\APCSP\libs\lwjgl-cuda.jar;C:\Users\mdee
Launcher Type: SUN_STANDARD

Environment Variables:
PATH=C:\Program Files (x86)\Common Files\Intel\Shared Libraries\redist\intel64\compiler;C:\Program Files (x86)\Common Files\Oracle\Java\javapath;C:\Windows\system32;C:\Windows;C:\Windows\System32\Wbem;C:\Windows\System32\WindowsPowerShell\v1.0\;C:\Windows\System32\OpenSSH\;C:\Program Files\NVIDIA Corporation\NVIDIA NvDLISR;C:\Program Files (x86)\NVIDIA Corporation\PhysX\Common;C:\Program Files (x86)\QuickTime\QTSystem\;C:\Users\mdeej\AppData\Local\Microsoft\WindowsApps;
USERNAME=mdeej
OS=Windows_NT
PROCESSOR_IDENTIFIER=Intel64 Family 6 Model 158 Stepping 10, GenuineIntel



---------------  S Y S T E M  ---------------

OS: Windows 10.0 , 64 bit Build 18362 (10.0.18362.778)

CPU:total 12 (initial active 12) (6 cores per cpu, 2 threads per core) family 6 model 158 stepping 10, cmov, cx8, fxsr, mmx, sse, sse2, sse3, ssse3, sse4.1, sse4.2, popcnt, avx, avx2, aes, clmul, erms, rtm, 3dnowpref, lzcnt, ht, tsc, tscinvbit, bmi1, bmi2, adx

Memory: 4k page, physical 33487264k(16636808k free), swap 98498976k(72565240k free)

vm_info: Java HotSpot(TM) 64-Bit Server VM (25.231-b11) for windows-amd64 JRE (1.8.0_231-b11), built on Oct  5 2019 03:11:30 by "java_re" with MS VC++ 10.0 (VS2010)

time: Wed May 06 20:14:33 2020
timezone: Eastern Daylight Time
elapsed time: 1 seconds (0d 0h 0m 1s)

