#
# A fatal error has been detected by the Java Runtime Environment:
#
#  EXCEPTION_ACCESS_VIOLATION (0xc0000005) at pc=0x00007ffaf2c5e2e0, pid=26032, tid=0x0000000000004538
#
# JRE version: Java(TM) SE Runtime Environment (8.0_251-b08) (build 1.8.0_251-b08)
# Java VM: Java HotSpot(TM) 64-Bit Server VM (25.251-b08 mixed mode windows-amd64 compressed oops)
# Problematic frame:
# C  [nvoglv64.dll+0xc7e2e0]
#
# Failed to write core dump. Minidumps are not enabled by default on client versions of Windows
#
# If you would like to submit a bug report, please visit:
#   http://bugreport.java.com/bugreport/crash.jsp
# The crash happened outside the Java Virtual Machine in native code.
# See problematic frame for where to report the bug.
#

---------------  T H R E A D  ---------------

Current thread (0x00000000033c7000):  JavaThread "main" [_thread_in_native, id=17720, stack(0x0000000003110000,0x0000000003210000)]

siginfo: ExceptionCode=0xc0000005, reading address 0x0000000000000000

Registers:
RAX=0x0000000000000000, RBX=0x000000002d8e37a8, RCX=0x000000002d8e37a8, RDX=0x0000000000000008
RSP=0x000000000320ef18, RBP=0x0000000000000004, RSI=0x0000000000000002, RDI=0x00000000378f3158
R8 =0x000000000000000c, R9 =0x0000000000000034, R10=0x000000000000000c, R11=0x0000000000000000
R12=0x0000000000000000, R13=0x00000000378f2df8, R14=0x000000002e68c830, R15=0x00007ffaf2c5e2d0
RIP=0x00007ffaf2c5e2e0, EFLAGS=0x0000000000010202

Top of Stack: (sp=0x000000000320ef18)
0x000000000320ef18:   00007ffaf2d24ec1 0000000007ce3608
0x000000000320ef28:   0000000000000000 0000000030370000
0x000000000320ef38:   0000000000000680 0000000000000000
0x000000000320ef48:   00007ffaf2b908d0 0000000000000000
0x000000000320ef58:   00007ffaf2b8b486 0000000000000007
0x000000000320ef68:   0000000007ce3a18 000000002d8e37a8
0x000000000320ef78:   10c0000000000000 000000002beb2430
0x000000000320ef88:   00007ffaf2b90664 0000000000000000
0x000000000320ef98:   000000002beb2430 0000000000000000
0x000000000320efa8:   0000000000000000 0000000000000004
0x000000000320efb8:   0000000030370000 0000000000001405
0x000000000320efc8:   0000000000000034 000000000000004e
0x000000000320efd8:   00007ffaf2d15e60 0000000030370000
0x000000000320efe8:   0000000000000000 0000000000000034
0x000000000320eff8:   0000000000000000 0000000000001400
0x000000000320f008:   0000000000000000 000000000320f070 

Instructions: (pc=0x00007ffaf2c5e2e0)
0x00007ffaf2c5e2c0:   48 83 c1 08 41 83 e9 01 75 e9 48 8b c1 c3 cc cc
0x00007ffaf2c5e2d0:   4d 63 d0 48 83 c2 08 66 0f 1f 84 00 00 00 00 00
0x00007ffaf2c5e2e0:   8b 42 f8 89 01 8b 42 fc 89 41 04 8b 02 49 03 d2
0x00007ffaf2c5e2f0:   89 41 08 48 83 c1 0c 41 83 e9 01 75 e3 48 8b c1 


Register to memory mapping:

RAX=0x0000000000000000 is an unknown value
RBX=0x000000002d8e37a8 is an unknown value
RCX=0x000000002d8e37a8 is an unknown value
RDX=0x0000000000000008 is an unknown value
RSP=0x000000000320ef18 is pointing into the stack for thread: 0x00000000033c7000
RBP=0x0000000000000004 is an unknown value
RSI=0x0000000000000002 is an unknown value
RDI=0x00000000378f3158 is an unknown value
R8 =0x000000000000000c is an unknown value
R9 =0x0000000000000034 is an unknown value
R10=0x000000000000000c is an unknown value
R11=0x0000000000000000 is an unknown value
R12=0x0000000000000000 is an unknown value
R13=0x00000000378f2df8 is an unknown value
R14=0x000000002e68c830 is an unknown value
R15=0x00007ffaf2c5e2d0 is an unknown value


Stack: [0x0000000003110000,0x0000000003210000],  sp=0x000000000320ef18,  free space=1019k
Native frames: (J=compiled Java code, j=interpreted, Vv=VM code, C=native code)
C  [nvoglv64.dll+0xc7e2e0]

Java frames: (J=compiled Java code, j=interpreted, Vv=VM code)
J 1127  org.lwjgl.opengl.GL11C.nglDrawElements(IIIJ)V (0 bytes) @ 0x000000000395a00e [0x0000000003959fc0+0x4e]
J 1369 C2 com.mikedeejay2.voxel.engine.graphics.renderers.Renderer.render(Ljava/util/Map;)V (111 bytes) @ 0x0000000003aa7858 [0x0000000003aa72a0+0x5b8]
J 1336 C2 com.mikedeejay2.voxel.game.Main.render()V (53 bytes) @ 0x0000000003a7b0a8 [0x0000000003a7ad00+0x3a8]
j  com.mikedeejay2.voxel.engine.core.CoreEngine.run()V+163
j  com.mikedeejay2.voxel.engine.core.CoreEngine.start()V+9
j  com.mikedeejay2.voxel.game.Main.start()V+29
j  com.mikedeejay2.voxel.game.Main.main([Ljava/lang/String;)V+7
v  ~StubRoutines::call_stub

---------------  P R O C E S S  ---------------

Java Threads: ( => current thread )
  0x00000000333d6000 JavaThread "world" [_thread_blocked, id=164, stack(0x0000000034b70000,0x0000000034c70000)]
  0x00000000336c0000 JavaThread "chunkConsumer" [_thread_in_Java, id=12896, stack(0x0000000034a70000,0x0000000034b70000)]
  0x00000000336b5000 JavaThread "chunkProducer" [_thread_blocked, id=24868, stack(0x0000000034970000,0x0000000034a70000)]
  0x00000000335a0800 JavaThread "chunkMeshConsumer" [_thread_in_Java, id=21512, stack(0x0000000034830000,0x0000000034930000)]
  0x0000000033433800 JavaThread "chunkMeshProducer" [_thread_blocked, id=18648, stack(0x0000000034730000,0x0000000034830000)]
  0x0000000033436800 JavaThread "Java2D Disposer" daemon [_thread_blocked, id=20688, stack(0x0000000032b00000,0x0000000032c00000)]
  0x00000000281ce800 JavaThread "Service Thread" daemon [_thread_blocked, id=20488, stack(0x000000002a190000,0x000000002a290000)]
  0x00000000281cb800 JavaThread "C1 CompilerThread3" daemon [_thread_blocked, id=20840, stack(0x000000002a090000,0x000000002a190000)]
  0x00000000281cb000 JavaThread "C2 CompilerThread2" daemon [_thread_blocked, id=4548, stack(0x0000000029f90000,0x000000002a090000)]
  0x00000000281ca000 JavaThread "C2 CompilerThread1" daemon [_thread_blocked, id=10200, stack(0x0000000029e90000,0x0000000029f90000)]
  0x0000000029635000 JavaThread "C2 CompilerThread0" daemon [_thread_blocked, id=25936, stack(0x0000000029d90000,0x0000000029e90000)]
  0x00000000281c4000 JavaThread "Monitor Ctrl-Break" daemon [_thread_in_native, id=19736, stack(0x0000000029c90000,0x0000000029d90000)]
  0x0000000027e4c000 JavaThread "Attach Listener" daemon [_thread_blocked, id=26416, stack(0x0000000029390000,0x0000000029490000)]
  0x0000000027e4a800 JavaThread "Signal Dispatcher" daemon [_thread_blocked, id=18564, stack(0x0000000029290000,0x0000000029390000)]
  0x0000000026744000 JavaThread "Finalizer" daemon [_thread_blocked, id=25192, stack(0x0000000029090000,0x0000000029190000)]
  0x0000000027e33000 JavaThread "Reference Handler" daemon [_thread_blocked, id=24084, stack(0x0000000028f90000,0x0000000029090000)]
=>0x00000000033c7000 JavaThread "main" [_thread_in_native, id=17720, stack(0x0000000003110000,0x0000000003210000)]

Other Threads:
  0x0000000027e11800 VMThread [stack: 0x0000000028e90000,0x0000000028f90000] [id=25976]
  0x0000000029721800 WatcherThread [stack: 0x000000002a290000,0x000000002a390000] [id=17700]

VM state:not at safepoint (normal execution)

VM Mutex/Monitor currently owned by a thread: None

heap address: 0x00000005c1000000, size: 8176 MB, Compressed Oops mode: Zero based, Oop shift amount: 3
Narrow klass base: 0x0000000000000000, Narrow klass shift: 3
Compressed class space size: 1073741824 Address: 0x00000007c0000000

Heap:
 PSYoungGen      total 150016K, used 86048K [0x0000000715b00000, 0x0000000720b80000, 0x00000007c0000000)
  eden space 128512K, 50% used [0x0000000715b00000,0x0000000719a0e808,0x000000071d880000)
  from space 21504K, 99% used [0x000000071db80000,0x000000071f079a10,0x000000071f080000)
  to   space 26112K, 0% used [0x000000071f200000,0x000000071f200000,0x0000000720b80000)
 ParOldGen       total 349696K, used 2034K [0x00000005c1000000, 0x00000005d6580000, 0x0000000715b00000)
  object space 349696K, 0% used [0x00000005c1000000,0x00000005c11fc930,0x00000005d6580000)
 Metaspace       used 13236K, capacity 13417K, committed 13696K, reserved 1062912K
  class space    used 1031K, capacity 1097K, committed 1152K, reserved 1048576K

Card table byte_map: [0x0000000012880000,0x0000000013880000] byte_map_base: 0x000000000fa78000

Marking Bits: (ParMarkBitMap*) 0x0000000075a7af90
 Begin Bits: [0x0000000014d30000, 0x000000001ccf0000)
 End Bits:   [0x000000001ccf0000, 0x0000000024cb0000)

Polling page: 0x0000000002fa0000

CodeCache: size=245760Kb used=6776Kb max_used=6780Kb free=238984Kb
 bounds [0x00000000034c0000, 0x0000000003b70000, 0x00000000124c0000]
 total_blobs=2444 nmethods=1434 adapters=923
 compilation: enabled

Compilation events (10 events):
Event: 3.207 Thread 0x00000000281cb800 1435   !   3       com.mikedeejay2.voxel.game.world.chunk.ChunkPC::consume (61 bytes)
Event: 3.207 Thread 0x00000000281cb800 nmethod 1435 0x0000000003b45d50 code [0x0000000003b45f60, 0x0000000003b46998]
Event: 3.212 Thread 0x0000000029635000 1436       4       com.mikedeejay2.voxel.engine.graphics.renderers.Renderer::prepare (16 bytes)
Event: 3.212 Thread 0x00000000281ca000 1437       4       com.mikedeejay2.voxel.engine.graphics.shaders.StaticShader::loadSkyColor (19 bytes)
Event: 3.212 Thread 0x00000000281ca000 nmethod 1437 0x0000000003aefd10 code [0x0000000003aefe60, 0x0000000003aefee8]
Event: 3.212 Thread 0x0000000029635000 nmethod 1436 0x0000000003aea910 code [0x0000000003aeaaa0, 0x0000000003aeab58]
Event: 3.221 Thread 0x00000000281cb800 1438       3       java.util.HashMap$TreeNode::<init> (10 bytes)
Event: 3.221 Thread 0x00000000281cb800 nmethod 1438 0x0000000003b437d0 code [0x0000000003b43940, 0x0000000003b43c10]
Event: 3.263 Thread 0x00000000281cb800 1439   !   3       org.lwjgl.opengl.GL30C::glDeleteVertexArrays (42 bytes)
Event: 3.264 Thread 0x00000000281cb800 nmethod 1439 0x0000000003b44310 code [0x0000000003b44560, 0x0000000003b45548]

GC Heap History (10 events):
Event: 1.572 GC heap before
{Heap before GC invocations=1 (full 0):
 PSYoungGen      total 153088K, used 131584K [0x0000000715b00000, 0x0000000720580000, 0x00000007c0000000)
  eden space 131584K, 100% used [0x0000000715b00000,0x000000071db80000,0x000000071db80000)
  from space 21504K, 0% used [0x000000071f080000,0x000000071f080000,0x0000000720580000)
  to   space 21504K, 0% used [0x000000071db80000,0x000000071db80000,0x000000071f080000)
 ParOldGen       total 349696K, used 0K [0x00000005c1000000, 0x00000005d6580000, 0x0000000715b00000)
  object space 349696K, 0% used [0x00000005c1000000,0x00000005c1000000,0x00000005d6580000)
 Metaspace       used 13170K, capacity 13353K, committed 13440K, reserved 1060864K
  class space    used 1031K, capacity 1097K, committed 1152K, reserved 1048576K
Event: 1.578 GC heap after
Heap after GC invocations=1 (full 0):
 PSYoungGen      total 153088K, used 10727K [0x0000000715b00000, 0x0000000720580000, 0x00000007c0000000)
  eden space 131584K, 0% used [0x0000000715b00000,0x0000000715b00000,0x000000071db80000)
  from space 21504K, 49% used [0x000000071db80000,0x000000071e5f9e28,0x000000071f080000)
  to   space 21504K, 0% used [0x000000071f080000,0x000000071f080000,0x0000000720580000)
 ParOldGen       total 349696K, used 16K [0x00000005c1000000, 0x00000005d6580000, 0x0000000715b00000)
  object space 349696K, 0% used [0x00000005c1000000,0x00000005c1004000,0x00000005d6580000)
 Metaspace       used 13170K, capacity 13353K, committed 13440K, reserved 1060864K
  class space    used 1031K, capacity 1097K, committed 1152K, reserved 1048576K
}
Event: 2.177 GC heap before
{Heap before GC invocations=2 (full 0):
 PSYoungGen      total 153088K, used 142311K [0x0000000715b00000, 0x0000000720580000, 0x00000007c0000000)
  eden space 131584K, 100% used [0x0000000715b00000,0x000000071db80000,0x000000071db80000)
  from space 21504K, 49% used [0x000000071db80000,0x000000071e5f9e28,0x000000071f080000)
  to   space 21504K, 0% used [0x000000071f080000,0x000000071f080000,0x0000000720580000)
 ParOldGen       total 349696K, used 16K [0x00000005c1000000, 0x00000005d6580000, 0x0000000715b00000)
  object space 349696K, 0% used [0x00000005c1000000,0x00000005c1004000,0x00000005d6580000)
 Metaspace       used 13214K, capacity 13417K, committed 13696K, reserved 1062912K
  class space    used 1031K, capacity 1097K, committed 1152K, reserved 1048576K
Event: 2.181 GC heap after
Heap after GC invocations=2 (full 0):
 PSYoungGen      total 153088K, used 13446K [0x0000000715b00000, 0x0000000720580000, 0x00000007c0000000)
  eden space 131584K, 0% used [0x0000000715b00000,0x0000000715b00000,0x000000071db80000)
  from space 21504K, 62% used [0x000000071f080000,0x000000071fda1a10,0x0000000720580000)
  to   space 21504K, 0% used [0x000000071db80000,0x000000071db80000,0x000000071f080000)
 ParOldGen       total 349696K, used 24K [0x00000005c1000000, 0x00000005d6580000, 0x0000000715b00000)
  object space 349696K, 0% used [0x00000005c1000000,0x00000005c1006000,0x00000005d6580000)
 Metaspace       used 13214K, capacity 13417K, committed 13696K, reserved 1062912K
  class space    used 1031K, capacity 1097K, committed 1152K, reserved 1048576K
}
Event: 2.434 GC heap before
{Heap before GC invocations=3 (full 0):
 PSYoungGen      total 153088K, used 145030K [0x0000000715b00000, 0x0000000720580000, 0x00000007c0000000)
  eden space 131584K, 100% used [0x0000000715b00000,0x000000071db80000,0x000000071db80000)
  from space 21504K, 62% used [0x000000071f080000,0x000000071fda1a10,0x0000000720580000)
  to   space 21504K, 0% used [0x000000071db80000,0x000000071db80000,0x000000071f080000)
 ParOldGen       total 349696K, used 24K [0x00000005c1000000, 0x00000005d6580000, 0x0000000715b00000)
  object space 349696K, 0% used [0x00000005c1000000,0x00000005c1006000,0x00000005d6580000)
 Metaspace       used 13228K, capacity 13417K, committed 13696K, reserved 1062912K
  class space    used 1031K, capacity 1097K, committed 1152K, reserved 1048576K
Event: 2.437 GC heap after
Heap after GC invocations=3 (full 0):
 PSYoungGen      total 153088K, used 16315K [0x0000000715b00000, 0x0000000720580000, 0x00000007c0000000)
  eden space 131584K, 0% used [0x0000000715b00000,0x0000000715b00000,0x000000071db80000)
  from space 21504K, 75% used [0x000000071db80000,0x000000071eb6ec08,0x000000071f080000)
  to   space 21504K, 0% used [0x000000071f080000,0x000000071f080000,0x0000000720580000)
 ParOldGen       total 349696K, used 32K [0x00000005c1000000, 0x00000005d6580000, 0x0000000715b00000)
  object space 349696K, 0% used [0x00000005c1000000,0x00000005c1008000,0x00000005d6580000)
 Metaspace       used 13228K, capacity 13417K, committed 13696K, reserved 1062912K
  class space    used 1031K, capacity 1097K, committed 1152K, reserved 1048576K
}
Event: 2.721 GC heap before
{Heap before GC invocations=4 (full 0):
 PSYoungGen      total 153088K, used 147899K [0x0000000715b00000, 0x0000000720580000, 0x00000007c0000000)
  eden space 131584K, 100% used [0x0000000715b00000,0x000000071db80000,0x000000071db80000)
  from space 21504K, 75% used [0x000000071db80000,0x000000071eb6ec08,0x000000071f080000)
  to   space 21504K, 0% used [0x000000071f080000,0x000000071f080000,0x0000000720580000)
 ParOldGen       total 349696K, used 32K [0x00000005c1000000, 0x00000005d6580000, 0x0000000715b00000)
  object space 349696K, 0% used [0x00000005c1000000,0x00000005c1008000,0x00000005d6580000)
 Metaspace       used 13230K, capacity 13417K, committed 13696K, reserved 1062912K
  class space    used 1031K, capacity 1097K, committed 1152K, reserved 1048576K
Event: 2.724 GC heap after
Heap after GC invocations=4 (full 0):
 PSYoungGen      total 153088K, used 19316K [0x0000000715b00000, 0x0000000720580000, 0x00000007c0000000)
  eden space 131584K, 0% used [0x0000000715b00000,0x0000000715b00000,0x000000071db80000)
  from space 21504K, 89% used [0x000000071f080000,0x000000072035d340,0x0000000720580000)
  to   space 21504K, 0% used [0x000000071db80000,0x000000071db80000,0x000000071f080000)
 ParOldGen       total 349696K, used 40K [0x00000005c1000000, 0x00000005d6580000, 0x0000000715b00000)
  object space 349696K, 0% used [0x00000005c1000000,0x00000005c100a000,0x00000005d6580000)
 Metaspace       used 13230K, capacity 13417K, committed 13696K, reserved 1062912K
  class space    used 1031K, capacity 1097K, committed 1152K, reserved 1048576K
}
Event: 3.103 GC heap before
{Heap before GC invocations=5 (full 0):
 PSYoungGen      total 153088K, used 150900K [0x0000000715b00000, 0x0000000720580000, 0x00000007c0000000)
  eden space 131584K, 100% used [0x0000000715b00000,0x000000071db80000,0x000000071db80000)
  from space 21504K, 89% used [0x000000071f080000,0x000000072035d340,0x0000000720580000)
  to   space 21504K, 0% used [0x000000071db80000,0x000000071db80000,0x000000071f080000)
 ParOldGen       total 349696K, used 40K [0x00000005c1000000, 0x00000005d6580000, 0x0000000715b00000)
  object space 349696K, 0% used [0x00000005c1000000,0x00000005c100a000,0x00000005d6580000)
 Metaspace       used 13233K, capacity 13417K, committed 13696K, reserved 1062912K
  class space    used 1031K, capacity 1097K, committed 1152K, reserved 1048576K
Event: 3.108 GC heap after
Heap after GC invocations=5 (full 0):
 PSYoungGen      total 150016K, used 21478K [0x0000000715b00000, 0x0000000720b80000, 0x00000007c0000000)
  eden space 128512K, 0% used [0x0000000715b00000,0x0000000715b00000,0x000000071d880000)
  from space 21504K, 99% used [0x000000071db80000,0x000000071f079a10,0x000000071f080000)
  to   space 26112K, 0% used [0x000000071f200000,0x000000071f200000,0x0000000720b80000)
 ParOldGen       total 349696K, used 2034K [0x00000005c1000000, 0x00000005d6580000, 0x0000000715b00000)
  object space 349696K, 0% used [0x00000005c1000000,0x00000005c11fc930,0x00000005d6580000)
 Metaspace       used 13233K, capacity 13417K, committed 13696K, reserved 1062912K
  class space    used 1031K, capacity 1097K, committed 1152K, reserved 1048576K
}

Deoptimization events (10 events):
Event: 1.414 Thread 0x00000000335a0800 Uncommon trap: reason=unstable_if action=reinterpret pc=0x000000000397ad8c method=com.mikedeejay2.voxel.game.world.chunk.mesh.ChunkMeshGenerator.genBrightness(Lcom/mikedeejay2/voxel/game/world/chunk/Chunk;FIIIILjava/util/List;Lcom/mikedeejay2/voxel/engine
Event: 1.506 Thread 0x00000000335a0800 Uncommon trap: reason=unstable_if action=reinterpret pc=0x00000000039987c0 method=com.mikedeejay2.voxel.game.world.chunk.mesh.ChunkMeshGenerator.createTextureCoordSlice(Lcom/mikedeejay2/voxel/game/world/chunk/Chunk;Ljava/util/List;III)V @ 11
Event: 1.506 Thread 0x00000000335a0800 Uncommon trap: reason=unstable_if action=reinterpret pc=0x000000000394afe0 method=com.mikedeejay2.voxel.game.world.chunk.mesh.ChunkMeshGenerator.createTextureCoordSlice(Lcom/mikedeejay2/voxel/game/world/chunk/Chunk;Ljava/util/List;III)V @ 11
Event: 1.507 Thread 0x00000000335a0800 Uncommon trap: reason=unstable_if action=reinterpret pc=0x0000000003925044 method=java.util.HashMap$TreeNode.getTreeNode(ILjava/lang/Object;)Ljava/util/HashMap$TreeNode; @ 4
Event: 1.507 Thread 0x00000000335a0800 Uncommon trap: reason=unstable_if action=reinterpret pc=0x000000000391db24 method=java.util.HashMap$TreeNode.getTreeNode(ILjava/lang/Object;)Ljava/util/HashMap$TreeNode; @ 4
Event: 1.616 Thread 0x00000000335a0800 Uncommon trap: reason=unstable_if action=reinterpret pc=0x00000000039ce114 method=com.mikedeejay2.voxel.game.world.chunk.Chunk.containsVoxelAtOffset(III)Z @ 15
Event: 1.956 Thread 0x00000000335a0800 Uncommon trap: reason=unstable_if action=reinterpret pc=0x0000000003928f1c method=java.util.HashMap$TreeNode.getTreeNode(ILjava/lang/Object;)Ljava/util/HashMap$TreeNode; @ 4
Event: 2.219 Thread 0x00000000335a0800 Uncommon trap: reason=unstable_if action=reinterpret pc=0x0000000003a8cd24 method=com.mikedeejay2.voxel.game.world.chunk.mesh.ChunkMeshGenerator.genBrightnessWithChunkLoc(Lcom/mikedeejay2/voxel/game/world/World;Lcom/mikedeejay2/voxel/game/world/chunk/Chun
Event: 2.295 Thread 0x00000000335a0800 Uncommon trap: reason=unstable_if action=reinterpret pc=0x0000000003ad8560 method=com.mikedeejay2.voxel.game.world.World.isVoxelAtCoordinate(III)Z @ 59
Event: 2.476 Thread 0x00000000335a0800 Uncommon trap: reason=unstable_if action=reinterpret pc=0x0000000003b0d860 method=com.mikedeejay2.voxel.game.world.chunk.mesh.ChunkMeshGenerator.genBrightness(Lcom/mikedeejay2/voxel/game/world/chunk/Chunk;FIIIILjava/util/List;Lcom/mikedeejay2/voxel/engine

Classes redefined (0 events):
No events

Internal exceptions (10 events):
Event: 0.253 Thread 0x00000000033c7000 Exception <a 'sun/nio/fs/WindowsException'> (0x00000007168cc1a0) thrown at [C:\jenkins\workspace\8-2-build-windows-amd64-cygwin\jdk8u251\737\hotspot\src\share\vm\prims\jni.cpp, line 710]
Event: 0.258 Thread 0x00000000033c7000 Exception <a 'sun/nio/fs/WindowsException'> (0x00000007168fb910) thrown at [C:\jenkins\workspace\8-2-build-windows-amd64-cygwin\jdk8u251\737\hotspot\src\share\vm\prims\jni.cpp, line 710]
Event: 0.258 Thread 0x00000000033c7000 Exception <a 'sun/nio/fs/WindowsException'> (0x00000007168fbff0) thrown at [C:\jenkins\workspace\8-2-build-windows-amd64-cygwin\jdk8u251\737\hotspot\src\share\vm\prims\jni.cpp, line 710]
Event: 0.676 Thread 0x00000000033c7000 Exception <a 'sun/nio/fs/WindowsException'> (0x0000000716a65758) thrown at [C:\jenkins\workspace\8-2-build-windows-amd64-cygwin\jdk8u251\737\hotspot\src\share\vm\prims\jni.cpp, line 710]
Event: 0.676 Thread 0x00000000033c7000 Exception <a 'sun/nio/fs/WindowsException'> (0x0000000716a65e98) thrown at [C:\jenkins\workspace\8-2-build-windows-amd64-cygwin\jdk8u251\737\hotspot\src\share\vm\prims\jni.cpp, line 710]
Event: 0.677 Thread 0x00000000033c7000 Exception <a 'sun/nio/fs/WindowsException'> (0x0000000716a7d490) thrown at [C:\jenkins\workspace\8-2-build-windows-amd64-cygwin\jdk8u251\737\hotspot\src\share\vm\prims\jni.cpp, line 710]
Event: 0.677 Thread 0x00000000033c7000 Exception <a 'sun/nio/fs/WindowsException'> (0x0000000716a7da88) thrown at [C:\jenkins\workspace\8-2-build-windows-amd64-cygwin\jdk8u251\737\hotspot\src\share\vm\prims\jni.cpp, line 710]
Event: 0.720 Thread 0x00000000033c7000 Exception <a 'sun/nio/fs/WindowsException'> (0x0000000716c369f8) thrown at [C:\jenkins\workspace\8-2-build-windows-amd64-cygwin\jdk8u251\737\hotspot\src\share\vm\prims\jni.cpp, line 710]
Event: 0.720 Thread 0x00000000033c7000 Exception <a 'sun/nio/fs/WindowsException'> (0x0000000716c37128) thrown at [C:\jenkins\workspace\8-2-build-windows-amd64-cygwin\jdk8u251\737\hotspot\src\share\vm\prims\jni.cpp, line 710]
Event: 0.942 Thread 0x00000000033c7000 Exception <a 'java/io/FileNotFoundException'> (0x000000071776e4c8) thrown at [C:\jenkins\workspace\8-2-build-windows-amd64-cygwin\jdk8u251\737\hotspot\src\share\vm\prims\jni.cpp, line 710]

Events (10 events):
Event: 2.437 Executing VM operation: ParallelGCFailedAllocation done
Event: 2.475 Thread 0x00000000335a0800 Uncommon trap: trap_request=0xffffff65 fr.pc=0x0000000003b0d860
Event: 2.476 Thread 0x00000000335a0800 DEOPT PACKING pc=0x0000000003b0d860 sp=0x000000003492ee60
Event: 2.476 Thread 0x00000000335a0800 DEOPT UNPACKING pc=0x000000000350583b sp=0x000000003492edf8 mode 2
Event: 2.587 Thread 0x00000000336b5000 DEOPT PACKING pc=0x0000000003a333be sp=0x0000000034a6f090
Event: 2.587 Thread 0x00000000336b5000 DEOPT UNPACKING pc=0x0000000003507890 sp=0x0000000034a6edf0 mode 0
Event: 2.721 Executing VM operation: ParallelGCFailedAllocation
Event: 2.724 Executing VM operation: ParallelGCFailedAllocation done
Event: 3.103 Executing VM operation: ParallelGCFailedAllocation
Event: 3.108 Executing VM operation: ParallelGCFailedAllocation done


Dynamic libraries:
0x00007ff734420000 - 0x00007ff734457000 	C:\Program Files\Java\jdk1.8.0_251\bin\java.exe
0x00007ffb5cc00000 - 0x00007ffb5cdf0000 	C:\Windows\SYSTEM32\ntdll.dll
0x00007ffb5b5b0000 - 0x00007ffb5b662000 	C:\Windows\System32\KERNEL32.DLL
0x00007ffb5aa00000 - 0x00007ffb5aca3000 	C:\Windows\System32\KERNELBASE.dll
0x00007ffb5c1d0000 - 0x00007ffb5c273000 	C:\Windows\System32\ADVAPI32.dll
0x00007ffb5b510000 - 0x00007ffb5b5ae000 	C:\Windows\System32\msvcrt.dll
0x00007ffb5c660000 - 0x00007ffb5c6f7000 	C:\Windows\System32\sechost.dll
0x00007ffb5c0b0000 - 0x00007ffb5c1d0000 	C:\Windows\System32\RPCRT4.dll
0x00007ffb5b2c0000 - 0x00007ffb5b454000 	C:\Windows\System32\USER32.dll
0x00007ffb5a630000 - 0x00007ffb5a651000 	C:\Windows\System32\win32u.dll
0x00007ffb5bf20000 - 0x00007ffb5bf46000 	C:\Windows\System32\GDI32.dll
0x00007ffb5a660000 - 0x00007ffb5a7f4000 	C:\Windows\System32\gdi32full.dll
0x00007ffb59b90000 - 0x00007ffb59c2e000 	C:\Windows\System32\msvcp_win.dll
0x00007ffb5a530000 - 0x00007ffb5a62a000 	C:\Windows\System32\ucrtbase.dll
0x00007ffb43fc0000 - 0x00007ffb44245000 	C:\Windows\WinSxS\amd64_microsoft.windows.common-controls_6595b64144ccf1df_6.0.18362.778_none_e6c6b761130d4fb8\COMCTL32.dll
0x00007ffb5c760000 - 0x00007ffb5ca96000 	C:\Windows\System32\combase.dll
0x00007ffb5a980000 - 0x00007ffb5aa00000 	C:\Windows\System32\bcryptPrimitives.dll
0x00007ffb5b1a0000 - 0x00007ffb5b1ce000 	C:\Windows\System32\IMM32.DLL
0x0000000075b00000 - 0x0000000075bd2000 	C:\Program Files\Java\jdk1.8.0_251\jre\bin\msvcr100.dll
0x0000000075250000 - 0x0000000075afb000 	C:\Program Files\Java\jdk1.8.0_251\jre\bin\server\jvm.dll
0x00007ffb5bf50000 - 0x00007ffb5bf58000 	C:\Windows\System32\PSAPI.DLL
0x00007ffb49340000 - 0x00007ffb49349000 	C:\Windows\SYSTEM32\WSOCK32.dll
0x00007ffb54630000 - 0x00007ffb5463a000 	C:\Windows\SYSTEM32\VERSION.dll
0x00007ffb56760000 - 0x00007ffb56784000 	C:\Windows\SYSTEM32\WINMM.dll
0x00007ffb5bfe0000 - 0x00007ffb5c04f000 	C:\Windows\System32\WS2_32.dll
0x00007ffb562d0000 - 0x00007ffb562fd000 	C:\Windows\SYSTEM32\WINMMBASE.dll
0x00007ffb5a8d0000 - 0x00007ffb5a91a000 	C:\Windows\System32\cfgmgr32.dll
0x00007ffb492c0000 - 0x00007ffb492cf000 	C:\Program Files\Java\jdk1.8.0_251\jre\bin\verify.dll
0x00007ffb49290000 - 0x00007ffb492b9000 	C:\Program Files\Java\jdk1.8.0_251\jre\bin\java.dll
0x00007ffb241c0000 - 0x00007ffb241e3000 	C:\Program Files\Java\jdk1.8.0_251\jre\bin\instrument.dll
0x00007ffb43600000 - 0x00007ffb43616000 	C:\Program Files\Java\jdk1.8.0_251\jre\bin\zip.dll
0x00007ffb5b670000 - 0x00007ffb5bd55000 	C:\Windows\System32\SHELL32.dll
0x00007ffb5b460000 - 0x00007ffb5b509000 	C:\Windows\System32\shcore.dll
0x00007ffb59db0000 - 0x00007ffb5a530000 	C:\Windows\System32\windows.storage.dll
0x00007ffb59b60000 - 0x00007ffb59b83000 	C:\Windows\System32\profapi.dll
0x00007ffb59af0000 - 0x00007ffb59b3a000 	C:\Windows\System32\powrprof.dll
0x00007ffb59ac0000 - 0x00007ffb59ad0000 	C:\Windows\System32\UMPDC.dll
0x00007ffb5c700000 - 0x00007ffb5c752000 	C:\Windows\System32\shlwapi.dll
0x00007ffb59ad0000 - 0x00007ffb59ae1000 	C:\Windows\System32\kernel.appcore.dll
0x00007ffb5a8b0000 - 0x00007ffb5a8c7000 	C:\Windows\System32\cryptsp.dll
0x00007ffb2b680000 - 0x00007ffb2b69a000 	C:\Program Files\JetBrains\IntelliJ IDEA 2019.3.4\bin\breakgen64.dll
0x00007ffb241a0000 - 0x00007ffb241ba000 	C:\Program Files\Java\jdk1.8.0_251\jre\bin\net.dll
0x00007ffb59330000 - 0x00007ffb59397000 	C:\Windows\system32\mswsock.dll
0x00007ffb24180000 - 0x00007ffb24192000 	C:\Program Files\Java\jdk1.8.0_251\jre\bin\nio.dll
0x00007ffb24110000 - 0x00007ffb24174000 	C:\Users\mdeej\AppData\Local\Temp\lwjglmdeej\3.2.3-build-13\lwjgl.dll
0x00007ffb240a0000 - 0x00007ffb24102000 	C:\Users\mdeej\AppData\Local\Temp\lwjglmdeej\3.2.3-build-13\glfw.dll
0x00007ffb56de0000 - 0x00007ffb56e79000 	C:\Windows\system32\uxtheme.dll
0x00007ffb2df10000 - 0x00007ffb2df53000 	C:\Windows\SYSTEM32\dinput8.dll
0x00007ffb2dbe0000 - 0x00007ffb2dbf1000 	C:\Windows\SYSTEM32\xinput1_4.dll
0x00007ffb598c0000 - 0x00007ffb598ea000 	C:\Windows\SYSTEM32\DEVOBJ.dll
0x00007ffb57520000 - 0x00007ffb5754d000 	C:\Windows\SYSTEM32\dwmapi.dll
0x00007ffb4f940000 - 0x00007ffb4fa5a000 	C:\Windows\SYSTEM32\inputhost.dll
0x00007ffb56300000 - 0x00007ffb563d4000 	C:\Windows\SYSTEM32\CoreMessaging.dll
0x00007ffb53890000 - 0x00007ffb53bba000 	C:\Windows\SYSTEM32\CoreUIComponents.dll
0x00007ffb54e80000 - 0x00007ffb54fd3000 	C:\Windows\SYSTEM32\wintypes.dll
0x00007ffb56090000 - 0x00007ffb5617f000 	C:\Windows\SYSTEM32\PROPSYS.dll
0x00007ffb58bd0000 - 0x00007ffb58c01000 	C:\Windows\SYSTEM32\ntmarta.dll
0x00007ffb5c3c0000 - 0x00007ffb5c484000 	C:\Windows\System32\OLEAUT32.dll
0x00007ffb5c280000 - 0x00007ffb5c3b6000 	C:\Windows\System32\MSCTF.dll
0x00007ffb58430000 - 0x00007ffb5843e000 	C:\Windows\SYSTEM32\HID.DLL
0x00007ffb5ad30000 - 0x00007ffb5b1a0000 	C:\Windows\System32\SETUPAPI.DLL
0x00007ffb59c30000 - 0x00007ffb59c56000 	C:\Windows\System32\bcrypt.dll
0x00007ffb5a920000 - 0x00007ffb5a97c000 	C:\Windows\System32\WINTRUST.dll
0x00007ffb59b40000 - 0x00007ffb59b52000 	C:\Windows\System32\MSASN1.dll
0x00007ffb59c60000 - 0x00007ffb59da9000 	C:\Windows\System32\CRYPT32.dll
0x00007ffafede0000 - 0x00007ffafef36000 	C:\Windows\SYSTEM32\opengl32.dll
0x00007ffb3e860000 - 0x00007ffb3e88c000 	C:\Windows\SYSTEM32\GLU32.dll
0x00007ffb587a0000 - 0x00007ffb587c0000 	C:\Windows\SYSTEM32\dxcore.dll
0x00007ffaf1fe0000 - 0x00007ffaf4704000 	C:\Windows\System32\DriverStore\FileRepository\nvaki.inf_amd64_149c0c4968822483\nvoglv64.dll
0x00007ffb5c500000 - 0x00007ffb5c657000 	C:\Windows\System32\ole32.dll
0x00007ffb54e60000 - 0x00007ffb54e73000 	C:\Windows\SYSTEM32\WTSAPI32.dll
0x00007ffb23280000 - 0x00007ffb23537000 	C:\Windows\system32\nvspcap64.dll
0x00007ffb58d70000 - 0x00007ffb58dcc000 	C:\Windows\SYSTEM32\WINSTA.dll
0x00007ffb4fa60000 - 0x00007ffb4fafe000 	C:\Windows\System32\TextInputFramework.dll
0x00007ffb4b450000 - 0x00007ffb4b6f6000 	C:\Windows\System32\iertutil.dll
0x00007ffb23f10000 - 0x00007ffb23f69000 	C:\Users\mdeej\AppData\Local\Temp\lwjglmdeej\3.2.3-build-13\lwjgl_opengl.dll
0x00007ffb06680000 - 0x00007ffb068d3000 	C:\Users\mdeej\AppData\Local\Temp\lwjglmdeej\3.2.3-build-13\jemalloc.dll
0x00007ffb03850000 - 0x00007ffb039ea000 	C:\Program Files\Java\jdk1.8.0_251\jre\bin\awt.dll
0x00007ffb56ca0000 - 0x00007ffb56d2f000 	C:\Windows\SYSTEM32\apphelp.dll
0x00007ffb58230000 - 0x00007ffb58424000 	C:\Windows\SYSTEM32\dbghelp.dll

VM Arguments:
jvm_args: -XX:+UnlockCommercialFeatures -javaagent:C:\Program Files\JetBrains\IntelliJ IDEA 2019.3.4\lib\idea_rt.jar=51141:C:\Program Files\JetBrains\IntelliJ IDEA 2019.3.4\bin -Dfile.encoding=UTF-8 
java_command: com.mikedeejay2.voxel.game.Main
java_class_path (initial): C:\Program Files\Java\jdk1.8.0_251\jre\lib\charsets.jar;C:\Program Files\Java\jdk1.8.0_251\jre\lib\deploy.jar;C:\Program Files\Java\jdk1.8.0_251\jre\lib\ext\access-bridge-64.jar;C:\Program Files\Java\jdk1.8.0_251\jre\lib\ext\cldrdata.jar;C:\Program Files\Java\jdk1.8.0_251\jre\lib\ext\dnsns.jar;C:\Program Files\Java\jdk1.8.0_251\jre\lib\ext\jaccess.jar;C:\Program Files\Java\jdk1.8.0_251\jre\lib\ext\jfxrt.jar;C:\Program Files\Java\jdk1.8.0_251\jre\lib\ext\localedata.jar;C:\Program Files\Java\jdk1.8.0_251\jre\lib\ext\nashorn.jar;C:\Program Files\Java\jdk1.8.0_251\jre\lib\ext\sunec.jar;C:\Program Files\Java\jdk1.8.0_251\jre\lib\ext\sunjce_provider.jar;C:\Program Files\Java\jdk1.8.0_251\jre\lib\ext\sunmscapi.jar;C:\Program Files\Java\jdk1.8.0_251\jre\lib\ext\sunpkcs11.jar;C:\Program Files\Java\jdk1.8.0_251\jre\lib\ext\zipfs.jar;C:\Program Files\Java\jdk1.8.0_251\jre\lib\javaws.jar;C:\Program Files\Java\jdk1.8.0_251\jre\lib\jce.jar;C:\Program Files\Java\jdk1.8.0_251\jre\lib\jfr.jar;C:\Program Files\Java\jdk1.8.0_251\jre\lib\jfxswt.jar;C:\Program Files\Java\jdk1.8.0_251\jre\lib\jsse.jar;C:\Program Files\Java\jdk1.8.0_251\jre\lib\management-agent.jar;C:\Program Files\Java\jdk1.8.0_251\jre\lib\plugin.jar;C:\Program Files\Java\jdk1.8.0_251\jre\lib\resources.jar;C:\Program Files\Java\jdk1.8.0_251\jre\lib\rt.jar;C:\Users\mdeej\IdeaProjects\APCSP\out\production\APCSP;C:\Users\mdeej\IdeaProjects\APCSP\libs\lwjgl.jar;C:\Users\mdeej\IdeaProjects\APCSP\libs\lwjgl-egl.jar;C:\Users\mdeej\IdeaProjects\APCSP\libs\lwjgl-lz4.jar;C:\Users\mdeej\IdeaProjects\APCSP\libs\lwjgl-nfd.jar;C:\Users\mdeej\IdeaProjects\APCSP\libs\lwjgl-ovr.jar;C:\Users\mdeej\IdeaProjects\APCSP\libs\lwjgl-par.jar;C:\Users\mdeej\IdeaProjects\APCSP\libs\lwjgl-sse.jar;C:\Users\mdeej\IdeaProjects\APCSP\libs\lwjgl-stb.jar;C:\Users\mdeej\IdeaProjects\APCSP\libs\lwjgl-vma.jar;C:\Users\mdeej\IdeaProjects\APCSP\libs\lwjgl-bgfx.jar;C:\Users\mdeej\IdeaProjects\APCSP\libs\lwjgl-cuda.jar;C:\Users\mdee
Launcher Type: SUN_STANDARD

Environment Variables:
PATH=C:\Program Files (x86)\Common Files\Intel\Shared Libraries\redist\intel64\compiler;C:\Windows\system32;C:\Windows;C:\Windows\System32\Wbem;C:\Windows\System32\WindowsPowerShell\v1.0\;C:\Windows\System32\OpenSSH\;C:\Program Files\NVIDIA Corporation\NVIDIA NvDLISR;C:\Program Files (x86)\NVIDIA Corporation\PhysX\Common;C:\Program Files (x86)\QuickTime\QTSystem\;C:\Users\mdeej\AppData\Local\Microsoft\WindowsApps;
USERNAME=mdeej
OS=Windows_NT
PROCESSOR_IDENTIFIER=Intel64 Family 6 Model 158 Stepping 10, GenuineIntel



---------------  S Y S T E M  ---------------

OS: Windows 10.0 , 64 bit Build 18362 (10.0.18362.778)

CPU:total 12 (initial active 12) (6 cores per cpu, 2 threads per core) family 6 model 158 stepping 10, cmov, cx8, fxsr, mmx, sse, sse2, sse3, ssse3, sse4.1, sse4.2, popcnt, avx, avx2, aes, clmul, erms, rtm, 3dnowpref, lzcnt, ht, tsc, tscinvbit, bmi1, bmi2, adx

Memory: 4k page, physical 33487264k(17078072k free), swap 98498976k(73365412k free)

vm_info: Java HotSpot(TM) 64-Bit Server VM (25.251-b08) for windows-amd64 JRE (1.8.0_251-b08), built on Mar 12 2020 06:31:49 by "" with MS VC++ 10.0 (VS2010)

time: Thu May 07 01:00:09 2020
timezone: Eastern Daylight Time
elapsed time: 3 seconds (0d 0h 0m 3s)

