#
# A fatal error has been detected by the Java Runtime Environment:
#
#  EXCEPTION_ACCESS_VIOLATION (0xc0000005) at pc=0x00007ffaf2c77850, pid=60404, tid=0x000000000000f398
#
# JRE version: Java(TM) SE Runtime Environment (8.0_251-b08) (build 1.8.0_251-b08)
# Java VM: Java HotSpot(TM) 64-Bit Server VM (25.251-b08 mixed mode windows-amd64 compressed oops)
# Problematic frame:
# C  [nvoglv64.dll+0xc97850]
#
# Failed to write core dump. Minidumps are not enabled by default on client versions of Windows
#
# If you would like to submit a bug report, please visit:
#   http://bugreport.java.com/bugreport/crash.jsp
# The crash happened outside the Java Virtual Machine in native code.
# See problematic frame for where to report the bug.
#

---------------  T H R E A D  ---------------

Current thread (0x0000000003507000):  JavaThread "main" [_thread_in_native, id=62360, stack(0x0000000003210000,0x0000000003310000)]

siginfo: ExceptionCode=0xc0000005, reading address 0x0000000039d04250

Registers:
RAX=0xfffffffffffed700, RBX=0x0000000039d04250, RCX=0x00000000000004a4, RDX=0x0000000039d04250
RSP=0x000000000330eae0, RBP=0x0000000000000030, RSI=0x0000000035ad0000, RDI=0x0000000039d04250
R8 =0x0000000000012930, R9 =0x00007ffaf2c91390, R10=0x0000000000000000, R11=0x0000000000000246
R12=0x0000000000000000, R13=0x000000002c050000, R14=0x000000002c050000, R15=0x0000000000012930
RIP=0x00007ffaf2c77850, EFLAGS=0x0000000000010207

Top of Stack: (sp=0x000000000330eae0)
0x000000000330eae0:   0000000003200000 0000000000000002
0x000000000330eaf0:   0000000000012930 0000000000012940
0x000000000330eb00:   0000000043d3f0f0 00007ffaf2b8d9f5
0x000000000330eb10:   0000000039d04250 0000000000000000
0x000000000330eb20:   000000002c736f80 ffffffffffffffff
0x000000000330eb30:   0000000000000000 00007ffaf2b8c092
0x000000000330eb40:   00000fff43d3f1f0 0000000039d04250
0x000000000330eb50:   0000000000000000 000000002c136080
0x000000000330eb60:   0000000000000000 0000000001377a70
0x000000000330eb70:   000000002c736f80 0000000043d3f0f0
0x000000000330eb80:   000000002c050000 0000000000000000
0x000000000330eb90:   00000000000088e4 0000000039d04250
0x000000000330eba0:   0000000000004a4c 0000000039d04250
0x000000000330ebb0:   000000002c050000 000000002c736f80
0x000000000330ebc0:   0000000043d3f0f0 00007ffaf2b944f4
0x000000000330ebd0:   0000000043d3f000 0000000039d04250 

Instructions: (pc=0x00007ffaf2c77850)
0x00007ffaf2c77830:   e9 01 75 ec eb 71 48 83 fd 40 72 40 48 8b cd 48
0x00007ffaf2c77840:   c1 e9 06 48 6b c1 c0 48 03 e8 66 0f 1f 44 00 00
0x00007ffaf2c77850:   0f 10 03 0f 10 4b 10 0f 10 53 20 0f 10 5b 30 48
0x00007ffaf2c77860:   83 c3 40 0f 2b 06 0f 2b 4e 10 0f 2b 56 20 0f 2b 


Register to memory mapping:

RAX=0xfffffffffffed700 is an unknown value
RBX=0x0000000039d04250 is an unknown value
RCX=0x00000000000004a4 is an unknown value
RDX=0x0000000039d04250 is an unknown value
RSP=0x000000000330eae0 is pointing into the stack for thread: 0x0000000003507000
RBP=0x0000000000000030 is an unknown value
RSI=0x0000000035ad0000 is an unknown value
RDI=0x0000000039d04250 is an unknown value
R8 =0x0000000000012930 is an unknown value
R9 =0x00007ffaf2c91390 is an unknown value
R10=0x0000000000000000 is an unknown value
R11=0x0000000000000246 is an unknown value
R12=0x0000000000000000 is an unknown value
R13=0x000000002c050000 is an unknown value
R14=0x000000002c050000 is an unknown value
R15=0x0000000000012930 is an unknown value


Stack: [0x0000000003210000,0x0000000003310000],  sp=0x000000000330eae0,  free space=1018k
Native frames: (J=compiled Java code, j=interpreted, Vv=VM code, C=native code)
C  [nvoglv64.dll+0xc97850]
C  [nvoglv64.dll+0xbad9f5]
C  [nvoglv64.dll+0xbb44f4]
C  [nvoglv64.dll+0x7aa767]
C  [nvoglv64.dll+0x7a637e]
C  [nvoglv64.dll+0x7b00b5]
C  0x0000000003c80614

Java frames: (J=compiled Java code, j=interpreted, Vv=VM code)
J 1380  org.lwjgl.opengl.GL15C.nglBufferData(IJJI)V (0 bytes) @ 0x0000000003c8058e [0x0000000003c80540+0x4e]
J 1571 C2 com.mikedeejay2.apcspfinal.loaders.Loader.storeDataInAttributeList(II[F)I (63 bytes) @ 0x0000000003d72ee4 [0x0000000003d727e0+0x704]
J 1588 C2 com.mikedeejay2.apcspfinal.world.chunk.mesh.ChunkMeshGenerator.createChunkEntity(Lcom/mikedeejay2/apcspfinal/world/chunk/Chunk;)Lcom/mikedeejay2/apcspfinal/graphics/objects/Entity; (159 bytes) @ 0x0000000003d96084 [0x0000000003d955e0+0xaa4]
J 1369 C2 com.mikedeejay2.apcspfinal.Main.render()V (56 bytes) @ 0x0000000003c8a81c [0x0000000003c8a4c0+0x35c]
j  com.mikedeejay2.apcspfinal.core.CoreEngine.run()V+163
j  com.mikedeejay2.apcspfinal.core.CoreEngine.start()V+9
j  com.mikedeejay2.apcspfinal.Main.start()V+37
j  com.mikedeejay2.apcspfinal.Main.main([Ljava/lang/String;)V+7
v  ~StubRoutines::call_stub

---------------  P R O C E S S  ---------------

Java Threads: ( => current thread )
  0x0000000033794800 JavaThread "world" [_thread_blocked, id=65292, stack(0x00000000359b0000,0x0000000035ab0000)]
  0x00000000333ca000 JavaThread "chunkConsumer11" [_thread_blocked, id=53080, stack(0x00000000358b0000,0x00000000359b0000)]
  0x00000000333c7000 JavaThread "chunkConsumer10" [_thread_blocked, id=38744, stack(0x00000000357b0000,0x00000000358b0000)]
  0x00000000333cd000 JavaThread "chunkConsumer9" [_thread_blocked, id=41252, stack(0x00000000356b0000,0x00000000357b0000)]
  0x00000000333cc000 JavaThread "chunkConsumer8" [_thread_blocked, id=53512, stack(0x00000000355b0000,0x00000000356b0000)]
  0x00000000333c8800 JavaThread "chunkConsumer7" [_thread_blocked, id=56368, stack(0x00000000354b0000,0x00000000355b0000)]
  0x00000000333ca800 JavaThread "chunkConsumer6" [_thread_blocked, id=53484, stack(0x00000000353b0000,0x00000000354b0000)]
  0x00000000333c7800 JavaThread "chunkConsumer5" [_thread_blocked, id=53976, stack(0x00000000352b0000,0x00000000353b0000)]
  0x00000000333c9000 JavaThread "chunkConsumer4" [_thread_blocked, id=45768, stack(0x00000000351b0000,0x00000000352b0000)]
  0x00000000333cb800 JavaThread "chunkConsumer3" [_thread_blocked, id=27048, stack(0x00000000350b0000,0x00000000351b0000)]
  0x00000000333cd800 JavaThread "chunkConsumer2" [_thread_blocked, id=65312, stack(0x0000000034fb0000,0x00000000350b0000)]
  0x0000000033207000 JavaThread "chunkConsumer1" [_thread_blocked, id=39764, stack(0x0000000034eb0000,0x0000000034fb0000)]
  0x00000000331a9800 JavaThread "chunkConsumer0" [_thread_blocked, id=65572, stack(0x0000000034db0000,0x0000000034eb0000)]
  0x00000000331a8800 JavaThread "chunkProducer" [_thread_in_Java, id=63764, stack(0x0000000034cb0000,0x0000000034db0000)]
  0x0000000033379000 JavaThread "Java2D Disposer" daemon [_thread_blocked, id=53492, stack(0x0000000034bb0000,0x0000000034cb0000)]
  0x0000000033277000 JavaThread "chunkMeshConsumer3" [_thread_in_Java, id=63604, stack(0x0000000034930000,0x0000000034a30000)]
  0x0000000033484000 JavaThread "chunkMeshConsumer2" [_thread_in_Java, id=61008, stack(0x0000000034830000,0x0000000034930000)]
  0x0000000033483000 JavaThread "chunkMeshConsumer1" [_thread_in_Java, id=53772, stack(0x0000000034730000,0x0000000034830000)]
  0x0000000033276000 JavaThread "chunkMeshConsumer0" [_thread_in_Java, id=52016, stack(0x0000000034630000,0x0000000034730000)]
  0x0000000033315000 JavaThread "chunkMeshProducer" [_thread_blocked, id=58312, stack(0x0000000034530000,0x0000000034630000)]
  0x000000002826e800 JavaThread "Service Thread" daemon [_thread_blocked, id=55592, stack(0x000000002a230000,0x000000002a330000)]
  0x0000000028268800 JavaThread "C1 CompilerThread3" daemon [_thread_blocked, id=10252, stack(0x000000002a130000,0x000000002a230000)]
  0x0000000028267800 JavaThread "C2 CompilerThread2" daemon [_thread_blocked, id=57040, stack(0x000000002a030000,0x000000002a130000)]
  0x0000000028267000 JavaThread "C2 CompilerThread1" daemon [_thread_blocked, id=54064, stack(0x0000000029f30000,0x000000002a030000)]
  0x0000000028264000 JavaThread "C2 CompilerThread0" daemon [_thread_blocked, id=62168, stack(0x0000000029e30000,0x0000000029f30000)]
  0x00000000296d4800 JavaThread "Monitor Ctrl-Break" daemon [_thread_in_native, id=57500, stack(0x0000000029d30000,0x0000000029e30000)]
  0x0000000027ee9000 JavaThread "Attach Listener" daemon [_thread_blocked, id=60468, stack(0x0000000029430000,0x0000000029530000)]
  0x0000000027ee8000 JavaThread "Signal Dispatcher" daemon [_thread_blocked, id=64580, stack(0x0000000029330000,0x0000000029430000)]
  0x00000000267e3800 JavaThread "Finalizer" daemon [_thread_blocked, id=9680, stack(0x0000000029130000,0x0000000029230000)]
  0x00000000267dd800 JavaThread "Reference Handler" daemon [_thread_blocked, id=65100, stack(0x0000000029030000,0x0000000029130000)]
=>0x0000000003507000 JavaThread "main" [_thread_in_native, id=62360, stack(0x0000000003210000,0x0000000003310000)]

Other Threads:
  0x00000000035fd000 VMThread [stack: 0x0000000028f30000,0x0000000029030000] [id=53964]
  0x00000000297b2800 WatcherThread [stack: 0x000000002a330000,0x000000002a430000] [id=64128]

VM state:not at safepoint (normal execution)

VM Mutex/Monitor currently owned by a thread: None

heap address: 0x00000005c1000000, size: 8176 MB, Compressed Oops mode: Zero based, Oop shift amount: 3
Narrow klass base: 0x0000000000000000, Narrow klass shift: 3
Compressed class space size: 1073741824 Address: 0x00000007c0000000

Heap:
 PSYoungGen      total 1420288K, used 795936K [0x0000000715b00000, 0x0000000783b00000, 0x00000007c0000000)
  eden space 1064960K, 50% used [0x0000000715b00000,0x0000000736a320e8,0x0000000756b00000)
  from space 355328K, 72% used [0x000000076cf00000,0x000000077c916208,0x0000000782a00000)
  to   space 364544K, 0% used [0x0000000756b00000,0x0000000756b00000,0x000000076cf00000)
 ParOldGen       total 952320K, used 436864K [0x00000005c1000000, 0x00000005fb200000, 0x0000000715b00000)
  object space 952320K, 45% used [0x00000005c1000000,0x00000005dbaa00c8,0x00000005fb200000)
 Metaspace       used 13442K, capacity 13661K, committed 13824K, reserved 1062912K
  class space    used 1050K, capacity 1161K, committed 1280K, reserved 1048576K

Card table byte_map: [0x00000000129c0000,0x00000000139c0000] byte_map_base: 0x000000000fbb8000

Marking Bits: (ParMarkBitMap*) 0x0000000072b1af90
 Begin Bits: [0x0000000014e70000, 0x000000001ce30000)
 End Bits:   [0x000000001ce30000, 0x0000000024df0000)

Polling page: 0x00000000016f0000

CodeCache: size=245760Kb used=7745Kb max_used=7764Kb free=238014Kb
 bounds [0x0000000003600000, 0x0000000003db0000, 0x0000000012600000]
 total_blobs=2600 nmethods=1585 adapters=928
 compilation: enabled

Compilation events (10 events):
Event: 7.147 Thread 0x0000000028267800 1588       4       com.mikedeejay2.apcspfinal.world.chunk.mesh.ChunkMeshGenerator::createChunkEntity (159 bytes)
Event: 7.189 Thread 0x0000000028267000 1589       4       java.nio.DirectByteBuffer::asIntBuffer (151 bytes)
Event: 7.189 Thread 0x0000000028264000 1590       4       com.mikedeejay2.apcspfinal.loaders.Loader::loadToVAO (80 bytes)
Event: 7.191 Thread 0x0000000028267000 nmethod 1589 0x0000000003d69d50 code [0x0000000003d69ea0, 0x0000000003d6a038]
Event: 7.203 Thread 0x0000000028268800 1591       3       com.mikedeejay2.apcspfinal.player.Player::input (472 bytes)
Event: 7.205 Thread 0x0000000028268800 nmethod 1591 0x0000000003d86950 code [0x0000000003d86da0, 0x0000000003d89078]
Event: 7.208 Thread 0x0000000028267000 1592       4       java.nio.DirectIntBufferU::put (157 bytes)
Event: 7.210 Thread 0x0000000028267000 nmethod 1592 0x0000000003d80d10 code [0x0000000003d80e60, 0x0000000003d81118]
Event: 7.210 Thread 0x0000000028267800 nmethod 1588 0x0000000003d95250 code [0x0000000003d955e0, 0x0000000003d97ae0]
Event: 7.240 Thread 0x0000000028264000 nmethod 1590 0x0000000003d9b950 code [0x0000000003d9bcc0, 0x0000000003d9dec0]

GC Heap History (10 events):
Event: 5.499 GC heap before
{Heap before GC invocations=14 (full 2):
 PSYoungGen      total 916480K, used 800964K [0x0000000715b00000, 0x000000076b980000, 0x00000007c0000000)
  eden space 579072K, 100% used [0x0000000715b00000,0x0000000739080000,0x0000000739080000)
  from space 337408K, 65% used [0x0000000739080000,0x0000000746931288,0x000000074da00000)
  to   space 343552K, 0% used [0x0000000756a00000,0x0000000756a00000,0x000000076b980000)
 ParOldGen       total 952320K, used 436864K [0x00000005c1000000, 0x00000005fb200000, 0x0000000715b00000)
  object space 952320K, 45% used [0x00000005c1000000,0x00000005dbaa00c8,0x00000005fb200000)
 Metaspace       used 13442K, capacity 13661K, committed 13824K, reserved 1062912K
  class space    used 1050K, capacity 1161K, committed 1280K, reserved 1048576K
Event: 5.547 GC heap after
Heap after GC invocations=14 (full 2):
 PSYoungGen      total 1060352K, used 223393K [0x0000000715b00000, 0x000000076ca00000, 0x00000007c0000000)
  eden space 716800K, 0% used [0x0000000715b00000,0x0000000715b00000,0x0000000741700000)
  from space 343552K, 65% used [0x0000000756a00000,0x0000000764428538,0x000000076b980000)
  to   space 347136K, 0% used [0x0000000741700000,0x0000000741700000,0x0000000756a00000)
 ParOldGen       total 952320K, used 436864K [0x00000005c1000000, 0x00000005fb200000, 0x0000000715b00000)
  object space 952320K, 45% used [0x00000005c1000000,0x00000005dbaa00c8,0x00000005fb200000)
 Metaspace       used 13442K, capacity 13661K, committed 13824K, reserved 1062912K
  class space    used 1050K, capacity 1161K, committed 1280K, reserved 1048576K
}
Event: 6.055 GC heap before
{Heap before GC invocations=15 (full 2):
 PSYoungGen      total 1060352K, used 940193K [0x0000000715b00000, 0x000000076ca00000, 0x00000007c0000000)
  eden space 716800K, 100% used [0x0000000715b00000,0x0000000741700000,0x0000000741700000)
  from space 343552K, 65% used [0x0000000756a00000,0x0000000764428538,0x000000076b980000)
  to   space 347136K, 0% used [0x0000000741700000,0x0000000741700000,0x0000000756a00000)
 ParOldGen       total 952320K, used 436864K [0x00000005c1000000, 0x00000005fb200000, 0x0000000715b00000)
  object space 952320K, 45% used [0x00000005c1000000,0x00000005dbaa00c8,0x00000005fb200000)
 Metaspace       used 13442K, capacity 13661K, committed 13824K, reserved 1062912K
  class space    used 1050K, capacity 1161K, committed 1280K, reserved 1048576K
Event: 6.087 GC heap after
Heap after GC invocations=15 (full 2):
 PSYoungGen      total 1063936K, used 225934K [0x0000000715b00000, 0x0000000776a80000, 0x00000007c0000000)
  eden space 716800K, 0% used [0x0000000715b00000,0x0000000715b00000,0x0000000741700000)
  from space 347136K, 65% used [0x0000000741700000,0x000000074f3a38c8,0x0000000756a00000)
  to   space 350208K, 0% used [0x0000000761480000,0x0000000761480000,0x0000000776a80000)
 ParOldGen       total 952320K, used 436864K [0x00000005c1000000, 0x00000005fb200000, 0x0000000715b00000)
  object space 952320K, 45% used [0x00000005c1000000,0x00000005dbaa00c8,0x00000005fb200000)
 Metaspace       used 13442K, capacity 13661K, committed 13824K, reserved 1062912K
  class space    used 1050K, capacity 1161K, committed 1280K, reserved 1048576K
}
Event: 6.679 GC heap before
{Heap before GC invocations=16 (full 2):
 PSYoungGen      total 1063936K, used 942734K [0x0000000715b00000, 0x0000000776a80000, 0x00000007c0000000)
  eden space 716800K, 100% used [0x0000000715b00000,0x0000000741700000,0x0000000741700000)
  from space 347136K, 65% used [0x0000000741700000,0x000000074f3a38c8,0x0000000756a00000)
  to   space 350208K, 0% used [0x0000000761480000,0x0000000761480000,0x0000000776a80000)
 ParOldGen       total 952320K, used 436864K [0x00000005c1000000, 0x00000005fb200000, 0x0000000715b00000)
  object space 952320K, 45% used [0x00000005c1000000,0x00000005dbaa00c8,0x00000005fb200000)
 Metaspace       used 13442K, capacity 13661K, committed 13824K, reserved 1062912K
  class space    used 1050K, capacity 1161K, committed 1280K, reserved 1048576K
Event: 6.726 GC heap after
Heap after GC invocations=16 (full 2):
 PSYoungGen      total 1224192K, used 224547K [0x0000000715b00000, 0x0000000776480000, 0x00000007c0000000)
  eden space 880128K, 0% used [0x0000000715b00000,0x0000000715b00000,0x000000074b680000)
  from space 344064K, 65% used [0x0000000761480000,0x000000076efc8f28,0x0000000776480000)
  to   space 351232K, 0% used [0x000000074b680000,0x000000074b680000,0x0000000760d80000)
 ParOldGen       total 952320K, used 436864K [0x00000005c1000000, 0x00000005fb200000, 0x0000000715b00000)
  object space 952320K, 45% used [0x00000005c1000000,0x00000005dbaa00c8,0x00000005fb200000)
 Metaspace       used 13442K, capacity 13661K, committed 13824K, reserved 1062912K
  class space    used 1050K, capacity 1161K, committed 1280K, reserved 1048576K
}
Event: 7.111 GC heap before
{Heap before GC invocations=17 (full 2):
 PSYoungGen      total 1224192K, used 1104675K [0x0000000715b00000, 0x0000000776480000, 0x00000007c0000000)
  eden space 880128K, 100% used [0x0000000715b00000,0x000000074b680000,0x000000074b680000)
  from space 344064K, 65% used [0x0000000761480000,0x000000076efc8f28,0x0000000776480000)
  to   space 351232K, 0% used [0x000000074b680000,0x000000074b680000,0x0000000760d80000)
 ParOldGen       total 952320K, used 436864K [0x00000005c1000000, 0x00000005fb200000, 0x0000000715b00000)
  object space 952320K, 45% used [0x00000005c1000000,0x00000005dbaa00c8,0x00000005fb200000)
 Metaspace       used 13442K, capacity 13661K, committed 13824K, reserved 1062912K
  class space    used 1050K, capacity 1161K, committed 1280K, reserved 1048576K
Event: 7.145 GC heap after
Heap after GC invocations=17 (full 2):
 PSYoungGen      total 1231360K, used 238271K [0x0000000715b00000, 0x0000000782a00000, 0x00000007c0000000)
  eden space 880128K, 0% used [0x0000000715b00000,0x0000000715b00000,0x000000074b680000)
  from space 351232K, 67% used [0x000000074b680000,0x0000000759f2fff8,0x0000000760d80000)
  to   space 355328K, 0% used [0x000000076cf00000,0x000000076cf00000,0x0000000782a00000)
 ParOldGen       total 952320K, used 436864K [0x00000005c1000000, 0x00000005fb200000, 0x0000000715b00000)
  object space 952320K, 45% used [0x00000005c1000000,0x00000005dbaa00c8,0x00000005fb200000)
 Metaspace       used 13442K, capacity 13661K, committed 13824K, reserved 1062912K
  class space    used 1050K, capacity 1161K, committed 1280K, reserved 1048576K
}
Event: 7.709 GC heap before
{Heap before GC invocations=18 (full 2):
 PSYoungGen      total 1231360K, used 1118399K [0x0000000715b00000, 0x0000000782a00000, 0x00000007c0000000)
  eden space 880128K, 100% used [0x0000000715b00000,0x000000074b680000,0x000000074b680000)
  from space 351232K, 67% used [0x000000074b680000,0x0000000759f2fff8,0x0000000760d80000)
  to   space 355328K, 0% used [0x000000076cf00000,0x000000076cf00000,0x0000000782a00000)
 ParOldGen       total 952320K, used 436864K [0x00000005c1000000, 0x00000005fb200000, 0x0000000715b00000)
  object space 952320K, 45% used [0x00000005c1000000,0x00000005dbaa00c8,0x00000005fb200000)
 Metaspace       used 13442K, capacity 13661K, committed 13824K, reserved 1062912K
  class space    used 1050K, capacity 1161K, committed 1280K, reserved 1048576K
Event: 7.766 GC heap after
Heap after GC invocations=18 (full 2):
 PSYoungGen      total 1420288K, used 256088K [0x0000000715b00000, 0x0000000783b00000, 0x00000007c0000000)
  eden space 1064960K, 0% used [0x0000000715b00000,0x0000000715b00000,0x0000000756b00000)
  from space 355328K, 72% used [0x000000076cf00000,0x000000077c916208,0x0000000782a00000)
  to   space 364544K, 0% used [0x0000000756b00000,0x0000000756b00000,0x000000076cf00000)
 ParOldGen       total 952320K, used 436864K [0x00000005c1000000, 0x00000005fb200000, 0x0000000715b00000)
  object space 952320K, 45% used [0x00000005c1000000,0x00000005dbaa00c8,0x00000005fb200000)
 Metaspace       used 13442K, capacity 13661K, committed 13824K, reserved 1062912K
  class space    used 1050K, capacity 1161K, committed 1280K, reserved 1048576K
}

Deoptimization events (10 events):
Event: 3.467 Thread 0x0000000033484000 Uncommon trap: reason=unstable_if action=reinterpret pc=0x0000000003cf6220 method=com.mikedeejay2.apcspfinal.world.chunk.mesh.ChunkMeshGenerator.createSlice(Ljava/util/ArrayList;Ljava/util/ArrayList;Ljava/util/ArrayList;Ljava/util/ArrayList;Lcom/mikedeeja
Event: 3.852 Thread 0x0000000003507000 Uncommon trap: reason=unstable_if action=reinterpret pc=0x0000000003c0285c method=com.mikedeejay2.apcspfinal.player.PlayerCollision.collidesDown()Z @ 99
Event: 3.929 Thread 0x0000000003507000 Uncommon trap: reason=unstable_if action=reinterpret pc=0x0000000003c9395c method=com.mikedeejay2.apcspfinal.player.PlayerCollision.update(Lorg/joml/Vector3f;F)V @ 9
Event: 3.929 Thread 0x0000000003507000 Uncommon trap: reason=unstable_if action=reinterpret pc=0x0000000003cdc1f4 method=com.mikedeejay2.apcspfinal.player.PlayerCollision.update(Lorg/joml/Vector3f;F)V @ 9
Event: 4.130 Thread 0x0000000003507000 Uncommon trap: reason=unstable_if action=reinterpret pc=0x0000000003d4130c method=com.mikedeejay2.apcspfinal.player.Player.input(F)V @ 159
Event: 4.130 Thread 0x0000000003507000 Uncommon trap: reason=unstable_if action=reinterpret pc=0x0000000003cbe058 method=com.mikedeejay2.apcspfinal.io.Input.getKey(I)Z @ 12
Event: 4.720 Thread 0x0000000003507000 Uncommon trap: reason=unstable_if action=reinterpret pc=0x0000000003d60c64 method=com.mikedeejay2.apcspfinal.world.World.isCollidableVoxelAtCoordinate(III)Z @ 62
Event: 4.720 Thread 0x0000000003507000 Uncommon trap: reason=unstable_if action=reinterpret pc=0x0000000003b20490 method=com.mikedeejay2.apcspfinal.world.World.isCollidableVoxelAtCoordinate(III)Z @ 62
Event: 5.589 Thread 0x0000000003507000 Uncommon trap: reason=unstable_if action=reinterpret pc=0x0000000003d70ae4 method=com.mikedeejay2.apcspfinal.player.Player.input(F)V @ 346
Event: 7.202 Thread 0x0000000003507000 Uncommon trap: reason=unstable_if action=reinterpret pc=0x0000000003d6b260 method=com.mikedeejay2.apcspfinal.player.Player.input(F)V @ 136

Classes redefined (0 events):
No events

Internal exceptions (10 events):
Event: 0.225 Thread 0x0000000003507000 Exception <a 'sun/nio/fs/WindowsException'> (0x000000071690ff78) thrown at [C:\jenkins\workspace\8-2-build-windows-amd64-cygwin\jdk8u251\737\hotspot\src\share\vm\prims\jni.cpp, line 710]
Event: 0.248 Thread 0x0000000003507000 Exception <a 'sun/nio/fs/WindowsException'> (0x00000007169d3a60) thrown at [C:\jenkins\workspace\8-2-build-windows-amd64-cygwin\jdk8u251\737\hotspot\src\share\vm\prims\jni.cpp, line 710]
Event: 0.248 Thread 0x0000000003507000 Exception <a 'sun/nio/fs/WindowsException'> (0x00000007169d4190) thrown at [C:\jenkins\workspace\8-2-build-windows-amd64-cygwin\jdk8u251\737\hotspot\src\share\vm\prims\jni.cpp, line 710]
Event: 0.262 Thread 0x0000000003507000 Exception <a 'sun/nio/fs/WindowsException'> (0x0000000716a8fa18) thrown at [C:\jenkins\workspace\8-2-build-windows-amd64-cygwin\jdk8u251\737\hotspot\src\share\vm\prims\jni.cpp, line 710]
Event: 0.262 Thread 0x0000000003507000 Exception <a 'sun/nio/fs/WindowsException'> (0x0000000716a900f8) thrown at [C:\jenkins\workspace\8-2-build-windows-amd64-cygwin\jdk8u251\737\hotspot\src\share\vm\prims\jni.cpp, line 710]
Event: 0.739 Thread 0x0000000003507000 Exception <a 'sun/nio/fs/WindowsException'> (0x0000000716b12c98) thrown at [C:\jenkins\workspace\8-2-build-windows-amd64-cygwin\jdk8u251\737\hotspot\src\share\vm\prims\jni.cpp, line 710]
Event: 0.739 Thread 0x0000000003507000 Exception <a 'sun/nio/fs/WindowsException'> (0x0000000716b133d8) thrown at [C:\jenkins\workspace\8-2-build-windows-amd64-cygwin\jdk8u251\737\hotspot\src\share\vm\prims\jni.cpp, line 710]
Event: 0.741 Thread 0x0000000003507000 Exception <a 'sun/nio/fs/WindowsException'> (0x0000000716b2a9a0) thrown at [C:\jenkins\workspace\8-2-build-windows-amd64-cygwin\jdk8u251\737\hotspot\src\share\vm\prims\jni.cpp, line 710]
Event: 0.741 Thread 0x0000000003507000 Exception <a 'sun/nio/fs/WindowsException'> (0x0000000716b2af98) thrown at [C:\jenkins\workspace\8-2-build-windows-amd64-cygwin\jdk8u251\737\hotspot\src\share\vm\prims\jni.cpp, line 710]
Event: 1.112 Thread 0x0000000003507000 Exception <a 'java/io/FileNotFoundException'> (0x0000000717ec8ec8) thrown at [C:\jenkins\workspace\8-2-build-windows-amd64-cygwin\jdk8u251\737\hotspot\src\share\vm\prims\jni.cpp, line 710]

Events (10 events):
Event: 6.087 Executing VM operation: ParallelGCFailedAllocation done
Event: 6.679 Executing VM operation: ParallelGCFailedAllocation
Event: 6.726 Executing VM operation: ParallelGCFailedAllocation done
Event: 7.111 Executing VM operation: ParallelGCFailedAllocation
Event: 7.145 Executing VM operation: ParallelGCFailedAllocation done
Event: 7.202 Thread 0x0000000003507000 Uncommon trap: trap_request=0xffffff65 fr.pc=0x0000000003d6b260
Event: 7.203 Thread 0x0000000003507000 DEOPT PACKING pc=0x0000000003d6b260 sp=0x000000000330eea0
Event: 7.203 Thread 0x0000000003507000 DEOPT UNPACKING pc=0x000000000364583b sp=0x000000000330ee48 mode 2
Event: 7.709 Executing VM operation: ParallelGCFailedAllocation
Event: 7.766 Executing VM operation: ParallelGCFailedAllocation done


Dynamic libraries:
0x00007ff67fdd0000 - 0x00007ff67fe07000 	C:\Program Files\Java\jdk1.8.0_251\bin\java.exe
0x00007ffb5cc00000 - 0x00007ffb5cdf0000 	C:\Windows\SYSTEM32\ntdll.dll
0x00007ffb5b5b0000 - 0x00007ffb5b662000 	C:\Windows\System32\KERNEL32.DLL
0x00007ffb5aa00000 - 0x00007ffb5aca3000 	C:\Windows\System32\KERNELBASE.dll
0x00007ffb5c1d0000 - 0x00007ffb5c273000 	C:\Windows\System32\ADVAPI32.dll
0x00007ffb5b510000 - 0x00007ffb5b5ae000 	C:\Windows\System32\msvcrt.dll
0x00007ffb5c660000 - 0x00007ffb5c6f7000 	C:\Windows\System32\sechost.dll
0x00007ffb5c0b0000 - 0x00007ffb5c1d0000 	C:\Windows\System32\RPCRT4.dll
0x00007ffb5b2c0000 - 0x00007ffb5b454000 	C:\Windows\System32\USER32.dll
0x00007ffb5a630000 - 0x00007ffb5a651000 	C:\Windows\System32\win32u.dll
0x00007ffb5bf20000 - 0x00007ffb5bf46000 	C:\Windows\System32\GDI32.dll
0x00007ffb5a660000 - 0x00007ffb5a7f4000 	C:\Windows\System32\gdi32full.dll
0x00007ffb59b90000 - 0x00007ffb59c2e000 	C:\Windows\System32\msvcp_win.dll
0x00007ffb5a530000 - 0x00007ffb5a62a000 	C:\Windows\System32\ucrtbase.dll
0x00007ffb43fc0000 - 0x00007ffb44245000 	C:\Windows\WinSxS\amd64_microsoft.windows.common-controls_6595b64144ccf1df_6.0.18362.778_none_e6c6b761130d4fb8\COMCTL32.dll
0x00007ffb5c760000 - 0x00007ffb5ca96000 	C:\Windows\System32\combase.dll
0x00007ffb5a980000 - 0x00007ffb5aa00000 	C:\Windows\System32\bcryptPrimitives.dll
0x00007ffb5b1a0000 - 0x00007ffb5b1ce000 	C:\Windows\System32\IMM32.DLL
0x0000000074c30000 - 0x0000000074d02000 	C:\Program Files\Java\jdk1.8.0_251\jre\bin\msvcr100.dll
0x00000000722f0000 - 0x0000000072b9b000 	C:\Program Files\Java\jdk1.8.0_251\jre\bin\server\jvm.dll
0x00007ffb5bf50000 - 0x00007ffb5bf58000 	C:\Windows\System32\PSAPI.DLL
0x00007ffb49340000 - 0x00007ffb49349000 	C:\Windows\SYSTEM32\WSOCK32.dll
0x00007ffb56760000 - 0x00007ffb56784000 	C:\Windows\SYSTEM32\WINMM.dll
0x00007ffb54630000 - 0x00007ffb5463a000 	C:\Windows\SYSTEM32\VERSION.dll
0x00007ffb5bfe0000 - 0x00007ffb5c04f000 	C:\Windows\System32\WS2_32.dll
0x00007ffb562d0000 - 0x00007ffb562fd000 	C:\Windows\SYSTEM32\winmmbase.dll
0x00007ffb5a8d0000 - 0x00007ffb5a91a000 	C:\Windows\System32\cfgmgr32.dll
0x00007ffb56910000 - 0x00007ffb5691f000 	C:\Program Files\Java\jdk1.8.0_251\jre\bin\verify.dll
0x00007ffb37410000 - 0x00007ffb37439000 	C:\Program Files\Java\jdk1.8.0_251\jre\bin\java.dll
0x00007ffb371b0000 - 0x00007ffb371d3000 	C:\Program Files\Java\jdk1.8.0_251\jre\bin\instrument.dll
0x00007ffb373f0000 - 0x00007ffb37406000 	C:\Program Files\Java\jdk1.8.0_251\jre\bin\zip.dll
0x00007ffb5b670000 - 0x00007ffb5bd55000 	C:\Windows\System32\SHELL32.dll
0x00007ffb5b460000 - 0x00007ffb5b509000 	C:\Windows\System32\shcore.dll
0x00007ffb59db0000 - 0x00007ffb5a530000 	C:\Windows\System32\windows.storage.dll
0x00007ffb59b60000 - 0x00007ffb59b83000 	C:\Windows\System32\profapi.dll
0x00007ffb59af0000 - 0x00007ffb59b3a000 	C:\Windows\System32\powrprof.dll
0x00007ffb59ac0000 - 0x00007ffb59ad0000 	C:\Windows\System32\UMPDC.dll
0x00007ffb5c700000 - 0x00007ffb5c752000 	C:\Windows\System32\shlwapi.dll
0x00007ffb59ad0000 - 0x00007ffb59ae1000 	C:\Windows\System32\kernel.appcore.dll
0x00007ffb5a8b0000 - 0x00007ffb5a8c7000 	C:\Windows\System32\cryptsp.dll
0x00007ffb37330000 - 0x00007ffb3734a000 	C:\Program Files\JetBrains\IntelliJ IDEA 2019.3.4\bin\breakgen64.dll
0x00007ffb36730000 - 0x00007ffb3674a000 	C:\Program Files\Java\jdk1.8.0_251\jre\bin\net.dll
0x00007ffb59330000 - 0x00007ffb59397000 	C:\Windows\system32\mswsock.dll
0x00007ffb34f70000 - 0x00007ffb34f82000 	C:\Program Files\Java\jdk1.8.0_251\jre\bin\nio.dll
0x00007ffb34cc0000 - 0x00007ffb34d24000 	C:\Users\mdeej\AppData\Local\Temp\lwjglmdeej\3.2.3-build-13\lwjgl.dll
0x00007ffb1c670000 - 0x00007ffb1c8c3000 	C:\Users\mdeej\AppData\Local\Temp\lwjglmdeej\3.2.3-build-13\jemalloc.dll
0x00007ffb34c50000 - 0x00007ffb34cb2000 	C:\Users\mdeej\AppData\Local\Temp\lwjglmdeej\3.2.3-build-13\glfw.dll
0x00007ffb56de0000 - 0x00007ffb56e79000 	C:\Windows\system32\uxtheme.dll
0x00007ffb3e950000 - 0x00007ffb3e993000 	C:\Windows\SYSTEM32\dinput8.dll
0x00007ffb2dbe0000 - 0x00007ffb2dbf1000 	C:\Windows\SYSTEM32\xinput1_4.dll
0x00007ffb598c0000 - 0x00007ffb598ea000 	C:\Windows\SYSTEM32\DEVOBJ.dll
0x00007ffb57520000 - 0x00007ffb5754d000 	C:\Windows\SYSTEM32\dwmapi.dll
0x00007ffb4f940000 - 0x00007ffb4fa5a000 	C:\Windows\SYSTEM32\inputhost.dll
0x00007ffb56300000 - 0x00007ffb563d4000 	C:\Windows\SYSTEM32\CoreMessaging.dll
0x00007ffb54e80000 - 0x00007ffb54fd3000 	C:\Windows\SYSTEM32\wintypes.dll
0x00007ffb56090000 - 0x00007ffb5617f000 	C:\Windows\SYSTEM32\PROPSYS.dll
0x00007ffb53890000 - 0x00007ffb53bba000 	C:\Windows\SYSTEM32\CoreUIComponents.dll
0x00007ffb5c3c0000 - 0x00007ffb5c484000 	C:\Windows\System32\OLEAUT32.dll
0x00007ffb58bd0000 - 0x00007ffb58c01000 	C:\Windows\SYSTEM32\ntmarta.dll
0x00007ffb5c280000 - 0x00007ffb5c3b6000 	C:\Windows\System32\MSCTF.dll
0x00007ffb58430000 - 0x00007ffb5843e000 	C:\Windows\SYSTEM32\HID.DLL
0x00007ffb5ad30000 - 0x00007ffb5b1a0000 	C:\Windows\System32\SETUPAPI.DLL
0x00007ffb59c30000 - 0x00007ffb59c56000 	C:\Windows\System32\bcrypt.dll
0x00007ffb5a920000 - 0x00007ffb5a97c000 	C:\Windows\System32\WINTRUST.dll
0x00007ffb59b40000 - 0x00007ffb59b52000 	C:\Windows\System32\MSASN1.dll
0x00007ffb59c60000 - 0x00007ffb59da9000 	C:\Windows\System32\CRYPT32.dll
0x00007ffafede0000 - 0x00007ffafef36000 	C:\Windows\SYSTEM32\opengl32.dll
0x00007ffb3e860000 - 0x00007ffb3e88c000 	C:\Windows\SYSTEM32\GLU32.dll
0x00007ffb587a0000 - 0x00007ffb587c0000 	C:\Windows\SYSTEM32\dxcore.dll
0x00007ffaf1fe0000 - 0x00007ffaf4704000 	C:\Windows\System32\DriverStore\FileRepository\nvaki.inf_amd64_149c0c4968822483\nvoglv64.dll
0x00007ffb5c500000 - 0x00007ffb5c657000 	C:\Windows\System32\ole32.dll
0x00007ffb54e60000 - 0x00007ffb54e73000 	C:\Windows\SYSTEM32\WTSAPI32.dll
0x00007ffb23280000 - 0x00007ffb23537000 	C:\Windows\system32\nvspcap64.dll
0x00007ffb58d70000 - 0x00007ffb58dcc000 	C:\Windows\SYSTEM32\WINSTA.dll
0x00007ffb4fa60000 - 0x00007ffb4fafe000 	C:\Windows\System32\TextInputFramework.dll
0x00007ffb4b450000 - 0x00007ffb4b6f6000 	C:\Windows\System32\iertutil.dll
0x00007ffb43da0000 - 0x00007ffb43e05000 	C:\Windows\system32\Oleacc.dll
0x00007ffb2b460000 - 0x00007ffb2b4b9000 	C:\Users\mdeej\AppData\Local\Temp\lwjglmdeej\3.2.3-build-13\lwjgl_opengl.dll
0x00007ffb133f0000 - 0x00007ffb1358a000 	C:\Program Files\Java\jdk1.8.0_251\jre\bin\awt.dll
0x00007ffb56ca0000 - 0x00007ffb56d2f000 	C:\Windows\SYSTEM32\apphelp.dll
0x00007ffb58230000 - 0x00007ffb58424000 	C:\Windows\SYSTEM32\dbghelp.dll

VM Arguments:
jvm_args: -XX:+UnlockCommercialFeatures -javaagent:C:\Program Files\JetBrains\IntelliJ IDEA 2019.3.4\lib\idea_rt.jar=59891:C:\Program Files\JetBrains\IntelliJ IDEA 2019.3.4\bin -Dfile.encoding=UTF-8 
java_command: com.mikedeejay2.apcspfinal.Main
java_class_path (initial): C:\Program Files\Java\jdk1.8.0_251\jre\lib\charsets.jar;C:\Program Files\Java\jdk1.8.0_251\jre\lib\deploy.jar;C:\Program Files\Java\jdk1.8.0_251\jre\lib\ext\access-bridge-64.jar;C:\Program Files\Java\jdk1.8.0_251\jre\lib\ext\cldrdata.jar;C:\Program Files\Java\jdk1.8.0_251\jre\lib\ext\dnsns.jar;C:\Program Files\Java\jdk1.8.0_251\jre\lib\ext\jaccess.jar;C:\Program Files\Java\jdk1.8.0_251\jre\lib\ext\jfxrt.jar;C:\Program Files\Java\jdk1.8.0_251\jre\lib\ext\localedata.jar;C:\Program Files\Java\jdk1.8.0_251\jre\lib\ext\nashorn.jar;C:\Program Files\Java\jdk1.8.0_251\jre\lib\ext\sunec.jar;C:\Program Files\Java\jdk1.8.0_251\jre\lib\ext\sunjce_provider.jar;C:\Program Files\Java\jdk1.8.0_251\jre\lib\ext\sunmscapi.jar;C:\Program Files\Java\jdk1.8.0_251\jre\lib\ext\sunpkcs11.jar;C:\Program Files\Java\jdk1.8.0_251\jre\lib\ext\zipfs.jar;C:\Program Files\Java\jdk1.8.0_251\jre\lib\javaws.jar;C:\Program Files\Java\jdk1.8.0_251\jre\lib\jce.jar;C:\Program Files\Java\jdk1.8.0_251\jre\lib\jfr.jar;C:\Program Files\Java\jdk1.8.0_251\jre\lib\jfxswt.jar;C:\Program Files\Java\jdk1.8.0_251\jre\lib\jsse.jar;C:\Program Files\Java\jdk1.8.0_251\jre\lib\management-agent.jar;C:\Program Files\Java\jdk1.8.0_251\jre\lib\plugin.jar;C:\Program Files\Java\jdk1.8.0_251\jre\lib\resources.jar;C:\Program Files\Java\jdk1.8.0_251\jre\lib\rt.jar;C:\Users\mdeej\IdeaProjects\APCSP\out\production\APCSP;C:\Users\mdeej\IdeaProjects\APCSP\libs\lwjgl.jar;C:\Users\mdeej\IdeaProjects\APCSP\libs\lwjgl-egl.jar;C:\Users\mdeej\IdeaProjects\APCSP\libs\lwjgl-lz4.jar;C:\Users\mdeej\IdeaProjects\APCSP\libs\lwjgl-nfd.jar;C:\Users\mdeej\IdeaProjects\APCSP\libs\lwjgl-ovr.jar;C:\Users\mdeej\IdeaProjects\APCSP\libs\lwjgl-par.jar;C:\Users\mdeej\IdeaProjects\APCSP\libs\lwjgl-sse.jar;C:\Users\mdeej\IdeaProjects\APCSP\libs\lwjgl-stb.jar;C:\Users\mdeej\IdeaProjects\APCSP\libs\lwjgl-vma.jar;C:\Users\mdeej\IdeaProjects\APCSP\libs\lwjgl-bgfx.jar;C:\Users\mdeej\IdeaProjects\APCSP\libs\lwjgl-cuda.jar;C:\Users\mdee
Launcher Type: SUN_STANDARD

Environment Variables:
PATH=C:\Program Files (x86)\Common Files\Intel\Shared Libraries\redist\intel64\compiler;C:\Windows\system32;C:\Windows;C:\Windows\System32\Wbem;C:\Windows\System32\WindowsPowerShell\v1.0\;C:\Windows\System32\OpenSSH\;C:\Program Files\NVIDIA Corporation\NVIDIA NvDLISR;C:\Program Files (x86)\NVIDIA Corporation\PhysX\Common;C:\Program Files (x86)\QuickTime\QTSystem\;C:\Program Files\Gource\cmd;C:\Users\mdeej\AppData\Local\Microsoft\WindowsApps;
USERNAME=mdeej
OS=Windows_NT
PROCESSOR_IDENTIFIER=Intel64 Family 6 Model 158 Stepping 10, GenuineIntel



---------------  S Y S T E M  ---------------

OS: Windows 10.0 , 64 bit Build 18362 (10.0.18362.778)

CPU:total 12 (initial active 12) (6 cores per cpu, 2 threads per core) family 6 model 158 stepping 10, cmov, cx8, fxsr, mmx, sse, sse2, sse3, ssse3, sse4.1, sse4.2, popcnt, avx, avx2, aes, clmul, erms, rtm, 3dnowpref, lzcnt, ht, tsc, tscinvbit, bmi1, bmi2, adx

Memory: 4k page, physical 33487264k(3301472k free), swap 98498976k(48911000k free)

vm_info: Java HotSpot(TM) 64-Bit Server VM (25.251-b08) for windows-amd64 JRE (1.8.0_251-b08), built on Mar 12 2020 06:31:49 by "" with MS VC++ 10.0 (VS2010)

time: Wed May 20 14:13:25 2020
timezone: Eastern Daylight Time
elapsed time: 8 seconds (0d 0h 0m 8s)

