#
# A fatal error has been detected by the Java Runtime Environment:
#
#  EXCEPTION_ACCESS_VIOLATION (0xc0000005) at pc=0x00007ff92a3982ae, pid=20664, tid=0x0000000000003da8
#
# JRE version: Java(TM) SE Runtime Environment (8.0_231-b11) (build 1.8.0_231-b11)
# Java VM: Java HotSpot(TM) 64-Bit Server VM (25.231-b11 mixed mode windows-amd64 compressed oops)
# Problematic frame:
# C  [nvoglv64.dll+0xfe82ae]
#
# Failed to write core dump. Minidumps are not enabled by default on client versions of Windows
#
# If you would like to submit a bug report, please visit:
#   http://bugreport.java.com/bugreport/crash.jsp
# The crash happened outside the Java Virtual Machine in native code.
# See problematic frame for where to report the bug.
#

---------------  T H R E A D  ---------------

Current thread (0x0000000028f87800):  JavaThread "game" [_thread_in_native, id=15784, stack(0x00000000299e0000,0x0000000029ae0000)]

siginfo: ExceptionCode=0xc0000005, reading address 0x0000000000000000

Registers:
RAX=0x000000002c072110, RBX=0x0000000000000280, RCX=0x0000000000000400, RDX=0xffffffffd3f8def0
RSP=0x0000000029adef58, RBP=0x0000000000000003, RSI=0x0000000000000000, RDI=0x000000002c072110
R8 =0x0000000000000400, R9 =0x0000000000000040, R10=0x0000000000000000, R11=0x000000002c072110
R12=0x0000000000000000, R13=0x00007ff9293b0000, R14=0x0000000000000000, R15=0x000000002b90be88
RIP=0x00007ff92a3982ae, EFLAGS=0x0000000000010202

Top of Stack: (sp=0x0000000029adef58)
0x0000000029adef58:   0000000000000040 000000002c072110
0x0000000029adef68:   00007ff929df808c 000000003387c948
0x0000000029adef78:   0000000029adf0c0 0000000028c993d0
0x0000000029adef88:   00007ff929c6881b 0000000000000000
0x0000000029adef98:   0000000000000000 0000000000000000
0x0000000029adefa8:   000000000040810b 000000002b90be88
0x0000000029adefb8:   00007ff929df8f9b 000000002b90b080
0x0000000029adefc8:   0000000000000004 0000000000000040
0x0000000029adefd8:   0000000002b38ad7 0000000028f87800
0x0000000029adefe8:   0000000029adf0c0 000000003387c940
0x0000000029adeff8:   0000000000000000 0000000002b2835d
0x0000000029adf008:   0000000002b38c67 000000003387c948
0x0000000029adf018:   0000000029adf090 000000002912e004
0x0000000029adf028:   000000003387c948 0000000000000040
0x0000000029adf038:   0000000028f87800 0000000029adf128
0x0000000029adf048:   0000000002b38962 0000000029adf050 

Instructions: (pc=0x00007ff92a3982ae)
0x00007ff92a39828e:   cc cc cc cc cc cc cc cc 66 66 0f 1f 84 00 00 00
0x00007ff92a39829e:   00 00 57 56 49 8b c3 48 8b f9 49 8b c8 49 8b f2
0x00007ff92a3982ae:   f3 a4 5e 5f c3 cc cc cc cc cc cc 0f 1f 80 00 00
0x00007ff92a3982be:   00 00 4c 8b d9 4c 8b d2 49 83 f8 10 76 54 49 83 


Register to memory mapping:

RAX=0x000000002c072110 is an unknown value
RBX=0x0000000000000280 is an unknown value
RCX=0x0000000000000400 is an unknown value
RDX=0xffffffffd3f8def0 is an unknown value
RSP=0x0000000029adef58 is pointing into the stack for thread: 0x0000000028f87800
RBP=0x0000000000000003 is an unknown value
RSI=0x0000000000000000 is an unknown value
RDI=0x000000002c072110 is an unknown value
R8 =0x0000000000000400 is an unknown value
R9 =0x0000000000000040 is an unknown value
R10=0x0000000000000000 is an unknown value
R11=0x000000002c072110 is an unknown value
R12=0x0000000000000000 is an unknown value
R13=0x00007ff9293b0000 is an unknown value
R14=0x0000000000000000 is an unknown value
R15=0x000000002b90be88 is an unknown value


Stack: [0x00000000299e0000,0x0000000029ae0000],  sp=0x0000000029adef58,  free space=1019k
Native frames: (J=compiled Java code, j=interpreted, Vv=VM code, C=native code)
C  [nvoglv64.dll+0xfe82ae]
C  [nvoglv64.dll+0xa4808c]
C  [nvoglv64.dll+0xa48f9b]
C  0x0000000002b38c67

Java frames: (J=compiled Java code, j=interpreted, Vv=VM code)
j  org.lwjgl.opengl.GL11C.glDrawArrays(III)V+0
j  org.lwjgl.opengl.GL11.glDrawArrays(III)V+3
j  engine.font.rendering.FontRenderer.renderText(Lengine/font/creator/GUIText;)V+50
j  engine.font.rendering.FontRenderer.render(Ljava/util/Map;)V+92
j  engine.font.TextMaster.render()V+6
j  main.Main.update()V+52
j  main.Main.run()V+15
j  java.lang.Thread.run()V+11
v  ~StubRoutines::call_stub

---------------  P R O C E S S  ---------------

Java Threads: ( => current thread )
  0x00000000291fd800 JavaThread "Java2D Disposer" daemon [_thread_blocked, id=16556, stack(0x0000000033b90000,0x0000000033c90000)]
  0x0000000002a27000 JavaThread "DestroyJavaVM" [_thread_blocked, id=20340, stack(0x0000000002820000,0x0000000002920000)]
=>0x0000000028f87800 JavaThread "game" [_thread_in_native, id=15784, stack(0x00000000299e0000,0x0000000029ae0000)]
  0x0000000028c99800 JavaThread "Service Thread" daemon [_thread_blocked, id=15892, stack(0x00000000297e0000,0x00000000298e0000)]
  0x0000000028c7d800 JavaThread "C1 CompilerThread3" daemon [_thread_blocked, id=2604, stack(0x00000000296e0000,0x00000000297e0000)]
  0x000000002780e000 JavaThread "C2 CompilerThread2" daemon [_thread_in_native, id=20040, stack(0x00000000295e0000,0x00000000296e0000)]
  0x000000002780d800 JavaThread "C2 CompilerThread1" daemon [_thread_blocked, id=21268, stack(0x00000000294e0000,0x00000000295e0000)]
  0x000000002780c800 JavaThread "C2 CompilerThread0" daemon [_thread_in_native, id=19596, stack(0x00000000293e0000,0x00000000294e0000)]
  0x000000002780b000 JavaThread "Monitor Ctrl-Break" daemon [_thread_in_native, id=5128, stack(0x00000000292e0000,0x00000000293e0000)]
  0x000000002748f800 JavaThread "Attach Listener" daemon [_thread_blocked, id=12812, stack(0x00000000289e0000,0x0000000028ae0000)]
  0x000000002748e800 JavaThread "Signal Dispatcher" daemon [_thread_blocked, id=12980, stack(0x00000000288e0000,0x00000000289e0000)]
  0x0000000025da7800 JavaThread "Finalizer" daemon [_thread_blocked, id=12544, stack(0x00000000286e0000,0x00000000287e0000)]
  0x0000000025d9d800 JavaThread "Reference Handler" daemon [_thread_blocked, id=16796, stack(0x00000000285e0000,0x00000000286e0000)]

Other Threads:
  0x0000000002b1d800 VMThread [stack: 0x00000000284e0000,0x00000000285e0000] [id=17372]
  0x0000000028d9b000 WatcherThread [stack: 0x00000000298e0000,0x00000000299e0000] [id=1584]

VM state:not at safepoint (normal execution)

VM Mutex/Monitor currently owned by a thread: None

heap address: 0x00000005c1000000, size: 8176 MB, Compressed Oops mode: Zero based, Oop shift amount: 3
Narrow klass base: 0x0000000000000000, Narrow klass shift: 3
Compressed class space size: 1073741824 Address: 0x00000007c0000000

Heap:
 PSYoungGen      total 153088K, used 39513K [0x0000000715b00000, 0x0000000720580000, 0x00000007c0000000)
  eden space 131584K, 30% used [0x0000000715b00000,0x0000000718196430,0x000000071db80000)
  from space 21504K, 0% used [0x000000071f080000,0x000000071f080000,0x0000000720580000)
  to   space 21504K, 0% used [0x000000071db80000,0x000000071db80000,0x000000071f080000)
 ParOldGen       total 349696K, used 0K [0x00000005c1000000, 0x00000005d6580000, 0x0000000715b00000)
  object space 349696K, 0% used [0x00000005c1000000,0x00000005c1000000,0x00000005d6580000)
 Metaspace       used 11336K, capacity 11577K, committed 11904K, reserved 1060864K
  class space    used 961K, capacity 1065K, committed 1152K, reserved 1048576K

Card table byte_map: [0x0000000011ee0000,0x0000000012ee0000] byte_map_base: 0x000000000f0d8000

Marking Bits: (ParMarkBitMap*) 0x000000005ef56d90
 Begin Bits: [0x0000000014390000, 0x000000001c350000)
 End Bits:   [0x000000001c350000, 0x0000000024310000)

Polling page: 0x0000000000cc0000

CodeCache: size=245760Kb used=3343Kb max_used=3343Kb free=242416Kb
 bounds [0x0000000002b20000, 0x0000000002e70000, 0x0000000011b20000]
 total_blobs=1707 nmethods=752 adapters=868
 compilation: enabled

Compilation events (10 events):
Event: 1.025 Thread 0x0000000028c7d800 nmethod 731 0x0000000002e414d0 code [0x0000000002e41620, 0x0000000002e41770]
Event: 1.026 Thread 0x0000000028c7d800  732  s    3       java.io.BufferedInputStream::read (49 bytes)
Event: 1.026 Thread 0x0000000028c7d800 nmethod 732 0x0000000002e41c10 code [0x0000000002e41da0, 0x0000000002e42318]
Event: 1.026 Thread 0x0000000028c7d800  735       3       java.io.DataInputStream::readUTF (501 bytes)
Event: 1.028 Thread 0x0000000028c7d800 nmethod 735 0x0000000002e42510 code [0x0000000002e428e0, 0x0000000002e44b88]
Event: 1.028 Thread 0x0000000028c7d800  736       3       java.io.DataInputStream::readFully (63 bytes)
Event: 1.028 Thread 0x0000000028c7d800 nmethod 736 0x0000000002e460d0 code [0x0000000002e46280, 0x0000000002e46728]
Event: 1.028 Thread 0x0000000028c7d800  734  s    3       java.io.BufferedInputStream::read (113 bytes)
Event: 1.028 Thread 0x0000000028c7d800 nmethod 734 0x0000000002e46950 code [0x0000000002e46b40, 0x0000000002e474b8]
Event: 1.028 Thread 0x0000000028c7d800  733       3       java.io.BufferedInputStream::read1 (108 bytes)

GC Heap History (0 events):
No events

Deoptimization events (1 events):
Event: 0.205 Thread 0x0000000028f87800 Uncommon trap: reason=unstable_if action=reinterpret pc=0x0000000002c9a5a8 method=java.lang.String.indexOf([CII[CIII)I @ 134

Classes redefined (0 events):
No events

Internal exceptions (10 events):
Event: 0.235 Thread 0x0000000028f87800 Exception <a 'sun/nio/fs/WindowsException'> (0x0000000716c14c40) thrown at [C:\re\workspace\8-2-build-windows-amd64-cygwin\jdk8u231\13620\hotspot\src\share\vm\prims\jni.cpp, line 710]
Event: 0.239 Thread 0x0000000028f87800 Exception <a 'sun/nio/fs/WindowsException'> (0x0000000716c44210) thrown at [C:\re\workspace\8-2-build-windows-amd64-cygwin\jdk8u231\13620\hotspot\src\share\vm\prims\jni.cpp, line 710]
Event: 0.239 Thread 0x0000000028f87800 Exception <a 'sun/nio/fs/WindowsException'> (0x0000000716c448f0) thrown at [C:\re\workspace\8-2-build-windows-amd64-cygwin\jdk8u231\13620\hotspot\src\share\vm\prims\jni.cpp, line 710]
Event: 0.320 Thread 0x0000000028f87800 Exception <a 'sun/nio/fs/WindowsException'> (0x0000000716dd45c0) thrown at [C:\re\workspace\8-2-build-windows-amd64-cygwin\jdk8u231\13620\hotspot\src\share\vm\prims\jni.cpp, line 710]
Event: 0.320 Thread 0x0000000028f87800 Exception <a 'sun/nio/fs/WindowsException'> (0x0000000716dd4cf0) thrown at [C:\re\workspace\8-2-build-windows-amd64-cygwin\jdk8u231\13620\hotspot\src\share\vm\prims\jni.cpp, line 710]
Event: 0.691 Thread 0x0000000028f87800 Exception <a 'sun/nio/fs/WindowsException'> (0x0000000716e6b938) thrown at [C:\re\workspace\8-2-build-windows-amd64-cygwin\jdk8u231\13620\hotspot\src\share\vm\prims\jni.cpp, line 710]
Event: 0.691 Thread 0x0000000028f87800 Exception <a 'sun/nio/fs/WindowsException'> (0x0000000716e6c078) thrown at [C:\re\workspace\8-2-build-windows-amd64-cygwin\jdk8u231\13620\hotspot\src\share\vm\prims\jni.cpp, line 710]
Event: 0.693 Thread 0x0000000028f87800 Exception <a 'sun/nio/fs/WindowsException'> (0x0000000716e83518) thrown at [C:\re\workspace\8-2-build-windows-amd64-cygwin\jdk8u231\13620\hotspot\src\share\vm\prims\jni.cpp, line 710]
Event: 0.693 Thread 0x0000000028f87800 Exception <a 'sun/nio/fs/WindowsException'> (0x0000000716e83b10) thrown at [C:\re\workspace\8-2-build-windows-amd64-cygwin\jdk8u231\13620\hotspot\src\share\vm\prims\jni.cpp, line 710]
Event: 0.981 Thread 0x0000000028f87800 Exception <a 'java/io/FileNotFoundException'> (0x0000000717bee0e0) thrown at [C:\re\workspace\8-2-build-windows-amd64-cygwin\jdk8u231\13620\hotspot\src\share\vm\prims\jni.cpp, line 710]

Events (10 events):
Event: 1.025 loading class java/util/TimeZone
Event: 1.025 loading class engine/font/creator/TextMeshData
Event: 1.025 loading class engine/font/creator/TextMeshData done
Event: 1.025 loading class java/util/TimeZone done
Event: 1.025 loading class sun/util/calendar/ZoneInfo
Event: 1.025 loading class sun/util/calendar/ZoneInfo done
Event: 1.026 loading class sun/util/calendar/ZoneInfoFile
Event: 1.026 loading class sun/util/calendar/ZoneInfoFile done
Event: 1.026 loading class sun/util/calendar/ZoneInfoFile$1
Event: 1.026 loading class sun/util/calendar/ZoneInfoFile$1 done


Dynamic libraries:
0x00007ff6ac4a0000 - 0x00007ff6ac4d7000 	C:\Program Files\Java\jdk1.8.0_231\bin\java.exe
0x00007ff974ba0000 - 0x00007ff974d90000 	C:\Windows\SYSTEM32\ntdll.dll
0x00007ff9740e0000 - 0x00007ff974192000 	C:\Windows\System32\KERNEL32.DLL
0x00007ff971f30000 - 0x00007ff9721d3000 	C:\Windows\System32\KERNELBASE.dll
0x00007ff973df0000 - 0x00007ff973e93000 	C:\Windows\System32\ADVAPI32.dll
0x00007ff973510000 - 0x00007ff9735ae000 	C:\Windows\System32\msvcrt.dll
0x00007ff9749a0000 - 0x00007ff974a37000 	C:\Windows\System32\sechost.dll
0x00007ff974a40000 - 0x00007ff974b60000 	C:\Windows\System32\RPCRT4.dll
0x00007ff973ea0000 - 0x00007ff974034000 	C:\Windows\System32\USER32.dll
0x00007ff972ad0000 - 0x00007ff972af1000 	C:\Windows\System32\win32u.dll
0x00007ff973330000 - 0x00007ff973356000 	C:\Windows\System32\GDI32.dll
0x00007ff971c60000 - 0x00007ff971df4000 	C:\Windows\System32\gdi32full.dll
0x00007ff972a30000 - 0x00007ff972ace000 	C:\Windows\System32\msvcp_win.dll
0x00007ff971e30000 - 0x00007ff971f2a000 	C:\Windows\System32\ucrtbase.dll
0x00007ff959d20000 - 0x00007ff959fa5000 	C:\Windows\WinSxS\amd64_microsoft.windows.common-controls_6595b64144ccf1df_6.0.18362.720_none_e6beb5c51314836b\COMCTL32.dll
0x00007ff973780000 - 0x00007ff973ab6000 	C:\Windows\System32\combase.dll
0x00007ff971b30000 - 0x00007ff971bb0000 	C:\Windows\System32\bcryptPrimitives.dll
0x00007ff973db0000 - 0x00007ff973dde000 	C:\Windows\System32\IMM32.DLL
0x0000000061670000 - 0x0000000061742000 	C:\Program Files\Java\jdk1.8.0_231\jre\bin\msvcr100.dll
0x000000005e730000 - 0x000000005efd6000 	C:\Program Files\Java\jdk1.8.0_231\jre\bin\server\jvm.dll
0x00007ff972e40000 - 0x00007ff972e48000 	C:\Windows\System32\PSAPI.DLL
0x00007ff966620000 - 0x00007ff966629000 	C:\Windows\SYSTEM32\WSOCK32.dll
0x00007ff96e970000 - 0x00007ff96e994000 	C:\Windows\SYSTEM32\WINMM.dll
0x00007ff96c320000 - 0x00007ff96c32a000 	C:\Windows\SYSTEM32\VERSION.dll
0x00007ff9735b0000 - 0x00007ff97361f000 	C:\Windows\System32\WS2_32.dll
0x00007ff96e920000 - 0x00007ff96e94d000 	C:\Windows\SYSTEM32\WINMMBASE.dll
0x00007ff971bb0000 - 0x00007ff971bfa000 	C:\Windows\System32\cfgmgr32.dll
0x00007ff95f810000 - 0x00007ff95f81f000 	C:\Program Files\Java\jdk1.8.0_231\jre\bin\verify.dll
0x00007ff949d90000 - 0x00007ff949db9000 	C:\Program Files\Java\jdk1.8.0_231\jre\bin\java.dll
0x00007ff956fc0000 - 0x00007ff956fe3000 	C:\Program Files\Java\jdk1.8.0_231\jre\bin\instrument.dll
0x00007ff949900000 - 0x00007ff949916000 	C:\Program Files\Java\jdk1.8.0_231\jre\bin\zip.dll
0x00007ff9741a0000 - 0x00007ff974885000 	C:\Windows\System32\SHELL32.dll
0x00007ff974890000 - 0x00007ff974939000 	C:\Windows\System32\shcore.dll
0x00007ff9721e0000 - 0x00007ff972960000 	C:\Windows\System32\windows.storage.dll
0x00007ff971b00000 - 0x00007ff971b23000 	C:\Windows\System32\profapi.dll
0x00007ff971a70000 - 0x00007ff971aba000 	C:\Windows\System32\powrprof.dll
0x00007ff971a60000 - 0x00007ff971a70000 	C:\Windows\System32\UMPDC.dll
0x00007ff974940000 - 0x00007ff974992000 	C:\Windows\System32\shlwapi.dll
0x00007ff971ae0000 - 0x00007ff971af1000 	C:\Windows\System32\kernel.appcore.dll
0x00007ff972a10000 - 0x00007ff972a27000 	C:\Windows\System32\cryptsp.dll
0x00007ff957530000 - 0x00007ff95754a000 	C:\Program Files\JetBrains\IntelliJ IDEA 2019.3.4\bin\breakgen64.dll
0x00007ff947290000 - 0x00007ff9472aa000 	C:\Program Files\Java\jdk1.8.0_231\jre\bin\net.dll
0x00007ff9712d0000 - 0x00007ff971337000 	C:\Windows\system32\mswsock.dll
0x00007ff946920000 - 0x00007ff946932000 	C:\Program Files\Java\jdk1.8.0_231\jre\bin\nio.dll
0x00007ff952220000 - 0x00007ff952284000 	C:\Users\mdeej\AppData\Local\Temp\lwjglmdeej\3.2.3-build-13\lwjgl.dll
0x00007ff94ea90000 - 0x00007ff94eaf2000 	C:\Users\mdeej\AppData\Local\Temp\lwjglmdeej\3.2.3-build-13\glfw.dll
0x00007ff96ed30000 - 0x00007ff96edc9000 	C:\Windows\system32\uxtheme.dll
0x00007ff9625a0000 - 0x00007ff9625e3000 	C:\Windows\SYSTEM32\dinput8.dll
0x00007ff96c050000 - 0x00007ff96c061000 	C:\Windows\SYSTEM32\xinput1_4.dll
0x00007ff971860000 - 0x00007ff97188a000 	C:\Windows\SYSTEM32\DEVOBJ.dll
0x00007ff96f580000 - 0x00007ff96f5ad000 	C:\Windows\SYSTEM32\dwmapi.dll
0x00007ff963480000 - 0x00007ff96359a000 	C:\Windows\SYSTEM32\inputhost.dll
0x00007ff96e610000 - 0x00007ff96e6ff000 	C:\Windows\SYSTEM32\PROPSYS.dll
0x00007ff96d1d0000 - 0x00007ff96d323000 	C:\Windows\SYSTEM32\wintypes.dll
0x00007ff96e000000 - 0x00007ff96e0d4000 	C:\Windows\SYSTEM32\CoreMessaging.dll
0x00007ff96ba00000 - 0x00007ff96bd2a000 	C:\Windows\SYSTEM32\CoreUIComponents.dll
0x00007ff973ac0000 - 0x00007ff973b84000 	C:\Windows\System32\OLEAUT32.dll
0x00007ff970ac0000 - 0x00007ff970af1000 	C:\Windows\SYSTEM32\ntmarta.dll
0x00007ff973b90000 - 0x00007ff973cc6000 	C:\Windows\System32\MSCTF.dll
0x00007ff970670000 - 0x00007ff97067e000 	C:\Windows\SYSTEM32\HID.DLL
0x00007ff972ec0000 - 0x00007ff973330000 	C:\Windows\System32\SETUPAPI.DLL
0x00007ff971e00000 - 0x00007ff971e26000 	C:\Windows\System32\bcrypt.dll
0x00007ff971c00000 - 0x00007ff971c5c000 	C:\Windows\System32\WINTRUST.dll
0x00007ff971ac0000 - 0x00007ff971ad2000 	C:\Windows\System32\MSASN1.dll
0x00007ff972b00000 - 0x00007ff972c49000 	C:\Windows\System32\CRYPT32.dll
0x00007ff9395d0000 - 0x00007ff939823000 	C:\Users\mdeej\AppData\Local\Temp\lwjglmdeej\3.2.3-build-13\jemalloc.dll
0x00007ff946a40000 - 0x00007ff946b96000 	C:\Windows\SYSTEM32\opengl32.dll
0x00007ff957410000 - 0x00007ff95743c000 	C:\Windows\SYSTEM32\GLU32.dll
0x00007ff9706d0000 - 0x00007ff9706f0000 	C:\Windows\SYSTEM32\dxcore.dll
0x00007ff9293b0000 - 0x00007ff92bad4000 	C:\Windows\System32\DriverStore\FileRepository\nvaki.inf_amd64_e19547a780f7efda\nvoglv64.dll
0x00007ff973620000 - 0x00007ff973777000 	C:\Windows\System32\ole32.dll
0x00007ff96d1b0000 - 0x00007ff96d1c3000 	C:\Windows\SYSTEM32\WTSAPI32.dll
0x00007ff93bcd0000 - 0x00007ff93bf94000 	C:\Windows\system32\nvspcap64.dll
0x00007ff970d10000 - 0x00007ff970d6c000 	C:\Windows\SYSTEM32\WINSTA.dll
0x00007ff9635a0000 - 0x00007ff96363e000 	C:\Windows\System32\TextInputFramework.dll
0x00007ff9619a0000 - 0x00007ff961c46000 	C:\Windows\System32\iertutil.dll
0x00007ff94b2b0000 - 0x00007ff94b309000 	C:\Users\mdeej\AppData\Local\Temp\lwjglmdeej\3.2.3-build-13\lwjgl_opengl.dll
0x00007ff93d7e0000 - 0x00007ff93d97a000 	C:\Program Files\Java\jdk1.8.0_231\jre\bin\awt.dll
0x00007ff96ec40000 - 0x00007ff96eccf000 	C:\Windows\SYSTEM32\apphelp.dll
0x00007ff9701d0000 - 0x00007ff9703c4000 	C:\Windows\SYSTEM32\dbghelp.dll

VM Arguments:
jvm_args: -javaagent:C:\Program Files\JetBrains\IntelliJ IDEA 2019.3.4\lib\idea_rt.jar=58079:C:\Program Files\JetBrains\IntelliJ IDEA 2019.3.4\bin -Dfile.encoding=UTF-8 
java_command: main.Main
java_class_path (initial): C:\Program Files\Java\jdk1.8.0_231\jre\lib\charsets.jar;C:\Program Files\Java\jdk1.8.0_231\jre\lib\deploy.jar;C:\Program Files\Java\jdk1.8.0_231\jre\lib\ext\access-bridge-64.jar;C:\Program Files\Java\jdk1.8.0_231\jre\lib\ext\cldrdata.jar;C:\Program Files\Java\jdk1.8.0_231\jre\lib\ext\dnsns.jar;C:\Program Files\Java\jdk1.8.0_231\jre\lib\ext\jaccess.jar;C:\Program Files\Java\jdk1.8.0_231\jre\lib\ext\jfxrt.jar;C:\Program Files\Java\jdk1.8.0_231\jre\lib\ext\localedata.jar;C:\Program Files\Java\jdk1.8.0_231\jre\lib\ext\nashorn.jar;C:\Program Files\Java\jdk1.8.0_231\jre\lib\ext\sunec.jar;C:\Program Files\Java\jdk1.8.0_231\jre\lib\ext\sunjce_provider.jar;C:\Program Files\Java\jdk1.8.0_231\jre\lib\ext\sunmscapi.jar;C:\Program Files\Java\jdk1.8.0_231\jre\lib\ext\sunpkcs11.jar;C:\Program Files\Java\jdk1.8.0_231\jre\lib\ext\zipfs.jar;C:\Program Files\Java\jdk1.8.0_231\jre\lib\javaws.jar;C:\Program Files\Java\jdk1.8.0_231\jre\lib\jce.jar;C:\Program Files\Java\jdk1.8.0_231\jre\lib\jfr.jar;C:\Program Files\Java\jdk1.8.0_231\jre\lib\jfxswt.jar;C:\Program Files\Java\jdk1.8.0_231\jre\lib\jsse.jar;C:\Program Files\Java\jdk1.8.0_231\jre\lib\management-agent.jar;C:\Program Files\Java\jdk1.8.0_231\jre\lib\plugin.jar;C:\Program Files\Java\jdk1.8.0_231\jre\lib\resources.jar;C:\Program Files\Java\jdk1.8.0_231\jre\lib\rt.jar;C:\Users\mdeej\IdeaProjects\APCSP\out\production\APCSP;C:\Users\mdeej\IdeaProjects\APCSP\libs\lwjgl.jar;C:\Users\mdeej\IdeaProjects\APCSP\libs\lwjgl-egl.jar;C:\Users\mdeej\IdeaProjects\APCSP\libs\lwjgl-lz4.jar;C:\Users\mdeej\IdeaProjects\APCSP\libs\lwjgl-nfd.jar;C:\Users\mdeej\IdeaProjects\APCSP\libs\lwjgl-ovr.jar;C:\Users\mdeej\IdeaProjects\APCSP\libs\lwjgl-par.jar;C:\Users\mdeej\IdeaProjects\APCSP\libs\lwjgl-sse.jar;C:\Users\mdeej\IdeaProjects\APCSP\libs\lwjgl-stb.jar;C:\Users\mdeej\IdeaProjects\APCSP\libs\lwjgl-vma.jar;C:\Users\mdeej\IdeaProjects\APCSP\libs\lwjgl-bgfx.jar;C:\Users\mdeej\IdeaProjects\APCSP\libs\lwjgl-cuda.jar;C:\Users\mdee
Launcher Type: SUN_STANDARD

Environment Variables:
PATH=C:\Program Files (x86)\Common Files\Oracle\Java\javapath;C:\Windows\system32;C:\Windows;C:\Windows\System32\Wbem;C:\Windows\System32\WindowsPowerShell\v1.0\;C:\Windows\System32\OpenSSH\;C:\Program Files\NVIDIA Corporation\NVIDIA NvDLISR;C:\Program Files (x86)\NVIDIA Corporation\PhysX\Common;C:\Program Files (x86)\QuickTime\QTSystem\;C:\Users\mdeej\AppData\Local\Microsoft\WindowsApps;
USERNAME=mdeej
OS=Windows_NT
PROCESSOR_IDENTIFIER=Intel64 Family 6 Model 158 Stepping 10, GenuineIntel



---------------  S Y S T E M  ---------------

OS: Windows 10.0 , 64 bit Build 18362 (10.0.18362.329)

CPU:total 12 (initial active 12) (6 cores per cpu, 2 threads per core) family 6 model 158 stepping 10, cmov, cx8, fxsr, mmx, sse, sse2, sse3, ssse3, sse4.1, sse4.2, popcnt, avx, avx2, aes, clmul, erms, rtm, 3dnowpref, lzcnt, ht, tsc, tscinvbit, bmi1, bmi2, adx

Memory: 4k page, physical 33487264k(4232496k free), swap 64125368k(14394696k free)

vm_info: Java HotSpot(TM) 64-Bit Server VM (25.231-b11) for windows-amd64 JRE (1.8.0_231-b11), built on Oct  5 2019 03:11:30 by "java_re" with MS VC++ 10.0 (VS2010)

time: Sat Apr 18 23:43:20 2020
timezone: Eastern Daylight Time
elapsed time: 1 seconds (0d 0h 0m 1s)

