#
# A fatal error has been detected by the Java Runtime Environment:
#
#  EXCEPTION_ACCESS_VIOLATION (0xc0000005) at pc=0x00007ffaf2c5e2e0, pid=19252, tid=0x00000000000047b8
#
# JRE version: Java(TM) SE Runtime Environment (8.0_251-b08) (build 1.8.0_251-b08)
# Java VM: Java HotSpot(TM) 64-Bit Server VM (25.251-b08 mixed mode windows-amd64 compressed oops)
# Problematic frame:
# C  [nvoglv64.dll+0xc7e2e0]
#
# Failed to write core dump. Minidumps are not enabled by default on client versions of Windows
#
# If you would like to submit a bug report, please visit:
#   http://bugreport.java.com/bugreport/crash.jsp
# The crash happened outside the Java Virtual Machine in native code.
# See problematic frame for where to report the bug.
#

---------------  T H R E A D  ---------------

Current thread (0x00000000026c7000):  JavaThread "main" [_thread_in_native, id=18360, stack(0x0000000002490000,0x0000000002590000)]

siginfo: ExceptionCode=0xc0000005, reading address 0x0000000000000000

Registers:
RAX=0x0000000000000000, RBX=0x000000002c51b1e0, RCX=0x000000002c51b1e0, RDX=0x0000000000000008
RSP=0x000000000258f1d8, RBP=0x0000000000000004, RSI=0x0000000000000002, RDI=0x000000003d934268
R8 =0x000000000000000c, R9 =0x0000000000001dd0, R10=0x000000000000000c, R11=0x0000000000000000
R12=0x0000000000000000, R13=0x000000003d933f08, R14=0x000000002c023d48, R15=0x00007ffaf2c5e2d0
RIP=0x00007ffaf2c5e2e0, EFLAGS=0x0000000000010202

Top of Stack: (sp=0x000000000258f1d8)
0x000000000258f1d8:   00007ffaf2d24ec1 0000000007b0c360
0x000000000258f1e8:   0000000000000000 000000002a790000
0x000000000258f1f8:   000000000003ba00 0000000000000000
0x000000000258f208:   00007ffaf2b908d0 0000000000000000
0x000000000258f218:   00007ffaf2b8b486 0000000000000007
0x000000000258f228:   0000000007b317a0 000000002c51b1e0
0x000000000258f238:   10c0000000000000 000000002ace18c0
0x000000000258f248:   00007ffaf2b90664 0000000000000000
0x000000000258f258:   000000002ace18c0 0000000000000000
0x000000000258f268:   0000000000000000 0000000000000004
0x000000000258f278:   000000002a790000 0000000000001405
0x000000000258f288:   0000000000001dd0 0000000000002cb8
0x000000000258f298:   00007ffaf2d15e60 000000002a790000
0x000000000258f2a8:   0000000000000000 0000000000001dd0
0x000000000258f2b8:   0000000000000000 0000000000001400
0x000000000258f2c8:   0000000000000000 000000000258f330 

Instructions: (pc=0x00007ffaf2c5e2e0)
0x00007ffaf2c5e2c0:   48 83 c1 08 41 83 e9 01 75 e9 48 8b c1 c3 cc cc
0x00007ffaf2c5e2d0:   4d 63 d0 48 83 c2 08 66 0f 1f 84 00 00 00 00 00
0x00007ffaf2c5e2e0:   8b 42 f8 89 01 8b 42 fc 89 41 04 8b 02 49 03 d2
0x00007ffaf2c5e2f0:   89 41 08 48 83 c1 0c 41 83 e9 01 75 e3 48 8b c1 


Register to memory mapping:

RAX=0x0000000000000000 is an unknown value
RBX=0x000000002c51b1e0 is an unknown value
RCX=0x000000002c51b1e0 is an unknown value
RDX=0x0000000000000008 is an unknown value
RSP=0x000000000258f1d8 is pointing into the stack for thread: 0x00000000026c7000
RBP=0x0000000000000004 is an unknown value
RSI=0x0000000000000002 is an unknown value
RDI=0x000000003d934268 is an unknown value
R8 =0x000000000000000c is an unknown value
R9 =0x0000000000001dd0 is an unknown value
R10=0x000000000000000c is an unknown value
R11=0x0000000000000000 is an unknown value
R12=0x0000000000000000 is an unknown value
R13=0x000000003d933f08 is an unknown value
R14=0x000000002c023d48 is an unknown value
R15=0x00007ffaf2c5e2d0 is an unknown value


Stack: [0x0000000002490000,0x0000000002590000],  sp=0x000000000258f1d8,  free space=1020k
Native frames: (J=compiled Java code, j=interpreted, Vv=VM code, C=native code)
C  [nvoglv64.dll+0xc7e2e0]

Java frames: (J=compiled Java code, j=interpreted, Vv=VM code)
J 1066  org.lwjgl.opengl.GL11C.nglDrawElements(IIIJ)V (0 bytes) @ 0x0000000002c2824e [0x0000000002c28200+0x4e]
J 1210 C2 com.mikedeejay2.voxel.engine.graphics.renderers.Renderer.render(Ljava/util/Map;)V (111 bytes) @ 0x0000000002d40284 [0x0000000002d3fc00+0x684]
J 1261 C2 com.mikedeejay2.voxel.engine.graphics.renderers.MasterRenderer.render(Lcom/mikedeejay2/voxel/engine/graphics/objects/Camera;)V (62 bytes) @ 0x0000000002d4f658 [0x0000000002d4f160+0x4f8]
J 1381% C2 com.mikedeejay2.voxel.engine.core.CoreEngine.run()V (214 bytes) @ 0x0000000002fc338c [0x0000000002fc32c0+0xcc]
j  com.mikedeejay2.voxel.engine.core.CoreEngine.start()V+9
j  com.mikedeejay2.voxel.game.Main.start()V+29
j  com.mikedeejay2.voxel.game.Main.main([Ljava/lang/String;)V+7
v  ~StubRoutines::call_stub

---------------  P R O C E S S  ---------------

Java Threads: ( => current thread )
  0x0000000031fca800 JavaThread "world" [_thread_blocked, id=25368, stack(0x0000000033610000,0x0000000033710000)]
  0x0000000031f76000 JavaThread "chunkConsumer" [_thread_blocked, id=23584, stack(0x0000000033510000,0x0000000033610000)]
  0x0000000031f75800 JavaThread "chunkProducer" [_thread_in_Java, id=1864, stack(0x0000000033410000,0x0000000033510000)]
  0x0000000028f29800 JavaThread "Java2D Disposer" daemon [_thread_blocked, id=16560, stack(0x0000000033110000,0x0000000033210000)]
  0x000000002749e800 JavaThread "Service Thread" daemon [_thread_blocked, id=22260, stack(0x0000000029470000,0x0000000029570000)]
  0x0000000028913000 JavaThread "C1 CompilerThread3" daemon [_thread_blocked, id=16088, stack(0x0000000029370000,0x0000000029470000)]
  0x0000000028912000 JavaThread "C2 CompilerThread2" daemon [_thread_blocked, id=14772, stack(0x0000000029270000,0x0000000029370000)]
  0x0000000028911800 JavaThread "C2 CompilerThread1" daemon [_thread_blocked, id=19856, stack(0x0000000029170000,0x0000000029270000)]
  0x000000002749e000 JavaThread "C2 CompilerThread0" daemon [_thread_blocked, id=14308, stack(0x0000000029070000,0x0000000029170000)]
  0x00000000274ae000 JavaThread "Monitor Ctrl-Break" daemon [_thread_in_native, id=26140, stack(0x0000000028f70000,0x0000000029070000)]
  0x000000002712b000 JavaThread "Attach Listener" daemon [_thread_blocked, id=14412, stack(0x0000000028670000,0x0000000028770000)]
  0x0000000027128000 JavaThread "Signal Dispatcher" daemon [_thread_blocked, id=14016, stack(0x0000000028570000,0x0000000028670000)]
  0x0000000025a43800 JavaThread "Finalizer" daemon [_thread_blocked, id=14844, stack(0x0000000028370000,0x0000000028470000)]
  0x0000000025a3d800 JavaThread "Reference Handler" daemon [_thread_blocked, id=22200, stack(0x0000000028270000,0x0000000028370000)]
=>0x00000000026c7000 JavaThread "main" [_thread_in_native, id=18360, stack(0x0000000002490000,0x0000000002590000)]

Other Threads:
  0x00000000027bd000 VMThread [stack: 0x0000000028170000,0x0000000028270000] [id=7116]
  0x0000000028a22000 WatcherThread [stack: 0x0000000029570000,0x0000000029670000] [id=10376]

VM state:not at safepoint (normal execution)

VM Mutex/Monitor currently owned by a thread: None

heap address: 0x00000005c1000000, size: 8176 MB, Compressed Oops mode: Zero based, Oop shift amount: 3
Narrow klass base: 0x0000000000000000, Narrow klass shift: 3
Compressed class space size: 1073741824 Address: 0x00000007c0000000

Heap:
 PSYoungGen      total 60928K, used 7394K [0x0000000715b00000, 0x0000000719e00000, 0x00000007c0000000)
  eden space 59392K, 9% used [0x0000000715b00000,0x00000007160c1170,0x0000000719500000)
  from space 1536K, 97% used [0x0000000719580000,0x00000007196f7848,0x0000000719700000)
  to   space 4608K, 0% used [0x0000000719980000,0x0000000719980000,0x0000000719e00000)
 ParOldGen       total 349696K, used 105490K [0x00000005c1000000, 0x00000005d6580000, 0x0000000715b00000)
  object space 349696K, 30% used [0x00000005c1000000,0x00000005c7704900,0x00000005d6580000)
 Metaspace       used 13195K, capacity 13417K, committed 13696K, reserved 1062912K
  class space    used 1028K, capacity 1097K, committed 1152K, reserved 1048576K

Card table byte_map: [0x0000000011b80000,0x0000000012b80000] byte_map_base: 0x000000000ed78000

Marking Bits: (ParMarkBitMap*) 0x0000000075a7af90
 Begin Bits: [0x0000000014030000, 0x000000001bff0000)
 End Bits:   [0x000000001bff0000, 0x0000000023fb0000)

Polling page: 0x0000000000540000

CodeCache: size=245760Kb used=8961Kb max_used=9029Kb free=236799Kb
 bounds [0x00000000027c0000, 0x00000000030c0000, 0x00000000117c0000]
 total_blobs=2383 nmethods=1375 adapters=921
 compilation: enabled

Compilation events (10 events):
Event: 13.843 Thread 0x0000000028913000 1412       3       com.mikedeejay2.voxel.game.world.chunk.mesh.ChunkMeshGenerator::genBrightnessWithChunkLoc (3286 bytes)
Event: 13.849 Thread 0x0000000028913000 nmethod 1412 0x0000000003070190 code [0x0000000003071d60, 0x00000000030853f8]
Event: 13.854 Thread 0x0000000028911800 1413       4       com.mikedeejay2.voxel.game.world.chunk.mesh.ChunkMeshGenerator::genBrightnessWithChunkLoc (3286 bytes)
Event: 13.887 Thread 0x0000000028913000 1414       3       java.util.HashMap$KeySet::size (8 bytes)
Event: 13.887 Thread 0x0000000028913000 nmethod 1414 0x00000000028c5410 code [0x00000000028c5560, 0x00000000028c56d0]
Event: 13.982 Thread 0x0000000028911800 nmethod 1413 0x000000000309ccd0 code [0x000000000309e000, 0x00000000030a7430]
Event: 13.998 Thread 0x0000000028913000 1415       3       com.mikedeejay2.voxel.game.world.World::updatePlayerLoc (87 bytes)
Event: 13.998 Thread 0x0000000028913000 nmethod 1415 0x000000000295cc10 code [0x000000000295ce80, 0x000000000295d448]
Event: 13.998 Thread 0x0000000028913000 1416       3       com.mikedeejay2.voxel.game.world.World::updateChunks (1 bytes)
Event: 13.998 Thread 0x0000000028913000 nmethod 1416 0x0000000002906c10 code [0x0000000002906d60, 0x0000000002906eb0]

GC Heap History (10 events):
Event: 15.004 GC heap before
{Heap before GC invocations=48 (full 0):
 PSYoungGen      total 65024K, used 64708K [0x0000000715b00000, 0x000000071a300000, 0x00000007c0000000)
  eden space 62464K, 100% used [0x0000000715b00000,0x0000000719800000,0x0000000719800000)
  from space 2560K, 87% used [0x0000000719880000,0x0000000719ab1278,0x0000000719b00000)
  to   space 5632K, 0% used [0x0000000719d80000,0x0000000719d80000,0x000000071a300000)
 ParOldGen       total 349696K, used 97383K [0x00000005c1000000, 0x00000005d6580000, 0x0000000715b00000)
  object space 349696K, 27% used [0x00000005c1000000,0x00000005c6f19d00,0x00000005d6580000)
 Metaspace       used 13195K, capacity 13417K, committed 13696K, reserved 1062912K
  class space    used 1028K, capacity 1097K, committed 1152K, reserved 1048576K
Event: 15.005 GC heap after
Heap after GC invocations=48 (full 0):
 PSYoungGen      total 66048K, used 1060K [0x0000000715b00000, 0x000000071a180000, 0x00000007c0000000)
  eden space 61952K, 0% used [0x0000000715b00000,0x0000000715b00000,0x0000000719780000)
  from space 4096K, 25% used [0x0000000719d80000,0x0000000719e89278,0x000000071a180000)
  to   space 5120K, 0% used [0x0000000719780000,0x0000000719780000,0x0000000719c80000)
 ParOldGen       total 349696K, used 99415K [0x00000005c1000000, 0x00000005d6580000, 0x0000000715b00000)
  object space 349696K, 28% used [0x00000005c1000000,0x00000005c7115d00,0x00000005d6580000)
 Metaspace       used 13195K, capacity 13417K, committed 13696K, reserved 1062912K
  class space    used 1028K, capacity 1097K, committed 1152K, reserved 1048576K
}
Event: 15.243 GC heap before
{Heap before GC invocations=49 (full 0):
 PSYoungGen      total 66048K, used 63012K [0x0000000715b00000, 0x000000071a180000, 0x00000007c0000000)
  eden space 61952K, 100% used [0x0000000715b00000,0x0000000719780000,0x0000000719780000)
  from space 4096K, 25% used [0x0000000719d80000,0x0000000719e89278,0x000000071a180000)
  to   space 5120K, 0% used [0x0000000719780000,0x0000000719780000,0x0000000719c80000)
 ParOldGen       total 349696K, used 99415K [0x00000005c1000000, 0x00000005d6580000, 0x0000000715b00000)
  object space 349696K, 28% used [0x00000005c1000000,0x00000005c7115d00,0x00000005d6580000)
 Metaspace       used 13195K, capacity 13417K, committed 13696K, reserved 1062912K
  class space    used 1028K, capacity 1097K, committed 1152K, reserved 1048576K
Event: 15.244 GC heap after
Heap after GC invocations=49 (full 0):
 PSYoungGen      total 64512K, used 2614K [0x0000000715b00000, 0x000000071a100000, 0x00000007c0000000)
  eden space 61440K, 0% used [0x0000000715b00000,0x0000000715b00000,0x0000000719700000)
  from space 3072K, 85% used [0x0000000719780000,0x0000000719a0d8b0,0x0000000719a80000)
  to   space 5120K, 0% used [0x0000000719c00000,0x0000000719c00000,0x000000071a100000)
 ParOldGen       total 349696K, used 100239K [0x00000005c1000000, 0x00000005d6580000, 0x0000000715b00000)
  object space 349696K, 28% used [0x00000005c1000000,0x00000005c71e3d00,0x00000005d6580000)
 Metaspace       used 13195K, capacity 13417K, committed 13696K, reserved 1062912K
  class space    used 1028K, capacity 1097K, committed 1152K, reserved 1048576K
}
Event: 15.355 GC heap before
{Heap before GC invocations=50 (full 0):
 PSYoungGen      total 64512K, used 64054K [0x0000000715b00000, 0x000000071a100000, 0x00000007c0000000)
  eden space 61440K, 100% used [0x0000000715b00000,0x0000000719700000,0x0000000719700000)
  from space 3072K, 85% used [0x0000000719780000,0x0000000719a0d8b0,0x0000000719a80000)
  to   space 5120K, 0% used [0x0000000719c00000,0x0000000719c00000,0x000000071a100000)
 ParOldGen       total 349696K, used 100239K [0x00000005c1000000, 0x00000005d6580000, 0x0000000715b00000)
  object space 349696K, 28% used [0x00000005c1000000,0x00000005c71e3d00,0x00000005d6580000)
 Metaspace       used 13195K, capacity 13417K, committed 13696K, reserved 1062912K
  class space    used 1028K, capacity 1097K, committed 1152K, reserved 1048576K
Event: 15.356 GC heap after
Heap after GC invocations=50 (full 0):
 PSYoungGen      total 65536K, used 1484K [0x0000000715b00000, 0x000000071a080000, 0x00000007c0000000)
  eden space 60928K, 0% used [0x0000000715b00000,0x0000000715b00000,0x0000000719680000)
  from space 4608K, 32% used [0x0000000719c00000,0x0000000719d732e0,0x000000071a080000)
  to   space 5120K, 0% used [0x0000000719680000,0x0000000719680000,0x0000000719b80000)
 ParOldGen       total 349696K, used 102359K [0x00000005c1000000, 0x00000005d6580000, 0x0000000715b00000)
  object space 349696K, 29% used [0x00000005c1000000,0x00000005c73f5d00,0x00000005d6580000)
 Metaspace       used 13195K, capacity 13417K, committed 13696K, reserved 1062912K
  class space    used 1028K, capacity 1097K, committed 1152K, reserved 1048576K
}
Event: 15.498 GC heap before
{Heap before GC invocations=51 (full 0):
 PSYoungGen      total 65536K, used 62412K [0x0000000715b00000, 0x000000071a080000, 0x00000007c0000000)
  eden space 60928K, 100% used [0x0000000715b00000,0x0000000719680000,0x0000000719680000)
  from space 4608K, 32% used [0x0000000719c00000,0x0000000719d732e0,0x000000071a080000)
  to   space 5120K, 0% used [0x0000000719680000,0x0000000719680000,0x0000000719b80000)
 ParOldGen       total 349696K, used 102359K [0x00000005c1000000, 0x00000005d6580000, 0x0000000715b00000)
  object space 349696K, 29% used [0x00000005c1000000,0x00000005c73f5d00,0x00000005d6580000)
 Metaspace       used 13195K, capacity 13417K, committed 13696K, reserved 1062912K
  class space    used 1028K, capacity 1097K, committed 1152K, reserved 1048576K
Event: 15.498 GC heap after
Heap after GC invocations=51 (full 0):
 PSYoungGen      total 61952K, used 1284K [0x0000000715b00000, 0x0000000719f00000, 0x00000007c0000000)
  eden space 60416K, 0% used [0x0000000715b00000,0x0000000715b00000,0x0000000719600000)
  from space 1536K, 83% used [0x0000000719680000,0x00000007197c1278,0x0000000719800000)
  to   space 4608K, 0% used [0x0000000719a80000,0x0000000719a80000,0x0000000719f00000)
 ParOldGen       total 349696K, used 103354K [0x00000005c1000000, 0x00000005d6580000, 0x0000000715b00000)
  object space 349696K, 29% used [0x00000005c1000000,0x00000005c74ee960,0x00000005d6580000)
 Metaspace       used 13195K, capacity 13417K, committed 13696K, reserved 1062912K
  class space    used 1028K, capacity 1097K, committed 1152K, reserved 1048576K
}
Event: 15.622 GC heap before
{Heap before GC invocations=52 (full 0):
 PSYoungGen      total 61952K, used 61700K [0x0000000715b00000, 0x0000000719f00000, 0x00000007c0000000)
  eden space 60416K, 100% used [0x0000000715b00000,0x0000000719600000,0x0000000719600000)
  from space 1536K, 83% used [0x0000000719680000,0x00000007197c1278,0x0000000719800000)
  to   space 4608K, 0% used [0x0000000719a80000,0x0000000719a80000,0x0000000719f00000)
 ParOldGen       total 349696K, used 103354K [0x00000005c1000000, 0x00000005d6580000, 0x0000000715b00000)
  object space 349696K, 29% used [0x00000005c1000000,0x00000005c74ee960,0x00000005d6580000)
 Metaspace       used 13195K, capacity 13417K, committed 13696K, reserved 1062912K
  class space    used 1028K, capacity 1097K, committed 1152K, reserved 1048576K
Event: 15.623 GC heap after
Heap after GC invocations=52 (full 0):
 PSYoungGen      total 64000K, used 1321K [0x0000000715b00000, 0x0000000719e80000, 0x00000007c0000000)
  eden space 59904K, 0% used [0x0000000715b00000,0x0000000715b00000,0x0000000719580000)
  from space 4096K, 32% used [0x0000000719a80000,0x0000000719bca7b0,0x0000000719e80000)
  to   space 4608K, 0% used [0x0000000719580000,0x0000000719580000,0x0000000719a00000)
 ParOldGen       total 349696K, used 104434K [0x00000005c1000000, 0x00000005d6580000, 0x0000000715b00000)
  object space 349696K, 29% used [0x00000005c1000000,0x00000005c75fc960,0x00000005d6580000)
 Metaspace       used 13195K, capacity 13417K, committed 13696K, reserved 1062912K
  class space    used 1028K, capacity 1097K, committed 1152K, reserved 1048576K
}

Deoptimization events (10 events):
Event: 5.957 Thread 0x00000000026c7000 Uncommon trap: reason=unstable_if action=reinterpret pc=0x0000000002edf4b0 method=com.mikedeejay2.voxel.engine.graphics.objects.Camera.input(F)V @ 177
Event: 6.555 Thread 0x0000000031f76000 Uncommon trap: reason=unstable_if action=reinterpret pc=0x0000000002eec104 method=com.mikedeejay2.voxel.game.world.chunk.mesh.ChunkMeshGenerator.genBrightnessWithChunkLoc(Lcom/mikedeejay2/voxel/game/world/World;Lcom/mikedeejay2/voxel/game/world/chunk/Chun
Event: 6.916 Thread 0x00000000026c7000 Uncommon trap: reason=unstable_if action=reinterpret pc=0x0000000002f34300 method=com.mikedeejay2.voxel.engine.graphics.objects.Camera.input(F)V @ 385
Event: 7.010 Thread 0x0000000031f76000 Uncommon trap: reason=unstable_if action=reinterpret pc=0x0000000002f90c74 method=com.mikedeejay2.voxel.game.world.chunk.mesh.ChunkMeshGenerator.genBrightnessWithChunkLoc(Lcom/mikedeejay2/voxel/game/world/World;Lcom/mikedeejay2/voxel/game/world/chunk/Chun
Event: 8.324 Thread 0x00000000026c7000 Uncommon trap: reason=unstable_if action=reinterpret pc=0x0000000002f83f38 method=com.mikedeejay2.voxel.engine.graphics.objects.Camera.input(F)V @ 137
Event: 9.172 Thread 0x0000000031f76000 Uncommon trap: reason=unstable_if action=reinterpret pc=0x0000000002fce898 method=com.mikedeejay2.voxel.game.world.chunk.mesh.ChunkMeshGenerator.genBrightnessWithChunkLoc(Lcom/mikedeejay2/voxel/game/world/World;Lcom/mikedeejay2/voxel/game/world/chunk/Chun
Event: 11.296 Thread 0x0000000031f76000 Uncommon trap: reason=unstable_if action=reinterpret pc=0x0000000003011790 method=com.mikedeejay2.voxel.game.world.chunk.mesh.ChunkMeshGenerator.genBrightnessWithChunkLoc(Lcom/mikedeejay2/voxel/game/world/World;Lcom/mikedeejay2/voxel/game/world/chunk/Chun
Event: 11.361 Thread 0x00000000026c7000 Uncommon trap: reason=unstable_if action=reinterpret pc=0x0000000002f81ae8 method=com.mikedeejay2.voxel.engine.graphics.objects.Camera.input(F)V @ 442
Event: 11.468 Thread 0x00000000026c7000 Uncommon trap: reason=unstable_if action=reinterpret pc=0x0000000002d373c8 method=org.joml.Math.cosFromSinInternal(FF)F @ 47
Event: 13.842 Thread 0x0000000031f76000 Uncommon trap: reason=unstable_if action=reinterpret pc=0x000000000305d644 method=com.mikedeejay2.voxel.game.world.chunk.mesh.ChunkMeshGenerator.genBrightnessWithChunkLoc(Lcom/mikedeejay2/voxel/game/world/World;Lcom/mikedeejay2/voxel/game/world/chunk/Chun

Classes redefined (0 events):
No events

Internal exceptions (10 events):
Event: 0.210 Thread 0x00000000026c7000 Exception <a 'sun/nio/fs/WindowsException'> (0x00000007168c62e0) thrown at [C:\jenkins\workspace\8-2-build-windows-amd64-cygwin\jdk8u251\737\hotspot\src\share\vm\prims\jni.cpp, line 710]
Event: 0.216 Thread 0x00000000026c7000 Exception <a 'sun/nio/fs/WindowsException'> (0x00000007168f5a50) thrown at [C:\jenkins\workspace\8-2-build-windows-amd64-cygwin\jdk8u251\737\hotspot\src\share\vm\prims\jni.cpp, line 710]
Event: 0.216 Thread 0x00000000026c7000 Exception <a 'sun/nio/fs/WindowsException'> (0x00000007168f6130) thrown at [C:\jenkins\workspace\8-2-build-windows-amd64-cygwin\jdk8u251\737\hotspot\src\share\vm\prims\jni.cpp, line 710]
Event: 0.657 Thread 0x00000000026c7000 Exception <a 'sun/nio/fs/WindowsException'> (0x0000000716a5fac8) thrown at [C:\jenkins\workspace\8-2-build-windows-amd64-cygwin\jdk8u251\737\hotspot\src\share\vm\prims\jni.cpp, line 710]
Event: 0.657 Thread 0x00000000026c7000 Exception <a 'sun/nio/fs/WindowsException'> (0x0000000716a60208) thrown at [C:\jenkins\workspace\8-2-build-windows-amd64-cygwin\jdk8u251\737\hotspot\src\share\vm\prims\jni.cpp, line 710]
Event: 0.658 Thread 0x00000000026c7000 Exception <a 'sun/nio/fs/WindowsException'> (0x0000000716a777f0) thrown at [C:\jenkins\workspace\8-2-build-windows-amd64-cygwin\jdk8u251\737\hotspot\src\share\vm\prims\jni.cpp, line 710]
Event: 0.658 Thread 0x00000000026c7000 Exception <a 'sun/nio/fs/WindowsException'> (0x0000000716a77de8) thrown at [C:\jenkins\workspace\8-2-build-windows-amd64-cygwin\jdk8u251\737\hotspot\src\share\vm\prims\jni.cpp, line 710]
Event: 0.703 Thread 0x00000000026c7000 Exception <a 'sun/nio/fs/WindowsException'> (0x0000000716c30d58) thrown at [C:\jenkins\workspace\8-2-build-windows-amd64-cygwin\jdk8u251\737\hotspot\src\share\vm\prims\jni.cpp, line 710]
Event: 0.703 Thread 0x00000000026c7000 Exception <a 'sun/nio/fs/WindowsException'> (0x0000000716c31488) thrown at [C:\jenkins\workspace\8-2-build-windows-amd64-cygwin\jdk8u251\737\hotspot\src\share\vm\prims\jni.cpp, line 710]
Event: 0.905 Thread 0x00000000026c7000 Exception <a 'java/io/FileNotFoundException'> (0x000000071776fef0) thrown at [C:\jenkins\workspace\8-2-build-windows-amd64-cygwin\jdk8u251\737\hotspot\src\share\vm\prims\jni.cpp, line 710]

Events (10 events):
Event: 15.004 Executing VM operation: ParallelGCFailedAllocation
Event: 15.005 Executing VM operation: ParallelGCFailedAllocation done
Event: 15.243 Executing VM operation: ParallelGCFailedAllocation
Event: 15.244 Executing VM operation: ParallelGCFailedAllocation done
Event: 15.355 Executing VM operation: ParallelGCFailedAllocation
Event: 15.356 Executing VM operation: ParallelGCFailedAllocation done
Event: 15.498 Executing VM operation: ParallelGCFailedAllocation
Event: 15.499 Executing VM operation: ParallelGCFailedAllocation done
Event: 15.622 Executing VM operation: ParallelGCFailedAllocation
Event: 15.623 Executing VM operation: ParallelGCFailedAllocation done


Dynamic libraries:
0x00007ff734420000 - 0x00007ff734457000 	C:\Program Files\Java\jdk1.8.0_251\bin\java.exe
0x00007ffb5cc00000 - 0x00007ffb5cdf0000 	C:\Windows\SYSTEM32\ntdll.dll
0x00007ffb5b5b0000 - 0x00007ffb5b662000 	C:\Windows\System32\KERNEL32.DLL
0x00007ffb5aa00000 - 0x00007ffb5aca3000 	C:\Windows\System32\KERNELBASE.dll
0x00007ffb5c1d0000 - 0x00007ffb5c273000 	C:\Windows\System32\ADVAPI32.dll
0x00007ffb5b510000 - 0x00007ffb5b5ae000 	C:\Windows\System32\msvcrt.dll
0x00007ffb5c660000 - 0x00007ffb5c6f7000 	C:\Windows\System32\sechost.dll
0x00007ffb5c0b0000 - 0x00007ffb5c1d0000 	C:\Windows\System32\RPCRT4.dll
0x00007ffb5b2c0000 - 0x00007ffb5b454000 	C:\Windows\System32\USER32.dll
0x00007ffb5a630000 - 0x00007ffb5a651000 	C:\Windows\System32\win32u.dll
0x00007ffb5bf20000 - 0x00007ffb5bf46000 	C:\Windows\System32\GDI32.dll
0x00007ffb5a660000 - 0x00007ffb5a7f4000 	C:\Windows\System32\gdi32full.dll
0x00007ffb59b90000 - 0x00007ffb59c2e000 	C:\Windows\System32\msvcp_win.dll
0x00007ffb5a530000 - 0x00007ffb5a62a000 	C:\Windows\System32\ucrtbase.dll
0x00007ffb43fc0000 - 0x00007ffb44245000 	C:\Windows\WinSxS\amd64_microsoft.windows.common-controls_6595b64144ccf1df_6.0.18362.778_none_e6c6b761130d4fb8\COMCTL32.dll
0x00007ffb5c760000 - 0x00007ffb5ca96000 	C:\Windows\System32\combase.dll
0x00007ffb5a980000 - 0x00007ffb5aa00000 	C:\Windows\System32\bcryptPrimitives.dll
0x00007ffb5b1a0000 - 0x00007ffb5b1ce000 	C:\Windows\System32\IMM32.DLL
0x0000000075b00000 - 0x0000000075bd2000 	C:\Program Files\Java\jdk1.8.0_251\jre\bin\msvcr100.dll
0x0000000075250000 - 0x0000000075afb000 	C:\Program Files\Java\jdk1.8.0_251\jre\bin\server\jvm.dll
0x00007ffb5bf50000 - 0x00007ffb5bf58000 	C:\Windows\System32\PSAPI.DLL
0x00007ffb49340000 - 0x00007ffb49349000 	C:\Windows\SYSTEM32\WSOCK32.dll
0x00007ffb54630000 - 0x00007ffb5463a000 	C:\Windows\SYSTEM32\VERSION.dll
0x00007ffb5bfe0000 - 0x00007ffb5c04f000 	C:\Windows\System32\WS2_32.dll
0x00007ffb56760000 - 0x00007ffb56784000 	C:\Windows\SYSTEM32\WINMM.dll
0x00007ffb562d0000 - 0x00007ffb562fd000 	C:\Windows\SYSTEM32\winmmbase.dll
0x00007ffb5a8d0000 - 0x00007ffb5a91a000 	C:\Windows\System32\cfgmgr32.dll
0x00007ffb492c0000 - 0x00007ffb492cf000 	C:\Program Files\Java\jdk1.8.0_251\jre\bin\verify.dll
0x00007ffb435f0000 - 0x00007ffb43619000 	C:\Program Files\Java\jdk1.8.0_251\jre\bin\java.dll
0x00007ffb24180000 - 0x00007ffb241a3000 	C:\Program Files\Java\jdk1.8.0_251\jre\bin\instrument.dll
0x00007ffb435d0000 - 0x00007ffb435e6000 	C:\Program Files\Java\jdk1.8.0_251\jre\bin\zip.dll
0x00007ffb5b670000 - 0x00007ffb5bd55000 	C:\Windows\System32\SHELL32.dll
0x00007ffb5b460000 - 0x00007ffb5b509000 	C:\Windows\System32\shcore.dll
0x00007ffb59db0000 - 0x00007ffb5a530000 	C:\Windows\System32\windows.storage.dll
0x00007ffb59b60000 - 0x00007ffb59b83000 	C:\Windows\System32\profapi.dll
0x00007ffb59af0000 - 0x00007ffb59b3a000 	C:\Windows\System32\powrprof.dll
0x00007ffb59ac0000 - 0x00007ffb59ad0000 	C:\Windows\System32\UMPDC.dll
0x00007ffb5c700000 - 0x00007ffb5c752000 	C:\Windows\System32\shlwapi.dll
0x00007ffb59ad0000 - 0x00007ffb59ae1000 	C:\Windows\System32\kernel.appcore.dll
0x00007ffb5a8b0000 - 0x00007ffb5a8c7000 	C:\Windows\System32\cryptsp.dll
0x00007ffb2b6a0000 - 0x00007ffb2b6ba000 	C:\Program Files\JetBrains\IntelliJ IDEA 2019.3.4\bin\breakgen64.dll
0x00007ffb24160000 - 0x00007ffb2417a000 	C:\Program Files\Java\jdk1.8.0_251\jre\bin\net.dll
0x00007ffb59330000 - 0x00007ffb59397000 	C:\Windows\system32\mswsock.dll
0x00007ffb24140000 - 0x00007ffb24152000 	C:\Program Files\Java\jdk1.8.0_251\jre\bin\nio.dll
0x00007ffb240d0000 - 0x00007ffb24134000 	C:\Users\mdeej\AppData\Local\Temp\lwjglmdeej\3.2.3-build-13\lwjgl.dll
0x00007ffb23e90000 - 0x00007ffb23ef2000 	C:\Users\mdeej\AppData\Local\Temp\lwjglmdeej\3.2.3-build-13\glfw.dll
0x00007ffb56de0000 - 0x00007ffb56e79000 	C:\Windows\system32\uxtheme.dll
0x00007ffb2df10000 - 0x00007ffb2df53000 	C:\Windows\SYSTEM32\dinput8.dll
0x00007ffb2dbe0000 - 0x00007ffb2dbf1000 	C:\Windows\SYSTEM32\xinput1_4.dll
0x00007ffb598c0000 - 0x00007ffb598ea000 	C:\Windows\SYSTEM32\DEVOBJ.dll
0x00007ffb57520000 - 0x00007ffb5754d000 	C:\Windows\SYSTEM32\dwmapi.dll
0x00007ffb4f940000 - 0x00007ffb4fa5a000 	C:\Windows\SYSTEM32\inputhost.dll
0x00007ffb56300000 - 0x00007ffb563d4000 	C:\Windows\SYSTEM32\CoreMessaging.dll
0x00007ffb54e80000 - 0x00007ffb54fd3000 	C:\Windows\SYSTEM32\wintypes.dll
0x00007ffb56090000 - 0x00007ffb5617f000 	C:\Windows\SYSTEM32\PROPSYS.dll
0x00007ffb53890000 - 0x00007ffb53bba000 	C:\Windows\SYSTEM32\CoreUIComponents.dll
0x00007ffb5c3c0000 - 0x00007ffb5c484000 	C:\Windows\System32\OLEAUT32.dll
0x00007ffb58bd0000 - 0x00007ffb58c01000 	C:\Windows\SYSTEM32\ntmarta.dll
0x00007ffb5c280000 - 0x00007ffb5c3b6000 	C:\Windows\System32\MSCTF.dll
0x00007ffb58430000 - 0x00007ffb5843e000 	C:\Windows\SYSTEM32\HID.DLL
0x00007ffb5ad30000 - 0x00007ffb5b1a0000 	C:\Windows\System32\SETUPAPI.DLL
0x00007ffb59c30000 - 0x00007ffb59c56000 	C:\Windows\System32\bcrypt.dll
0x00007ffb5a920000 - 0x00007ffb5a97c000 	C:\Windows\System32\WINTRUST.dll
0x00007ffb59b40000 - 0x00007ffb59b52000 	C:\Windows\System32\MSASN1.dll
0x00007ffb59c60000 - 0x00007ffb59da9000 	C:\Windows\System32\CRYPT32.dll
0x00007ffafede0000 - 0x00007ffafef36000 	C:\Windows\SYSTEM32\opengl32.dll
0x00007ffb3e860000 - 0x00007ffb3e88c000 	C:\Windows\SYSTEM32\GLU32.dll
0x00007ffb587a0000 - 0x00007ffb587c0000 	C:\Windows\SYSTEM32\dxcore.dll
0x00007ffaf1fe0000 - 0x00007ffaf4704000 	C:\Windows\System32\DriverStore\FileRepository\nvaki.inf_amd64_149c0c4968822483\nvoglv64.dll
0x00007ffb5c500000 - 0x00007ffb5c657000 	C:\Windows\System32\ole32.dll
0x00007ffb54e60000 - 0x00007ffb54e73000 	C:\Windows\SYSTEM32\WTSAPI32.dll
0x00007ffb23280000 - 0x00007ffb23537000 	C:\Windows\system32\nvspcap64.dll
0x00007ffb58d70000 - 0x00007ffb58dcc000 	C:\Windows\SYSTEM32\WINSTA.dll
0x00007ffb4fa60000 - 0x00007ffb4fafe000 	C:\Windows\System32\TextInputFramework.dll
0x00007ffb4b450000 - 0x00007ffb4b6f6000 	C:\Windows\System32\iertutil.dll
0x00007ffb23f10000 - 0x00007ffb23f69000 	C:\Users\mdeej\AppData\Local\Temp\lwjglmdeej\3.2.3-build-13\lwjgl_opengl.dll
0x00007ffb0f660000 - 0x00007ffb0f8b3000 	C:\Users\mdeej\AppData\Local\Temp\lwjglmdeej\3.2.3-build-13\jemalloc.dll
0x00007ffb06740000 - 0x00007ffb068da000 	C:\Program Files\Java\jdk1.8.0_251\jre\bin\awt.dll
0x00007ffb56ca0000 - 0x00007ffb56d2f000 	C:\Windows\SYSTEM32\apphelp.dll
0x00007ffb58230000 - 0x00007ffb58424000 	C:\Windows\SYSTEM32\dbghelp.dll

VM Arguments:
jvm_args: -XX:+UnlockCommercialFeatures -javaagent:C:\Program Files\JetBrains\IntelliJ IDEA 2019.3.4\lib\idea_rt.jar=49269:C:\Program Files\JetBrains\IntelliJ IDEA 2019.3.4\bin -Dfile.encoding=UTF-8 
java_command: com.mikedeejay2.voxel.game.Main
java_class_path (initial): C:\Program Files\Java\jdk1.8.0_251\jre\lib\charsets.jar;C:\Program Files\Java\jdk1.8.0_251\jre\lib\deploy.jar;C:\Program Files\Java\jdk1.8.0_251\jre\lib\ext\access-bridge-64.jar;C:\Program Files\Java\jdk1.8.0_251\jre\lib\ext\cldrdata.jar;C:\Program Files\Java\jdk1.8.0_251\jre\lib\ext\dnsns.jar;C:\Program Files\Java\jdk1.8.0_251\jre\lib\ext\jaccess.jar;C:\Program Files\Java\jdk1.8.0_251\jre\lib\ext\jfxrt.jar;C:\Program Files\Java\jdk1.8.0_251\jre\lib\ext\localedata.jar;C:\Program Files\Java\jdk1.8.0_251\jre\lib\ext\nashorn.jar;C:\Program Files\Java\jdk1.8.0_251\jre\lib\ext\sunec.jar;C:\Program Files\Java\jdk1.8.0_251\jre\lib\ext\sunjce_provider.jar;C:\Program Files\Java\jdk1.8.0_251\jre\lib\ext\sunmscapi.jar;C:\Program Files\Java\jdk1.8.0_251\jre\lib\ext\sunpkcs11.jar;C:\Program Files\Java\jdk1.8.0_251\jre\lib\ext\zipfs.jar;C:\Program Files\Java\jdk1.8.0_251\jre\lib\javaws.jar;C:\Program Files\Java\jdk1.8.0_251\jre\lib\jce.jar;C:\Program Files\Java\jdk1.8.0_251\jre\lib\jfr.jar;C:\Program Files\Java\jdk1.8.0_251\jre\lib\jfxswt.jar;C:\Program Files\Java\jdk1.8.0_251\jre\lib\jsse.jar;C:\Program Files\Java\jdk1.8.0_251\jre\lib\management-agent.jar;C:\Program Files\Java\jdk1.8.0_251\jre\lib\plugin.jar;C:\Program Files\Java\jdk1.8.0_251\jre\lib\resources.jar;C:\Program Files\Java\jdk1.8.0_251\jre\lib\rt.jar;C:\Users\mdeej\IdeaProjects\APCSP\out\production\APCSP;C:\Users\mdeej\IdeaProjects\APCSP\libs\lwjgl.jar;C:\Users\mdeej\IdeaProjects\APCSP\libs\lwjgl-egl.jar;C:\Users\mdeej\IdeaProjects\APCSP\libs\lwjgl-lz4.jar;C:\Users\mdeej\IdeaProjects\APCSP\libs\lwjgl-nfd.jar;C:\Users\mdeej\IdeaProjects\APCSP\libs\lwjgl-ovr.jar;C:\Users\mdeej\IdeaProjects\APCSP\libs\lwjgl-par.jar;C:\Users\mdeej\IdeaProjects\APCSP\libs\lwjgl-sse.jar;C:\Users\mdeej\IdeaProjects\APCSP\libs\lwjgl-stb.jar;C:\Users\mdeej\IdeaProjects\APCSP\libs\lwjgl-vma.jar;C:\Users\mdeej\IdeaProjects\APCSP\libs\lwjgl-bgfx.jar;C:\Users\mdeej\IdeaProjects\APCSP\libs\lwjgl-cuda.jar;C:\Users\mdee
Launcher Type: SUN_STANDARD

Environment Variables:
PATH=C:\Program Files (x86)\Common Files\Intel\Shared Libraries\redist\intel64\compiler;C:\Windows\system32;C:\Windows;C:\Windows\System32\Wbem;C:\Windows\System32\WindowsPowerShell\v1.0\;C:\Windows\System32\OpenSSH\;C:\Program Files\NVIDIA Corporation\NVIDIA NvDLISR;C:\Program Files (x86)\NVIDIA Corporation\PhysX\Common;C:\Program Files (x86)\QuickTime\QTSystem\;C:\Users\mdeej\AppData\Local\Microsoft\WindowsApps;
USERNAME=mdeej
OS=Windows_NT
PROCESSOR_IDENTIFIER=Intel64 Family 6 Model 158 Stepping 10, GenuineIntel



---------------  S Y S T E M  ---------------

OS: Windows 10.0 , 64 bit Build 18362 (10.0.18362.778)

CPU:total 12 (initial active 12) (6 cores per cpu, 2 threads per core) family 6 model 158 stepping 10, cmov, cx8, fxsr, mmx, sse, sse2, sse3, ssse3, sse4.1, sse4.2, popcnt, avx, avx2, aes, clmul, erms, rtm, 3dnowpref, lzcnt, ht, tsc, tscinvbit, bmi1, bmi2, adx

Memory: 4k page, physical 33487264k(16987648k free), swap 98498976k(73463408k free)

vm_info: Java HotSpot(TM) 64-Bit Server VM (25.251-b08) for windows-amd64 JRE (1.8.0_251-b08), built on Mar 12 2020 06:31:49 by "" with MS VC++ 10.0 (VS2010)

time: Wed May 06 22:37:18 2020
timezone: Eastern Daylight Time
elapsed time: 15 seconds (0d 0h 0m 15s)

