#
# A fatal error has been detected by the Java Runtime Environment:
#
#  EXCEPTION_ACCESS_VIOLATION (0xc0000005) at pc=0x00007ffaf2c5e2e0, pid=21160, tid=0x000000000000407c
#
# JRE version: Java(TM) SE Runtime Environment (8.0_251-b08) (build 1.8.0_251-b08)
# Java VM: Java HotSpot(TM) 64-Bit Server VM (25.251-b08 mixed mode windows-amd64 compressed oops)
# Problematic frame:
# C  [nvoglv64.dll+0xc7e2e0]
#
# Failed to write core dump. Minidumps are not enabled by default on client versions of Windows
#
# If you would like to submit a bug report, please visit:
#   http://bugreport.java.com/bugreport/crash.jsp
# The crash happened outside the Java Virtual Machine in native code.
# See problematic frame for where to report the bug.
#

---------------  T H R E A D  ---------------

Current thread (0x0000000003197000):  JavaThread "main" [_thread_in_native, id=16508, stack(0x0000000002f20000,0x0000000003020000)]

siginfo: ExceptionCode=0xc0000005, reading address 0x0000000000000000

Registers:
RAX=0x0000000000000000, RBX=0x000000002d507270, RCX=0x000000002d507270, RDX=0x0000000000000008
RSP=0x000000000301eda8, RBP=0x0000000000000004, RSI=0x0000000000000002, RDI=0x0000000035f24d38
R8 =0x000000000000000c, R9 =0x00000000000000b4, R10=0x000000000000000c, R11=0x0000000000000000
R12=0x0000000000000000, R13=0x0000000035f249d8, R14=0x000000002e5467f4, R15=0x00007ffaf2c5e2d0
RIP=0x00007ffaf2c5e2e0, EFLAGS=0x0000000000010202

Top of Stack: (sp=0x000000000301eda8)
0x000000000301eda8:   00007ffaf2d24ec1 0000000007906cd0
0x000000000301edb8:   0000000000000000 000000002b7f0000
0x000000000301edc8:   0000000000001680 0000000000000000
0x000000000301edd8:   00007ffaf2b908d0 0000000000000000
0x000000000301ede8:   00007ffaf2b8b486 0000000000000007
0x000000000301edf8:   0000000007907ae0 000000002d507270
0x000000000301ee08:   10c0000000000000 000000002becbc90
0x000000000301ee18:   00007ffaf2b90664 0000000000000000
0x000000000301ee28:   000000002becbc90 0000000000000000
0x000000000301ee38:   0000000000000000 0000000000000004
0x000000000301ee48:   000000002b7f0000 0000000000001405
0x000000000301ee58:   00000000000000b4 000000000000010e
0x000000000301ee68:   00007ffaf2d15e60 000000002b7f0000
0x000000000301ee78:   0000000000000000 00000000000000b4
0x000000000301ee88:   0000000000000000 0000000000001400
0x000000000301ee98:   0000000000000000 000000000301ef00 

Instructions: (pc=0x00007ffaf2c5e2e0)
0x00007ffaf2c5e2c0:   48 83 c1 08 41 83 e9 01 75 e9 48 8b c1 c3 cc cc
0x00007ffaf2c5e2d0:   4d 63 d0 48 83 c2 08 66 0f 1f 84 00 00 00 00 00
0x00007ffaf2c5e2e0:   8b 42 f8 89 01 8b 42 fc 89 41 04 8b 02 49 03 d2
0x00007ffaf2c5e2f0:   89 41 08 48 83 c1 0c 41 83 e9 01 75 e3 48 8b c1 


Register to memory mapping:

RAX=0x0000000000000000 is an unknown value
RBX=0x000000002d507270 is an unknown value
RCX=0x000000002d507270 is an unknown value
RDX=0x0000000000000008 is an unknown value
RSP=0x000000000301eda8 is pointing into the stack for thread: 0x0000000003197000
RBP=0x0000000000000004 is an unknown value
RSI=0x0000000000000002 is an unknown value
RDI=0x0000000035f24d38 is an unknown value
R8 =0x000000000000000c is an unknown value
R9 =0x00000000000000b4 is an unknown value
R10=0x000000000000000c is an unknown value
R11=0x0000000000000000 is an unknown value
R12=0x0000000000000000 is an unknown value
R13=0x0000000035f249d8 is an unknown value
R14=0x000000002e5467f4 is an unknown value
R15=0x00007ffaf2c5e2d0 is an unknown value


Stack: [0x0000000002f20000,0x0000000003020000],  sp=0x000000000301eda8,  free space=1019k
Native frames: (J=compiled Java code, j=interpreted, Vv=VM code, C=native code)
C  [nvoglv64.dll+0xc7e2e0]

Java frames: (J=compiled Java code, j=interpreted, Vv=VM code)
J 1063  org.lwjgl.opengl.GL11C.nglDrawElements(IIIJ)V (0 bytes) @ 0x000000000370d34e [0x000000000370d300+0x4e]
J 1271 C2 com.mikedeejay2.voxel.engine.graphics.renderers.Renderer.render(Ljava/util/Map;)V (111 bytes) @ 0x000000000384ae88 [0x000000000384a820+0x668]
J 1257 C2 com.mikedeejay2.voxel.game.Main.render()V (53 bytes) @ 0x0000000003840fcc [0x0000000003840e00+0x1cc]
j  com.mikedeejay2.voxel.engine.core.CoreEngine.run()V+163
j  com.mikedeejay2.voxel.engine.core.CoreEngine.start()V+9
j  com.mikedeejay2.voxel.game.Main.start()V+29
j  com.mikedeejay2.voxel.game.Main.main([Ljava/lang/String;)V+7
v  ~StubRoutines::call_stub

---------------  P R O C E S S  ---------------

Java Threads: ( => current thread )
  0x00000000332c9000 JavaThread "world" [_thread_blocked, id=21748, stack(0x0000000034960000,0x0000000034a60000)]
  0x00000000332c8800 JavaThread "chunkConsumer" [_thread_in_Java, id=16052, stack(0x0000000034860000,0x0000000034960000)]
  0x0000000033317000 JavaThread "chunkProducer" [_thread_blocked, id=26180, stack(0x0000000034760000,0x0000000034860000)]
  0x0000000033035800 JavaThread "chunkMeshConsumer" [_thread_in_Java, id=19260, stack(0x0000000034620000,0x0000000034720000)]
  0x00000000333ba000 JavaThread "chunkMeshProducer" [_thread_blocked, id=20632, stack(0x0000000034520000,0x0000000034620000)]
  0x000000002993f800 JavaThread "Java2D Disposer" daemon [_thread_blocked, id=4248, stack(0x00000000328f0000,0x00000000329f0000)]
  0x0000000029499000 JavaThread "Service Thread" daemon [_thread_blocked, id=12532, stack(0x0000000029f50000,0x000000002a050000)]
  0x00000000293f0800 JavaThread "C1 CompilerThread3" daemon [_thread_blocked, id=25796, stack(0x0000000029e50000,0x0000000029f50000)]
  0x00000000293f0000 JavaThread "C2 CompilerThread2" daemon [_thread_blocked, id=13980, stack(0x0000000029d50000,0x0000000029e50000)]
  0x00000000293ef000 JavaThread "C2 CompilerThread1" daemon [_thread_blocked, id=12848, stack(0x0000000029c50000,0x0000000029d50000)]
  0x00000000293ec800 JavaThread "C2 CompilerThread0" daemon [_thread_blocked, id=2516, stack(0x0000000029b50000,0x0000000029c50000)]
  0x00000000293eb000 JavaThread "Monitor Ctrl-Break" daemon [_thread_in_native, id=20672, stack(0x0000000029a50000,0x0000000029b50000)]
  0x0000000027c08000 JavaThread "Attach Listener" daemon [_thread_blocked, id=18652, stack(0x0000000029150000,0x0000000029250000)]
  0x0000000027c07000 JavaThread "Signal Dispatcher" daemon [_thread_blocked, id=18764, stack(0x0000000029050000,0x0000000029150000)]
  0x0000000026513800 JavaThread "Finalizer" daemon [_thread_blocked, id=14000, stack(0x0000000028e50000,0x0000000028f50000)]
  0x000000002650d800 JavaThread "Reference Handler" daemon [_thread_blocked, id=19788, stack(0x0000000028d50000,0x0000000028e50000)]
=>0x0000000003197000 JavaThread "main" [_thread_in_native, id=16508, stack(0x0000000002f20000,0x0000000003020000)]

Other Threads:
  0x000000000328d000 VMThread [stack: 0x0000000028c50000,0x0000000028d50000] [id=25652]
  0x00000000294b4000 WatcherThread [stack: 0x000000002a050000,0x000000002a150000] [id=11032]

VM state:not at safepoint (normal execution)

VM Mutex/Monitor currently owned by a thread: None

heap address: 0x00000005c1000000, size: 8176 MB, Compressed Oops mode: Zero based, Oop shift amount: 3
Narrow klass base: 0x0000000000000000, Narrow klass shift: 3
Compressed class space size: 1073741824 Address: 0x00000007c0000000

Heap:
 PSYoungGen      total 153088K, used 132628K [0x0000000715b00000, 0x0000000720580000, 0x00000007c0000000)
  eden space 131584K, 88% used [0x0000000715b00000,0x000000071cd445e8,0x000000071db80000)
  from space 21504K, 72% used [0x000000071db80000,0x000000071eac0ca8,0x000000071f080000)
  to   space 21504K, 0% used [0x000000071f080000,0x000000071f080000,0x0000000720580000)
 ParOldGen       total 349696K, used 32K [0x00000005c1000000, 0x00000005d6580000, 0x0000000715b00000)
  object space 349696K, 0% used [0x00000005c1000000,0x00000005c1008000,0x00000005d6580000)
 Metaspace       used 13216K, capacity 13417K, committed 13696K, reserved 1062912K
  class space    used 1031K, capacity 1097K, committed 1152K, reserved 1048576K

Card table byte_map: [0x0000000012650000,0x0000000013650000] byte_map_base: 0x000000000f848000

Marking Bits: (ParMarkBitMap*) 0x0000000075a7af90
 Begin Bits: [0x0000000014b00000, 0x000000001cac0000)
 End Bits:   [0x000000001cac0000, 0x0000000024a80000)

Polling page: 0x0000000002e90000

CodeCache: size=245760Kb used=7009Kb max_used=7048Kb free=238750Kb
 bounds [0x0000000003290000, 0x0000000003990000, 0x0000000012290000]
 total_blobs=2325 nmethods=1315 adapters=923
 compilation: enabled

Compilation events (10 events):
Event: 2.505 Thread 0x00000000293ec800 1315       4       com.mikedeejay2.voxel.game.Main::input (62 bytes)
Event: 2.506 Thread 0x00000000293ec800 nmethod 1315 0x00000000038c5b50 code [0x00000000038c5ca0, 0x00000000038c5e08]
Event: 2.506 Thread 0x00000000293ec800 1316       4       com.mikedeejay2.voxel.engine.graphics.objects.Camera::input (539 bytes)
Event: 2.513 Thread 0x00000000293ec800 nmethod 1316 0x00000000038cadd0 code [0x00000000038cafc0, 0x00000000038cb6c8]
Event: 2.527 Thread 0x00000000293ec800 1317   !   4       com.mikedeejay2.voxel.game.world.chunk.ChunkPC::produce (277 bytes)
Event: 2.536 Thread 0x00000000293ec800 nmethod 1317 0x00000000038c9b50 code [0x00000000038c9d40, 0x00000000038ca620]
Event: 2.564 Thread 0x00000000293f0000 nmethod 1310 0x0000000003961cd0 code [0x0000000003962ea0, 0x000000000396c2b0]
Event: 2.566 Thread 0x00000000293ef000 nmethod 1311 0x0000000003977710 code [0x0000000003978780, 0x0000000003981dc0]
Event: 2.576 Thread 0x00000000293f0800 1318       3       com.mikedeejay2.voxel.engine.graphics.models.RawModel::destroy (45 bytes)
Event: 2.576 Thread 0x00000000293f0800 nmethod 1318 0x00000000038cbfd0 code [0x00000000038cc1c0, 0x00000000038cc8d8]

GC Heap History (6 events):
Event: 1.585 GC heap before
{Heap before GC invocations=1 (full 0):
 PSYoungGen      total 153088K, used 131584K [0x0000000715b00000, 0x0000000720580000, 0x00000007c0000000)
  eden space 131584K, 100% used [0x0000000715b00000,0x000000071db80000,0x000000071db80000)
  from space 21504K, 0% used [0x000000071f080000,0x000000071f080000,0x0000000720580000)
  to   space 21504K, 0% used [0x000000071db80000,0x000000071db80000,0x000000071f080000)
 ParOldGen       total 349696K, used 0K [0x00000005c1000000, 0x00000005d6580000, 0x0000000715b00000)
  object space 349696K, 0% used [0x00000005c1000000,0x00000005c1000000,0x00000005d6580000)
 Metaspace       used 13157K, capacity 13289K, committed 13440K, reserved 1060864K
  class space    used 1031K, capacity 1097K, committed 1152K, reserved 1048576K
Event: 1.590 GC heap after
Heap after GC invocations=1 (full 0):
 PSYoungGen      total 153088K, used 11083K [0x0000000715b00000, 0x0000000720580000, 0x00000007c0000000)
  eden space 131584K, 0% used [0x0000000715b00000,0x0000000715b00000,0x000000071db80000)
  from space 21504K, 51% used [0x000000071db80000,0x000000071e652db8,0x000000071f080000)
  to   space 21504K, 0% used [0x000000071f080000,0x000000071f080000,0x0000000720580000)
 ParOldGen       total 349696K, used 16K [0x00000005c1000000, 0x00000005d6580000, 0x0000000715b00000)
  object space 349696K, 0% used [0x00000005c1000000,0x00000005c1004000,0x00000005d6580000)
 Metaspace       used 13157K, capacity 13289K, committed 13440K, reserved 1060864K
  class space    used 1031K, capacity 1097K, committed 1152K, reserved 1048576K
}
Event: 2.073 GC heap before
{Heap before GC invocations=2 (full 0):
 PSYoungGen      total 153088K, used 142667K [0x0000000715b00000, 0x0000000720580000, 0x00000007c0000000)
  eden space 131584K, 100% used [0x0000000715b00000,0x000000071db80000,0x000000071db80000)
  from space 21504K, 51% used [0x000000071db80000,0x000000071e652db8,0x000000071f080000)
  to   space 21504K, 0% used [0x000000071f080000,0x000000071f080000,0x0000000720580000)
 ParOldGen       total 349696K, used 16K [0x00000005c1000000, 0x00000005d6580000, 0x0000000715b00000)
  object space 349696K, 0% used [0x00000005c1000000,0x00000005c1004000,0x00000005d6580000)
 Metaspace       used 13201K, capacity 13417K, committed 13696K, reserved 1062912K
  class space    used 1031K, capacity 1097K, committed 1152K, reserved 1048576K
Event: 2.076 GC heap after
Heap after GC invocations=2 (full 0):
 PSYoungGen      total 153088K, used 12721K [0x0000000715b00000, 0x0000000720580000, 0x00000007c0000000)
  eden space 131584K, 0% used [0x0000000715b00000,0x0000000715b00000,0x000000071db80000)
  from space 21504K, 59% used [0x000000071f080000,0x000000071fcec6d0,0x0000000720580000)
  to   space 21504K, 0% used [0x000000071db80000,0x000000071db80000,0x000000071f080000)
 ParOldGen       total 349696K, used 24K [0x00000005c1000000, 0x00000005d6580000, 0x0000000715b00000)
  object space 349696K, 0% used [0x00000005c1000000,0x00000005c1006000,0x00000005d6580000)
 Metaspace       used 13201K, capacity 13417K, committed 13696K, reserved 1062912K
  class space    used 1031K, capacity 1097K, committed 1152K, reserved 1048576K
}
Event: 2.329 GC heap before
{Heap before GC invocations=3 (full 0):
 PSYoungGen      total 153088K, used 144305K [0x0000000715b00000, 0x0000000720580000, 0x00000007c0000000)
  eden space 131584K, 100% used [0x0000000715b00000,0x000000071db80000,0x000000071db80000)
  from space 21504K, 59% used [0x000000071f080000,0x000000071fcec6d0,0x0000000720580000)
  to   space 21504K, 0% used [0x000000071db80000,0x000000071db80000,0x000000071f080000)
 ParOldGen       total 349696K, used 24K [0x00000005c1000000, 0x00000005d6580000, 0x0000000715b00000)
  object space 349696K, 0% used [0x00000005c1000000,0x00000005c1006000,0x00000005d6580000)
 Metaspace       used 13214K, capacity 13417K, committed 13696K, reserved 1062912K
  class space    used 1031K, capacity 1097K, committed 1152K, reserved 1048576K
Event: 2.333 GC heap after
Heap after GC invocations=3 (full 0):
 PSYoungGen      total 153088K, used 15619K [0x0000000715b00000, 0x0000000720580000, 0x00000007c0000000)
  eden space 131584K, 0% used [0x0000000715b00000,0x0000000715b00000,0x000000071db80000)
  from space 21504K, 72% used [0x000000071db80000,0x000000071eac0ca8,0x000000071f080000)
  to   space 21504K, 0% used [0x000000071f080000,0x000000071f080000,0x0000000720580000)
 ParOldGen       total 349696K, used 32K [0x00000005c1000000, 0x00000005d6580000, 0x0000000715b00000)
  object space 349696K, 0% used [0x00000005c1000000,0x00000005c1008000,0x00000005d6580000)
 Metaspace       used 13214K, capacity 13417K, committed 13696K, reserved 1062912K
  class space    used 1031K, capacity 1097K, committed 1152K, reserved 1048576K
}

Deoptimization events (10 events):
Event: 1.241 Thread 0x00000000332c8800 Uncommon trap: reason=unstable_if action=reinterpret pc=0x000000000367e6f0 method=java.lang.StrictMath.floorOrCeil(DDDD)D @ 90
Event: 1.241 Thread 0x00000000332c8800 Uncommon trap: reason=unstable_if action=reinterpret pc=0x00000000036bdf24 method=java.lang.StrictMath.floorOrCeil(DDDD)D @ 90
Event: 1.397 Thread 0x0000000033035800 Uncommon trap: reason=unstable_if action=reinterpret pc=0x000000000371775c method=com.mikedeejay2.voxel.game.world.chunk.mesh.ChunkMeshGenerator.genBrightness(Lcom/mikedeejay2/voxel/game/world/chunk/Chunk;FIIIILjava/util/List;Lcom/mikedeejay2/voxel/engine
Event: 1.489 Thread 0x0000000033035800 Uncommon trap: reason=unstable_if action=reinterpret pc=0x00000000036ca7e8 method=java.util.HashMap$TreeNode.getTreeNode(ILjava/lang/Object;)Ljava/util/HashMap$TreeNode; @ 4
Event: 1.607 Thread 0x0000000033035800 Uncommon trap: reason=unstable_if action=reinterpret pc=0x000000000378dfe0 method=com.mikedeejay2.voxel.game.world.chunk.mesh.ChunkMeshGenerator.createTextureCoordSliceEdgeCase(Lcom/mikedeejay2/voxel/game/world/World;Lcom/mikedeejay2/voxel/game/world/chun
Event: 1.915 Thread 0x0000000033035800 Uncommon trap: reason=null_check action=make_not_entrant pc=0x000000000382ed98 method=com.mikedeejay2.voxel.game.world.World.getChunk(Lorg/joml/Vector3f;)Lcom/mikedeejay2/voxel/game/world/chunk/Chunk; @ 10
Event: 2.112 Thread 0x0000000033035800 Uncommon trap: reason=unstable_if action=reinterpret pc=0x0000000003862190 method=com.mikedeejay2.voxel.game.world.chunk.mesh.ChunkMeshGenerator.genBrightnessWithChunkLoc(Lcom/mikedeejay2/voxel/game/world/World;Lcom/mikedeejay2/voxel/game/world/chunk/Chun
Event: 2.161 Thread 0x0000000033035800 Uncommon trap: reason=unstable_if action=reinterpret pc=0x00000000037b4fd0 method=com.mikedeejay2.voxel.game.world.chunk.mesh.ChunkMeshGenerator.genBrightness(Lcom/mikedeejay2/voxel/game/world/chunk/Chunk;FIIIILjava/util/List;Lcom/mikedeejay2/voxel/engine
Event: 2.370 Thread 0x0000000033035800 Uncommon trap: reason=unstable_if action=reinterpret pc=0x00000000038d44c0 method=com.mikedeejay2.voxel.game.world.chunk.mesh.ChunkMeshGenerator.genBrightnessWithChunkLoc(Lcom/mikedeejay2/voxel/game/world/World;Lcom/mikedeejay2/voxel/game/world/chunk/Chun
Event: 2.382 Thread 0x0000000033035800 Uncommon trap: reason=unstable_if action=reinterpret pc=0x00000000038f4000 method=com.mikedeejay2.voxel.game.world.chunk.mesh.ChunkMeshGenerator.genBrightness(Lcom/mikedeejay2/voxel/game/world/chunk/Chunk;FIIIILjava/util/List;Lcom/mikedeejay2/voxel/engine

Classes redefined (0 events):
No events

Internal exceptions (10 events):
Event: 0.224 Thread 0x0000000003197000 Exception <a 'sun/nio/fs/WindowsException'> (0x00000007168cc150) thrown at [C:\jenkins\workspace\8-2-build-windows-amd64-cygwin\jdk8u251\737\hotspot\src\share\vm\prims\jni.cpp, line 710]
Event: 0.230 Thread 0x0000000003197000 Exception <a 'sun/nio/fs/WindowsException'> (0x00000007168fb8c0) thrown at [C:\jenkins\workspace\8-2-build-windows-amd64-cygwin\jdk8u251\737\hotspot\src\share\vm\prims\jni.cpp, line 710]
Event: 0.230 Thread 0x0000000003197000 Exception <a 'sun/nio/fs/WindowsException'> (0x00000007168fbfa0) thrown at [C:\jenkins\workspace\8-2-build-windows-amd64-cygwin\jdk8u251\737\hotspot\src\share\vm\prims\jni.cpp, line 710]
Event: 0.642 Thread 0x0000000003197000 Exception <a 'sun/nio/fs/WindowsException'> (0x0000000716a65708) thrown at [C:\jenkins\workspace\8-2-build-windows-amd64-cygwin\jdk8u251\737\hotspot\src\share\vm\prims\jni.cpp, line 710]
Event: 0.642 Thread 0x0000000003197000 Exception <a 'sun/nio/fs/WindowsException'> (0x0000000716a65e48) thrown at [C:\jenkins\workspace\8-2-build-windows-amd64-cygwin\jdk8u251\737\hotspot\src\share\vm\prims\jni.cpp, line 710]
Event: 0.644 Thread 0x0000000003197000 Exception <a 'sun/nio/fs/WindowsException'> (0x0000000716a7d440) thrown at [C:\jenkins\workspace\8-2-build-windows-amd64-cygwin\jdk8u251\737\hotspot\src\share\vm\prims\jni.cpp, line 710]
Event: 0.644 Thread 0x0000000003197000 Exception <a 'sun/nio/fs/WindowsException'> (0x0000000716a7da38) thrown at [C:\jenkins\workspace\8-2-build-windows-amd64-cygwin\jdk8u251\737\hotspot\src\share\vm\prims\jni.cpp, line 710]
Event: 0.686 Thread 0x0000000003197000 Exception <a 'sun/nio/fs/WindowsException'> (0x0000000716c369a8) thrown at [C:\jenkins\workspace\8-2-build-windows-amd64-cygwin\jdk8u251\737\hotspot\src\share\vm\prims\jni.cpp, line 710]
Event: 0.686 Thread 0x0000000003197000 Exception <a 'sun/nio/fs/WindowsException'> (0x0000000716c370d8) thrown at [C:\jenkins\workspace\8-2-build-windows-amd64-cygwin\jdk8u251\737\hotspot\src\share\vm\prims\jni.cpp, line 710]
Event: 0.918 Thread 0x0000000003197000 Exception <a 'java/io/FileNotFoundException'> (0x000000071776e478) thrown at [C:\jenkins\workspace\8-2-build-windows-amd64-cygwin\jdk8u251\737\hotspot\src\share\vm\prims\jni.cpp, line 710]

Events (10 events):
Event: 2.329 Executing VM operation: ParallelGCFailedAllocation
Event: 2.333 Executing VM operation: ParallelGCFailedAllocation done
Event: 2.370 Thread 0x0000000033035800 Uncommon trap: trap_request=0xffffff65 fr.pc=0x00000000038d44c0
Event: 2.370 Thread 0x0000000033035800 DEOPT PACKING pc=0x00000000038d44c0 sp=0x000000003471ee40
Event: 2.370 Thread 0x0000000033035800 DEOPT UNPACKING pc=0x00000000032d583b sp=0x000000003471edd0 mode 2
Event: 2.382 Thread 0x0000000033035800 Uncommon trap: trap_request=0xffffff65 fr.pc=0x00000000038f4000
Event: 2.382 Thread 0x0000000033035800 DEOPT PACKING pc=0x00000000038f4000 sp=0x000000003471eee0
Event: 2.382 Thread 0x0000000033035800 DEOPT UNPACKING pc=0x00000000032d583b sp=0x000000003471ee88 mode 2
Event: 2.527 Thread 0x0000000033317000 DEOPT PACKING pc=0x000000000381db7e sp=0x000000003485f4e0
Event: 2.527 Thread 0x0000000033317000 DEOPT UNPACKING pc=0x00000000032d7890 sp=0x000000003485f240 mode 0


Dynamic libraries:
0x00007ff734420000 - 0x00007ff734457000 	C:\Program Files\Java\jdk1.8.0_251\bin\java.exe
0x00007ffb5cc00000 - 0x00007ffb5cdf0000 	C:\Windows\SYSTEM32\ntdll.dll
0x00007ffb5b5b0000 - 0x00007ffb5b662000 	C:\Windows\System32\KERNEL32.DLL
0x00007ffb5aa00000 - 0x00007ffb5aca3000 	C:\Windows\System32\KERNELBASE.dll
0x00007ffb5c1d0000 - 0x00007ffb5c273000 	C:\Windows\System32\ADVAPI32.dll
0x00007ffb5b510000 - 0x00007ffb5b5ae000 	C:\Windows\System32\msvcrt.dll
0x00007ffb5c660000 - 0x00007ffb5c6f7000 	C:\Windows\System32\sechost.dll
0x00007ffb5c0b0000 - 0x00007ffb5c1d0000 	C:\Windows\System32\RPCRT4.dll
0x00007ffb5b2c0000 - 0x00007ffb5b454000 	C:\Windows\System32\USER32.dll
0x00007ffb5a630000 - 0x00007ffb5a651000 	C:\Windows\System32\win32u.dll
0x00007ffb5bf20000 - 0x00007ffb5bf46000 	C:\Windows\System32\GDI32.dll
0x00007ffb5a660000 - 0x00007ffb5a7f4000 	C:\Windows\System32\gdi32full.dll
0x00007ffb59b90000 - 0x00007ffb59c2e000 	C:\Windows\System32\msvcp_win.dll
0x00007ffb5a530000 - 0x00007ffb5a62a000 	C:\Windows\System32\ucrtbase.dll
0x00007ffb43fc0000 - 0x00007ffb44245000 	C:\Windows\WinSxS\amd64_microsoft.windows.common-controls_6595b64144ccf1df_6.0.18362.778_none_e6c6b761130d4fb8\COMCTL32.dll
0x00007ffb5c760000 - 0x00007ffb5ca96000 	C:\Windows\System32\combase.dll
0x00007ffb5a980000 - 0x00007ffb5aa00000 	C:\Windows\System32\bcryptPrimitives.dll
0x00007ffb5b1a0000 - 0x00007ffb5b1ce000 	C:\Windows\System32\IMM32.DLL
0x0000000075b00000 - 0x0000000075bd2000 	C:\Program Files\Java\jdk1.8.0_251\jre\bin\msvcr100.dll
0x0000000075250000 - 0x0000000075afb000 	C:\Program Files\Java\jdk1.8.0_251\jre\bin\server\jvm.dll
0x00007ffb5bf50000 - 0x00007ffb5bf58000 	C:\Windows\System32\PSAPI.DLL
0x00007ffb54630000 - 0x00007ffb5463a000 	C:\Windows\SYSTEM32\VERSION.dll
0x00007ffb49340000 - 0x00007ffb49349000 	C:\Windows\SYSTEM32\WSOCK32.dll
0x00007ffb56760000 - 0x00007ffb56784000 	C:\Windows\SYSTEM32\WINMM.dll
0x00007ffb5bfe0000 - 0x00007ffb5c04f000 	C:\Windows\System32\WS2_32.dll
0x00007ffb562d0000 - 0x00007ffb562fd000 	C:\Windows\SYSTEM32\winmmbase.dll
0x00007ffb5a8d0000 - 0x00007ffb5a91a000 	C:\Windows\System32\cfgmgr32.dll
0x00007ffb492c0000 - 0x00007ffb492cf000 	C:\Program Files\Java\jdk1.8.0_251\jre\bin\verify.dll
0x00007ffb49290000 - 0x00007ffb492b9000 	C:\Program Files\Java\jdk1.8.0_251\jre\bin\java.dll
0x00007ffb240f0000 - 0x00007ffb24113000 	C:\Program Files\Java\jdk1.8.0_251\jre\bin\instrument.dll
0x00007ffb43600000 - 0x00007ffb43616000 	C:\Program Files\Java\jdk1.8.0_251\jre\bin\zip.dll
0x00007ffb5b670000 - 0x00007ffb5bd55000 	C:\Windows\System32\SHELL32.dll
0x00007ffb5b460000 - 0x00007ffb5b509000 	C:\Windows\System32\shcore.dll
0x00007ffb59db0000 - 0x00007ffb5a530000 	C:\Windows\System32\windows.storage.dll
0x00007ffb59b60000 - 0x00007ffb59b83000 	C:\Windows\System32\profapi.dll
0x00007ffb59af0000 - 0x00007ffb59b3a000 	C:\Windows\System32\powrprof.dll
0x00007ffb59ac0000 - 0x00007ffb59ad0000 	C:\Windows\System32\UMPDC.dll
0x00007ffb5c700000 - 0x00007ffb5c752000 	C:\Windows\System32\shlwapi.dll
0x00007ffb59ad0000 - 0x00007ffb59ae1000 	C:\Windows\System32\kernel.appcore.dll
0x00007ffb5a8b0000 - 0x00007ffb5a8c7000 	C:\Windows\System32\cryptsp.dll
0x00007ffb240d0000 - 0x00007ffb240ea000 	C:\Program Files\JetBrains\IntelliJ IDEA 2019.3.4\bin\breakgen64.dll
0x00007ffb241a0000 - 0x00007ffb241ba000 	C:\Program Files\Java\jdk1.8.0_251\jre\bin\net.dll
0x00007ffb59330000 - 0x00007ffb59397000 	C:\Windows\system32\mswsock.dll
0x00007ffb24180000 - 0x00007ffb24192000 	C:\Program Files\Java\jdk1.8.0_251\jre\bin\nio.dll
0x00007ffb24060000 - 0x00007ffb240c4000 	C:\Users\mdeej\AppData\Local\Temp\lwjglmdeej\3.2.3-build-13\lwjgl.dll
0x00007ffb23e90000 - 0x00007ffb23ef2000 	C:\Users\mdeej\AppData\Local\Temp\lwjglmdeej\3.2.3-build-13\glfw.dll
0x00007ffb56de0000 - 0x00007ffb56e79000 	C:\Windows\system32\uxtheme.dll
0x00007ffb2df10000 - 0x00007ffb2df53000 	C:\Windows\SYSTEM32\dinput8.dll
0x00007ffb2dbe0000 - 0x00007ffb2dbf1000 	C:\Windows\SYSTEM32\xinput1_4.dll
0x00007ffb598c0000 - 0x00007ffb598ea000 	C:\Windows\SYSTEM32\DEVOBJ.dll
0x00007ffb57520000 - 0x00007ffb5754d000 	C:\Windows\SYSTEM32\dwmapi.dll
0x00007ffb4f940000 - 0x00007ffb4fa5a000 	C:\Windows\SYSTEM32\inputhost.dll
0x00007ffb53890000 - 0x00007ffb53bba000 	C:\Windows\SYSTEM32\CoreUIComponents.dll
0x00007ffb54e80000 - 0x00007ffb54fd3000 	C:\Windows\SYSTEM32\wintypes.dll
0x00007ffb56300000 - 0x00007ffb563d4000 	C:\Windows\SYSTEM32\CoreMessaging.dll
0x00007ffb56090000 - 0x00007ffb5617f000 	C:\Windows\SYSTEM32\PROPSYS.dll
0x00007ffb5c3c0000 - 0x00007ffb5c484000 	C:\Windows\System32\OLEAUT32.dll
0x00007ffb58bd0000 - 0x00007ffb58c01000 	C:\Windows\SYSTEM32\ntmarta.dll
0x00007ffb5c280000 - 0x00007ffb5c3b6000 	C:\Windows\System32\MSCTF.dll
0x00007ffb58430000 - 0x00007ffb5843e000 	C:\Windows\SYSTEM32\HID.DLL
0x00007ffb5ad30000 - 0x00007ffb5b1a0000 	C:\Windows\System32\SETUPAPI.DLL
0x00007ffb59c30000 - 0x00007ffb59c56000 	C:\Windows\System32\bcrypt.dll
0x00007ffb5a920000 - 0x00007ffb5a97c000 	C:\Windows\System32\WINTRUST.dll
0x00007ffb59b40000 - 0x00007ffb59b52000 	C:\Windows\System32\MSASN1.dll
0x00007ffb59c60000 - 0x00007ffb59da9000 	C:\Windows\System32\CRYPT32.dll
0x00007ffafede0000 - 0x00007ffafef36000 	C:\Windows\SYSTEM32\opengl32.dll
0x00007ffb3e860000 - 0x00007ffb3e88c000 	C:\Windows\SYSTEM32\GLU32.dll
0x00007ffb587a0000 - 0x00007ffb587c0000 	C:\Windows\SYSTEM32\dxcore.dll
0x00007ffaf1fe0000 - 0x00007ffaf4704000 	C:\Windows\System32\DriverStore\FileRepository\nvaki.inf_amd64_149c0c4968822483\nvoglv64.dll
0x00007ffb5c500000 - 0x00007ffb5c657000 	C:\Windows\System32\ole32.dll
0x00007ffb54e60000 - 0x00007ffb54e73000 	C:\Windows\SYSTEM32\WTSAPI32.dll
0x00007ffb23280000 - 0x00007ffb23537000 	C:\Windows\system32\nvspcap64.dll
0x00007ffb58d70000 - 0x00007ffb58dcc000 	C:\Windows\SYSTEM32\WINSTA.dll
0x00007ffb4fa60000 - 0x00007ffb4fafe000 	C:\Windows\System32\TextInputFramework.dll
0x00007ffb4b450000 - 0x00007ffb4b6f6000 	C:\Windows\System32\iertutil.dll
0x00007ffb23f10000 - 0x00007ffb23f69000 	C:\Users\mdeej\AppData\Local\Temp\lwjglmdeej\3.2.3-build-13\lwjgl_opengl.dll
0x00007ffb027d0000 - 0x00007ffb02a23000 	C:\Users\mdeej\AppData\Local\Temp\lwjglmdeej\3.2.3-build-13\jemalloc.dll
0x00007ffb03850000 - 0x00007ffb039ea000 	C:\Program Files\Java\jdk1.8.0_251\jre\bin\awt.dll
0x00007ffb56ca0000 - 0x00007ffb56d2f000 	C:\Windows\SYSTEM32\apphelp.dll
0x00007ffb58230000 - 0x00007ffb58424000 	C:\Windows\SYSTEM32\dbghelp.dll

VM Arguments:
jvm_args: -XX:+UnlockCommercialFeatures -javaagent:C:\Program Files\JetBrains\IntelliJ IDEA 2019.3.4\lib\idea_rt.jar=51205:C:\Program Files\JetBrains\IntelliJ IDEA 2019.3.4\bin -Dfile.encoding=UTF-8 
java_command: com.mikedeejay2.voxel.game.Main
java_class_path (initial): C:\Program Files\Java\jdk1.8.0_251\jre\lib\charsets.jar;C:\Program Files\Java\jdk1.8.0_251\jre\lib\deploy.jar;C:\Program Files\Java\jdk1.8.0_251\jre\lib\ext\access-bridge-64.jar;C:\Program Files\Java\jdk1.8.0_251\jre\lib\ext\cldrdata.jar;C:\Program Files\Java\jdk1.8.0_251\jre\lib\ext\dnsns.jar;C:\Program Files\Java\jdk1.8.0_251\jre\lib\ext\jaccess.jar;C:\Program Files\Java\jdk1.8.0_251\jre\lib\ext\jfxrt.jar;C:\Program Files\Java\jdk1.8.0_251\jre\lib\ext\localedata.jar;C:\Program Files\Java\jdk1.8.0_251\jre\lib\ext\nashorn.jar;C:\Program Files\Java\jdk1.8.0_251\jre\lib\ext\sunec.jar;C:\Program Files\Java\jdk1.8.0_251\jre\lib\ext\sunjce_provider.jar;C:\Program Files\Java\jdk1.8.0_251\jre\lib\ext\sunmscapi.jar;C:\Program Files\Java\jdk1.8.0_251\jre\lib\ext\sunpkcs11.jar;C:\Program Files\Java\jdk1.8.0_251\jre\lib\ext\zipfs.jar;C:\Program Files\Java\jdk1.8.0_251\jre\lib\javaws.jar;C:\Program Files\Java\jdk1.8.0_251\jre\lib\jce.jar;C:\Program Files\Java\jdk1.8.0_251\jre\lib\jfr.jar;C:\Program Files\Java\jdk1.8.0_251\jre\lib\jfxswt.jar;C:\Program Files\Java\jdk1.8.0_251\jre\lib\jsse.jar;C:\Program Files\Java\jdk1.8.0_251\jre\lib\management-agent.jar;C:\Program Files\Java\jdk1.8.0_251\jre\lib\plugin.jar;C:\Program Files\Java\jdk1.8.0_251\jre\lib\resources.jar;C:\Program Files\Java\jdk1.8.0_251\jre\lib\rt.jar;C:\Users\mdeej\IdeaProjects\APCSP\out\production\APCSP;C:\Users\mdeej\IdeaProjects\APCSP\libs\lwjgl.jar;C:\Users\mdeej\IdeaProjects\APCSP\libs\lwjgl-egl.jar;C:\Users\mdeej\IdeaProjects\APCSP\libs\lwjgl-lz4.jar;C:\Users\mdeej\IdeaProjects\APCSP\libs\lwjgl-nfd.jar;C:\Users\mdeej\IdeaProjects\APCSP\libs\lwjgl-ovr.jar;C:\Users\mdeej\IdeaProjects\APCSP\libs\lwjgl-par.jar;C:\Users\mdeej\IdeaProjects\APCSP\libs\lwjgl-sse.jar;C:\Users\mdeej\IdeaProjects\APCSP\libs\lwjgl-stb.jar;C:\Users\mdeej\IdeaProjects\APCSP\libs\lwjgl-vma.jar;C:\Users\mdeej\IdeaProjects\APCSP\libs\lwjgl-bgfx.jar;C:\Users\mdeej\IdeaProjects\APCSP\libs\lwjgl-cuda.jar;C:\Users\mdee
Launcher Type: SUN_STANDARD

Environment Variables:
PATH=C:\Program Files (x86)\Common Files\Intel\Shared Libraries\redist\intel64\compiler;C:\Windows\system32;C:\Windows;C:\Windows\System32\Wbem;C:\Windows\System32\WindowsPowerShell\v1.0\;C:\Windows\System32\OpenSSH\;C:\Program Files\NVIDIA Corporation\NVIDIA NvDLISR;C:\Program Files (x86)\NVIDIA Corporation\PhysX\Common;C:\Program Files (x86)\QuickTime\QTSystem\;C:\Users\mdeej\AppData\Local\Microsoft\WindowsApps;
USERNAME=mdeej
OS=Windows_NT
PROCESSOR_IDENTIFIER=Intel64 Family 6 Model 158 Stepping 10, GenuineIntel



---------------  S Y S T E M  ---------------

OS: Windows 10.0 , 64 bit Build 18362 (10.0.18362.778)

CPU:total 12 (initial active 12) (6 cores per cpu, 2 threads per core) family 6 model 158 stepping 10, cmov, cx8, fxsr, mmx, sse, sse2, sse3, ssse3, sse4.1, sse4.2, popcnt, avx, avx2, aes, clmul, erms, rtm, 3dnowpref, lzcnt, ht, tsc, tscinvbit, bmi1, bmi2, adx

Memory: 4k page, physical 33487264k(16959436k free), swap 98498976k(73295296k free)

vm_info: Java HotSpot(TM) 64-Bit Server VM (25.251-b08) for windows-amd64 JRE (1.8.0_251-b08), built on Mar 12 2020 06:31:49 by "" with MS VC++ 10.0 (VS2010)

time: Thu May 07 01:04:07 2020
timezone: Eastern Daylight Time
elapsed time: 2 seconds (0d 0h 0m 2s)

