#
# A fatal error has been detected by the Java Runtime Environment:
#
#  EXCEPTION_ACCESS_VIOLATION (0xc0000005) at pc=0x00007ffaf2c5e2e0, pid=9376, tid=0x0000000000000934
#
# JRE version: Java(TM) SE Runtime Environment (8.0_251-b08) (build 1.8.0_251-b08)
# Java VM: Java HotSpot(TM) 64-Bit Server VM (25.251-b08 mixed mode windows-amd64 compressed oops)
# Problematic frame:
# C  [nvoglv64.dll+0xc7e2e0]
#
# Failed to write core dump. Minidumps are not enabled by default on client versions of Windows
#
# If you would like to submit a bug report, please visit:
#   http://bugreport.java.com/bugreport/crash.jsp
# The crash happened outside the Java Virtual Machine in native code.
# See problematic frame for where to report the bug.
#

---------------  T H R E A D  ---------------

Current thread (0x00000000028e7000):  JavaThread "main" [_thread_in_native, id=2356, stack(0x00000000025f0000,0x00000000026f0000)]

siginfo: ExceptionCode=0xc0000005, reading address 0x0000000000000000

Registers:
RAX=0x0000000000000000, RBX=0x0000000040915d10, RCX=0x0000000040915d10, RDX=0x0000000000000008
RSP=0x00000000026eeeb8, RBP=0x0000000000000004, RSI=0x0000000000000002, RDI=0x000000003f510198
R8 =0x000000000000000c, R9 =0x00000000000016c8, R10=0x000000000000000c, R11=0x0000000000000000
R12=0x0000000000000000, R13=0x000000003f50fe38, R14=0x000000002f896a24, R15=0x00007ffaf2c5e2d0
RIP=0x00007ffaf2c5e2e0, EFLAGS=0x0000000000010202

Top of Stack: (sp=0x00000000026eeeb8)
0x00000000026eeeb8:   00007ffaf2d24ec1 000000000d10a6d0
0x00000000026eeec8:   0000000000000000 000000002f910000
0x00000000026eeed8:   000000000002d900 0000000000000000
0x00000000026eeee8:   00007ffaf2b908d0 0000000000000000
0x00000000026eeef8:   00007ffaf2b8b486 0000000000000007
0x00000000026eef08:   000000000d126e70 0000000040915d10
0x00000000026eef18:   10c0000000000000 000000002b59ca00
0x00000000026eef28:   00007ffaf2b90664 0000000000000000
0x00000000026eef38:   000000002b59ca00 0000000000000000
0x00000000026eef48:   0000000000000000 0000000000000004
0x00000000026eef58:   000000002f910000 0000000000001405
0x00000000026eef68:   00000000000016c8 000000000000222c
0x00000000026eef78:   00007ffaf2d15e60 000000002f910000
0x00000000026eef88:   0000000000000000 00000000000016c8
0x00000000026eef98:   0000000000000000 0000000000001400
0x00000000026eefa8:   0000000000000000 00000000026ef010 

Instructions: (pc=0x00007ffaf2c5e2e0)
0x00007ffaf2c5e2c0:   48 83 c1 08 41 83 e9 01 75 e9 48 8b c1 c3 cc cc
0x00007ffaf2c5e2d0:   4d 63 d0 48 83 c2 08 66 0f 1f 84 00 00 00 00 00
0x00007ffaf2c5e2e0:   8b 42 f8 89 01 8b 42 fc 89 41 04 8b 02 49 03 d2
0x00007ffaf2c5e2f0:   89 41 08 48 83 c1 0c 41 83 e9 01 75 e3 48 8b c1 


Register to memory mapping:

RAX=0x0000000000000000 is an unknown value
RBX=0x0000000040915d10 is an unknown value
RCX=0x0000000040915d10 is an unknown value
RDX=0x0000000000000008 is an unknown value
RSP=0x00000000026eeeb8 is pointing into the stack for thread: 0x00000000028e7000
RBP=0x0000000000000004 is an unknown value
RSI=0x0000000000000002 is an unknown value
RDI=0x000000003f510198 is an unknown value
R8 =0x000000000000000c is an unknown value
R9 =0x00000000000016c8 is an unknown value
R10=0x000000000000000c is an unknown value
R11=0x0000000000000000 is an unknown value
R12=0x0000000000000000 is an unknown value
R13=0x000000003f50fe38 is an unknown value
R14=0x000000002f896a24 is an unknown value
R15=0x00007ffaf2c5e2d0 is an unknown value


Stack: [0x00000000025f0000,0x00000000026f0000],  sp=0x00000000026eeeb8,  free space=1019k
Native frames: (J=compiled Java code, j=interpreted, Vv=VM code, C=native code)
C  [nvoglv64.dll+0xc7e2e0]

Java frames: (J=compiled Java code, j=interpreted, Vv=VM code)
J 1066  org.lwjgl.opengl.GL11C.nglDrawElements(IIIJ)V (0 bytes) @ 0x0000000002e56e4e [0x0000000002e56e00+0x4e]
J 1233 C2 com.mikedeejay2.voxel.engine.graphics.renderers.Renderer.render(Ljava/util/Map;)V (111 bytes) @ 0x0000000002fd554c [0x0000000002fd5080+0x4cc]
J 1307 C2 com.mikedeejay2.voxel.engine.graphics.renderers.MasterRenderer.render(Lcom/mikedeejay2/voxel/engine/graphics/objects/Camera;)V (62 bytes) @ 0x0000000003070cb0 [0x0000000003070860+0x450]
J 1376% C2 com.mikedeejay2.voxel.engine.core.CoreEngine.run()V (214 bytes) @ 0x000000000316e9c0 [0x000000000316e900+0xc0]
j  com.mikedeejay2.voxel.engine.core.CoreEngine.start()V+9
j  com.mikedeejay2.voxel.game.Main.start()V+29
j  com.mikedeejay2.voxel.game.Main.main([Ljava/lang/String;)V+7
v  ~StubRoutines::call_stub

---------------  P R O C E S S  ---------------

Java Threads: ( => current thread )
  0x0000000032acf800 JavaThread "world" [_thread_blocked, id=21528, stack(0x0000000033ed0000,0x0000000033fd0000)]
  0x0000000032b65000 JavaThread "chunkConsumer" [_thread_blocked, id=23980, stack(0x0000000033dd0000,0x0000000033ed0000)]
  0x0000000032b64000 JavaThread "chunkProducer" [_thread_in_Java, id=4288, stack(0x0000000033cd0000,0x0000000033dd0000)]
  0x0000000032ad2000 JavaThread "Java2D Disposer" daemon [_thread_blocked, id=23352, stack(0x00000000339d0000,0x0000000033ad0000)]
  0x0000000028be4800 JavaThread "Service Thread" daemon [_thread_blocked, id=18444, stack(0x00000000296a0000,0x00000000297a0000)]
  0x0000000028b40800 JavaThread "C1 CompilerThread3" daemon [_thread_blocked, id=23516, stack(0x00000000295a0000,0x00000000296a0000)]
  0x0000000028b40000 JavaThread "C2 CompilerThread2" daemon [_thread_blocked, id=11616, stack(0x00000000294a0000,0x00000000295a0000)]
  0x0000000028b3f000 JavaThread "C2 CompilerThread1" daemon [_thread_blocked, id=18220, stack(0x00000000293a0000,0x00000000294a0000)]
  0x0000000028b3c800 JavaThread "C2 CompilerThread0" daemon [_thread_blocked, id=18520, stack(0x00000000292a0000,0x00000000293a0000)]
  0x0000000028b3b000 JavaThread "Monitor Ctrl-Break" daemon [_thread_in_native, id=24644, stack(0x00000000291a0000,0x00000000292a0000)]
  0x0000000027348000 JavaThread "Attach Listener" daemon [_thread_blocked, id=5564, stack(0x00000000288a0000,0x00000000289a0000)]
  0x0000000027347000 JavaThread "Signal Dispatcher" daemon [_thread_blocked, id=15416, stack(0x00000000287a0000,0x00000000288a0000)]
  0x0000000025c63800 JavaThread "Finalizer" daemon [_thread_blocked, id=22016, stack(0x00000000285a0000,0x00000000286a0000)]
  0x0000000025c5d800 JavaThread "Reference Handler" daemon [_thread_blocked, id=18560, stack(0x00000000284a0000,0x00000000285a0000)]
=>0x00000000028e7000 JavaThread "main" [_thread_in_native, id=2356, stack(0x00000000025f0000,0x00000000026f0000)]

Other Threads:
  0x00000000029dd000 VMThread [stack: 0x00000000283a0000,0x00000000284a0000] [id=32]
  0x0000000028c93000 WatcherThread [stack: 0x00000000297a0000,0x00000000298a0000] [id=20728]

VM state:not at safepoint (normal execution)

VM Mutex/Monitor currently owned by a thread: None

heap address: 0x00000005c1000000, size: 8176 MB, Compressed Oops mode: Zero based, Oop shift amount: 3
Narrow klass base: 0x0000000000000000, Narrow klass shift: 3
Compressed class space size: 1073741824 Address: 0x00000007c0000000

Heap:
 PSYoungGen      total 87552K, used 64350K [0x0000000715b00000, 0x000000071b400000, 0x00000007c0000000)
  eden space 85504K, 72% used [0x0000000715b00000,0x00000007197de5a8,0x000000071ae80000)
  from space 2048K, 98% used [0x000000071b100000,0x000000071b2f9278,0x000000071b300000)
  to   space 2560K, 0% used [0x000000071ae80000,0x000000071ae80000,0x000000071b100000)
 ParOldGen       total 349696K, used 229270K [0x00000005c1000000, 0x00000005d6580000, 0x0000000715b00000)
  object space 349696K, 65% used [0x00000005c1000000,0x00000005cefe5b50,0x00000005d6580000)
 Metaspace       used 13202K, capacity 13417K, committed 13696K, reserved 1062912K
  class space    used 1031K, capacity 1097K, committed 1152K, reserved 1048576K

Card table byte_map: [0x0000000011da0000,0x0000000012da0000] byte_map_base: 0x000000000ef98000

Marking Bits: (ParMarkBitMap*) 0x0000000075a7af90
 Begin Bits: [0x0000000014250000, 0x000000001c210000)
 End Bits:   [0x000000001c210000, 0x00000000241d0000)

Polling page: 0x0000000000c70000

CodeCache: size=245760Kb used=8653Kb max_used=8665Kb free=237106Kb
 bounds [0x00000000029e0000, 0x0000000003290000, 0x00000000119e0000]
 total_blobs=2374 nmethods=1366 adapters=921
 compilation: enabled

Compilation events (10 events):
Event: 28.916 Thread 0x0000000028b40800 1403       3       java.util.HashMap::replacementTreeNode (21 bytes)
Event: 28.916 Thread 0x0000000028b40800 nmethod 1403 0x0000000002af8610 code [0x0000000002af8780, 0x0000000002af8b10]
Event: 28.941 Thread 0x0000000028b3c800 1404       4       com.mikedeejay2.voxel.game.world.chunk.mesh.ChunkMeshGenerator::generateTemporaryBlockName (458 bytes)
Event: 28.944 Thread 0x0000000028b3c800 nmethod 1404 0x0000000002b16910 code [0x0000000002b16b80, 0x0000000002b17218]
Event: 34.171 Thread 0x0000000028b40800 1405       3       java.util.AbstractCollection::toArray (70 bytes)
Event: 34.172 Thread 0x0000000028b40800 nmethod 1405 0x0000000002b2fc90 code [0x0000000002b2fe80, 0x0000000002b30808]
Event: 35.086 Thread 0x0000000028b40000 1406       4       java.util.HashMap$TreeNode::tieBreakOrder (49 bytes)
Event: 35.088 Thread 0x0000000028b40000 nmethod 1406 0x0000000002b0f590 code [0x0000000002b0f700, 0x0000000002b0fa70]
Event: 35.173 Thread 0x0000000028b3f000 1407       4       java.util.AbstractCollection::toArray (70 bytes)
Event: 35.178 Thread 0x0000000028b3f000 nmethod 1407 0x0000000002b79250 code [0x0000000002b793c0, 0x0000000002b79908]

GC Heap History (10 events):
Event: 39.671 GC heap before
{Heap before GC invocations=218 (full 0):
 PSYoungGen      total 51200K, used 51195K [0x0000000715b00000, 0x0000000719a00000, 0x00000007c0000000)
  eden space 49152K, 100% used [0x0000000715b00000,0x0000000718b00000,0x0000000718b00000)
  from space 2048K, 99% used [0x0000000718b00000,0x0000000718cfee20,0x0000000718d00000)
  to   space 2560K, 0% used [0x0000000719780000,0x0000000719780000,0x0000000719a00000)
 ParOldGen       total 349696K, used 223894K [0x00000005c1000000, 0x00000005d6580000, 0x0000000715b00000)
  object space 349696K, 64% used [0x00000005c1000000,0x00000005ceaa5b50,0x00000005d6580000)
 Metaspace       used 13202K, capacity 13417K, committed 13696K, reserved 1062912K
  class space    used 1031K, capacity 1097K, committed 1152K, reserved 1048576K
Event: 39.672 GC heap after
Heap after GC invocations=218 (full 0):
 PSYoungGen      total 61952K, used 1392K [0x0000000715b00000, 0x0000000719a00000, 0x00000007c0000000)
  eden space 59392K, 0% used [0x0000000715b00000,0x0000000715b00000,0x0000000719500000)
  from space 2560K, 54% used [0x0000000719780000,0x00000007198dc118,0x0000000719a00000)
  to   space 2560K, 0% used [0x0000000719500000,0x0000000719500000,0x0000000719780000)
 ParOldGen       total 349696K, used 225646K [0x00000005c1000000, 0x00000005d6580000, 0x0000000715b00000)
  object space 349696K, 64% used [0x00000005c1000000,0x00000005cec5bb50,0x00000005d6580000)
 Metaspace       used 13202K, capacity 13417K, committed 13696K, reserved 1062912K
  class space    used 1031K, capacity 1097K, committed 1152K, reserved 1048576K
}
Event: 39.816 GC heap before
{Heap before GC invocations=219 (full 0):
 PSYoungGen      total 61952K, used 60784K [0x0000000715b00000, 0x0000000719a00000, 0x00000007c0000000)
  eden space 59392K, 100% used [0x0000000715b00000,0x0000000719500000,0x0000000719500000)
  from space 2560K, 54% used [0x0000000719780000,0x00000007198dc118,0x0000000719a00000)
  to   space 2560K, 0% used [0x0000000719500000,0x0000000719500000,0x0000000719780000)
 ParOldGen       total 349696K, used 225646K [0x00000005c1000000, 0x00000005d6580000, 0x0000000715b00000)
  object space 349696K, 64% used [0x00000005c1000000,0x00000005cec5bb50,0x00000005d6580000)
 Metaspace       used 13202K, capacity 13417K, committed 13696K, reserved 1062912K
  class space    used 1031K, capacity 1097K, committed 1152K, reserved 1048576K
Event: 39.817 GC heap after
Heap after GC invocations=219 (full 0):
 PSYoungGen      total 61952K, used 1124K [0x0000000715b00000, 0x000000071a500000, 0x00000007c0000000)
  eden space 59392K, 0% used [0x0000000715b00000,0x0000000715b00000,0x0000000719500000)
  from space 2560K, 43% used [0x0000000719500000,0x0000000719619278,0x0000000719780000)
  to   space 2048K, 0% used [0x000000071a300000,0x000000071a300000,0x000000071a500000)
 ParOldGen       total 349696K, used 226734K [0x00000005c1000000, 0x00000005d6580000, 0x0000000715b00000)
  object space 349696K, 64% used [0x00000005c1000000,0x00000005ced6bb50,0x00000005d6580000)
 Metaspace       used 13202K, capacity 13417K, committed 13696K, reserved 1062912K
  class space    used 1031K, capacity 1097K, committed 1152K, reserved 1048576K
}
Event: 39.948 GC heap before
{Heap before GC invocations=220 (full 0):
 PSYoungGen      total 61952K, used 60516K [0x0000000715b00000, 0x000000071a500000, 0x00000007c0000000)
  eden space 59392K, 100% used [0x0000000715b00000,0x0000000719500000,0x0000000719500000)
  from space 2560K, 43% used [0x0000000719500000,0x0000000719619278,0x0000000719780000)
  to   space 2048K, 0% used [0x000000071a300000,0x000000071a300000,0x000000071a500000)
 ParOldGen       total 349696K, used 226734K [0x00000005c1000000, 0x00000005d6580000, 0x0000000715b00000)
  object space 349696K, 64% used [0x00000005c1000000,0x00000005ced6bb50,0x00000005d6580000)
 Metaspace       used 13202K, capacity 13417K, committed 13696K, reserved 1062912K
  class space    used 1031K, capacity 1097K, committed 1152K, reserved 1048576K
Event: 39.949 GC heap after
Heap after GC invocations=220 (full 0):
 PSYoungGen      total 73728K, used 1243K [0x0000000715b00000, 0x000000071a500000, 0x00000007c0000000)
  eden space 71680K, 0% used [0x0000000715b00000,0x0000000715b00000,0x000000071a100000)
  from space 2048K, 60% used [0x000000071a300000,0x000000071a436e20,0x000000071a500000)
  to   space 2048K, 0% used [0x000000071a100000,0x000000071a100000,0x000000071a300000)
 ParOldGen       total 349696K, used 227630K [0x00000005c1000000, 0x00000005d6580000, 0x0000000715b00000)
  object space 349696K, 65% used [0x00000005c1000000,0x00000005cee4bb50,0x00000005d6580000)
 Metaspace       used 13202K, capacity 13417K, committed 13696K, reserved 1062912K
  class space    used 1031K, capacity 1097K, committed 1152K, reserved 1048576K
}
Event: 40.127 GC heap before
{Heap before GC invocations=221 (full 0):
 PSYoungGen      total 73728K, used 72923K [0x0000000715b00000, 0x000000071a500000, 0x00000007c0000000)
  eden space 71680K, 100% used [0x0000000715b00000,0x000000071a100000,0x000000071a100000)
  from space 2048K, 60% used [0x000000071a300000,0x000000071a436e20,0x000000071a500000)
  to   space 2048K, 0% used [0x000000071a100000,0x000000071a100000,0x000000071a300000)
 ParOldGen       total 349696K, used 227630K [0x00000005c1000000, 0x00000005d6580000, 0x0000000715b00000)
  object space 349696K, 65% used [0x00000005c1000000,0x00000005cee4bb50,0x00000005d6580000)
 Metaspace       used 13202K, capacity 13417K, committed 13696K, reserved 1062912K
  class space    used 1031K, capacity 1097K, committed 1152K, reserved 1048576K
Event: 40.128 GC heap after
Heap after GC invocations=221 (full 0):
 PSYoungGen      total 73728K, used 1124K [0x0000000715b00000, 0x000000071b300000, 0x00000007c0000000)
  eden space 71680K, 0% used [0x0000000715b00000,0x0000000715b00000,0x000000071a100000)
  from space 2048K, 54% used [0x000000071a100000,0x000000071a219278,0x000000071a300000)
  to   space 2048K, 0% used [0x000000071b100000,0x000000071b100000,0x000000071b300000)
 ParOldGen       total 349696K, used 228374K [0x00000005c1000000, 0x00000005d6580000, 0x0000000715b00000)
  object space 349696K, 65% used [0x00000005c1000000,0x00000005cef05b50,0x00000005d6580000)
 Metaspace       used 13202K, capacity 13417K, committed 13696K, reserved 1062912K
  class space    used 1031K, capacity 1097K, committed 1152K, reserved 1048576K
}
Event: 40.347 GC heap before
{Heap before GC invocations=222 (full 0):
 PSYoungGen      total 73728K, used 72804K [0x0000000715b00000, 0x000000071b300000, 0x00000007c0000000)
  eden space 71680K, 100% used [0x0000000715b00000,0x000000071a100000,0x000000071a100000)
  from space 2048K, 54% used [0x000000071a100000,0x000000071a219278,0x000000071a300000)
  to   space 2048K, 0% used [0x000000071b100000,0x000000071b100000,0x000000071b300000)
 ParOldGen       total 349696K, used 228374K [0x00000005c1000000, 0x00000005d6580000, 0x0000000715b00000)
  object space 349696K, 65% used [0x00000005c1000000,0x00000005cef05b50,0x00000005d6580000)
 Metaspace       used 13202K, capacity 13417K, committed 13696K, reserved 1062912K
  class space    used 1031K, capacity 1097K, committed 1152K, reserved 1048576K
Event: 40.348 GC heap after
Heap after GC invocations=222 (full 0):
 PSYoungGen      total 87552K, used 2020K [0x0000000715b00000, 0x000000071b400000, 0x00000007c0000000)
  eden space 85504K, 0% used [0x0000000715b00000,0x0000000715b00000,0x000000071ae80000)
  from space 2048K, 98% used [0x000000071b100000,0x000000071b2f9278,0x000000071b300000)
  to   space 2560K, 0% used [0x000000071ae80000,0x000000071ae80000,0x000000071b100000)
 ParOldGen       total 349696K, used 229270K [0x00000005c1000000, 0x00000005d6580000, 0x0000000715b00000)
  object space 349696K, 65% used [0x00000005c1000000,0x00000005cefe5b50,0x00000005d6580000)
 Metaspace       used 13202K, capacity 13417K, committed 13696K, reserved 1062912K
  class space    used 1031K, capacity 1097K, committed 1152K, reserved 1048576K
}

Deoptimization events (10 events):
Event: 2.954 Thread 0x0000000032b65000 Uncommon trap: reason=unstable_if action=reinterpret pc=0x0000000002fe8b98 method=com.mikedeejay2.voxel.game.world.chunk.mesh.ChunkMeshGenerator.genBrightnessWithChunkLoc(Lcom/mikedeejay2/voxel/game/world/World;Lcom/mikedeejay2/voxel/game/world/chunk/Chun
Event: 3.132 Thread 0x0000000032b65000 Uncommon trap: reason=unstable_if action=reinterpret pc=0x0000000003078520 method=com.mikedeejay2.voxel.game.world.chunk.mesh.ChunkMeshGenerator.genBrightness(Lcom/mikedeejay2/voxel/game/world/chunk/Chunk;FIIIILjava/util/List;Lcom/mikedeejay2/voxel/engine
Event: 5.695 Thread 0x0000000032b65000 Uncommon trap: reason=unstable_if action=reinterpret pc=0x00000000030cac68 method=com.mikedeejay2.voxel.game.world.chunk.mesh.ChunkMeshGenerator.genBrightness(Lcom/mikedeejay2/voxel/game/world/chunk/Chunk;FIIIILjava/util/List;Lcom/mikedeejay2/voxel/engine
Event: 6.306 Thread 0x0000000032b65000 Uncommon trap: reason=unstable_if action=reinterpret pc=0x0000000003112fa4 method=com.mikedeejay2.voxel.game.world.chunk.mesh.ChunkMeshGenerator.genBrightness(Lcom/mikedeejay2/voxel/game/world/chunk/Chunk;FIIIILjava/util/List;Lcom/mikedeejay2/voxel/engine
Event: 11.051 Thread 0x0000000032b65000 Uncommon trap: reason=unstable_if action=reinterpret pc=0x00000000030b5908 method=com.mikedeejay2.voxel.game.world.chunk.mesh.ChunkMeshGenerator.genBrightnessWithChunkLoc(Lcom/mikedeejay2/voxel/game/world/World;Lcom/mikedeejay2/voxel/game/world/chunk/Chun
Event: 12.443 Thread 0x00000000028e7000 Uncommon trap: reason=unstable_if action=reinterpret pc=0x0000000003171dd4 method=com.mikedeejay2.voxel.engine.core.CoreEngine.run()V @ 154
Event: 15.150 Thread 0x0000000032b65000 Uncommon trap: reason=unstable_if action=reinterpret pc=0x00000000031ab348 method=com.mikedeejay2.voxel.game.world.chunk.mesh.ChunkMeshGenerator.genBrightnessWithChunkLoc(Lcom/mikedeejay2/voxel/game/world/World;Lcom/mikedeejay2/voxel/game/world/chunk/Chun
Event: 15.502 Thread 0x0000000032b65000 Uncommon trap: reason=unstable_if action=reinterpret pc=0x00000000031ed9f8 method=com.mikedeejay2.voxel.game.world.chunk.mesh.ChunkMeshGenerator.genBrightnessWithChunkLoc(Lcom/mikedeejay2/voxel/game/world/World;Lcom/mikedeejay2/voxel/game/world/chunk/Chun
Event: 16.953 Thread 0x0000000032b65000 Uncommon trap: reason=unstable_if action=reinterpret pc=0x0000000003231328 method=com.mikedeejay2.voxel.game.world.chunk.mesh.ChunkMeshGenerator.genBrightnessWithChunkLoc(Lcom/mikedeejay2/voxel/game/world/World;Lcom/mikedeejay2/voxel/game/world/chunk/Chun
Event: 34.122 Thread 0x00000000028e7000 Uncommon trap: reason=unstable_if action=reinterpret pc=0x000000000316ce80 method=java.util.HashMap$HashIterator.nextNode()Ljava/util/HashMap$Node; @ 16

Classes redefined (0 events):
No events

Internal exceptions (10 events):
Event: 0.266 Thread 0x00000000028e7000 Exception <a 'sun/nio/fs/WindowsException'> (0x00000007168c62e0) thrown at [C:\jenkins\workspace\8-2-build-windows-amd64-cygwin\jdk8u251\737\hotspot\src\share\vm\prims\jni.cpp, line 710]
Event: 0.270 Thread 0x00000000028e7000 Exception <a 'sun/nio/fs/WindowsException'> (0x00000007168f5a50) thrown at [C:\jenkins\workspace\8-2-build-windows-amd64-cygwin\jdk8u251\737\hotspot\src\share\vm\prims\jni.cpp, line 710]
Event: 0.270 Thread 0x00000000028e7000 Exception <a 'sun/nio/fs/WindowsException'> (0x00000007168f6130) thrown at [C:\jenkins\workspace\8-2-build-windows-amd64-cygwin\jdk8u251\737\hotspot\src\share\vm\prims\jni.cpp, line 710]
Event: 0.721 Thread 0x00000000028e7000 Exception <a 'sun/nio/fs/WindowsException'> (0x0000000716a5fac8) thrown at [C:\jenkins\workspace\8-2-build-windows-amd64-cygwin\jdk8u251\737\hotspot\src\share\vm\prims\jni.cpp, line 710]
Event: 0.721 Thread 0x00000000028e7000 Exception <a 'sun/nio/fs/WindowsException'> (0x0000000716a60208) thrown at [C:\jenkins\workspace\8-2-build-windows-amd64-cygwin\jdk8u251\737\hotspot\src\share\vm\prims\jni.cpp, line 710]
Event: 0.723 Thread 0x00000000028e7000 Exception <a 'sun/nio/fs/WindowsException'> (0x0000000716a777f0) thrown at [C:\jenkins\workspace\8-2-build-windows-amd64-cygwin\jdk8u251\737\hotspot\src\share\vm\prims\jni.cpp, line 710]
Event: 0.723 Thread 0x00000000028e7000 Exception <a 'sun/nio/fs/WindowsException'> (0x0000000716a77de8) thrown at [C:\jenkins\workspace\8-2-build-windows-amd64-cygwin\jdk8u251\737\hotspot\src\share\vm\prims\jni.cpp, line 710]
Event: 0.775 Thread 0x00000000028e7000 Exception <a 'sun/nio/fs/WindowsException'> (0x0000000716c30d58) thrown at [C:\jenkins\workspace\8-2-build-windows-amd64-cygwin\jdk8u251\737\hotspot\src\share\vm\prims\jni.cpp, line 710]
Event: 0.775 Thread 0x00000000028e7000 Exception <a 'sun/nio/fs/WindowsException'> (0x0000000716c31488) thrown at [C:\jenkins\workspace\8-2-build-windows-amd64-cygwin\jdk8u251\737\hotspot\src\share\vm\prims\jni.cpp, line 710]
Event: 1.025 Thread 0x00000000028e7000 Exception <a 'java/io/FileNotFoundException'> (0x000000071776fef0) thrown at [C:\jenkins\workspace\8-2-build-windows-amd64-cygwin\jdk8u251\737\hotspot\src\share\vm\prims\jni.cpp, line 710]

Events (10 events):
Event: 39.671 Executing VM operation: ParallelGCFailedAllocation
Event: 39.672 Executing VM operation: ParallelGCFailedAllocation done
Event: 39.816 Executing VM operation: ParallelGCFailedAllocation
Event: 39.817 Executing VM operation: ParallelGCFailedAllocation done
Event: 39.948 Executing VM operation: ParallelGCFailedAllocation
Event: 39.949 Executing VM operation: ParallelGCFailedAllocation done
Event: 40.127 Executing VM operation: ParallelGCFailedAllocation
Event: 40.128 Executing VM operation: ParallelGCFailedAllocation done
Event: 40.347 Executing VM operation: ParallelGCFailedAllocation
Event: 40.349 Executing VM operation: ParallelGCFailedAllocation done


Dynamic libraries:
0x00007ff734420000 - 0x00007ff734457000 	C:\Program Files\Java\jdk1.8.0_251\bin\java.exe
0x00007ffb5cc00000 - 0x00007ffb5cdf0000 	C:\Windows\SYSTEM32\ntdll.dll
0x00007ffb5b5b0000 - 0x00007ffb5b662000 	C:\Windows\System32\KERNEL32.DLL
0x00007ffb5aa00000 - 0x00007ffb5aca3000 	C:\Windows\System32\KERNELBASE.dll
0x00007ffb5c1d0000 - 0x00007ffb5c273000 	C:\Windows\System32\ADVAPI32.dll
0x00007ffb5b510000 - 0x00007ffb5b5ae000 	C:\Windows\System32\msvcrt.dll
0x00007ffb5c660000 - 0x00007ffb5c6f7000 	C:\Windows\System32\sechost.dll
0x00007ffb5c0b0000 - 0x00007ffb5c1d0000 	C:\Windows\System32\RPCRT4.dll
0x00007ffb5b2c0000 - 0x00007ffb5b454000 	C:\Windows\System32\USER32.dll
0x00007ffb5a630000 - 0x00007ffb5a651000 	C:\Windows\System32\win32u.dll
0x00007ffb5bf20000 - 0x00007ffb5bf46000 	C:\Windows\System32\GDI32.dll
0x00007ffb5a660000 - 0x00007ffb5a7f4000 	C:\Windows\System32\gdi32full.dll
0x00007ffb59b90000 - 0x00007ffb59c2e000 	C:\Windows\System32\msvcp_win.dll
0x00007ffb5a530000 - 0x00007ffb5a62a000 	C:\Windows\System32\ucrtbase.dll
0x00007ffb43fc0000 - 0x00007ffb44245000 	C:\Windows\WinSxS\amd64_microsoft.windows.common-controls_6595b64144ccf1df_6.0.18362.778_none_e6c6b761130d4fb8\COMCTL32.dll
0x00007ffb5c760000 - 0x00007ffb5ca96000 	C:\Windows\System32\combase.dll
0x00007ffb5a980000 - 0x00007ffb5aa00000 	C:\Windows\System32\bcryptPrimitives.dll
0x00007ffb5b1a0000 - 0x00007ffb5b1ce000 	C:\Windows\System32\IMM32.DLL
0x0000000075b00000 - 0x0000000075bd2000 	C:\Program Files\Java\jdk1.8.0_251\jre\bin\msvcr100.dll
0x0000000075250000 - 0x0000000075afb000 	C:\Program Files\Java\jdk1.8.0_251\jre\bin\server\jvm.dll
0x00007ffb5bf50000 - 0x00007ffb5bf58000 	C:\Windows\System32\PSAPI.DLL
0x00007ffb49340000 - 0x00007ffb49349000 	C:\Windows\SYSTEM32\WSOCK32.dll
0x00007ffb54630000 - 0x00007ffb5463a000 	C:\Windows\SYSTEM32\VERSION.dll
0x00007ffb56760000 - 0x00007ffb56784000 	C:\Windows\SYSTEM32\WINMM.dll
0x00007ffb5bfe0000 - 0x00007ffb5c04f000 	C:\Windows\System32\WS2_32.dll
0x00007ffb562d0000 - 0x00007ffb562fd000 	C:\Windows\SYSTEM32\WINMMBASE.dll
0x00007ffb5a8d0000 - 0x00007ffb5a91a000 	C:\Windows\System32\cfgmgr32.dll
0x00007ffb49290000 - 0x00007ffb4929f000 	C:\Program Files\Java\jdk1.8.0_251\jre\bin\verify.dll
0x00007ffb23cc0000 - 0x00007ffb23ce9000 	C:\Program Files\Java\jdk1.8.0_251\jre\bin\java.dll
0x00007ffb1d970000 - 0x00007ffb1d993000 	C:\Program Files\Java\jdk1.8.0_251\jre\bin\instrument.dll
0x00007ffb1d9a0000 - 0x00007ffb1d9b6000 	C:\Program Files\Java\jdk1.8.0_251\jre\bin\zip.dll
0x00007ffb5b670000 - 0x00007ffb5bd55000 	C:\Windows\System32\SHELL32.dll
0x00007ffb5b460000 - 0x00007ffb5b509000 	C:\Windows\System32\shcore.dll
0x00007ffb59db0000 - 0x00007ffb5a530000 	C:\Windows\System32\windows.storage.dll
0x00007ffb59b60000 - 0x00007ffb59b83000 	C:\Windows\System32\profapi.dll
0x00007ffb59af0000 - 0x00007ffb59b3a000 	C:\Windows\System32\powrprof.dll
0x00007ffb59ac0000 - 0x00007ffb59ad0000 	C:\Windows\System32\UMPDC.dll
0x00007ffb5c700000 - 0x00007ffb5c752000 	C:\Windows\System32\shlwapi.dll
0x00007ffb59ad0000 - 0x00007ffb59ae1000 	C:\Windows\System32\kernel.appcore.dll
0x00007ffb5a8b0000 - 0x00007ffb5a8c7000 	C:\Windows\System32\cryptsp.dll
0x00007ffb1d950000 - 0x00007ffb1d96a000 	C:\Program Files\JetBrains\IntelliJ IDEA 2019.3.4\bin\breakgen64.dll
0x00007ffb1d930000 - 0x00007ffb1d94a000 	C:\Program Files\Java\jdk1.8.0_251\jre\bin\net.dll
0x00007ffb59330000 - 0x00007ffb59397000 	C:\Windows\system32\mswsock.dll
0x00007ffb1d870000 - 0x00007ffb1d882000 	C:\Program Files\Java\jdk1.8.0_251\jre\bin\nio.dll
0x00007ffb1d800000 - 0x00007ffb1d864000 	C:\Users\mdeej\AppData\Local\Temp\lwjglmdeej\3.2.3-build-13\lwjgl.dll
0x00007ffb0f610000 - 0x00007ffb0f672000 	C:\Users\mdeej\AppData\Local\Temp\lwjglmdeej\3.2.3-build-13\glfw.dll
0x00007ffb56de0000 - 0x00007ffb56e79000 	C:\Windows\system32\uxtheme.dll
0x00007ffb2df10000 - 0x00007ffb2df53000 	C:\Windows\SYSTEM32\dinput8.dll
0x00007ffb2dbe0000 - 0x00007ffb2dbf1000 	C:\Windows\SYSTEM32\xinput1_4.dll
0x00007ffb598c0000 - 0x00007ffb598ea000 	C:\Windows\SYSTEM32\DEVOBJ.dll
0x00007ffb57520000 - 0x00007ffb5754d000 	C:\Windows\SYSTEM32\dwmapi.dll
0x00007ffb4f940000 - 0x00007ffb4fa5a000 	C:\Windows\SYSTEM32\inputhost.dll
0x00007ffb56300000 - 0x00007ffb563d4000 	C:\Windows\SYSTEM32\CoreMessaging.dll
0x00007ffb54e80000 - 0x00007ffb54fd3000 	C:\Windows\SYSTEM32\wintypes.dll
0x00007ffb53890000 - 0x00007ffb53bba000 	C:\Windows\SYSTEM32\CoreUIComponents.dll
0x00007ffb56090000 - 0x00007ffb5617f000 	C:\Windows\SYSTEM32\PROPSYS.dll
0x00007ffb5c3c0000 - 0x00007ffb5c484000 	C:\Windows\System32\OLEAUT32.dll
0x00007ffb58bd0000 - 0x00007ffb58c01000 	C:\Windows\SYSTEM32\ntmarta.dll
0x00007ffb5c280000 - 0x00007ffb5c3b6000 	C:\Windows\System32\MSCTF.dll
0x00007ffb58430000 - 0x00007ffb5843e000 	C:\Windows\SYSTEM32\HID.DLL
0x00007ffb5ad30000 - 0x00007ffb5b1a0000 	C:\Windows\System32\SETUPAPI.DLL
0x00007ffb59c30000 - 0x00007ffb59c56000 	C:\Windows\System32\bcrypt.dll
0x00007ffb5a920000 - 0x00007ffb5a97c000 	C:\Windows\System32\WINTRUST.dll
0x00007ffb59b40000 - 0x00007ffb59b52000 	C:\Windows\System32\MSASN1.dll
0x00007ffb59c60000 - 0x00007ffb59da9000 	C:\Windows\System32\CRYPT32.dll
0x00007ffafede0000 - 0x00007ffafef36000 	C:\Windows\SYSTEM32\opengl32.dll
0x00007ffb3e860000 - 0x00007ffb3e88c000 	C:\Windows\SYSTEM32\GLU32.dll
0x00007ffb587a0000 - 0x00007ffb587c0000 	C:\Windows\SYSTEM32\dxcore.dll
0x00007ffaf1fe0000 - 0x00007ffaf4704000 	C:\Windows\System32\DriverStore\FileRepository\nvaki.inf_amd64_149c0c4968822483\nvoglv64.dll
0x00007ffb5c500000 - 0x00007ffb5c657000 	C:\Windows\System32\ole32.dll
0x00007ffb54e60000 - 0x00007ffb54e73000 	C:\Windows\SYSTEM32\WTSAPI32.dll
0x00007ffb23280000 - 0x00007ffb23537000 	C:\Windows\system32\nvspcap64.dll
0x00007ffb58d70000 - 0x00007ffb58dcc000 	C:\Windows\SYSTEM32\WINSTA.dll
0x00007ffb4fa60000 - 0x00007ffb4fafe000 	C:\Windows\System32\TextInputFramework.dll
0x00007ffb4b450000 - 0x00007ffb4b6f6000 	C:\Windows\System32\iertutil.dll
0x00007ffb1d7a0000 - 0x00007ffb1d7f9000 	C:\Users\mdeej\AppData\Local\Temp\lwjglmdeej\3.2.3-build-13\lwjgl_opengl.dll
0x00007ffb01620000 - 0x00007ffb01873000 	C:\Users\mdeej\AppData\Local\Temp\lwjglmdeej\3.2.3-build-13\jemalloc.dll
0x00007ffb01480000 - 0x00007ffb0161a000 	C:\Program Files\Java\jdk1.8.0_251\jre\bin\awt.dll
0x00007ffb56ca0000 - 0x00007ffb56d2f000 	C:\Windows\SYSTEM32\apphelp.dll
0x00007ffb58230000 - 0x00007ffb58424000 	C:\Windows\SYSTEM32\dbghelp.dll

VM Arguments:
jvm_args: -XX:+UnlockCommercialFeatures -javaagent:C:\Program Files\JetBrains\IntelliJ IDEA 2019.3.4\lib\idea_rt.jar=65183:C:\Program Files\JetBrains\IntelliJ IDEA 2019.3.4\bin -Dfile.encoding=UTF-8 
java_command: com.mikedeejay2.voxel.game.Main
java_class_path (initial): C:\Program Files\Java\jdk1.8.0_251\jre\lib\charsets.jar;C:\Program Files\Java\jdk1.8.0_251\jre\lib\deploy.jar;C:\Program Files\Java\jdk1.8.0_251\jre\lib\ext\access-bridge-64.jar;C:\Program Files\Java\jdk1.8.0_251\jre\lib\ext\cldrdata.jar;C:\Program Files\Java\jdk1.8.0_251\jre\lib\ext\dnsns.jar;C:\Program Files\Java\jdk1.8.0_251\jre\lib\ext\jaccess.jar;C:\Program Files\Java\jdk1.8.0_251\jre\lib\ext\jfxrt.jar;C:\Program Files\Java\jdk1.8.0_251\jre\lib\ext\localedata.jar;C:\Program Files\Java\jdk1.8.0_251\jre\lib\ext\nashorn.jar;C:\Program Files\Java\jdk1.8.0_251\jre\lib\ext\sunec.jar;C:\Program Files\Java\jdk1.8.0_251\jre\lib\ext\sunjce_provider.jar;C:\Program Files\Java\jdk1.8.0_251\jre\lib\ext\sunmscapi.jar;C:\Program Files\Java\jdk1.8.0_251\jre\lib\ext\sunpkcs11.jar;C:\Program Files\Java\jdk1.8.0_251\jre\lib\ext\zipfs.jar;C:\Program Files\Java\jdk1.8.0_251\jre\lib\javaws.jar;C:\Program Files\Java\jdk1.8.0_251\jre\lib\jce.jar;C:\Program Files\Java\jdk1.8.0_251\jre\lib\jfr.jar;C:\Program Files\Java\jdk1.8.0_251\jre\lib\jfxswt.jar;C:\Program Files\Java\jdk1.8.0_251\jre\lib\jsse.jar;C:\Program Files\Java\jdk1.8.0_251\jre\lib\management-agent.jar;C:\Program Files\Java\jdk1.8.0_251\jre\lib\plugin.jar;C:\Program Files\Java\jdk1.8.0_251\jre\lib\resources.jar;C:\Program Files\Java\jdk1.8.0_251\jre\lib\rt.jar;C:\Users\mdeej\IdeaProjects\APCSP\out\production\APCSP;C:\Users\mdeej\IdeaProjects\APCSP\libs\lwjgl.jar;C:\Users\mdeej\IdeaProjects\APCSP\libs\lwjgl-egl.jar;C:\Users\mdeej\IdeaProjects\APCSP\libs\lwjgl-lz4.jar;C:\Users\mdeej\IdeaProjects\APCSP\libs\lwjgl-nfd.jar;C:\Users\mdeej\IdeaProjects\APCSP\libs\lwjgl-ovr.jar;C:\Users\mdeej\IdeaProjects\APCSP\libs\lwjgl-par.jar;C:\Users\mdeej\IdeaProjects\APCSP\libs\lwjgl-sse.jar;C:\Users\mdeej\IdeaProjects\APCSP\libs\lwjgl-stb.jar;C:\Users\mdeej\IdeaProjects\APCSP\libs\lwjgl-vma.jar;C:\Users\mdeej\IdeaProjects\APCSP\libs\lwjgl-bgfx.jar;C:\Users\mdeej\IdeaProjects\APCSP\libs\lwjgl-cuda.jar;C:\Users\mdee
Launcher Type: SUN_STANDARD

Environment Variables:
PATH=C:\Program Files (x86)\Common Files\Intel\Shared Libraries\redist\intel64\compiler;C:\Windows\system32;C:\Windows;C:\Windows\System32\Wbem;C:\Windows\System32\WindowsPowerShell\v1.0\;C:\Windows\System32\OpenSSH\;C:\Program Files\NVIDIA Corporation\NVIDIA NvDLISR;C:\Program Files (x86)\NVIDIA Corporation\PhysX\Common;C:\Program Files (x86)\QuickTime\QTSystem\;C:\Users\mdeej\AppData\Local\Microsoft\WindowsApps;
USERNAME=mdeej
OS=Windows_NT
PROCESSOR_IDENTIFIER=Intel64 Family 6 Model 158 Stepping 10, GenuineIntel



---------------  S Y S T E M  ---------------

OS: Windows 10.0 , 64 bit Build 18362 (10.0.18362.778)

CPU:total 12 (initial active 12) (6 cores per cpu, 2 threads per core) family 6 model 158 stepping 10, cmov, cx8, fxsr, mmx, sse, sse2, sse3, ssse3, sse4.1, sse4.2, popcnt, avx, avx2, aes, clmul, erms, rtm, 3dnowpref, lzcnt, ht, tsc, tscinvbit, bmi1, bmi2, adx

Memory: 4k page, physical 33487264k(17138280k free), swap 98498976k(73133480k free)

vm_info: Java HotSpot(TM) 64-Bit Server VM (25.251-b08) for windows-amd64 JRE (1.8.0_251-b08), built on Mar 12 2020 06:31:49 by "" with MS VC++ 10.0 (VS2010)

time: Wed May 06 21:51:12 2020
timezone: Eastern Daylight Time
elapsed time: 40 seconds (0d 0h 0m 40s)

