#
# A fatal error has been detected by the Java Runtime Environment:
#
#  EXCEPTION_ACCESS_VIOLATION (0xc0000005) at pc=0x00007ffaf2c5e2e0, pid=26000, tid=0x0000000000005d18
#
# JRE version: Java(TM) SE Runtime Environment (8.0_231-b11) (build 1.8.0_231-b11)
# Java VM: Java HotSpot(TM) 64-Bit Server VM (25.231-b11 mixed mode windows-amd64 compressed oops)
# Problematic frame:
# C  [nvoglv64.dll+0xc7e2e0]
#
# Failed to write core dump. Minidumps are not enabled by default on client versions of Windows
#
# If you would like to submit a bug report, please visit:
#   http://bugreport.java.com/bugreport/crash.jsp
# The crash happened outside the Java Virtual Machine in native code.
# See problematic frame for where to report the bug.
#

---------------  T H R E A D  ---------------

Current thread (0x00000000033e7000):  JavaThread "main" [_thread_in_native, id=23832, stack(0x00000000030f0000,0x00000000031f0000)]

siginfo: ExceptionCode=0xc0000005, reading address 0x0000000000000000

Registers:
RAX=0x0000000000000000, RBX=0x0000000038c8f3d8, RCX=0x0000000038c8f3d8, RDX=0x0000000000000008
RSP=0x00000000031eedd8, RBP=0x0000000000000004, RSI=0x0000000000000002, RDI=0x00000000428a1698
R8 =0x000000000000000c, R9 =0x000000000000190c, R10=0x000000000000000c, R11=0x0000000000000000
R12=0x0000000000000000, R13=0x00000000428a1338, R14=0x000000002de1f440, R15=0x00007ffaf2c5e2d0
RIP=0x00007ffaf2c5e2e0, EFLAGS=0x0000000000010202

Top of Stack: (sp=0x00000000031eedd8)
0x00000000031eedd8:   00007ffaf2d24ec1 0000000008ee2b78
0x00000000031eede8:   0000000000000000 00000000302f0000
0x00000000031eedf8:   0000000000032180 0000000000000000
0x00000000031eee08:   00007ffaf2b908d0 0000000000000000
0x00000000031eee18:   00007ffaf2b8b486 0000000000000007
0x00000000031eee28:   0000000008f02068 0000000038c8f3d8
0x00000000031eee38:   10c0000000000000 000000002be45da0
0x00000000031eee48:   00007ffaf2b90664 0000000000000000
0x00000000031eee58:   000000002be45da0 0000000000000000
0x00000000031eee68:   0000000000000000 0000000000000004
0x00000000031eee78:   00000000302f0000 0000000000001405
0x00000000031eee88:   000000000000190c 0000000000002592
0x00000000031eee98:   00007ffaf2d15e60 00000000302f0000
0x00000000031eeea8:   0000000000000000 000000000000190c
0x00000000031eeeb8:   0000000000000000 0000000000001400
0x00000000031eeec8:   0000000000000000 00000000031eef30 

Instructions: (pc=0x00007ffaf2c5e2e0)
0x00007ffaf2c5e2c0:   48 83 c1 08 41 83 e9 01 75 e9 48 8b c1 c3 cc cc
0x00007ffaf2c5e2d0:   4d 63 d0 48 83 c2 08 66 0f 1f 84 00 00 00 00 00
0x00007ffaf2c5e2e0:   8b 42 f8 89 01 8b 42 fc 89 41 04 8b 02 49 03 d2
0x00007ffaf2c5e2f0:   89 41 08 48 83 c1 0c 41 83 e9 01 75 e3 48 8b c1 


Register to memory mapping:

RAX=0x0000000000000000 is an unknown value
RBX=0x0000000038c8f3d8 is an unknown value
RCX=0x0000000038c8f3d8 is an unknown value
RDX=0x0000000000000008 is an unknown value
RSP=0x00000000031eedd8 is pointing into the stack for thread: 0x00000000033e7000
RBP=0x0000000000000004 is an unknown value
RSI=0x0000000000000002 is an unknown value
RDI=0x00000000428a1698 is an unknown value
R8 =0x000000000000000c is an unknown value
R9 =0x000000000000190c is an unknown value
R10=0x000000000000000c is an unknown value
R11=0x0000000000000000 is an unknown value
R12=0x0000000000000000 is an unknown value
R13=0x00000000428a1338 is an unknown value
R14=0x000000002de1f440 is an unknown value
R15=0x00007ffaf2c5e2d0 is an unknown value


Stack: [0x00000000030f0000,0x00000000031f0000],  sp=0x00000000031eedd8,  free space=1019k
Native frames: (J=compiled Java code, j=interpreted, Vv=VM code, C=native code)
C  [nvoglv64.dll+0xc7e2e0]

Java frames: (J=compiled Java code, j=interpreted, Vv=VM code)
J 1072  org.lwjgl.opengl.GL11C.nglDrawElements(IIIJ)V (0 bytes) @ 0x000000000394c54e [0x000000000394c500+0x4e]
J 1227 C2 com.mikedeejay2.voxel.engine.graphics.renderers.Renderer.render(Ljava/util/Map;)V (111 bytes) @ 0x0000000003a51654 [0x0000000003a51180+0x4d4]
J 1299 C2 com.mikedeejay2.voxel.engine.graphics.renderers.MasterRenderer.render(Lcom/mikedeejay2/voxel/engine/graphics/objects/Camera;)V (62 bytes) @ 0x0000000003b0d760 [0x0000000003b0d2c0+0x4a0]
J 1368% C2 com.mikedeejay2.voxel.engine.core.CoreEngine.run()V (214 bytes) @ 0x0000000003c19ee4 [0x0000000003c19dc0+0x124]
j  com.mikedeejay2.voxel.engine.core.CoreEngine.start()V+9
j  com.mikedeejay2.voxel.game.Main.start()V+29
j  com.mikedeejay2.voxel.game.Main.main([Ljava/lang/String;)V+7
v  ~StubRoutines::call_stub

---------------  P R O C E S S  ---------------

Java Threads: ( => current thread )
  0x00000000332ff000 JavaThread "world" [_thread_blocked, id=21424, stack(0x00000000348f0000,0x00000000349f0000)]
  0x000000003341a800 JavaThread "chunkConsumer" [_thread_in_Java, id=10512, stack(0x00000000347f0000,0x00000000348f0000)]
  0x0000000029c75000 JavaThread "chunkProducer" [_thread_blocked, id=23984, stack(0x00000000346f0000,0x00000000347f0000)]
  0x00000000332b7800 JavaThread "Java2D Disposer" daemon [_thread_blocked, id=11788, stack(0x0000000034390000,0x0000000034490000)]
  0x00000000296ef800 JavaThread "Service Thread" daemon [_thread_blocked, id=23280, stack(0x000000002a1a0000,0x000000002a2a0000)]
  0x0000000029643000 JavaThread "C1 CompilerThread3" daemon [_thread_blocked, id=18616, stack(0x000000002a0a0000,0x000000002a1a0000)]
  0x0000000029642800 JavaThread "C2 CompilerThread2" daemon [_thread_blocked, id=9020, stack(0x0000000029fa0000,0x000000002a0a0000)]
  0x0000000029641800 JavaThread "C2 CompilerThread1" daemon [_thread_blocked, id=15960, stack(0x0000000029ea0000,0x0000000029fa0000)]
  0x000000002963f000 JavaThread "C2 CompilerThread0" daemon [_thread_blocked, id=16016, stack(0x0000000029da0000,0x0000000029ea0000)]
  0x000000002963d800 JavaThread "Monitor Ctrl-Break" daemon [_thread_in_native, id=17696, stack(0x0000000029ca0000,0x0000000029da0000)]
  0x0000000027e4d000 JavaThread "Attach Listener" daemon [_thread_blocked, id=18516, stack(0x00000000293a0000,0x00000000294a0000)]
  0x0000000027e4c000 JavaThread "Signal Dispatcher" daemon [_thread_blocked, id=9548, stack(0x00000000292a0000,0x00000000293a0000)]
  0x0000000026764000 JavaThread "Finalizer" daemon [_thread_blocked, id=6948, stack(0x00000000290a0000,0x00000000291a0000)]
  0x0000000027e33000 JavaThread "Reference Handler" daemon [_thread_blocked, id=26284, stack(0x0000000028fa0000,0x00000000290a0000)]
=>0x00000000033e7000 JavaThread "main" [_thread_in_native, id=23832, stack(0x00000000030f0000,0x00000000031f0000)]

Other Threads:
  0x0000000027e11800 VMThread [stack: 0x0000000028ea0000,0x0000000028fa0000] [id=23276]
  0x000000002973a800 WatcherThread [stack: 0x000000002a2a0000,0x000000002a3a0000] [id=18564]

VM state:not at safepoint (normal execution)

VM Mutex/Monitor currently owned by a thread: None

heap address: 0x00000005c1000000, size: 8176 MB, Compressed Oops mode: Zero based, Oop shift amount: 3
Narrow klass base: 0x0000000000000000, Narrow klass shift: 3
Compressed class space size: 1073741824 Address: 0x00000007c0000000

Heap:
 PSYoungGen      total 46080K, used 13432K [0x0000000715b00000, 0x0000000719480000, 0x00000007c0000000)
  eden space 40448K, 30% used [0x0000000715b00000,0x0000000716700480,0x0000000718280000)
  from space 5632K, 20% used [0x0000000718280000,0x000000071839dbe8,0x0000000718800000)
  to   space 5632K, 0% used [0x0000000718f00000,0x0000000718f00000,0x0000000719480000)
 ParOldGen       total 438272K, used 312993K [0x00000005c1000000, 0x00000005dbc00000, 0x0000000715b00000)
  object space 438272K, 71% used [0x00000005c1000000,0x00000005d41a85e0,0x00000005dbc00000)
 Metaspace       used 13221K, capacity 13417K, committed 13696K, reserved 1062912K
  class space    used 1028K, capacity 1097K, committed 1152K, reserved 1048576K

Card table byte_map: [0x00000000128a0000,0x00000000138a0000] byte_map_base: 0x000000000fa98000

Marking Bits: (ParMarkBitMap*) 0x0000000071fb6d90
 Begin Bits: [0x0000000014d50000, 0x000000001cd10000)
 End Bits:   [0x000000001cd10000, 0x0000000024cd0000)

Polling page: 0x0000000000de0000

CodeCache: size=245760Kb used=5835Kb max_used=8463Kb free=239924Kb
 bounds [0x00000000034e0000, 0x0000000003d40000, 0x00000000124e0000]
 total_blobs=2177 nmethods=1169 adapters=921
 compilation: enabled

Compilation events (10 events):
Event: 56.337 Thread 0x0000000029643000 1453       3       java.util.HashMap::removeNode (291 bytes)
Event: 56.338 Thread 0x0000000029643000 nmethod 1453 0x000000000390b650 code [0x000000000390b8c0, 0x000000000390ce58]
Event: 56.338 Thread 0x0000000029643000 1452       3       java.util.HashMap::remove (26 bytes)
Event: 56.338 Thread 0x0000000029643000 nmethod 1452 0x00000000036c7850 code [0x00000000036c79e0, 0x00000000036c7df8]
Event: 57.141 Thread 0x0000000029641800 1454 % !   4       com.mikedeejay2.voxel.game.world.World::unloadOldChunks @ 31 (236 bytes)
Event: 57.147 Thread 0x0000000029641800 nmethod 1454% 0x0000000003c8b550 code [0x0000000003c8b700, 0x0000000003c8bf08]
Event: 57.242 Thread 0x0000000029642800 1455   !   4       com.mikedeejay2.voxel.game.world.World::unloadOldChunks (236 bytes)
Event: 57.250 Thread 0x0000000029642800 nmethod 1455 0x0000000003a449d0 code [0x0000000003a44ba0, 0x0000000003a45688]
Event: 58.465 Thread 0x000000002963f000 1456       4       com.mikedeejay2.voxel.game.world.chunk.mesh.ChunkMeshGenerator::createChunkEntity (161 bytes)
Event: 58.472 Thread 0x000000002963f000 nmethod 1456 0x00000000039cd410 code [0x00000000039cd5e0, 0x00000000039cdd20]

GC Heap History (10 events):
Event: 58.359 GC heap before
{Heap before GC invocations=308 (full 1):
 PSYoungGen      total 46592K, used 40448K [0x0000000715b00000, 0x0000000718e80000, 0x00000007c0000000)
  eden space 40448K, 100% used [0x0000000715b00000,0x0000000718280000,0x0000000718280000)
  from space 6144K, 0% used [0x0000000718880000,0x0000000718880000,0x0000000718e80000)
  to   space 6144K, 0% used [0x0000000718280000,0x0000000718280000,0x0000000718880000)
 ParOldGen       total 438272K, used 305970K [0x00000005c1000000, 0x00000005dbc00000, 0x0000000715b00000)
  object space 438272K, 69% used [0x00000005c1000000,0x00000005d3acc9f8,0x00000005dbc00000)
 Metaspace       used 13221K, capacity 13417K, committed 13696K, reserved 1062912K
  class space    used 1028K, capacity 1097K, committed 1152K, reserved 1048576K
Event: 58.360 GC heap after
Heap after GC invocations=308 (full 1):
 PSYoungGen      total 42496K, used 1819K [0x0000000715b00000, 0x0000000718d80000, 0x00000007c0000000)
  eden space 40448K, 0% used [0x0000000715b00000,0x0000000715b00000,0x0000000718280000)
  from space 2048K, 88% used [0x0000000718280000,0x0000000718446e60,0x0000000718480000)
  to   space 5632K, 0% used [0x0000000718800000,0x0000000718800000,0x0000000718d80000)
 ParOldGen       total 438272K, used 305970K [0x00000005c1000000, 0x00000005dbc00000, 0x0000000715b00000)
  object space 438272K, 69% used [0x00000005c1000000,0x00000005d3acc9f8,0x00000005dbc00000)
 Metaspace       used 13221K, capacity 13417K, committed 13696K, reserved 1062912K
  class space    used 1028K, capacity 1097K, committed 1152K, reserved 1048576K
}
Event: 58.598 GC heap before
{Heap before GC invocations=309 (full 1):
 PSYoungGen      total 42496K, used 42267K [0x0000000715b00000, 0x0000000718d80000, 0x00000007c0000000)
  eden space 40448K, 100% used [0x0000000715b00000,0x0000000718280000,0x0000000718280000)
  from space 2048K, 88% used [0x0000000718280000,0x0000000718446e60,0x0000000718480000)
  to   space 5632K, 0% used [0x0000000718800000,0x0000000718800000,0x0000000718d80000)
 ParOldGen       total 438272K, used 305970K [0x00000005c1000000, 0x00000005dbc00000, 0x0000000715b00000)
  object space 438272K, 69% used [0x00000005c1000000,0x00000005d3acc9f8,0x00000005dbc00000)
 Metaspace       used 13221K, capacity 13417K, committed 13696K, reserved 1062912K
  class space    used 1028K, capacity 1097K, committed 1152K, reserved 1048576K
Event: 58.599 GC heap after
Heap after GC invocations=309 (full 1):
 PSYoungGen      total 46080K, used 2788K [0x0000000715b00000, 0x0000000718d80000, 0x00000007c0000000)
  eden space 40448K, 0% used [0x0000000715b00000,0x0000000715b00000,0x0000000718280000)
  from space 5632K, 49% used [0x0000000718800000,0x0000000718ab9278,0x0000000718d80000)
  to   space 5632K, 0% used [0x0000000718280000,0x0000000718280000,0x0000000718800000)
 ParOldGen       total 438272K, used 307545K [0x00000005c1000000, 0x00000005dbc00000, 0x0000000715b00000)
  object space 438272K, 70% used [0x00000005c1000000,0x00000005d3c565e0,0x00000005dbc00000)
 Metaspace       used 13221K, capacity 13417K, committed 13696K, reserved 1062912K
  class space    used 1028K, capacity 1097K, committed 1152K, reserved 1048576K
}
Event: 58.822 GC heap before
{Heap before GC invocations=310 (full 1):
 PSYoungGen      total 46080K, used 43236K [0x0000000715b00000, 0x0000000718d80000, 0x00000007c0000000)
  eden space 40448K, 100% used [0x0000000715b00000,0x0000000718280000,0x0000000718280000)
  from space 5632K, 49% used [0x0000000718800000,0x0000000718ab9278,0x0000000718d80000)
  to   space 5632K, 0% used [0x0000000718280000,0x0000000718280000,0x0000000718800000)
 ParOldGen       total 438272K, used 307545K [0x00000005c1000000, 0x00000005dbc00000, 0x0000000715b00000)
  object space 438272K, 70% used [0x00000005c1000000,0x00000005d3c565e0,0x00000005dbc00000)
 Metaspace       used 13221K, capacity 13417K, committed 13696K, reserved 1062912K
  class space    used 1028K, capacity 1097K, committed 1152K, reserved 1048576K
Event: 58.823 GC heap after
Heap after GC invocations=310 (full 1):
 PSYoungGen      total 46080K, used 2780K [0x0000000715b00000, 0x0000000718d80000, 0x00000007c0000000)
  eden space 40448K, 0% used [0x0000000715b00000,0x0000000715b00000,0x0000000718280000)
  from space 5632K, 49% used [0x0000000718280000,0x0000000718537328,0x0000000718800000)
  to   space 5632K, 0% used [0x0000000718800000,0x0000000718800000,0x0000000718d80000)
 ParOldGen       total 438272K, used 310073K [0x00000005c1000000, 0x00000005dbc00000, 0x0000000715b00000)
  object space 438272K, 70% used [0x00000005c1000000,0x00000005d3ece5e0,0x00000005dbc00000)
 Metaspace       used 13221K, capacity 13417K, committed 13696K, reserved 1062912K
  class space    used 1028K, capacity 1097K, committed 1152K, reserved 1048576K
}
Event: 58.899 GC heap before
{Heap before GC invocations=311 (full 1):
 PSYoungGen      total 46080K, used 43228K [0x0000000715b00000, 0x0000000718d80000, 0x00000007c0000000)
  eden space 40448K, 100% used [0x0000000715b00000,0x0000000718280000,0x0000000718280000)
  from space 5632K, 49% used [0x0000000718280000,0x0000000718537328,0x0000000718800000)
  to   space 5632K, 0% used [0x0000000718800000,0x0000000718800000,0x0000000718d80000)
 ParOldGen       total 438272K, used 310073K [0x00000005c1000000, 0x00000005dbc00000, 0x0000000715b00000)
  object space 438272K, 70% used [0x00000005c1000000,0x00000005d3ece5e0,0x00000005dbc00000)
 Metaspace       used 13221K, capacity 13417K, committed 13696K, reserved 1062912K
  class space    used 1028K, capacity 1097K, committed 1152K, reserved 1048576K
Event: 58.900 GC heap after
Heap after GC invocations=311 (full 1):
 PSYoungGen      total 46080K, used 644K [0x0000000715b00000, 0x0000000718d80000, 0x00000007c0000000)
  eden space 40448K, 0% used [0x0000000715b00000,0x0000000715b00000,0x0000000718280000)
  from space 5632K, 11% used [0x0000000718800000,0x00000007188a1278,0x0000000718d80000)
  to   space 5632K, 0% used [0x0000000718280000,0x0000000718280000,0x0000000718800000)
 ParOldGen       total 438272K, used 312609K [0x00000005c1000000, 0x00000005dbc00000, 0x0000000715b00000)
  object space 438272K, 71% used [0x00000005c1000000,0x00000005d41485e0,0x00000005dbc00000)
 Metaspace       used 13221K, capacity 13417K, committed 13696K, reserved 1062912K
  class space    used 1028K, capacity 1097K, committed 1152K, reserved 1048576K
}
Event: 58.974 GC heap before
{Heap before GC invocations=312 (full 1):
 PSYoungGen      total 46080K, used 41092K [0x0000000715b00000, 0x0000000718d80000, 0x00000007c0000000)
  eden space 40448K, 100% used [0x0000000715b00000,0x0000000718280000,0x0000000718280000)
  from space 5632K, 11% used [0x0000000718800000,0x00000007188a1278,0x0000000718d80000)
  to   space 5632K, 0% used [0x0000000718280000,0x0000000718280000,0x0000000718800000)
 ParOldGen       total 438272K, used 312609K [0x00000005c1000000, 0x00000005dbc00000, 0x0000000715b00000)
  object space 438272K, 71% used [0x00000005c1000000,0x00000005d41485e0,0x00000005dbc00000)
 Metaspace       used 13221K, capacity 13417K, committed 13696K, reserved 1062912K
  class space    used 1028K, capacity 1097K, committed 1152K, reserved 1048576K
Event: 58.975 GC heap after
Heap after GC invocations=312 (full 1):
 PSYoungGen      total 46080K, used 1142K [0x0000000715b00000, 0x0000000719480000, 0x00000007c0000000)
  eden space 40448K, 0% used [0x0000000715b00000,0x0000000715b00000,0x0000000718280000)
  from space 5632K, 20% used [0x0000000718280000,0x000000071839dbe8,0x0000000718800000)
  to   space 5632K, 0% used [0x0000000718f00000,0x0000000718f00000,0x0000000719480000)
 ParOldGen       total 438272K, used 312993K [0x00000005c1000000, 0x00000005dbc00000, 0x0000000715b00000)
  object space 438272K, 71% used [0x00000005c1000000,0x00000005d41a85e0,0x00000005dbc00000)
 Metaspace       used 13221K, capacity 13417K, committed 13696K, reserved 1062912K
  class space    used 1028K, capacity 1097K, committed 1152K, reserved 1048576K
}

Deoptimization events (10 events):
Event: 39.876 Thread 0x00000000033e7000 Uncommon trap: reason=unstable_if action=reinterpret pc=0x0000000003cd06a0 method=com.mikedeejay2.voxel.game.world.chunk.mesh.ChunkMeshGenerator.createChunkEntity(Lcom/mikedeejay2/voxel/game/world/chunk/Chunk;)Lcom/mikedeejay2/voxel/engine/graphics/object
Event: 50.883 Thread 0x00000000033e7000 Uncommon trap: reason=unstable_if action=reinterpret pc=0x0000000003a99ff0 method=com.mikedeejay2.voxel.engine.io.Input.getMouseDown(I)Z @ 6
Event: 51.114 Thread 0x00000000033e7000 Uncommon trap: reason=unstable_if action=reinterpret pc=0x00000000039bfecc method=org.joml.Math.cosFromSinInternal(FF)F @ 47
Event: 51.115 Thread 0x00000000033e7000 Uncommon trap: reason=unstable_if action=reinterpret pc=0x0000000003a004a8 method=org.joml.Math.cosFromSinInternal(FF)F @ 47
Event: 51.944 Thread 0x00000000033e7000 Uncommon trap: reason=unstable_if action=reinterpret pc=0x0000000003c927fc method=com.mikedeejay2.voxel.engine.io.Input.getKey(I)Z @ 12
Event: 54.691 Thread 0x00000000033e7000 Uncommon trap: reason=unstable_if action=reinterpret pc=0x0000000003c8a9d0 method=com.mikedeejay2.voxel.engine.graphics.objects.Camera.input(F)V @ 71
Event: 56.321 Thread 0x00000000033e7000 Uncommon trap: reason=unstable_if action=reinterpret pc=0x0000000003bfe104 method=com.mikedeejay2.voxel.game.world.World.unloadOldChunks()V @ 89
Event: 56.322 Thread 0x00000000033e7000 Uncommon trap: reason=unstable_if action=reinterpret pc=0x000000000399c78c method=java.util.HashMap$TreeNode.find(ILjava/lang/Object;Ljava/lang/Class;)Ljava/util/HashMap$TreeNode; @ 58
Event: 56.322 Thread 0x00000000033e7000 Uncommon trap: reason=unstable_if action=reinterpret pc=0x00000000039fac6c method=java.util.HashMap$TreeNode.find(ILjava/lang/Object;Ljava/lang/Class;)Ljava/util/HashMap$TreeNode; @ 58
Event: 56.327 Thread 0x00000000033e7000 Uncommon trap: reason=unstable_if action=reinterpret pc=0x0000000003bfa3f8 method=com.mikedeejay2.voxel.game.world.World.unloadOldChunks()V @ 89

Classes redefined (0 events):
No events

Internal exceptions (10 events):
Event: 0.217 Thread 0x00000000033e7000 Exception <a 'sun/nio/fs/WindowsException'> (0x00000007168c63b8) thrown at [C:\re\workspace\8-2-build-windows-amd64-cygwin\jdk8u231\13620\hotspot\src\share\vm\prims\jni.cpp, line 710]
Event: 0.221 Thread 0x00000000033e7000 Exception <a 'sun/nio/fs/WindowsException'> (0x00000007168f5b28) thrown at [C:\re\workspace\8-2-build-windows-amd64-cygwin\jdk8u231\13620\hotspot\src\share\vm\prims\jni.cpp, line 710]
Event: 0.221 Thread 0x00000000033e7000 Exception <a 'sun/nio/fs/WindowsException'> (0x00000007168f6208) thrown at [C:\re\workspace\8-2-build-windows-amd64-cygwin\jdk8u231\13620\hotspot\src\share\vm\prims\jni.cpp, line 710]
Event: 0.604 Thread 0x00000000033e7000 Exception <a 'sun/nio/fs/WindowsException'> (0x0000000716a5fbd8) thrown at [C:\re\workspace\8-2-build-windows-amd64-cygwin\jdk8u231\13620\hotspot\src\share\vm\prims\jni.cpp, line 710]
Event: 0.604 Thread 0x00000000033e7000 Exception <a 'sun/nio/fs/WindowsException'> (0x0000000716a60318) thrown at [C:\re\workspace\8-2-build-windows-amd64-cygwin\jdk8u231\13620\hotspot\src\share\vm\prims\jni.cpp, line 710]
Event: 0.605 Thread 0x00000000033e7000 Exception <a 'sun/nio/fs/WindowsException'> (0x0000000716a778f8) thrown at [C:\re\workspace\8-2-build-windows-amd64-cygwin\jdk8u231\13620\hotspot\src\share\vm\prims\jni.cpp, line 710]
Event: 0.605 Thread 0x00000000033e7000 Exception <a 'sun/nio/fs/WindowsException'> (0x0000000716a77ef0) thrown at [C:\re\workspace\8-2-build-windows-amd64-cygwin\jdk8u231\13620\hotspot\src\share\vm\prims\jni.cpp, line 710]
Event: 0.649 Thread 0x00000000033e7000 Exception <a 'sun/nio/fs/WindowsException'> (0x0000000716c30e60) thrown at [C:\re\workspace\8-2-build-windows-amd64-cygwin\jdk8u231\13620\hotspot\src\share\vm\prims\jni.cpp, line 710]
Event: 0.649 Thread 0x00000000033e7000 Exception <a 'sun/nio/fs/WindowsException'> (0x0000000716c31590) thrown at [C:\re\workspace\8-2-build-windows-amd64-cygwin\jdk8u231\13620\hotspot\src\share\vm\prims\jni.cpp, line 710]
Event: 0.851 Thread 0x00000000033e7000 Exception <a 'java/io/FileNotFoundException'> (0x0000000717770130) thrown at [C:\re\workspace\8-2-build-windows-amd64-cygwin\jdk8u231\13620\hotspot\src\share\vm\prims\jni.cpp, line 710]

Events (10 events):
Event: 58.359 Executing VM operation: ParallelGCFailedAllocation
Event: 58.360 Executing VM operation: ParallelGCFailedAllocation done
Event: 58.598 Executing VM operation: ParallelGCFailedAllocation
Event: 58.599 Executing VM operation: ParallelGCFailedAllocation done
Event: 58.821 Executing VM operation: ParallelGCFailedAllocation
Event: 58.823 Executing VM operation: ParallelGCFailedAllocation done
Event: 58.899 Executing VM operation: ParallelGCFailedAllocation
Event: 58.900 Executing VM operation: ParallelGCFailedAllocation done
Event: 58.974 Executing VM operation: ParallelGCFailedAllocation
Event: 58.975 Executing VM operation: ParallelGCFailedAllocation done


Dynamic libraries:
0x00007ff7e1ac0000 - 0x00007ff7e1af7000 	C:\Program Files\Java\jdk1.8.0_231\bin\java.exe
0x00007ffb5cc00000 - 0x00007ffb5cdf0000 	C:\Windows\SYSTEM32\ntdll.dll
0x00007ffb5b5b0000 - 0x00007ffb5b662000 	C:\Windows\System32\KERNEL32.DLL
0x00007ffb5aa00000 - 0x00007ffb5aca3000 	C:\Windows\System32\KERNELBASE.dll
0x00007ffb5c1d0000 - 0x00007ffb5c273000 	C:\Windows\System32\ADVAPI32.dll
0x00007ffb5b510000 - 0x00007ffb5b5ae000 	C:\Windows\System32\msvcrt.dll
0x00007ffb5c660000 - 0x00007ffb5c6f7000 	C:\Windows\System32\sechost.dll
0x00007ffb5c0b0000 - 0x00007ffb5c1d0000 	C:\Windows\System32\RPCRT4.dll
0x00007ffb5b2c0000 - 0x00007ffb5b454000 	C:\Windows\System32\USER32.dll
0x00007ffb5a630000 - 0x00007ffb5a651000 	C:\Windows\System32\win32u.dll
0x00007ffb5bf20000 - 0x00007ffb5bf46000 	C:\Windows\System32\GDI32.dll
0x00007ffb5a660000 - 0x00007ffb5a7f4000 	C:\Windows\System32\gdi32full.dll
0x00007ffb59b90000 - 0x00007ffb59c2e000 	C:\Windows\System32\msvcp_win.dll
0x00007ffb5a530000 - 0x00007ffb5a62a000 	C:\Windows\System32\ucrtbase.dll
0x00007ffb43fc0000 - 0x00007ffb44245000 	C:\Windows\WinSxS\amd64_microsoft.windows.common-controls_6595b64144ccf1df_6.0.18362.778_none_e6c6b761130d4fb8\COMCTL32.dll
0x00007ffb5c760000 - 0x00007ffb5ca96000 	C:\Windows\System32\combase.dll
0x00007ffb5a980000 - 0x00007ffb5aa00000 	C:\Windows\System32\bcryptPrimitives.dll
0x00007ffb5b1a0000 - 0x00007ffb5b1ce000 	C:\Windows\System32\IMM32.DLL
0x00000000731d0000 - 0x00000000732a2000 	C:\Program Files\Java\jdk1.8.0_231\jre\bin\msvcr100.dll
0x0000000071790000 - 0x0000000072036000 	C:\Program Files\Java\jdk1.8.0_231\jre\bin\server\jvm.dll
0x00007ffb5bf50000 - 0x00007ffb5bf58000 	C:\Windows\System32\PSAPI.DLL
0x00007ffb49340000 - 0x00007ffb49349000 	C:\Windows\SYSTEM32\WSOCK32.dll
0x00007ffb56760000 - 0x00007ffb56784000 	C:\Windows\SYSTEM32\WINMM.dll
0x00007ffb54630000 - 0x00007ffb5463a000 	C:\Windows\SYSTEM32\VERSION.dll
0x00007ffb5bfe0000 - 0x00007ffb5c04f000 	C:\Windows\System32\WS2_32.dll
0x00007ffb562d0000 - 0x00007ffb562fd000 	C:\Windows\SYSTEM32\winmmbase.dll
0x00007ffb5a8d0000 - 0x00007ffb5a91a000 	C:\Windows\System32\cfgmgr32.dll
0x00007ffb435e0000 - 0x00007ffb435ef000 	C:\Program Files\Java\jdk1.8.0_231\jre\bin\verify.dll
0x00007ffb24220000 - 0x00007ffb24249000 	C:\Program Files\Java\jdk1.8.0_231\jre\bin\java.dll
0x00007ffb3db40000 - 0x00007ffb3db63000 	C:\Program Files\Java\jdk1.8.0_231\jre\bin\instrument.dll
0x00007ffb435c0000 - 0x00007ffb435d6000 	C:\Program Files\Java\jdk1.8.0_231\jre\bin\zip.dll
0x00007ffb5b670000 - 0x00007ffb5bd55000 	C:\Windows\System32\SHELL32.dll
0x00007ffb5b460000 - 0x00007ffb5b509000 	C:\Windows\System32\shcore.dll
0x00007ffb59db0000 - 0x00007ffb5a530000 	C:\Windows\System32\windows.storage.dll
0x00007ffb59b60000 - 0x00007ffb59b83000 	C:\Windows\System32\profapi.dll
0x00007ffb59af0000 - 0x00007ffb59b3a000 	C:\Windows\System32\powrprof.dll
0x00007ffb59ac0000 - 0x00007ffb59ad0000 	C:\Windows\System32\UMPDC.dll
0x00007ffb5c700000 - 0x00007ffb5c752000 	C:\Windows\System32\shlwapi.dll
0x00007ffb59ad0000 - 0x00007ffb59ae1000 	C:\Windows\System32\kernel.appcore.dll
0x00007ffb5a8b0000 - 0x00007ffb5a8c7000 	C:\Windows\System32\cryptsp.dll
0x00007ffb2ba10000 - 0x00007ffb2ba2a000 	C:\Program Files\JetBrains\IntelliJ IDEA 2019.3.4\bin\breakgen64.dll
0x00007ffb1d6e0000 - 0x00007ffb1d6fa000 	C:\Program Files\Java\jdk1.8.0_231\jre\bin\net.dll
0x00007ffb59330000 - 0x00007ffb59397000 	C:\Windows\system32\mswsock.dll
0x00007ffb12f20000 - 0x00007ffb12f32000 	C:\Program Files\Java\jdk1.8.0_231\jre\bin\nio.dll
0x00007ffb1d7c0000 - 0x00007ffb1d824000 	C:\Users\mdeej\AppData\Local\Temp\lwjglmdeej\3.2.3-build-13\lwjgl.dll
0x00007ffb1d670000 - 0x00007ffb1d6d2000 	C:\Users\mdeej\AppData\Local\Temp\lwjglmdeej\3.2.3-build-13\glfw.dll
0x00007ffb56de0000 - 0x00007ffb56e79000 	C:\Windows\system32\uxtheme.dll
0x00007ffb2df10000 - 0x00007ffb2df53000 	C:\Windows\SYSTEM32\dinput8.dll
0x00007ffb2dbe0000 - 0x00007ffb2dbf1000 	C:\Windows\SYSTEM32\xinput1_4.dll
0x00007ffb598c0000 - 0x00007ffb598ea000 	C:\Windows\SYSTEM32\DEVOBJ.dll
0x00007ffb57520000 - 0x00007ffb5754d000 	C:\Windows\SYSTEM32\dwmapi.dll
0x00007ffb4f940000 - 0x00007ffb4fa5a000 	C:\Windows\SYSTEM32\inputhost.dll
0x00007ffb54e80000 - 0x00007ffb54fd3000 	C:\Windows\SYSTEM32\wintypes.dll
0x00007ffb56090000 - 0x00007ffb5617f000 	C:\Windows\SYSTEM32\PROPSYS.dll
0x00007ffb56300000 - 0x00007ffb563d4000 	C:\Windows\SYSTEM32\CoreMessaging.dll
0x00007ffb53890000 - 0x00007ffb53bba000 	C:\Windows\SYSTEM32\CoreUIComponents.dll
0x00007ffb5c3c0000 - 0x00007ffb5c484000 	C:\Windows\System32\OLEAUT32.dll
0x00007ffb58bd0000 - 0x00007ffb58c01000 	C:\Windows\SYSTEM32\ntmarta.dll
0x00007ffb5c280000 - 0x00007ffb5c3b6000 	C:\Windows\System32\MSCTF.dll
0x00007ffb58430000 - 0x00007ffb5843e000 	C:\Windows\SYSTEM32\HID.DLL
0x00007ffb5ad30000 - 0x00007ffb5b1a0000 	C:\Windows\System32\SETUPAPI.DLL
0x00007ffb59c30000 - 0x00007ffb59c56000 	C:\Windows\System32\bcrypt.dll
0x00007ffb5a920000 - 0x00007ffb5a97c000 	C:\Windows\System32\WINTRUST.dll
0x00007ffb59b40000 - 0x00007ffb59b52000 	C:\Windows\System32\MSASN1.dll
0x00007ffb59c60000 - 0x00007ffb59da9000 	C:\Windows\System32\CRYPT32.dll
0x00007ffafede0000 - 0x00007ffafef36000 	C:\Windows\SYSTEM32\opengl32.dll
0x00007ffb3e860000 - 0x00007ffb3e88c000 	C:\Windows\SYSTEM32\GLU32.dll
0x00007ffb587a0000 - 0x00007ffb587c0000 	C:\Windows\SYSTEM32\dxcore.dll
0x00007ffaf1fe0000 - 0x00007ffaf4704000 	C:\Windows\System32\DriverStore\FileRepository\nvaki.inf_amd64_149c0c4968822483\nvoglv64.dll
0x00007ffb5c500000 - 0x00007ffb5c657000 	C:\Windows\System32\ole32.dll
0x00007ffb54e60000 - 0x00007ffb54e73000 	C:\Windows\SYSTEM32\WTSAPI32.dll
0x00007ffb23280000 - 0x00007ffb23537000 	C:\Windows\system32\nvspcap64.dll
0x00007ffb58d70000 - 0x00007ffb58dcc000 	C:\Windows\SYSTEM32\WINSTA.dll
0x00007ffb4fa60000 - 0x00007ffb4fafe000 	C:\Windows\System32\TextInputFramework.dll
0x00007ffb4b450000 - 0x00007ffb4b6f6000 	C:\Windows\System32\iertutil.dll
0x00007ffb1d610000 - 0x00007ffb1d669000 	C:\Users\mdeej\AppData\Local\Temp\lwjglmdeej\3.2.3-build-13\lwjgl_opengl.dll
0x00007ffb06680000 - 0x00007ffb068d3000 	C:\Users\mdeej\AppData\Local\Temp\lwjglmdeej\3.2.3-build-13\jemalloc.dll
0x00007ffb03850000 - 0x00007ffb039ea000 	C:\Program Files\Java\jdk1.8.0_231\jre\bin\awt.dll
0x00007ffb56ca0000 - 0x00007ffb56d2f000 	C:\Windows\SYSTEM32\apphelp.dll
0x00007ffb58230000 - 0x00007ffb58424000 	C:\Windows\SYSTEM32\dbghelp.dll

VM Arguments:
jvm_args: -XX:+UnlockCommercialFeatures -javaagent:C:\Program Files\JetBrains\IntelliJ IDEA 2019.3.4\lib\idea_rt.jar=63831:C:\Program Files\JetBrains\IntelliJ IDEA 2019.3.4\bin -Dfile.encoding=UTF-8 
java_command: com.mikedeejay2.voxel.game.Main
java_class_path (initial): C:\Program Files\Java\jdk1.8.0_231\jre\lib\charsets.jar;C:\Program Files\Java\jdk1.8.0_231\jre\lib\deploy.jar;C:\Program Files\Java\jdk1.8.0_231\jre\lib\ext\access-bridge-64.jar;C:\Program Files\Java\jdk1.8.0_231\jre\lib\ext\cldrdata.jar;C:\Program Files\Java\jdk1.8.0_231\jre\lib\ext\dnsns.jar;C:\Program Files\Java\jdk1.8.0_231\jre\lib\ext\jaccess.jar;C:\Program Files\Java\jdk1.8.0_231\jre\lib\ext\jfxrt.jar;C:\Program Files\Java\jdk1.8.0_231\jre\lib\ext\localedata.jar;C:\Program Files\Java\jdk1.8.0_231\jre\lib\ext\nashorn.jar;C:\Program Files\Java\jdk1.8.0_231\jre\lib\ext\sunec.jar;C:\Program Files\Java\jdk1.8.0_231\jre\lib\ext\sunjce_provider.jar;C:\Program Files\Java\jdk1.8.0_231\jre\lib\ext\sunmscapi.jar;C:\Program Files\Java\jdk1.8.0_231\jre\lib\ext\sunpkcs11.jar;C:\Program Files\Java\jdk1.8.0_231\jre\lib\ext\zipfs.jar;C:\Program Files\Java\jdk1.8.0_231\jre\lib\javaws.jar;C:\Program Files\Java\jdk1.8.0_231\jre\lib\jce.jar;C:\Program Files\Java\jdk1.8.0_231\jre\lib\jfr.jar;C:\Program Files\Java\jdk1.8.0_231\jre\lib\jfxswt.jar;C:\Program Files\Java\jdk1.8.0_231\jre\lib\jsse.jar;C:\Program Files\Java\jdk1.8.0_231\jre\lib\management-agent.jar;C:\Program Files\Java\jdk1.8.0_231\jre\lib\plugin.jar;C:\Program Files\Java\jdk1.8.0_231\jre\lib\resources.jar;C:\Program Files\Java\jdk1.8.0_231\jre\lib\rt.jar;C:\Users\mdeej\IdeaProjects\APCSP\out\production\APCSP;C:\Users\mdeej\IdeaProjects\APCSP\libs\lwjgl.jar;C:\Users\mdeej\IdeaProjects\APCSP\libs\lwjgl-egl.jar;C:\Users\mdeej\IdeaProjects\APCSP\libs\lwjgl-lz4.jar;C:\Users\mdeej\IdeaProjects\APCSP\libs\lwjgl-nfd.jar;C:\Users\mdeej\IdeaProjects\APCSP\libs\lwjgl-ovr.jar;C:\Users\mdeej\IdeaProjects\APCSP\libs\lwjgl-par.jar;C:\Users\mdeej\IdeaProjects\APCSP\libs\lwjgl-sse.jar;C:\Users\mdeej\IdeaProjects\APCSP\libs\lwjgl-stb.jar;C:\Users\mdeej\IdeaProjects\APCSP\libs\lwjgl-vma.jar;C:\Users\mdeej\IdeaProjects\APCSP\libs\lwjgl-bgfx.jar;C:\Users\mdeej\IdeaProjects\APCSP\libs\lwjgl-cuda.jar;C:\Users\mdee
Launcher Type: SUN_STANDARD

Environment Variables:
PATH=C:\Program Files (x86)\Common Files\Intel\Shared Libraries\redist\intel64\compiler;C:\Program Files (x86)\Common Files\Oracle\Java\javapath;C:\Windows\system32;C:\Windows;C:\Windows\System32\Wbem;C:\Windows\System32\WindowsPowerShell\v1.0\;C:\Windows\System32\OpenSSH\;C:\Program Files\NVIDIA Corporation\NVIDIA NvDLISR;C:\Program Files (x86)\NVIDIA Corporation\PhysX\Common;C:\Program Files (x86)\QuickTime\QTSystem\;C:\Users\mdeej\AppData\Local\Microsoft\WindowsApps;
USERNAME=mdeej
OS=Windows_NT
PROCESSOR_IDENTIFIER=Intel64 Family 6 Model 158 Stepping 10, GenuineIntel



---------------  S Y S T E M  ---------------

OS: Windows 10.0 , 64 bit Build 18362 (10.0.18362.778)

CPU:total 12 (initial active 12) (6 cores per cpu, 2 threads per core) family 6 model 158 stepping 10, cmov, cx8, fxsr, mmx, sse, sse2, sse3, ssse3, sse4.1, sse4.2, popcnt, avx, avx2, aes, clmul, erms, rtm, 3dnowpref, lzcnt, ht, tsc, tscinvbit, bmi1, bmi2, adx

Memory: 4k page, physical 33487264k(16041984k free), swap 98498976k(72452232k free)

vm_info: Java HotSpot(TM) 64-Bit Server VM (25.231-b11) for windows-amd64 JRE (1.8.0_231-b11), built on Oct  5 2019 03:11:30 by "java_re" with MS VC++ 10.0 (VS2010)

time: Wed May 06 20:06:49 2020
timezone: Eastern Daylight Time
elapsed time: 58 seconds (0d 0h 0m 58s)

