#
# A fatal error has been detected by the Java Runtime Environment:
#
#  EXCEPTION_ACCESS_VIOLATION (0xc0000005) at pc=0x00007ffaf2c77850, pid=27892, tid=0x0000000000006a08
#
# JRE version: Java(TM) SE Runtime Environment (8.0_251-b08) (build 1.8.0_251-b08)
# Java VM: Java HotSpot(TM) 64-Bit Server VM (25.251-b08 mixed mode windows-amd64 compressed oops)
# Problematic frame:
# C  [nvoglv64.dll+0xc97850]
#
# Failed to write core dump. Minidumps are not enabled by default on client versions of Windows
#
# If you would like to submit a bug report, please visit:
#   http://bugreport.java.com/bugreport/crash.jsp
# The crash happened outside the Java Virtual Machine in native code.
# See problematic frame for where to report the bug.
#

---------------  T H R E A D  ---------------

Current thread (0x0000000002e67000):  JavaThread "main" [_thread_in_native, id=27144, stack(0x0000000002b80000,0x0000000002c80000)]

siginfo: ExceptionCode=0xc0000005, reading address 0x000000003f737220

Registers:
RAX=0xfffffffffffee7c0, RBX=0x000000003f737220, RCX=0x0000000000000461, RDX=0x000000003f737220
RSP=0x0000000002c7f1b0, RBP=0x0000000000000010, RSI=0x00000000345f0000, RDI=0x000000003f737220
R8 =0x0000000000011850, R9 =0x00007ffaf2c91390, R10=0x0000000000000000, R11=0x0000000000000246
R12=0x0000000000000000, R13=0x00000000304a0000, R14=0x00000000304a0000, R15=0x0000000000011850
RIP=0x00007ffaf2c77850, EFLAGS=0x0000000000010203

Top of Stack: (sp=0x0000000002c7f1b0)
0x0000000002c7f1b0:   00000000011f0000 0000000000000002
0x0000000002c7f1c0:   0000000000011850 0000000000011860
0x0000000002c7f1d0:   00000000504a0540 00007ffaf2b8d9f5
0x0000000002c7f1e0:   000000003f737220 0000000000000000
0x0000000002c7f1f0:   000000002c031db0 ffffffffffffffff
0x0000000002c7f200:   0000000000000000 00007ffaf2b8c092
0x0000000002c7f210:   00000fff504a0640 000000003f737220
0x0000000002c7f220:   0000000000000000 000000002ba3c080
0x0000000002c7f230:   0000000000000000 0000000000ccc360
0x0000000002c7f240:   000000002c031db0 00000000504a0540
0x0000000002c7f250:   00000000304a0000 0000000000000000
0x0000000002c7f260:   00000000000088e4 000000003f737220
0x0000000002c7f270:   0000000000004614 000000003f737220
0x0000000002c7f280:   00000000304a0000 000000002c031db0
0x0000000002c7f290:   00000000504a0540 00007ffaf2b944f4
0x0000000002c7f2a0:   00000000504a0500 000000003f737220 

Instructions: (pc=0x00007ffaf2c77850)
0x00007ffaf2c77830:   e9 01 75 ec eb 71 48 83 fd 40 72 40 48 8b cd 48
0x00007ffaf2c77840:   c1 e9 06 48 6b c1 c0 48 03 e8 66 0f 1f 44 00 00
0x00007ffaf2c77850:   0f 10 03 0f 10 4b 10 0f 10 53 20 0f 10 5b 30 48
0x00007ffaf2c77860:   83 c3 40 0f 2b 06 0f 2b 4e 10 0f 2b 56 20 0f 2b 


Register to memory mapping:

RAX=0xfffffffffffee7c0 is an unknown value
RBX=0x000000003f737220 is an unknown value
RCX=0x0000000000000461 is an unknown value
RDX=0x000000003f737220 is an unknown value
RSP=0x0000000002c7f1b0 is pointing into the stack for thread: 0x0000000002e67000
RBP=0x0000000000000010 is an unknown value
RSI=0x00000000345f0000 is pointing into the stack for thread: 0x0000000032c17800
RDI=0x000000003f737220 is an unknown value
R8 =0x0000000000011850 is an unknown value
R9 =0x00007ffaf2c91390 is an unknown value
R10=0x0000000000000000 is an unknown value
R11=0x0000000000000246 is an unknown value
R12=0x0000000000000000 is an unknown value
R13=0x00000000304a0000 is an unknown value
R14=0x00000000304a0000 is an unknown value
R15=0x0000000000011850 is an unknown value


Stack: [0x0000000002b80000,0x0000000002c80000],  sp=0x0000000002c7f1b0,  free space=1020k
Native frames: (J=compiled Java code, j=interpreted, Vv=VM code, C=native code)
C  [nvoglv64.dll+0xc97850]
C  [nvoglv64.dll+0xbad9f5]
C  [nvoglv64.dll+0xbb44f4]
C  [nvoglv64.dll+0x7aa767]
C  [nvoglv64.dll+0x7a637e]
C  [nvoglv64.dll+0x7b00b5]
C  0x0000000003444794

Java frames: (J=compiled Java code, j=interpreted, Vv=VM code)
J 1182  org.lwjgl.opengl.GL15C.nglBufferData(IJJI)V (0 bytes) @ 0x000000000344470e [0x00000000034446c0+0x4e]
J 1510 C2 com.mikedeejay2.voxel.engine.loaders.Loader.storeDataInAttributeList(II[F)I (63 bytes) @ 0x00000000035f621c [0x00000000035f5b20+0x6fc]
J 1555 C2 com.mikedeejay2.voxel.engine.loaders.Loader.loadToVAO([F[F[I[F)Lcom/mikedeejay2/voxel/engine/graphics/models/RawModel; (80 bytes) @ 0x000000000362be60 [0x000000000362b440+0xa20]
J 1372 C2 com.mikedeejay2.voxel.game.Main.render()V (56 bytes) @ 0x00000000034e8528 [0x00000000034e80e0+0x448]
J 1622% C2 com.mikedeejay2.voxel.engine.core.CoreEngine.run()V (214 bytes) @ 0x0000000003671acc [0x0000000003671960+0x16c]
j  com.mikedeejay2.voxel.engine.core.CoreEngine.start()V+9
j  com.mikedeejay2.voxel.game.Main.start()V+37
j  com.mikedeejay2.voxel.game.Main.main([Ljava/lang/String;)V+7
v  ~StubRoutines::call_stub

---------------  P R O C E S S  ---------------

Java Threads: ( => current thread )
  0x0000000032c98000 JavaThread "world" [_thread_blocked, id=30360, stack(0x0000000035430000,0x0000000035530000)]
  0x0000000032c97000 JavaThread "chunkConsumer11" [_thread_blocked, id=30436, stack(0x0000000035330000,0x0000000035430000)]
  0x0000000032c98800 JavaThread "chunkConsumer10" [_thread_blocked, id=29380, stack(0x0000000035230000,0x0000000035330000)]
  0x0000000032c96800 JavaThread "chunkConsumer9" [_thread_blocked, id=23968, stack(0x0000000035130000,0x0000000035230000)]
  0x0000000032c95800 JavaThread "chunkConsumer8" [_thread_blocked, id=12824, stack(0x0000000035030000,0x0000000035130000)]
  0x0000000032c95000 JavaThread "chunkConsumer7" [_thread_blocked, id=27620, stack(0x0000000034f30000,0x0000000035030000)]
  0x0000000032c9b800 JavaThread "chunkConsumer6" [_thread_blocked, id=16932, stack(0x0000000034e30000,0x0000000034f30000)]
  0x0000000032c9b000 JavaThread "chunkConsumer5" [_thread_blocked, id=31472, stack(0x0000000034d30000,0x0000000034e30000)]
  0x0000000032c9a000 JavaThread "chunkConsumer4" [_thread_blocked, id=34580, stack(0x0000000034c30000,0x0000000034d30000)]
  0x0000000032c99800 JavaThread "chunkConsumer3" [_thread_blocked, id=4988, stack(0x0000000034b30000,0x0000000034c30000)]
  0x0000000033174800 JavaThread "chunkConsumer2" [_thread_blocked, id=34404, stack(0x0000000034a30000,0x0000000034b30000)]
  0x0000000032efb800 JavaThread "chunkConsumer1" [_thread_blocked, id=11468, stack(0x0000000034930000,0x0000000034a30000)]
  0x0000000032efb000 JavaThread "chunkConsumer0" [_thread_blocked, id=6476, stack(0x0000000034830000,0x0000000034930000)]
  0x0000000032efa000 JavaThread "chunkProducer" [_thread_in_Java, id=26248, stack(0x0000000034730000,0x0000000034830000)]
  0x0000000032c17800 JavaThread "Java2D Disposer" daemon [_thread_blocked, id=31404, stack(0x00000000344f0000,0x00000000345f0000)]
  0x0000000032ca1800 JavaThread "chunkMeshConsumer2" [_thread_in_Java, id=32660, stack(0x0000000034270000,0x0000000034370000)]
  0x0000000032ca1000 JavaThread "chunkMeshConsumer1" [_thread_in_Java, id=28528, stack(0x0000000034170000,0x0000000034270000)]
  0x0000000032bc2000 JavaThread "chunkMeshConsumer0" [_thread_in_Java, id=23608, stack(0x0000000034070000,0x0000000034170000)]
  0x0000000032bc1800 JavaThread "chunkMeshProducer" [_thread_blocked, id=11448, stack(0x0000000033f70000,0x0000000034070000)]
  0x0000000029184800 JavaThread "Service Thread" daemon [_thread_blocked, id=33668, stack(0x0000000029c40000,0x0000000029d40000)]
  0x00000000290e2000 JavaThread "C1 CompilerThread3" daemon [_thread_blocked, id=31396, stack(0x0000000029b40000,0x0000000029c40000)]
  0x00000000290e1800 JavaThread "C2 CompilerThread2" daemon [_thread_blocked, id=16176, stack(0x0000000029a40000,0x0000000029b40000)]
  0x0000000027c5e800 JavaThread "C2 CompilerThread1" daemon [_thread_blocked, id=34684, stack(0x0000000029940000,0x0000000029a40000)]
  0x0000000027c5d800 JavaThread "C2 CompilerThread0" daemon [_thread_blocked, id=33264, stack(0x0000000029840000,0x0000000029940000)]
  0x0000000027c5c000 JavaThread "Monitor Ctrl-Break" daemon [_thread_in_native, id=31208, stack(0x0000000029740000,0x0000000029840000)]
  0x00000000278db000 JavaThread "Attach Listener" daemon [_thread_blocked, id=33996, stack(0x0000000028e40000,0x0000000028f40000)]
  0x00000000278d8000 JavaThread "Signal Dispatcher" daemon [_thread_blocked, id=23420, stack(0x0000000028d40000,0x0000000028e40000)]
  0x00000000261e3800 JavaThread "Finalizer" daemon [_thread_blocked, id=30224, stack(0x0000000028b40000,0x0000000028c40000)]
  0x00000000261dd800 JavaThread "Reference Handler" daemon [_thread_blocked, id=6436, stack(0x0000000028a40000,0x0000000028b40000)]
=>0x0000000002e67000 JavaThread "main" [_thread_in_native, id=27144, stack(0x0000000002b80000,0x0000000002c80000)]

Other Threads:
  0x0000000002f5d000 VMThread [stack: 0x0000000028940000,0x0000000028a40000] [id=33008]
  0x00000000291d2000 WatcherThread [stack: 0x0000000029d40000,0x0000000029e40000] [id=16676]

VM state:not at safepoint (normal execution)

VM Mutex/Monitor currently owned by a thread: None

heap address: 0x00000005c1000000, size: 8176 MB, Compressed Oops mode: Zero based, Oop shift amount: 3
Narrow klass base: 0x0000000000000000, Narrow klass shift: 3
Compressed class space size: 1073741824 Address: 0x00000007c0000000

Heap:
 PSYoungGen      total 2612736K, used 145329K [0x0000000715b00000, 0x00000007bf480000, 0x00000007c0000000)
  eden space 2449408K, 3% used [0x0000000715b00000,0x000000071b3d04d0,0x00000007ab300000)
  from space 163328K, 33% used [0x00000007ab300000,0x00000007ae81c210,0x00000007b5280000)
  to   space 153088K, 0% used [0x00000007b5f00000,0x00000007b5f00000,0x00000007bf480000)
 ParOldGen       total 708608K, used 452768K [0x00000005c1000000, 0x00000005ec400000, 0x0000000715b00000)
  object space 708608K, 63% used [0x00000005c1000000,0x00000005dca28188,0x00000005ec400000)
 Metaspace       used 13398K, capacity 13605K, committed 13824K, reserved 1062912K
  class space    used 1047K, capacity 1161K, committed 1280K, reserved 1048576K

Card table byte_map: [0x0000000012320000,0x0000000013320000] byte_map_base: 0x000000000f518000

Marking Bits: (ParMarkBitMap*) 0x0000000072d1af90
 Begin Bits: [0x00000000147d0000, 0x000000001c790000)
 End Bits:   [0x000000001c790000, 0x0000000024750000)

Polling page: 0x00000000011b0000

CodeCache: size=245760Kb used=7314Kb max_used=7358Kb free=238446Kb
 bounds [0x0000000002f60000, 0x00000000036b0000, 0x0000000011f60000]
 total_blobs=2618 nmethods=1603 adapters=928
 compilation: enabled

Compilation events (10 events):
Event: 14.924 Thread 0x0000000027c5e800 1628       4       java.util.concurrent.locks.AbstractQueuedSynchronizer::release (33 bytes)
Event: 14.925 Thread 0x0000000027c5e800 nmethod 1628 0x0000000003065790 code [0x00000000030658e0, 0x00000000030659e8]
Event: 14.982 Thread 0x0000000027c5d800 1629       4       com.mikedeejay2.voxel.game.world.chunk.mesh.ChunkMeshGenerator::consume (36 bytes)
Event: 15.009 Thread 0x0000000027c5d800 nmethod 1629 0x0000000003686e50 code [0x0000000003687120, 0x00000000036886d0]
Event: 15.144 Thread 0x00000000290e1800 1630       4       java.util.HashMap::keySet (25 bytes)
Event: 15.144 Thread 0x00000000290e1800 nmethod 1630 0x00000000036381d0 code [0x0000000003638300, 0x0000000003638378]
Event: 15.176 Thread 0x0000000027c5e800 1631       4       java.util.HashMap$KeySet::iterator (12 bytes)
Event: 15.179 Thread 0x0000000027c5e800 nmethod 1631 0x00000000030c03d0 code [0x00000000030c0520, 0x00000000030c07d8]
Event: 15.405 Thread 0x00000000290e2000 1632       3       java.util.concurrent.ConcurrentHashMap::sumCount (48 bytes)
Event: 15.405 Thread 0x00000000290e2000 nmethod 1632 0x000000000365c850 code [0x000000000365c9c0, 0x000000000365cc70]

GC Heap History (10 events):
Event: 8.470 GC heap before
{Heap before GC invocations=12 (full 1):
 PSYoungGen      total 1802752K, used 28164K [0x0000000715b00000, 0x00000007c0000000, 0x00000007c0000000)
  eden space 1631232K, 0% used [0x0000000715b00000,0x0000000715b00000,0x0000000779400000)
  from space 171520K, 16% used [0x0000000779400000,0x000000077af81278,0x0000000783b80000)
  to   space 169984K, 0% used [0x00000007b5a00000,0x00000007b5a00000,0x00000007c0000000)
 ParOldGen       total 418304K, used 417322K [0x00000005c1000000, 0x00000005da880000, 0x0000000715b00000)
  object space 418304K, 99% used [0x00000005c1000000,0x00000005da78ab78,0x00000005da880000)
 Metaspace       used 13390K, capacity 13605K, committed 13824K, reserved 1062912K
  class space    used 1047K, capacity 1161K, committed 1280K, reserved 1048576K
Event: 8.757 GC heap after
Heap after GC invocations=12 (full 1):
 PSYoungGen      total 1802752K, used 19251K [0x0000000715b00000, 0x00000007c0000000, 0x00000007c0000000)
  eden space 1631232K, 0% used [0x0000000715b00000,0x0000000715b00000,0x0000000779400000)
  from space 171520K, 11% used [0x0000000779400000,0x000000077a6cccf8,0x0000000783b80000)
  to   space 169984K, 0% used [0x00000007b5a00000,0x00000007b5a00000,0x00000007c0000000)
 ParOldGen       total 708608K, used 417877K [0x00000005c1000000, 0x00000005ec400000, 0x0000000715b00000)
  object space 708608K, 58% used [0x00000005c1000000,0x00000005da815660,0x00000005ec400000)
 Metaspace       used 13390K, capacity 13605K, committed 13824K, reserved 1062912K
  class space    used 1047K, capacity 1161K, committed 1280K, reserved 1048576K
}
Event: 9.953 GC heap before
{Heap before GC invocations=13 (full 1):
 PSYoungGen      total 1802752K, used 1650483K [0x0000000715b00000, 0x00000007c0000000, 0x00000007c0000000)
  eden space 1631232K, 100% used [0x0000000715b00000,0x0000000779400000,0x0000000779400000)
  from space 171520K, 11% used [0x0000000779400000,0x000000077a6cccf8,0x0000000783b80000)
  to   space 169984K, 0% used [0x00000007b5a00000,0x00000007b5a00000,0x00000007c0000000)
 ParOldGen       total 708608K, used 417877K [0x00000005c1000000, 0x00000005ec400000, 0x0000000715b00000)
  object space 708608K, 58% used [0x00000005c1000000,0x00000005da815660,0x00000005ec400000)
 Metaspace       used 13396K, capacity 13605K, committed 13824K, reserved 1062912K
  class space    used 1047K, capacity 1161K, committed 1280K, reserved 1048576K
Event: 9.976 GC heap after
Heap after GC invocations=13 (full 1):
 PSYoungGen      total 2194432K, used 2184K [0x0000000715b00000, 0x00000007b5c80000, 0x00000007c0000000)
  eden space 2191872K, 0% used [0x0000000715b00000,0x0000000715b00000,0x000000079b780000)
  from space 2560K, 85% used [0x00000007b5a00000,0x00000007b5c22260,0x00000007b5c80000)
  to   space 172032K, 0% used [0x00000007a0c80000,0x00000007a0c80000,0x00000007ab480000)
 ParOldGen       total 708608K, used 437277K [0x00000005c1000000, 0x00000005ec400000, 0x0000000715b00000)
  object space 708608K, 61% used [0x00000005c1000000,0x00000005dbb07660,0x00000005ec400000)
 Metaspace       used 13396K, capacity 13605K, committed 13824K, reserved 1062912K
  class space    used 1047K, capacity 1161K, committed 1280K, reserved 1048576K
}
Event: 11.637 GC heap before
{Heap before GC invocations=14 (full 1):
 PSYoungGen      total 2194432K, used 2194056K [0x0000000715b00000, 0x00000007b5c80000, 0x00000007c0000000)
  eden space 2191872K, 100% used [0x0000000715b00000,0x000000079b780000,0x000000079b780000)
  from space 2560K, 85% used [0x00000007b5a00000,0x00000007b5c22260,0x00000007b5c80000)
  to   space 172032K, 0% used [0x00000007a0c80000,0x00000007a0c80000,0x00000007ab480000)
 ParOldGen       total 708608K, used 437277K [0x00000005c1000000, 0x00000005ec400000, 0x0000000715b00000)
  object space 708608K, 61% used [0x00000005c1000000,0x00000005dbb07660,0x00000005ec400000)
 Metaspace       used 13396K, capacity 13605K, committed 13824K, reserved 1062912K
  class space    used 1047K, capacity 1161K, committed 1280K, reserved 1048576K
Event: 11.644 GC heap after
Heap after GC invocations=14 (full 1):
 PSYoungGen      total 2450944K, used 18549K [0x0000000715b00000, 0x00000007c0000000, 0x00000007c0000000)
  eden space 2278912K, 0% used [0x0000000715b00000,0x0000000715b00000,0x00000007a0c80000)
  from space 172032K, 10% used [0x00000007a0c80000,0x00000007a1e9d738,0x00000007ab480000)
  to   space 168960K, 0% used [0x00000007b5b00000,0x00000007b5b00000,0x00000007c0000000)
 ParOldGen       total 708608K, used 437592K [0x00000005c1000000, 0x00000005ec400000, 0x0000000715b00000)
  object space 708608K, 61% used [0x00000005c1000000,0x00000005dbb56178,0x00000005ec400000)
 Metaspace       used 13396K, capacity 13605K, committed 13824K, reserved 1062912K
  class space    used 1047K, capacity 1161K, committed 1280K, reserved 1048576K
}
Event: 13.511 GC heap before
{Heap before GC invocations=15 (full 1):
 PSYoungGen      total 2450944K, used 2297461K [0x0000000715b00000, 0x00000007c0000000, 0x00000007c0000000)
  eden space 2278912K, 100% used [0x0000000715b00000,0x00000007a0c80000,0x00000007a0c80000)
  from space 172032K, 10% used [0x00000007a0c80000,0x00000007a1e9d738,0x00000007ab480000)
  to   space 168960K, 0% used [0x00000007b5b00000,0x00000007b5b00000,0x00000007c0000000)
 ParOldGen       total 708608K, used 437592K [0x00000005c1000000, 0x00000005ec400000, 0x0000000715b00000)
  object space 708608K, 61% used [0x00000005c1000000,0x00000005dbb56178,0x00000005ec400000)
 Metaspace       used 13397K, capacity 13605K, committed 13824K, reserved 1062912K
  class space    used 1047K, capacity 1161K, committed 1280K, reserved 1048576K
Event: 13.523 GC heap after
Heap after GC invocations=15 (full 1):
 PSYoungGen      total 2604032K, used 29124K [0x0000000715b00000, 0x00000007bf200000, 0x00000007c0000000)
  eden space 2449408K, 0% used [0x0000000715b00000,0x0000000715b00000,0x00000007ab300000)
  from space 154624K, 18% used [0x00000007b5b00000,0x00000007b7771308,0x00000007bf200000)
  to   space 163328K, 0% used [0x00000007ab300000,0x00000007ab300000,0x00000007b5280000)
 ParOldGen       total 708608K, used 452768K [0x00000005c1000000, 0x00000005ec400000, 0x0000000715b00000)
  object space 708608K, 63% used [0x00000005c1000000,0x00000005dca28188,0x00000005ec400000)
 Metaspace       used 13397K, capacity 13605K, committed 13824K, reserved 1062912K
  class space    used 1047K, capacity 1161K, committed 1280K, reserved 1048576K
}
Event: 15.608 GC heap before
{Heap before GC invocations=16 (full 1):
 PSYoungGen      total 2604032K, used 2478532K [0x0000000715b00000, 0x00000007bf200000, 0x00000007c0000000)
  eden space 2449408K, 100% used [0x0000000715b00000,0x00000007ab300000,0x00000007ab300000)
  from space 154624K, 18% used [0x00000007b5b00000,0x00000007b7771308,0x00000007bf200000)
  to   space 163328K, 0% used [0x00000007ab300000,0x00000007ab300000,0x00000007b5280000)
 ParOldGen       total 708608K, used 452768K [0x00000005c1000000, 0x00000005ec400000, 0x0000000715b00000)
  object space 708608K, 63% used [0x00000005c1000000,0x00000005dca28188,0x00000005ec400000)
 Metaspace       used 13398K, capacity 13605K, committed 13824K, reserved 1062912K
  class space    used 1047K, capacity 1161K, committed 1280K, reserved 1048576K
Event: 15.688 GC heap after
Heap after GC invocations=16 (full 1):
 PSYoungGen      total 2612736K, used 54384K [0x0000000715b00000, 0x00000007bf480000, 0x00000007c0000000)
  eden space 2449408K, 0% used [0x0000000715b00000,0x0000000715b00000,0x00000007ab300000)
  from space 163328K, 33% used [0x00000007ab300000,0x00000007ae81c210,0x00000007b5280000)
  to   space 153088K, 0% used [0x00000007b5f00000,0x00000007b5f00000,0x00000007bf480000)
 ParOldGen       total 708608K, used 452768K [0x00000005c1000000, 0x00000005ec400000, 0x0000000715b00000)
  object space 708608K, 63% used [0x00000005c1000000,0x00000005dca28188,0x00000005ec400000)
 Metaspace       used 13398K, capacity 13605K, committed 13824K, reserved 1062912K
  class space    used 1047K, capacity 1161K, committed 1280K, reserved 1048576K
}

Deoptimization events (10 events):
Event: 12.709 Thread 0x0000000002e67000 Uncommon trap: reason=unstable_if action=reinterpret pc=0x0000000003650f1c method=com.mikedeejay2.voxel.engine.graphics.objects.Camera.input(F)V @ 137
Event: 12.877 Thread 0x0000000002e67000 Uncommon trap: reason=unstable_if action=reinterpret pc=0x000000000365da54 method=com.mikedeejay2.voxel.game.world.World.unloadOldChunks()V @ 215
Event: 12.887 Thread 0x0000000002e67000 Uncommon trap: reason=unstable_if action=reinterpret pc=0x0000000003077000 method=com.mikedeejay2.voxel.game.world.World.unloadOldChunks()V @ 215
Event: 12.997 Thread 0x0000000032ca1800 Uncommon trap: reason=unstable_if action=reinterpret pc=0x000000000361afe4 method=com.mikedeejay2.voxel.game.world.chunk.mesh.ChunkMeshGenerator.createAll(Lcom/mikedeejay2/voxel/game/world/chunk/mesh/MeshRequest;)V @ 56
Event: 13.671 Thread 0x0000000032ca1000 Uncommon trap: reason=unstable_if action=reinterpret pc=0x000000000366ab5c method=java.util.concurrent.LinkedBlockingQueue.take()Ljava/lang/Object; @ 49
Event: 13.672 Thread 0x0000000032bc1800 Uncommon trap: reason=unstable_if action=reinterpret pc=0x00000000036152bc method=java.util.concurrent.LinkedBlockingQueue.offer(Ljava/lang/Object;)Z @ 113
Event: 13.672 Thread 0x0000000032bc1800 Uncommon trap: reason=unstable_if action=reinterpret pc=0x0000000003616560 method=java.util.concurrent.LinkedBlockingQueue.offer(Ljava/lang/Object;)Z @ 113
Event: 13.724 Thread 0x0000000032bc1800 Uncommon trap: reason=unstable_if action=reinterpret pc=0x00000000035ee108 method=java.util.concurrent.locks.AbstractQueuedSynchronizer.release(I)Z @ 21
Event: 13.730 Thread 0x0000000032bc1800 Uncommon trap: reason=unstable_if action=reinterpret pc=0x00000000035fddcc method=java.util.concurrent.locks.ReentrantLock$NonfairSync.lock()V @ 6
Event: 14.543 Thread 0x0000000032bc2000 Uncommon trap: reason=unstable_if action=reinterpret pc=0x00000000035dcf1c method=com.mikedeejay2.voxel.game.world.chunk.mesh.ChunkMeshGenerator.createSliceEdge(Ljava/util/ArrayList;Ljava/util/ArrayList;Ljava/util/ArrayList;Ljava/util/ArrayList;Lcom/miked

Classes redefined (0 events):
No events

Internal exceptions (10 events):
Event: 0.409 Thread 0x0000000002e67000 Exception <a 'sun/nio/fs/WindowsException'> (0x00000007169cfd10) thrown at [C:\jenkins\workspace\8-2-build-windows-amd64-cygwin\jdk8u251\737\hotspot\src\share\vm\prims\jni.cpp, line 710]
Event: 0.438 Thread 0x0000000002e67000 Exception <a 'sun/nio/fs/WindowsException'> (0x0000000716a8bfb8) thrown at [C:\jenkins\workspace\8-2-build-windows-amd64-cygwin\jdk8u251\737\hotspot\src\share\vm\prims\jni.cpp, line 710]
Event: 0.438 Thread 0x0000000002e67000 Exception <a 'sun/nio/fs/WindowsException'> (0x0000000716a8c698) thrown at [C:\jenkins\workspace\8-2-build-windows-amd64-cygwin\jdk8u251\737\hotspot\src\share\vm\prims\jni.cpp, line 710]
Event: 1.085 Thread 0x0000000002e67000 Exception <a 'sun/nio/fs/WindowsException'> (0x0000000716b0f238) thrown at [C:\jenkins\workspace\8-2-build-windows-amd64-cygwin\jdk8u251\737\hotspot\src\share\vm\prims\jni.cpp, line 710]
Event: 1.085 Thread 0x0000000002e67000 Exception <a 'sun/nio/fs/WindowsException'> (0x0000000716b0f978) thrown at [C:\jenkins\workspace\8-2-build-windows-amd64-cygwin\jdk8u251\737\hotspot\src\share\vm\prims\jni.cpp, line 710]
Event: 1.088 Thread 0x0000000002e67000 Exception <a 'sun/nio/fs/WindowsException'> (0x0000000716b26f40) thrown at [C:\jenkins\workspace\8-2-build-windows-amd64-cygwin\jdk8u251\737\hotspot\src\share\vm\prims\jni.cpp, line 710]
Event: 1.088 Thread 0x0000000002e67000 Exception <a 'sun/nio/fs/WindowsException'> (0x0000000716b27538) thrown at [C:\jenkins\workspace\8-2-build-windows-amd64-cygwin\jdk8u251\737\hotspot\src\share\vm\prims\jni.cpp, line 710]
Event: 1.627 Thread 0x0000000002e67000 Exception <a 'java/io/FileNotFoundException'> (0x0000000717eb4880) thrown at [C:\jenkins\workspace\8-2-build-windows-amd64-cygwin\jdk8u251\737\hotspot\src\share\vm\prims\jni.cpp, line 710]
Event: 3.081 Thread 0x0000000032bc2000 Implicit null exception at 0x000000000357fe28 to 0x0000000003587879
Event: 14.543 Thread 0x0000000032bc2000 Implicit null exception at 0x00000000035d2198 to 0x00000000035dcef5

Events (10 events):
Event: 14.586 Thread 0x00000000290e2000 flushing nmethod 0x00000000030c0010
Event: 14.894 Thread 0x0000000002e67000 DEOPT PACKING pc=0x00000000036574a9 sp=0x0000000002c7f560
Event: 14.894 Thread 0x0000000002e67000 DEOPT UNPACKING pc=0x0000000002fa7890 sp=0x0000000002c7f388 mode 0
Event: 14.925 Thread 0x0000000027c5e800 flushing nmethod 0x00000000031314d0
Event: 14.925 Thread 0x0000000027c5e800 flushing nmethod 0x0000000003148ed0
Event: 15.009 Thread 0x0000000027c5d800 flushing nmethod 0x00000000031ae3d0
Event: 15.009 Thread 0x0000000027c5d800 flushing nmethod 0x00000000031ae6d0
Event: 15.144 Thread 0x00000000290e1800 flushing nmethod 0x00000000031ce1d0
Event: 15.607 Executing VM operation: ParallelGCFailedAllocation
Event: 15.688 Executing VM operation: ParallelGCFailedAllocation done


Dynamic libraries:
0x00007ff78c9f0000 - 0x00007ff78ca27000 	C:\Program Files\Java\jdk1.8.0_251\bin\java.exe
0x00007ffb5cc00000 - 0x00007ffb5cdf0000 	C:\Windows\SYSTEM32\ntdll.dll
0x00007ffb5b5b0000 - 0x00007ffb5b662000 	C:\Windows\System32\KERNEL32.DLL
0x00007ffb5aa00000 - 0x00007ffb5aca3000 	C:\Windows\System32\KERNELBASE.dll
0x00007ffb5c1d0000 - 0x00007ffb5c273000 	C:\Windows\System32\ADVAPI32.dll
0x00007ffb5b510000 - 0x00007ffb5b5ae000 	C:\Windows\System32\msvcrt.dll
0x00007ffb5c660000 - 0x00007ffb5c6f7000 	C:\Windows\System32\sechost.dll
0x00007ffb5c0b0000 - 0x00007ffb5c1d0000 	C:\Windows\System32\RPCRT4.dll
0x00007ffb5b2c0000 - 0x00007ffb5b454000 	C:\Windows\System32\USER32.dll
0x00007ffb5a630000 - 0x00007ffb5a651000 	C:\Windows\System32\win32u.dll
0x00007ffb5bf20000 - 0x00007ffb5bf46000 	C:\Windows\System32\GDI32.dll
0x00007ffb5a660000 - 0x00007ffb5a7f4000 	C:\Windows\System32\gdi32full.dll
0x00007ffb59b90000 - 0x00007ffb59c2e000 	C:\Windows\System32\msvcp_win.dll
0x00007ffb5a530000 - 0x00007ffb5a62a000 	C:\Windows\System32\ucrtbase.dll
0x00007ffb43fc0000 - 0x00007ffb44245000 	C:\Windows\WinSxS\amd64_microsoft.windows.common-controls_6595b64144ccf1df_6.0.18362.778_none_e6c6b761130d4fb8\COMCTL32.dll
0x00007ffb5c760000 - 0x00007ffb5ca96000 	C:\Windows\System32\combase.dll
0x00007ffb5a980000 - 0x00007ffb5aa00000 	C:\Windows\System32\bcryptPrimitives.dll
0x00007ffb5b1a0000 - 0x00007ffb5b1ce000 	C:\Windows\System32\IMM32.DLL
0x0000000074120000 - 0x00000000741f2000 	C:\Program Files\Java\jdk1.8.0_251\jre\bin\msvcr100.dll
0x00000000724f0000 - 0x0000000072d9b000 	C:\Program Files\Java\jdk1.8.0_251\jre\bin\server\jvm.dll
0x00007ffb5bf50000 - 0x00007ffb5bf58000 	C:\Windows\System32\PSAPI.DLL
0x00007ffb56760000 - 0x00007ffb56784000 	C:\Windows\SYSTEM32\WINMM.dll
0x00007ffb49340000 - 0x00007ffb49349000 	C:\Windows\SYSTEM32\WSOCK32.dll
0x00007ffb54630000 - 0x00007ffb5463a000 	C:\Windows\SYSTEM32\VERSION.dll
0x00007ffb5bfe0000 - 0x00007ffb5c04f000 	C:\Windows\System32\WS2_32.dll
0x00007ffb562d0000 - 0x00007ffb562fd000 	C:\Windows\SYSTEM32\WINMMBASE.dll
0x00007ffb5a8d0000 - 0x00007ffb5a91a000 	C:\Windows\System32\cfgmgr32.dll
0x00007ffb41890000 - 0x00007ffb4189f000 	C:\Program Files\Java\jdk1.8.0_251\jre\bin\verify.dll
0x00007ffb367d0000 - 0x00007ffb367f9000 	C:\Program Files\Java\jdk1.8.0_251\jre\bin\java.dll
0x00007ffb2d7b0000 - 0x00007ffb2d7d3000 	C:\Program Files\Java\jdk1.8.0_251\jre\bin\instrument.dll
0x00007ffb40930000 - 0x00007ffb40946000 	C:\Program Files\Java\jdk1.8.0_251\jre\bin\zip.dll
0x00007ffb5b670000 - 0x00007ffb5bd55000 	C:\Windows\System32\SHELL32.dll
0x00007ffb5b460000 - 0x00007ffb5b509000 	C:\Windows\System32\shcore.dll
0x00007ffb59db0000 - 0x00007ffb5a530000 	C:\Windows\System32\windows.storage.dll
0x00007ffb59b60000 - 0x00007ffb59b83000 	C:\Windows\System32\profapi.dll
0x00007ffb59af0000 - 0x00007ffb59b3a000 	C:\Windows\System32\powrprof.dll
0x00007ffb59ac0000 - 0x00007ffb59ad0000 	C:\Windows\System32\UMPDC.dll
0x00007ffb5c700000 - 0x00007ffb5c752000 	C:\Windows\System32\shlwapi.dll
0x00007ffb59ad0000 - 0x00007ffb59ae1000 	C:\Windows\System32\kernel.appcore.dll
0x00007ffb5a8b0000 - 0x00007ffb5a8c7000 	C:\Windows\System32\cryptsp.dll
0x00007ffb2d840000 - 0x00007ffb2d85a000 	C:\Program Files\JetBrains\IntelliJ IDEA 2019.3.4\bin\breakgen64.dll
0x00007ffb2b2d0000 - 0x00007ffb2b2ea000 	C:\Program Files\Java\jdk1.8.0_251\jre\bin\net.dll
0x00007ffb59330000 - 0x00007ffb59397000 	C:\Windows\system32\mswsock.dll
0x00007ffb23ef0000 - 0x00007ffb23f02000 	C:\Program Files\Java\jdk1.8.0_251\jre\bin\nio.dll
0x00007ffb23e80000 - 0x00007ffb23ee4000 	C:\Users\mdeej\AppData\Local\Temp\lwjglmdeej\3.2.3-build-13\lwjgl.dll
0x00007ffb035d0000 - 0x00007ffb03823000 	C:\Users\mdeej\AppData\Local\Temp\lwjglmdeej\3.2.3-build-13\jemalloc.dll
0x00007ffb23d90000 - 0x00007ffb23df2000 	C:\Users\mdeej\AppData\Local\Temp\lwjglmdeej\3.2.3-build-13\glfw.dll
0x00007ffb56de0000 - 0x00007ffb56e79000 	C:\Windows\system32\uxtheme.dll
0x00007ffb3e950000 - 0x00007ffb3e993000 	C:\Windows\SYSTEM32\dinput8.dll
0x00007ffb2dbe0000 - 0x00007ffb2dbf1000 	C:\Windows\SYSTEM32\xinput1_4.dll
0x00007ffb598c0000 - 0x00007ffb598ea000 	C:\Windows\SYSTEM32\DEVOBJ.dll
0x00007ffb57520000 - 0x00007ffb5754d000 	C:\Windows\SYSTEM32\dwmapi.dll
0x00007ffb4f940000 - 0x00007ffb4fa5a000 	C:\Windows\SYSTEM32\inputhost.dll
0x00007ffb56300000 - 0x00007ffb563d4000 	C:\Windows\SYSTEM32\CoreMessaging.dll
0x00007ffb54e80000 - 0x00007ffb54fd3000 	C:\Windows\SYSTEM32\wintypes.dll
0x00007ffb53890000 - 0x00007ffb53bba000 	C:\Windows\SYSTEM32\CoreUIComponents.dll
0x00007ffb56090000 - 0x00007ffb5617f000 	C:\Windows\SYSTEM32\PROPSYS.dll
0x00007ffb5c3c0000 - 0x00007ffb5c484000 	C:\Windows\System32\OLEAUT32.dll
0x00007ffb58bd0000 - 0x00007ffb58c01000 	C:\Windows\SYSTEM32\ntmarta.dll
0x00007ffb5c280000 - 0x00007ffb5c3b6000 	C:\Windows\System32\MSCTF.dll
0x00007ffb58430000 - 0x00007ffb5843e000 	C:\Windows\SYSTEM32\HID.DLL
0x00007ffb5ad30000 - 0x00007ffb5b1a0000 	C:\Windows\System32\SETUPAPI.DLL
0x00007ffb59c30000 - 0x00007ffb59c56000 	C:\Windows\System32\bcrypt.dll
0x00007ffb5a920000 - 0x00007ffb5a97c000 	C:\Windows\System32\WINTRUST.dll
0x00007ffb59b40000 - 0x00007ffb59b52000 	C:\Windows\System32\MSASN1.dll
0x00007ffb59c60000 - 0x00007ffb59da9000 	C:\Windows\System32\CRYPT32.dll
0x00007ffafede0000 - 0x00007ffafef36000 	C:\Windows\SYSTEM32\opengl32.dll
0x00007ffb3e860000 - 0x00007ffb3e88c000 	C:\Windows\SYSTEM32\GLU32.dll
0x00007ffb587a0000 - 0x00007ffb587c0000 	C:\Windows\SYSTEM32\dxcore.dll
0x00007ffaf1fe0000 - 0x00007ffaf4704000 	C:\Windows\System32\DriverStore\FileRepository\nvaki.inf_amd64_149c0c4968822483\nvoglv64.dll
0x00007ffb5c500000 - 0x00007ffb5c657000 	C:\Windows\System32\ole32.dll
0x00007ffb54e60000 - 0x00007ffb54e73000 	C:\Windows\SYSTEM32\WTSAPI32.dll
0x00007ffb23280000 - 0x00007ffb23537000 	C:\Windows\system32\nvspcap64.dll
0x00007ffb58d70000 - 0x00007ffb58dcc000 	C:\Windows\SYSTEM32\WINSTA.dll
0x00007ffb4fa60000 - 0x00007ffb4fafe000 	C:\Windows\System32\TextInputFramework.dll
0x00007ffb4b450000 - 0x00007ffb4b6f6000 	C:\Windows\System32\iertutil.dll
0x00007ffb43da0000 - 0x00007ffb43e05000 	C:\Windows\system32\Oleacc.dll
0x00007ffb23e20000 - 0x00007ffb23e79000 	C:\Users\mdeej\AppData\Local\Temp\lwjglmdeej\3.2.3-build-13\lwjgl_opengl.dll
0x00007ffb1ee60000 - 0x00007ffb1effa000 	C:\Program Files\Java\jdk1.8.0_251\jre\bin\awt.dll
0x00007ffb56ca0000 - 0x00007ffb56d2f000 	C:\Windows\SYSTEM32\apphelp.dll
0x00007ffb58230000 - 0x00007ffb58424000 	C:\Windows\SYSTEM32\dbghelp.dll

VM Arguments:
jvm_args: -XX:+UnlockCommercialFeatures -javaagent:C:\Program Files\JetBrains\IntelliJ IDEA 2019.3.4\lib\idea_rt.jar=50370:C:\Program Files\JetBrains\IntelliJ IDEA 2019.3.4\bin -Dfile.encoding=UTF-8 
java_command: com.mikedeejay2.voxel.game.Main
java_class_path (initial): C:\Program Files\Java\jdk1.8.0_251\jre\lib\charsets.jar;C:\Program Files\Java\jdk1.8.0_251\jre\lib\deploy.jar;C:\Program Files\Java\jdk1.8.0_251\jre\lib\ext\access-bridge-64.jar;C:\Program Files\Java\jdk1.8.0_251\jre\lib\ext\cldrdata.jar;C:\Program Files\Java\jdk1.8.0_251\jre\lib\ext\dnsns.jar;C:\Program Files\Java\jdk1.8.0_251\jre\lib\ext\jaccess.jar;C:\Program Files\Java\jdk1.8.0_251\jre\lib\ext\jfxrt.jar;C:\Program Files\Java\jdk1.8.0_251\jre\lib\ext\localedata.jar;C:\Program Files\Java\jdk1.8.0_251\jre\lib\ext\nashorn.jar;C:\Program Files\Java\jdk1.8.0_251\jre\lib\ext\sunec.jar;C:\Program Files\Java\jdk1.8.0_251\jre\lib\ext\sunjce_provider.jar;C:\Program Files\Java\jdk1.8.0_251\jre\lib\ext\sunmscapi.jar;C:\Program Files\Java\jdk1.8.0_251\jre\lib\ext\sunpkcs11.jar;C:\Program Files\Java\jdk1.8.0_251\jre\lib\ext\zipfs.jar;C:\Program Files\Java\jdk1.8.0_251\jre\lib\javaws.jar;C:\Program Files\Java\jdk1.8.0_251\jre\lib\jce.jar;C:\Program Files\Java\jdk1.8.0_251\jre\lib\jfr.jar;C:\Program Files\Java\jdk1.8.0_251\jre\lib\jfxswt.jar;C:\Program Files\Java\jdk1.8.0_251\jre\lib\jsse.jar;C:\Program Files\Java\jdk1.8.0_251\jre\lib\management-agent.jar;C:\Program Files\Java\jdk1.8.0_251\jre\lib\plugin.jar;C:\Program Files\Java\jdk1.8.0_251\jre\lib\resources.jar;C:\Program Files\Java\jdk1.8.0_251\jre\lib\rt.jar;C:\Users\mdeej\IdeaProjects\APCSP\out\production\APCSP;C:\Users\mdeej\IdeaProjects\APCSP\libs\lwjgl.jar;C:\Users\mdeej\IdeaProjects\APCSP\libs\lwjgl-egl.jar;C:\Users\mdeej\IdeaProjects\APCSP\libs\lwjgl-lz4.jar;C:\Users\mdeej\IdeaProjects\APCSP\libs\lwjgl-nfd.jar;C:\Users\mdeej\IdeaProjects\APCSP\libs\lwjgl-ovr.jar;C:\Users\mdeej\IdeaProjects\APCSP\libs\lwjgl-par.jar;C:\Users\mdeej\IdeaProjects\APCSP\libs\lwjgl-sse.jar;C:\Users\mdeej\IdeaProjects\APCSP\libs\lwjgl-stb.jar;C:\Users\mdeej\IdeaProjects\APCSP\libs\lwjgl-vma.jar;C:\Users\mdeej\IdeaProjects\APCSP\libs\lwjgl-bgfx.jar;C:\Users\mdeej\IdeaProjects\APCSP\libs\lwjgl-cuda.jar;C:\Users\mdee
Launcher Type: SUN_STANDARD

Environment Variables:
PATH=C:\Program Files (x86)\Common Files\Intel\Shared Libraries\redist\intel64\compiler;C:\Windows\system32;C:\Windows;C:\Windows\System32\Wbem;C:\Windows\System32\WindowsPowerShell\v1.0\;C:\Windows\System32\OpenSSH\;C:\Program Files\NVIDIA Corporation\NVIDIA NvDLISR;C:\Program Files (x86)\NVIDIA Corporation\PhysX\Common;C:\Program Files (x86)\QuickTime\QTSystem\;C:\Users\mdeej\AppData\Local\Microsoft\WindowsApps;
USERNAME=mdeej
OS=Windows_NT
PROCESSOR_IDENTIFIER=Intel64 Family 6 Model 158 Stepping 10, GenuineIntel



---------------  S Y S T E M  ---------------

OS: Windows 10.0 , 64 bit Build 18362 (10.0.18362.778)

CPU:total 12 (initial active 12) (6 cores per cpu, 2 threads per core) family 6 model 158 stepping 10, cmov, cx8, fxsr, mmx, sse, sse2, sse3, ssse3, sse4.1, sse4.2, popcnt, avx, avx2, aes, clmul, erms, rtm, 3dnowpref, lzcnt, ht, tsc, tscinvbit, bmi1, bmi2, adx

Memory: 4k page, physical 33487264k(708272k free), swap 98498976k(51809444k free)

vm_info: Java HotSpot(TM) 64-Bit Server VM (25.251-b08) for windows-amd64 JRE (1.8.0_251-b08), built on Mar 12 2020 06:31:49 by "" with MS VC++ 10.0 (VS2010)

time: Fri May 15 12:47:17 2020
timezone: Eastern Daylight Time
elapsed time: 15 seconds (0d 0h 0m 15s)

