#
# A fatal error has been detected by the Java Runtime Environment:
#
#  EXCEPTION_ACCESS_VIOLATION (0xc0000005) at pc=0x000000002b11fee9, pid=7576, tid=0x0000000000002824
#
# JRE version: Java(TM) SE Runtime Environment (8.0_231-b11) (build 1.8.0_231-b11)
# Java VM: Java HotSpot(TM) 64-Bit Server VM (25.231-b11 mixed mode windows-amd64 compressed oops)
# Problematic frame:
# C  0x000000002b11fee9
#
# Failed to write core dump. Minidumps are not enabled by default on client versions of Windows
#
# If you would like to submit a bug report, please visit:
#   http://bugreport.java.com/bugreport/crash.jsp
# The crash happened outside the Java Virtual Machine in native code.
# See problematic frame for where to report the bug.
#

---------------  T H R E A D  ---------------

Current thread (0x0000000002a67000):  JavaThread "main" [_thread_in_native, id=10276, stack(0x00000000027a0000,0x00000000028a0000)]

siginfo: ExceptionCode=0xc0000005, reading address 0x0000000000000024

Registers:
RAX=0x000000002d02c088, RBX=0x000000002fb10000, RCX=0x0000000000000003, RDX=0x000000002b9f3a04
RSP=0x000000000289edf0, RBP=0x0000000000000000, RSI=0x0000000000000024, RDI=0x0000000000000009
R8 =0x000000002b9f3a00, R9 =0x000000000000000c, R10=0x000000002fb928b0, R11=0x000000002b9f3a30
R12=0x000000000000000c, R13=0x0000000000000180, R14=0x0000000000000000, R15=0x000000002d02c088
RIP=0x000000002b11fee9, EFLAGS=0x0000000000010202

Top of Stack: (sp=0x000000000289edf0)
0x000000000289edf0:   000000000842c208 000000002b79e450
0x000000000289ee00:   000000000000000c 0000000000000000
0x000000000289ee10:   000000002fb10000 00007ffaf2d16418
0x000000000289ee20:   0000000000000180 000000002fb10000
0x000000000289ee30:   000000000000000c 0000000000000180
0x000000000289ee40:   0000000000000000 0000000000000000
0x000000000289ee50:   0000000000000000 0000000000000000
0x000000000289ee60:   0000000000000000 000000002d02c088
0x000000000289ee70:   0000000000000000 0000000000000000
0x000000000289ee80:   000000002b9f3a00 000000000000000c
0x000000000289ee90:   000000002b11fe40 000000003a1604e8
0x000000000289eea0:   0000000000000000 000000002b79e450
0x000000000289eeb0:   0000000000000000 0000000000000000
0x000000000289eec0:   0000000000000000 00007ffaf2cea288
0x000000000289eed0:   000000002fb10000 000000002cc30cd8
0x000000000289eee0:   000000002cc30c10 0000000000001011 

Instructions: (pc=0x000000002b11fee9)
0x000000002b11fec9:   0c 89 68 10 48 be 08 c6 b6 2f 00 00 00 00 48 8b
0x000000002b11fed9:   36 48 8b b6 68 03 00 00 48 8d 3c 49 48 8d 34 be
0x000000002b11fee9:   8b 3e 8b 6e 04 89 78 14 89 68 18 8b 7e 08 89 78
0x000000002b11fef9:   1c 48 83 c0 20 49 3b d3 0f 85 64 ff ff ff 48 8b 


Register to memory mapping:

RAX=0x000000002d02c088 is an unknown value
RBX=0x000000002fb10000 is an unknown value
RCX=0x0000000000000003 is an unknown value
RDX=0x000000002b9f3a04 is an unknown value
RSP=0x000000000289edf0 is pointing into the stack for thread: 0x0000000002a67000
RBP=0x0000000000000000 is an unknown value
RSI=0x0000000000000024 is an unknown value
RDI=0x0000000000000009 is an unknown value
R8 =0x000000002b9f3a00 is an unknown value
R9 =0x000000000000000c is an unknown value
R10=0x000000002fb928b0 is an unknown value
R11=0x000000002b9f3a30 is an unknown value
R12=0x000000000000000c is an unknown value
R13=0x0000000000000180 is an unknown value
R14=0x0000000000000000 is an unknown value
R15=0x000000002d02c088 is an unknown value


Stack: [0x00000000027a0000,0x00000000028a0000],  sp=0x000000000289edf0,  free space=1019k
Native frames: (J=compiled Java code, j=interpreted, Vv=VM code, C=native code)

Java frames: (J=compiled Java code, j=interpreted, Vv=VM code)
J 1085  org.lwjgl.opengl.GL11C.nglDrawElements(IIIJ)V (0 bytes) @ 0x0000000002ff570e [0x0000000002ff56c0+0x4e]
J 1168 C2 com.mikedeejay2.voxel.engine.graphics.renderers.Renderer.render(Ljava/util/Map;)V (111 bytes) @ 0x000000000309c57c [0x000000000309be20+0x75c]
J 1310 C2 com.mikedeejay2.voxel.engine.graphics.renderers.MasterRenderer.render(Lcom/mikedeejay2/voxel/engine/graphics/objects/Camera;)V (62 bytes) @ 0x00000000031a2b44 [0x00000000031a2660+0x4e4]
J 1393% C2 com.mikedeejay2.voxel.engine.core.CoreEngine.run()V (214 bytes) @ 0x0000000003293184 [0x0000000003293060+0x124]
j  com.mikedeejay2.voxel.engine.core.CoreEngine.start()V+9
j  com.mikedeejay2.voxel.game.Main.start()V+29
j  com.mikedeejay2.voxel.game.Main.main([Ljava/lang/String;)V+7
v  ~StubRoutines::call_stub

---------------  P R O C E S S  ---------------

Java Threads: ( => current thread )
  0x0000000032ed1000 JavaThread "world" [_thread_in_Java, id=16864, stack(0x0000000033e60000,0x0000000033f60000)]
  0x0000000029300800 JavaThread "Java2D Disposer" daemon [_thread_blocked, id=17748, stack(0x0000000033b10000,0x0000000033c10000)]
  0x0000000028d87000 JavaThread "Service Thread" daemon [_thread_blocked, id=15828, stack(0x0000000029840000,0x0000000029940000)]
  0x0000000028ce0800 JavaThread "C1 CompilerThread3" daemon [_thread_blocked, id=628, stack(0x0000000029740000,0x0000000029840000)]
  0x0000000028cdf800 JavaThread "C2 CompilerThread2" daemon [_thread_blocked, id=7564, stack(0x0000000029640000,0x0000000029740000)]
  0x0000000028cdf000 JavaThread "C2 CompilerThread1" daemon [_thread_blocked, id=1900, stack(0x0000000029540000,0x0000000029640000)]
  0x0000000028cdc000 JavaThread "C2 CompilerThread0" daemon [_thread_blocked, id=12812, stack(0x0000000029440000,0x0000000029540000)]
  0x000000002786e800 JavaThread "Monitor Ctrl-Break" daemon [_thread_in_native, id=13184, stack(0x0000000029340000,0x0000000029440000)]
  0x00000000274e6000 JavaThread "Attach Listener" daemon [_thread_blocked, id=19056, stack(0x0000000028a40000,0x0000000028b40000)]
  0x00000000274e5000 JavaThread "Signal Dispatcher" daemon [_thread_blocked, id=17808, stack(0x0000000028940000,0x0000000028a40000)]
  0x0000000025de3800 JavaThread "Finalizer" daemon [_thread_blocked, id=15516, stack(0x0000000028740000,0x0000000028840000)]
  0x0000000025ddd800 JavaThread "Reference Handler" daemon [_thread_blocked, id=15544, stack(0x0000000028640000,0x0000000028740000)]
=>0x0000000002a67000 JavaThread "main" [_thread_in_native, id=10276, stack(0x00000000027a0000,0x00000000028a0000)]

Other Threads:
  0x0000000002b5d000 VMThread [stack: 0x0000000028540000,0x0000000028640000] [id=4788]
  0x0000000028e0e800 WatcherThread [stack: 0x0000000029940000,0x0000000029a40000] [id=572]

VM state:not at safepoint (normal execution)

VM Mutex/Monitor currently owned by a thread: None

heap address: 0x00000005c1000000, size: 8176 MB, Compressed Oops mode: Zero based, Oop shift amount: 3
Narrow klass base: 0x0000000000000000, Narrow klass shift: 3
Compressed class space size: 1073741824 Address: 0x00000007c0000000

Heap:
 PSYoungGen      total 80384K, used 59061K [0x0000000715b00000, 0x000000071b580000, 0x00000007c0000000)
  eden space 72192K, 77% used [0x0000000715b00000,0x00000007191cac58,0x000000071a180000)
  from space 8192K, 36% used [0x000000071ad80000,0x000000071b062928,0x000000071b580000)
  to   space 10240K, 0% used [0x000000071a180000,0x000000071a180000,0x000000071ab80000)
 ParOldGen       total 349696K, used 98614K [0x00000005c1000000, 0x00000005d6580000, 0x0000000715b00000)
  object space 349696K, 28% used [0x00000005c1000000,0x00000005c704d838,0x00000005d6580000)
 Metaspace       used 13501K, capacity 13673K, committed 13952K, reserved 1062912K
  class space    used 1033K, capacity 1097K, committed 1152K, reserved 1048576K

Card table byte_map: [0x0000000011f20000,0x0000000012f20000] byte_map_base: 0x000000000f118000

Marking Bits: (ParMarkBitMap*) 0x0000000073486d90
 Begin Bits: [0x00000000143d0000, 0x000000001c390000)
 End Bits:   [0x000000001c390000, 0x0000000024350000)

Polling page: 0x0000000002780000

CodeCache: size=245760Kb used=7451Kb max_used=7480Kb free=238308Kb
 bounds [0x0000000002b60000, 0x00000000032c0000, 0x0000000011b60000]
 total_blobs=2428 nmethods=1393 adapters=948
 compilation: enabled

Compilation events (10 events):
Event: 10.940 Thread 0x0000000028cdc000 1397       4       java.nio.DirectIntBufferU::put (18 bytes)
Event: 10.940 Thread 0x0000000028cdc000 nmethod 1397 0x000000000325c750 code [0x000000000325c880, 0x000000000325c938]
Event: 12.528 Thread 0x0000000028ce0800 1398       3       com.mikedeejay2.voxel.game.Main::update50ms (22 bytes)
Event: 12.529 Thread 0x0000000028ce0800 nmethod 1398 0x0000000003268b10 code [0x0000000003268ca0, 0x0000000003268ef8]
Event: 12.705 Thread 0x0000000028ce0800 1399       3       org.lwjgl.system.dyncall.DynCallback::dcbArgInt (16 bytes)
Event: 12.705 Thread 0x0000000028ce0800 nmethod 1399 0x0000000003268550 code [0x00000000032686e0, 0x00000000032689b8]
Event: 13.979 Thread 0x0000000028ce0800 1401       3       java.util.HashMap$KeySet::size (8 bytes)
Event: 13.979 Thread 0x0000000028ce0800 nmethod 1401 0x0000000003292a90 code [0x0000000003292be0, 0x0000000003292d50]
Event: 14.195 Thread 0x0000000028cdf000 1402   !   4       org.lwjgl.opengl.GL15C::glDeleteBuffers (42 bytes)
Event: 14.197 Thread 0x0000000028cdf000 nmethod 1402 0x0000000002c86650 code [0x0000000002c867e0, 0x0000000002c86a70]

GC Heap History (10 events):
Event: 13.826 GC heap before
{Heap before GC invocations=32 (full 0):
 PSYoungGen      total 79360K, used 79299K [0x0000000715b00000, 0x000000071c180000, 0x00000007c0000000)
  eden space 77312K, 100% used [0x0000000715b00000,0x000000071a680000,0x000000071a680000)
  from space 2048K, 97% used [0x000000071a780000,0x000000071a970ff0,0x000000071a980000)
  to   space 13824K, 0% used [0x000000071b400000,0x000000071b400000,0x000000071c180000)
 ParOldGen       total 349696K, used 89509K [0x00000005c1000000, 0x00000005d6580000, 0x0000000715b00000)
  object space 349696K, 25% used [0x00000005c1000000,0x00000005c6769450,0x00000005d6580000)
 Metaspace       used 13501K, capacity 13673K, committed 13952K, reserved 1062912K
  class space    used 1033K, capacity 1097K, committed 1152K, reserved 1048576K
Event: 13.828 GC heap after
Heap after GC invocations=32 (full 0):
 PSYoungGen      total 87040K, used 3074K [0x0000000715b00000, 0x000000071be80000, 0x00000007c0000000)
  eden space 76288K, 0% used [0x0000000715b00000,0x0000000715b00000,0x000000071a580000)
  from space 10752K, 28% used [0x000000071b400000,0x000000071b700be8,0x000000071be80000)
  to   space 12800K, 0% used [0x000000071a580000,0x000000071a580000,0x000000071b200000)
 ParOldGen       total 349696K, used 91316K [0x00000005c1000000, 0x00000005d6580000, 0x0000000715b00000)
  object space 349696K, 26% used [0x00000005c1000000,0x00000005c692d1c8,0x00000005d6580000)
 Metaspace       used 13501K, capacity 13673K, committed 13952K, reserved 1062912K
  class space    used 1033K, capacity 1097K, committed 1152K, reserved 1048576K
}
Event: 13.960 GC heap before
{Heap before GC invocations=33 (full 0):
 PSYoungGen      total 87040K, used 79362K [0x0000000715b00000, 0x000000071be80000, 0x00000007c0000000)
  eden space 76288K, 100% used [0x0000000715b00000,0x000000071a580000,0x000000071a580000)
  from space 10752K, 28% used [0x000000071b400000,0x000000071b700be8,0x000000071be80000)
  to   space 12800K, 0% used [0x000000071a580000,0x000000071a580000,0x000000071b200000)
 ParOldGen       total 349696K, used 91316K [0x00000005c1000000, 0x00000005d6580000, 0x0000000715b00000)
  object space 349696K, 26% used [0x00000005c1000000,0x00000005c692d1c8,0x00000005d6580000)
 Metaspace       used 13501K, capacity 13673K, committed 13952K, reserved 1062912K
  class space    used 1033K, capacity 1097K, committed 1152K, reserved 1048576K
Event: 13.961 GC heap after
Heap after GC invocations=33 (full 0):
 PSYoungGen      total 77312K, used 1631K [0x0000000715b00000, 0x000000071bc80000, 0x00000007c0000000)
  eden space 75264K, 0% used [0x0000000715b00000,0x0000000715b00000,0x000000071a480000)
  from space 2048K, 79% used [0x000000071a580000,0x000000071a717c08,0x000000071a780000)
  to   space 12288K, 0% used [0x000000071b080000,0x000000071b080000,0x000000071bc80000)
 ParOldGen       total 349696K, used 93604K [0x00000005c1000000, 0x00000005d6580000, 0x0000000715b00000)
  object space 349696K, 26% used [0x00000005c1000000,0x00000005c6b691c8,0x00000005d6580000)
 Metaspace       used 13501K, capacity 13673K, committed 13952K, reserved 1062912K
  class space    used 1033K, capacity 1097K, committed 1152K, reserved 1048576K
}
Event: 14.160 GC heap before
{Heap before GC invocations=34 (full 0):
 PSYoungGen      total 77312K, used 76895K [0x0000000715b00000, 0x000000071bc80000, 0x00000007c0000000)
  eden space 75264K, 100% used [0x0000000715b00000,0x000000071a480000,0x000000071a480000)
  from space 2048K, 79% used [0x000000071a580000,0x000000071a717c08,0x000000071a780000)
  to   space 12288K, 0% used [0x000000071b080000,0x000000071b080000,0x000000071bc80000)
 ParOldGen       total 349696K, used 93604K [0x00000005c1000000, 0x00000005d6580000, 0x0000000715b00000)
  object space 349696K, 26% used [0x00000005c1000000,0x00000005c6b691c8,0x00000005d6580000)
 Metaspace       used 13501K, capacity 13673K, committed 13952K, reserved 1062912K
  class space    used 1033K, capacity 1097K, committed 1152K, reserved 1048576K
Event: 14.161 GC heap after
Heap after GC invocations=34 (full 0):
 PSYoungGen      total 84480K, used 1870K [0x0000000715b00000, 0x000000071ba80000, 0x00000007c0000000)
  eden space 74240K, 0% used [0x0000000715b00000,0x0000000715b00000,0x000000071a380000)
  from space 10240K, 18% used [0x000000071b080000,0x000000071b2538e8,0x000000071ba80000)
  to   space 11776K, 0% used [0x000000071a380000,0x000000071a380000,0x000000071af00000)
 ParOldGen       total 349696K, used 94620K [0x00000005c1000000, 0x00000005d6580000, 0x0000000715b00000)
  object space 349696K, 27% used [0x00000005c1000000,0x00000005c6c671c8,0x00000005d6580000)
 Metaspace       used 13501K, capacity 13673K, committed 13952K, reserved 1062912K
  class space    used 1033K, capacity 1097K, committed 1152K, reserved 1048576K
}
Event: 14.530 GC heap before
{Heap before GC invocations=35 (full 0):
 PSYoungGen      total 84480K, used 76110K [0x0000000715b00000, 0x000000071ba80000, 0x00000007c0000000)
  eden space 74240K, 100% used [0x0000000715b00000,0x000000071a380000,0x000000071a380000)
  from space 10240K, 18% used [0x000000071b080000,0x000000071b2538e8,0x000000071ba80000)
  to   space 11776K, 0% used [0x000000071a380000,0x000000071a380000,0x000000071af00000)
 ParOldGen       total 349696K, used 94620K [0x00000005c1000000, 0x00000005d6580000, 0x0000000715b00000)
  object space 349696K, 27% used [0x00000005c1000000,0x00000005c6c671c8,0x00000005d6580000)
 Metaspace       used 13501K, capacity 13673K, committed 13952K, reserved 1062912K
  class space    used 1033K, capacity 1097K, committed 1152K, reserved 1048576K
Event: 14.532 GC heap after
Heap after GC invocations=35 (full 0):
 PSYoungGen      total 75776K, used 2468K [0x0000000715b00000, 0x000000071b880000, 0x00000007c0000000)
  eden space 73216K, 0% used [0x0000000715b00000,0x0000000715b00000,0x000000071a280000)
  from space 2560K, 96% used [0x000000071a380000,0x000000071a5e9278,0x000000071a600000)
  to   space 11264K, 0% used [0x000000071ad80000,0x000000071ad80000,0x000000071b880000)
 ParOldGen       total 349696K, used 96334K [0x00000005c1000000, 0x00000005d6580000, 0x0000000715b00000)
  object space 349696K, 27% used [0x00000005c1000000,0x00000005c6e13838,0x00000005d6580000)
 Metaspace       used 13501K, capacity 13673K, committed 13952K, reserved 1062912K
  class space    used 1033K, capacity 1097K, committed 1152K, reserved 1048576K
}
Event: 14.803 GC heap before
{Heap before GC invocations=36 (full 0):
 PSYoungGen      total 75776K, used 75684K [0x0000000715b00000, 0x000000071b880000, 0x00000007c0000000)
  eden space 73216K, 100% used [0x0000000715b00000,0x000000071a280000,0x000000071a280000)
  from space 2560K, 96% used [0x000000071a380000,0x000000071a5e9278,0x000000071a600000)
  to   space 11264K, 0% used [0x000000071ad80000,0x000000071ad80000,0x000000071b880000)
 ParOldGen       total 349696K, used 96334K [0x00000005c1000000, 0x00000005d6580000, 0x0000000715b00000)
  object space 349696K, 27% used [0x00000005c1000000,0x00000005c6e13838,0x00000005d6580000)
 Metaspace       used 13501K, capacity 13673K, committed 13952K, reserved 1062912K
  class space    used 1033K, capacity 1097K, committed 1152K, reserved 1048576K
Event: 14.804 GC heap after
Heap after GC invocations=36 (full 0):
 PSYoungGen      total 80384K, used 2954K [0x0000000715b00000, 0x000000071b580000, 0x00000007c0000000)
  eden space 72192K, 0% used [0x0000000715b00000,0x0000000715b00000,0x000000071a180000)
  from space 8192K, 36% used [0x000000071ad80000,0x000000071b062928,0x000000071b580000)
  to   space 10240K, 0% used [0x000000071a180000,0x000000071a180000,0x000000071ab80000)
 ParOldGen       total 349696K, used 98614K [0x00000005c1000000, 0x00000005d6580000, 0x0000000715b00000)
  object space 349696K, 28% used [0x00000005c1000000,0x00000005c704d838,0x00000005d6580000)
 Metaspace       used 13501K, capacity 13673K, committed 13952K, reserved 1062912K
  class space    used 1033K, capacity 1097K, committed 1152K, reserved 1048576K
}

Deoptimization events (10 events):
Event: 3.496 Thread 0x0000000032ed1000 Uncommon trap: reason=unstable_if action=reinterpret pc=0x00000000031b9330 method=com.mikedeejay2.voxel.engine.voxel.generators.ChunkMeshGenerator.genBrightness(Lcom/mikedeejay2/voxel/game/world/Chunk;FIIIILjava/util/List;Lcom/mikedeejay2/voxel/engine/uti
Event: 4.611 Thread 0x0000000002a67000 Uncommon trap: reason=unstable_if action=reinterpret pc=0x000000000315d574 method=com.mikedeejay2.voxel.engine.graphics.objects.Camera.input(F)V @ 169
Event: 4.611 Thread 0x0000000002a67000 Uncommon trap: reason=unstable_if action=reinterpret pc=0x00000000030f7c98 method=com.mikedeejay2.voxel.engine.io.Input.getKey(I)Z @ 12
Event: 5.712 Thread 0x0000000032ed1000 Uncommon trap: reason=unstable_if action=reinterpret pc=0x00000000031f7b50 method=com.mikedeejay2.voxel.engine.voxel.generators.ChunkMeshGenerator.genBrightness(Lcom/mikedeejay2/voxel/game/world/Chunk;FIIIILjava/util/List;Lcom/mikedeejay2/voxel/engine/uti
Event: 6.110 Thread 0x0000000032ed1000 Uncommon trap: reason=unstable_if action=reinterpret pc=0x000000000307936c method=java.lang.StrictMath.floorOrCeil(DDDD)D @ 115
Event: 6.146 Thread 0x0000000032ed1000 Uncommon trap: reason=unstable_if action=reinterpret pc=0x000000000301cfa4 method=java.lang.StrictMath.floorOrCeil(DDDD)D @ 115
Event: 7.701 Thread 0x0000000002a67000 Uncommon trap: reason=unstable_if action=reinterpret pc=0x0000000003076768 method=org.joml.Math.cosFromSin(DD)D @ 70
Event: 8.944 Thread 0x0000000002a67000 Uncommon trap: reason=unstable_if action=reinterpret pc=0x00000000032110dc method=com.mikedeejay2.voxel.engine.graphics.objects.Camera.input(F)V @ 149
Event: 9.374 Thread 0x0000000032ed1000 Uncommon trap: reason=unstable_if action=reinterpret pc=0x00000000031aeb68 method=com.mikedeejay2.voxel.engine.voxel.generators.ChunkMeshGenerator.genBrightnessWithChunkLoc(Lcom/mikedeejay2/voxel/game/world/World;Lcom/mikedeejay2/voxel/game/world/Chunk;FI
Event: 9.513 Thread 0x0000000032ed1000 Uncommon trap: reason=unstable_if action=reinterpret pc=0x0000000003248060 method=com.mikedeejay2.voxel.engine.voxel.generators.ChunkMeshGenerator.genBrightness(Lcom/mikedeejay2/voxel/game/world/Chunk;FIIIILjava/util/List;Lcom/mikedeejay2/voxel/engine/uti

Classes redefined (0 events):
No events

Internal exceptions (10 events):
Event: 0.234 Thread 0x0000000002a67000 Exception <a 'sun/nio/fs/WindowsException'> (0x00000007168c0d10) thrown at [C:\re\workspace\8-2-build-windows-amd64-cygwin\jdk8u231\13620\hotspot\src\share\vm\prims\jni.cpp, line 710]
Event: 0.239 Thread 0x0000000002a67000 Exception <a 'sun/nio/fs/WindowsException'> (0x00000007168f0480) thrown at [C:\re\workspace\8-2-build-windows-amd64-cygwin\jdk8u231\13620\hotspot\src\share\vm\prims\jni.cpp, line 710]
Event: 0.239 Thread 0x0000000002a67000 Exception <a 'sun/nio/fs/WindowsException'> (0x00000007168f0b60) thrown at [C:\re\workspace\8-2-build-windows-amd64-cygwin\jdk8u231\13620\hotspot\src\share\vm\prims\jni.cpp, line 710]
Event: 0.663 Thread 0x0000000002a67000 Exception <a 'sun/nio/fs/WindowsException'> (0x0000000716a5a530) thrown at [C:\re\workspace\8-2-build-windows-amd64-cygwin\jdk8u231\13620\hotspot\src\share\vm\prims\jni.cpp, line 710]
Event: 0.663 Thread 0x0000000002a67000 Exception <a 'sun/nio/fs/WindowsException'> (0x0000000716a5ac70) thrown at [C:\re\workspace\8-2-build-windows-amd64-cygwin\jdk8u231\13620\hotspot\src\share\vm\prims\jni.cpp, line 710]
Event: 0.665 Thread 0x0000000002a67000 Exception <a 'sun/nio/fs/WindowsException'> (0x0000000716a72250) thrown at [C:\re\workspace\8-2-build-windows-amd64-cygwin\jdk8u231\13620\hotspot\src\share\vm\prims\jni.cpp, line 710]
Event: 0.665 Thread 0x0000000002a67000 Exception <a 'sun/nio/fs/WindowsException'> (0x0000000716a72848) thrown at [C:\re\workspace\8-2-build-windows-amd64-cygwin\jdk8u231\13620\hotspot\src\share\vm\prims\jni.cpp, line 710]
Event: 0.711 Thread 0x0000000002a67000 Exception <a 'sun/nio/fs/WindowsException'> (0x0000000716c2b7b8) thrown at [C:\re\workspace\8-2-build-windows-amd64-cygwin\jdk8u231\13620\hotspot\src\share\vm\prims\jni.cpp, line 710]
Event: 0.711 Thread 0x0000000002a67000 Exception <a 'sun/nio/fs/WindowsException'> (0x0000000716c2bee8) thrown at [C:\re\workspace\8-2-build-windows-amd64-cygwin\jdk8u231\13620\hotspot\src\share\vm\prims\jni.cpp, line 710]
Event: 0.931 Thread 0x0000000002a67000 Exception <a 'java/io/FileNotFoundException'> (0x000000071776b4d0) thrown at [C:\re\workspace\8-2-build-windows-amd64-cygwin\jdk8u231\13620\hotspot\src\share\vm\prims\jni.cpp, line 710]

Events (10 events):
Event: 13.979 Thread 0x0000000028ce0800 flushing nmethod 0x0000000002c80150
Event: 13.979 Thread 0x0000000028ce0800 flushing nmethod 0x0000000002c86650
Event: 13.979 Thread 0x0000000028ce0800 flushing nmethod 0x0000000002c905d0
Event: 14.160 Executing VM operation: ParallelGCFailedAllocation
Event: 14.161 Executing VM operation: ParallelGCFailedAllocation done
Event: 14.197 Thread 0x0000000028cdf000 flushing nmethod 0x0000000002caf450
Event: 14.530 Executing VM operation: ParallelGCFailedAllocation
Event: 14.532 Executing VM operation: ParallelGCFailedAllocation done
Event: 14.803 Executing VM operation: ParallelGCFailedAllocation
Event: 14.804 Executing VM operation: ParallelGCFailedAllocation done


Dynamic libraries:
0x00007ff7e1ac0000 - 0x00007ff7e1af7000 	C:\Program Files\Java\jdk1.8.0_231\bin\java.exe
0x00007ffb5cc00000 - 0x00007ffb5cdf0000 	C:\Windows\SYSTEM32\ntdll.dll
0x00007ffb5b5b0000 - 0x00007ffb5b662000 	C:\Windows\System32\KERNEL32.DLL
0x00007ffb5aa00000 - 0x00007ffb5aca3000 	C:\Windows\System32\KERNELBASE.dll
0x00007ffb5c1d0000 - 0x00007ffb5c273000 	C:\Windows\System32\ADVAPI32.dll
0x00007ffb5b510000 - 0x00007ffb5b5ae000 	C:\Windows\System32\msvcrt.dll
0x00007ffb5c660000 - 0x00007ffb5c6f7000 	C:\Windows\System32\sechost.dll
0x00007ffb5c0b0000 - 0x00007ffb5c1d0000 	C:\Windows\System32\RPCRT4.dll
0x00007ffb5b2c0000 - 0x00007ffb5b454000 	C:\Windows\System32\USER32.dll
0x00007ffb5a630000 - 0x00007ffb5a651000 	C:\Windows\System32\win32u.dll
0x00007ffb5bf20000 - 0x00007ffb5bf46000 	C:\Windows\System32\GDI32.dll
0x00007ffb5a660000 - 0x00007ffb5a7f4000 	C:\Windows\System32\gdi32full.dll
0x00007ffb59b90000 - 0x00007ffb59c2e000 	C:\Windows\System32\msvcp_win.dll
0x00007ffb5a530000 - 0x00007ffb5a62a000 	C:\Windows\System32\ucrtbase.dll
0x00007ffb43fc0000 - 0x00007ffb44245000 	C:\Windows\WinSxS\amd64_microsoft.windows.common-controls_6595b64144ccf1df_6.0.18362.778_none_e6c6b761130d4fb8\COMCTL32.dll
0x00007ffb5c760000 - 0x00007ffb5ca96000 	C:\Windows\System32\combase.dll
0x00007ffb5a980000 - 0x00007ffb5aa00000 	C:\Windows\System32\bcryptPrimitives.dll
0x00007ffb5b1a0000 - 0x00007ffb5b1ce000 	C:\Windows\System32\IMM32.DLL
0x0000000073510000 - 0x00000000735e2000 	C:\Program Files\Java\jdk1.8.0_231\jre\bin\msvcr100.dll
0x0000000072c60000 - 0x0000000073506000 	C:\Program Files\Java\jdk1.8.0_231\jre\bin\server\jvm.dll
0x00007ffb5bf50000 - 0x00007ffb5bf58000 	C:\Windows\System32\PSAPI.DLL
0x00007ffb49340000 - 0x00007ffb49349000 	C:\Windows\SYSTEM32\WSOCK32.dll
0x00007ffb56760000 - 0x00007ffb56784000 	C:\Windows\SYSTEM32\WINMM.dll
0x00007ffb5bfe0000 - 0x00007ffb5c04f000 	C:\Windows\System32\WS2_32.dll
0x00007ffb54630000 - 0x00007ffb5463a000 	C:\Windows\SYSTEM32\VERSION.dll
0x00007ffb562d0000 - 0x00007ffb562fd000 	C:\Windows\SYSTEM32\WINMMBASE.dll
0x00007ffb5a8d0000 - 0x00007ffb5a91a000 	C:\Windows\System32\cfgmgr32.dll
0x00007ffb41c40000 - 0x00007ffb41c4f000 	C:\Program Files\Java\jdk1.8.0_231\jre\bin\verify.dll
0x00007ffb3e830000 - 0x00007ffb3e859000 	C:\Program Files\Java\jdk1.8.0_231\jre\bin\java.dll
0x00007ffb2b9c0000 - 0x00007ffb2b9e3000 	C:\Program Files\Java\jdk1.8.0_231\jre\bin\instrument.dll
0x00007ffb3e810000 - 0x00007ffb3e826000 	C:\Program Files\Java\jdk1.8.0_231\jre\bin\zip.dll
0x00007ffb5b670000 - 0x00007ffb5bd55000 	C:\Windows\System32\SHELL32.dll
0x00007ffb5b460000 - 0x00007ffb5b509000 	C:\Windows\System32\shcore.dll
0x00007ffb59db0000 - 0x00007ffb5a530000 	C:\Windows\System32\windows.storage.dll
0x00007ffb59b60000 - 0x00007ffb59b83000 	C:\Windows\System32\profapi.dll
0x00007ffb59af0000 - 0x00007ffb59b3a000 	C:\Windows\System32\powrprof.dll
0x00007ffb59ac0000 - 0x00007ffb59ad0000 	C:\Windows\System32\UMPDC.dll
0x00007ffb5c700000 - 0x00007ffb5c752000 	C:\Windows\System32\shlwapi.dll
0x00007ffb59ad0000 - 0x00007ffb59ae1000 	C:\Windows\System32\kernel.appcore.dll
0x00007ffb5a8b0000 - 0x00007ffb5a8c7000 	C:\Windows\System32\cryptsp.dll
0x00007ffb371d0000 - 0x00007ffb371ea000 	C:\Program Files\JetBrains\IntelliJ IDEA 2019.3.4\bin\breakgen64.dll
0x00007ffb2dfe0000 - 0x00007ffb2dffa000 	C:\Program Files\Java\jdk1.8.0_231\jre\bin\net.dll
0x00007ffb59330000 - 0x00007ffb59397000 	C:\Windows\system32\mswsock.dll
0x00007ffb2d7a0000 - 0x00007ffb2d7b2000 	C:\Program Files\Java\jdk1.8.0_231\jre\bin\nio.dll
0x00007ffb241a0000 - 0x00007ffb24204000 	C:\Users\mdeej\AppData\Local\Temp\lwjglmdeej\3.2.3-build-13\lwjgl.dll
0x00007ffb24130000 - 0x00007ffb24192000 	C:\Users\mdeej\AppData\Local\Temp\lwjglmdeej\3.2.3-build-13\glfw.dll
0x00007ffb56de0000 - 0x00007ffb56e79000 	C:\Windows\system32\uxtheme.dll
0x00007ffb2df10000 - 0x00007ffb2df53000 	C:\Windows\SYSTEM32\dinput8.dll
0x00007ffb2dbe0000 - 0x00007ffb2dbf1000 	C:\Windows\SYSTEM32\xinput1_4.dll
0x00007ffb598c0000 - 0x00007ffb598ea000 	C:\Windows\SYSTEM32\DEVOBJ.dll
0x00007ffb57520000 - 0x00007ffb5754d000 	C:\Windows\SYSTEM32\dwmapi.dll
0x00007ffb4f940000 - 0x00007ffb4fa5a000 	C:\Windows\SYSTEM32\inputhost.dll
0x00007ffb56300000 - 0x00007ffb563d4000 	C:\Windows\SYSTEM32\CoreMessaging.dll
0x00007ffb54e80000 - 0x00007ffb54fd3000 	C:\Windows\SYSTEM32\wintypes.dll
0x00007ffb53890000 - 0x00007ffb53bba000 	C:\Windows\SYSTEM32\CoreUIComponents.dll
0x00007ffb56090000 - 0x00007ffb5617f000 	C:\Windows\SYSTEM32\PROPSYS.dll
0x00007ffb5c3c0000 - 0x00007ffb5c484000 	C:\Windows\System32\OLEAUT32.dll
0x00007ffb58bd0000 - 0x00007ffb58c01000 	C:\Windows\SYSTEM32\ntmarta.dll
0x00007ffb5c280000 - 0x00007ffb5c3b6000 	C:\Windows\System32\MSCTF.dll
0x00007ffb58430000 - 0x00007ffb5843e000 	C:\Windows\SYSTEM32\HID.DLL
0x00007ffb5ad30000 - 0x00007ffb5b1a0000 	C:\Windows\System32\SETUPAPI.DLL
0x00007ffb59c30000 - 0x00007ffb59c56000 	C:\Windows\System32\bcrypt.dll
0x00007ffb5a920000 - 0x00007ffb5a97c000 	C:\Windows\System32\WINTRUST.dll
0x00007ffb59b40000 - 0x00007ffb59b52000 	C:\Windows\System32\MSASN1.dll
0x00007ffb59c60000 - 0x00007ffb59da9000 	C:\Windows\System32\CRYPT32.dll
0x00007ffafede0000 - 0x00007ffafef36000 	C:\Windows\SYSTEM32\opengl32.dll
0x00007ffb3e860000 - 0x00007ffb3e88c000 	C:\Windows\SYSTEM32\GLU32.dll
0x00007ffb587a0000 - 0x00007ffb587c0000 	C:\Windows\SYSTEM32\dxcore.dll
0x00007ffaf1fe0000 - 0x00007ffaf4704000 	C:\Windows\System32\DriverStore\FileRepository\nvaki.inf_amd64_149c0c4968822483\nvoglv64.dll
0x00007ffb5c500000 - 0x00007ffb5c657000 	C:\Windows\System32\ole32.dll
0x00007ffb54e60000 - 0x00007ffb54e73000 	C:\Windows\SYSTEM32\WTSAPI32.dll
0x00007ffb23280000 - 0x00007ffb23537000 	C:\Windows\system32\nvspcap64.dll
0x00007ffb58d70000 - 0x00007ffb58dcc000 	C:\Windows\SYSTEM32\WINSTA.dll
0x00007ffb4fa60000 - 0x00007ffb4fafe000 	C:\Windows\System32\TextInputFramework.dll
0x00007ffb4b450000 - 0x00007ffb4b6f6000 	C:\Windows\System32\iertutil.dll
0x00007ffb240d0000 - 0x00007ffb24129000 	C:\Users\mdeej\AppData\Local\Temp\lwjglmdeej\3.2.3-build-13\lwjgl_opengl.dll
0x00007ffaea740000 - 0x00007ffaea993000 	C:\Users\mdeej\AppData\Local\Temp\lwjglmdeej\3.2.3-build-13\jemalloc.dll
0x00007ffaea5a0000 - 0x00007ffaea73a000 	C:\Program Files\Java\jdk1.8.0_231\jre\bin\awt.dll
0x00007ffb56ca0000 - 0x00007ffb56d2f000 	C:\Windows\SYSTEM32\apphelp.dll
0x00007ffb58230000 - 0x00007ffb58424000 	C:\Windows\SYSTEM32\dbghelp.dll

VM Arguments:
jvm_args: -XX:+UnlockCommercialFeatures -javaagent:C:\Program Files\JetBrains\IntelliJ IDEA 2019.3.4\lib\idea_rt.jar=57323:C:\Program Files\JetBrains\IntelliJ IDEA 2019.3.4\bin -Dfile.encoding=UTF-8 
java_command: com.mikedeejay2.voxel.game.Main
java_class_path (initial): C:\Program Files\Java\jdk1.8.0_231\jre\lib\charsets.jar;C:\Program Files\Java\jdk1.8.0_231\jre\lib\deploy.jar;C:\Program Files\Java\jdk1.8.0_231\jre\lib\ext\access-bridge-64.jar;C:\Program Files\Java\jdk1.8.0_231\jre\lib\ext\cldrdata.jar;C:\Program Files\Java\jdk1.8.0_231\jre\lib\ext\dnsns.jar;C:\Program Files\Java\jdk1.8.0_231\jre\lib\ext\jaccess.jar;C:\Program Files\Java\jdk1.8.0_231\jre\lib\ext\jfxrt.jar;C:\Program Files\Java\jdk1.8.0_231\jre\lib\ext\localedata.jar;C:\Program Files\Java\jdk1.8.0_231\jre\lib\ext\nashorn.jar;C:\Program Files\Java\jdk1.8.0_231\jre\lib\ext\sunec.jar;C:\Program Files\Java\jdk1.8.0_231\jre\lib\ext\sunjce_provider.jar;C:\Program Files\Java\jdk1.8.0_231\jre\lib\ext\sunmscapi.jar;C:\Program Files\Java\jdk1.8.0_231\jre\lib\ext\sunpkcs11.jar;C:\Program Files\Java\jdk1.8.0_231\jre\lib\ext\zipfs.jar;C:\Program Files\Java\jdk1.8.0_231\jre\lib\javaws.jar;C:\Program Files\Java\jdk1.8.0_231\jre\lib\jce.jar;C:\Program Files\Java\jdk1.8.0_231\jre\lib\jfr.jar;C:\Program Files\Java\jdk1.8.0_231\jre\lib\jfxswt.jar;C:\Program Files\Java\jdk1.8.0_231\jre\lib\jsse.jar;C:\Program Files\Java\jdk1.8.0_231\jre\lib\management-agent.jar;C:\Program Files\Java\jdk1.8.0_231\jre\lib\plugin.jar;C:\Program Files\Java\jdk1.8.0_231\jre\lib\resources.jar;C:\Program Files\Java\jdk1.8.0_231\jre\lib\rt.jar;C:\Users\mdeej\IdeaProjects\APCSP\out\production\APCSP;C:\Users\mdeej\IdeaProjects\APCSP\libs\lwjgl.jar;C:\Users\mdeej\IdeaProjects\APCSP\libs\lwjgl-egl.jar;C:\Users\mdeej\IdeaProjects\APCSP\libs\lwjgl-lz4.jar;C:\Users\mdeej\IdeaProjects\APCSP\libs\lwjgl-nfd.jar;C:\Users\mdeej\IdeaProjects\APCSP\libs\lwjgl-ovr.jar;C:\Users\mdeej\IdeaProjects\APCSP\libs\lwjgl-par.jar;C:\Users\mdeej\IdeaProjects\APCSP\libs\lwjgl-sse.jar;C:\Users\mdeej\IdeaProjects\APCSP\libs\lwjgl-stb.jar;C:\Users\mdeej\IdeaProjects\APCSP\libs\lwjgl-vma.jar;C:\Users\mdeej\IdeaProjects\APCSP\libs\lwjgl-bgfx.jar;C:\Users\mdeej\IdeaProjects\APCSP\libs\lwjgl-cuda.jar;C:\Users\mdee
Launcher Type: SUN_STANDARD

Environment Variables:
PATH=C:\Program Files (x86)\Common Files\Intel\Shared Libraries\redist\intel64\compiler;C:\Program Files (x86)\Common Files\Oracle\Java\javapath;C:\Windows\system32;C:\Windows;C:\Windows\System32\Wbem;C:\Windows\System32\WindowsPowerShell\v1.0\;C:\Windows\System32\OpenSSH\;C:\Program Files\NVIDIA Corporation\NVIDIA NvDLISR;C:\Program Files (x86)\NVIDIA Corporation\PhysX\Common;C:\Program Files (x86)\QuickTime\QTSystem\;C:\Users\mdeej\AppData\Local\Microsoft\WindowsApps;
USERNAME=mdeej
OS=Windows_NT
PROCESSOR_IDENTIFIER=Intel64 Family 6 Model 158 Stepping 10, GenuineIntel



---------------  S Y S T E M  ---------------

OS: Windows 10.0 , 64 bit Build 18362 (10.0.18362.778)

CPU:total 12 (initial active 12) (6 cores per cpu, 2 threads per core) family 6 model 158 stepping 10, cmov, cx8, fxsr, mmx, sse, sse2, sse3, ssse3, sse4.1, sse4.2, popcnt, avx, avx2, aes, clmul, erms, rtm, 3dnowpref, lzcnt, ht, tsc, tscinvbit, bmi1, bmi2, adx

Memory: 4k page, physical 33487264k(16571360k free), swap 98498976k(66199588k free)

vm_info: Java HotSpot(TM) 64-Bit Server VM (25.231-b11) for windows-amd64 JRE (1.8.0_231-b11), built on Oct  5 2019 03:11:30 by "java_re" with MS VC++ 10.0 (VS2010)

time: Wed May 06 01:38:44 2020
timezone: Eastern Daylight Time
elapsed time: 14 seconds (0d 0h 0m 14s)

